[ 2016-12-31T00:42:28+08:00 ] 220.181.51.87 /robots.txt
INFO: [ app_init ] --START--
INFO: Run Behavior\BuildLiteBehavior [ RunTime:0.000017s ]
INFO: [ app_init ] --END-- [ RunTime:0.000406s ]
ERR: 无法加载模块:Robots

[ 2016-12-31T01:23:17+08:00 ] 163.172.149.96 /robots.txt
INFO: [ app_init ] --START--
INFO: Run Behavior\BuildLiteBehavior [ RunTime:0.000013s ]
INFO: [ app_init ] --END-- [ RunTime:0.000296s ]
ERR: 无法加载模块:Robots

[ 2016-12-31T02:34:51+08:00 ] 62.210.143.245 /robots.txt
INFO: [ app_init ] --START--
INFO: Run Behavior\BuildLiteBehavior [ RunTime:0.000013s ]
INFO: [ app_init ] --END-- [ RunTime:0.000375s ]
ERR: 无法加载模块:Robots

[ 2016-12-31T02:45:24+08:00 ] 192.187.104.235 /robots.txt
INFO: [ app_init ] --START--
INFO: Run Behavior\BuildLiteBehavior [ RunTime:0.000015s ]
INFO: [ app_init ] --END-- [ RunTime:0.000350s ]
ERR: 无法加载模块:Robots

[ 2016-12-31T02:58:58+08:00 ] 220.181.51.119 /robots.txt
INFO: [ app_init ] --START--
INFO: Run Behavior\BuildLiteBehavior [ RunTime:0.000014s ]
INFO: [ app_init ] --END-- [ RunTime:0.000297s ]
ERR: 无法加载模块:Robots

[ 2016-12-31T03:18:37+08:00 ] 94.154.239.69 /robots.txt
INFO: [ app_init ] --START--
INFO: Run Behavior\BuildLiteBehavior [ RunTime:0.000013s ]
INFO: [ app_init ] --END-- [ RunTime:0.000298s ]
ERR: 无法加载模块:Robots

[ 2016-12-31T03:20:17+08:00 ] 69.30.198.202 /robots.txt
INFO: [ app_init ] --START--
INFO: Run Behavior\BuildLiteBehavior [ RunTime:0.000013s ]
INFO: [ app_init ] --END-- [ RunTime:0.000292s ]
ERR: 无法加载模块:Robots

[ 2016-12-31T03:51:22+08:00 ] 220.181.125.98 /robots.txt
INFO: [ app_init ] --START--
INFO: Run Behavior\BuildLiteBehavior [ RunTime:0.000013s ]
INFO: [ app_init ] --END-- [ RunTime:0.000307s ]
ERR: 无法加载模块:Robots

[ 2016-12-31T04:50:23+08:00 ] 46.165.197.142 /robots.txt
INFO: [ app_init ] --START--
INFO: Run Behavior\BuildLiteBehavior [ RunTime:0.000013s ]
INFO: [ app_init ] --END-- [ RunTime:0.000313s ]
ERR: 无法加载模块:Robots

[ 2016-12-31T05:06:26+08:00 ] 46.165.197.142 /robots.txt
INFO: [ app_init ] --START--
INFO: Run Behavior\BuildLiteBehavior [ RunTime:0.000018s ]
INFO: [ app_init ] --END-- [ RunTime:0.000325s ]
ERR: 无法加载模块:Robots

[ 2016-12-31T06:58:50+08:00 ] 31.31.74.211 /robots.txt
INFO: [ app_init ] --START--
INFO: Run Behavior\BuildLiteBehavior [ RunTime:0.000013s ]
INFO: [ app_init ] --END-- [ RunTime:0.000321s ]
ERR: 无法加载模块:Robots

[ 2016-12-31T07:20:13+08:00 ] 66.249.64.58 /robots.txt
INFO: [ app_init ] --START--
INFO: Run Behavior\BuildLiteBehavior [ RunTime:0.000014s ]
INFO: [ app_init ] --END-- [ RunTime:0.000430s ]
ERR: 无法加载模块:Robots

[ 2016-12-31T07:25:34+08:00 ] 31.31.74.211 /robots.txt
INFO: [ app_init ] --START--
INFO: Run Behavior\BuildLiteBehavior [ RunTime:0.000013s ]
INFO: [ app_init ] --END-- [ RunTime:0.000323s ]
ERR: 无法加载模块:Robots

[ 2016-12-31T07:51:36+08:00 ] 141.8.142.8 /robots.txt
INFO: [ app_init ] --START--
INFO: Run Behavior\BuildLiteBehavior [ RunTime:0.000013s ]
INFO: [ app_init ] --END-- [ RunTime:0.000312s ]
ERR: 无法加载模块:Robots

[ 2016-12-31T08:02:50+08:00 ] 66.249.64.251 /robots.txt
INFO: [ app_init ] --START--
INFO: Run Behavior\BuildLiteBehavior [ RunTime:0.000014s ]
INFO: [ app_init ] --END-- [ RunTime:0.000343s ]
ERR: 无法加载模块:Robots

[ 2016-12-31T08:56:04+08:00 ] 51.255.173.7 /robots.txt
INFO: [ app_init ] --START--
INFO: Run Behavior\BuildLiteBehavior [ RunTime:0.000013s ]
INFO: [ app_init ] --END-- [ RunTime:0.000308s ]
ERR: 无法加载模块:Robots

[ 2016-12-31T09:04:01+08:00 ] 69.30.234.2 /robots.txt
INFO: [ app_init ] --START--
INFO: Run Behavior\BuildLiteBehavior [ RunTime:0.000018s ]
INFO: [ app_init ] --END-- [ RunTime:0.000346s ]
ERR: 无法加载模块:Robots

[ 2016-12-31T09:11:05+08:00 ] 60.189.216.34 /favicon.ico
INFO: [ app_init ] --START--
INFO: Run Behavior\BuildLiteBehavior [ RunTime:0.000013s ]
INFO: [ app_init ] --END-- [ RunTime:0.000331s ]
ERR: 无法加载模块:Favicon

[ 2016-12-31T09:12:17+08:00 ] 60.189.216.34 /favicon.ico
INFO: [ app_init ] --START--
INFO: Run Behavior\BuildLiteBehavior [ RunTime:0.000013s ]
INFO: [ app_init ] --END-- [ RunTime:0.000338s ]
ERR: 无法加载模块:Favicon

[ 2016-12-31T09:12:51+08:00 ] 60.189.216.34 /Public/fonts/fontawesome-webfont.woff2?v=4.6.3
INFO: [ app_init ] --START--
INFO: Run Behavior\BuildLiteBehavior [ RunTime:0.000013s ]
INFO: [ app_init ] --END-- [ RunTime:0.000308s ]
ERR: 无法加载模块:Public

[ 2016-12-31T09:12:52+08:00 ] 60.189.216.34 /Public/fonts/fontawesome-webfont.woff?v=4.6.3
INFO: [ app_init ] --START--
INFO: Run Behavior\BuildLiteBehavior [ RunTime:0.000013s ]
INFO: [ app_init ] --END-- [ RunTime:0.000322s ]
ERR: 无法加载模块:Public

[ 2016-12-31T09:12:52+08:00 ] 60.189.216.34 /Public/fonts/fontawesome-webfont.ttf?v=4.6.3
INFO: [ app_init ] --START--
INFO: Run Behavior\BuildLiteBehavior [ RunTime:0.000013s ]
INFO: [ app_init ] --END-- [ RunTime:0.000300s ]
ERR: 无法加载模块:Public

[ 2016-12-31T09:14:14+08:00 ] 60.189.216.34 /favicon.ico
INFO: [ app_init ] --START--
INFO: Run Behavior\BuildLiteBehavior [ RunTime:0.000013s ]
INFO: [ app_init ] --END-- [ RunTime:0.000317s ]
ERR: 无法加载模块:Favicon

[ 2016-12-31T09:14:15+08:00 ] 60.189.216.34 /favicon.ico
INFO: [ app_init ] --START--
INFO: Run Behavior\BuildLiteBehavior [ RunTime:0.000013s ]
INFO: [ app_init ] --END-- [ RunTime:0.000317s ]
ERR: 无法加载模块:Favicon

[ 2016-12-31T09:51:14+08:00 ] 38.99.82.191 /robots.txt
INFO: [ app_init ] --START--
INFO: Run Behavior\BuildLiteBehavior [ RunTime:0.000012s ]
INFO: [ app_init ] --END-- [ RunTime:0.000320s ]
ERR: 无法加载模块:Robots

[ 2016-12-31T10:15:05+08:00 ] 49.79.164.216 /favicon.ico
INFO: [ app_init ] --START--
INFO: Run Behavior\BuildLiteBehavior [ RunTime:0.000018s ]
INFO: [ app_init ] --END-- [ RunTime:0.000338s ]
ERR: 无法加载模块:Favicon

[ 2016-12-31T10:15:56+08:00 ] 49.79.164.216 /Public/fonts/fontawesome-webfont.woff2?v=4.6.3
INFO: [ app_init ] --START--
INFO: Run Behavior\BuildLiteBehavior [ RunTime:0.000013s ]
INFO: [ app_init ] --END-- [ RunTime:0.000307s ]
ERR: 无法加载模块:Public

[ 2016-12-31T10:15:56+08:00 ] 49.79.164.216 /Public/fonts/fontawesome-webfont.woff?v=4.6.3
INFO: [ app_init ] --START--
INFO: Run Behavior\BuildLiteBehavior [ RunTime:0.000014s ]
INFO: [ app_init ] --END-- [ RunTime:0.000313s ]
ERR: 无法加载模块:Public

[ 2016-12-31T10:15:56+08:00 ] 49.79.164.216 /Public/fonts/fontawesome-webfont.ttf?v=4.6.3
INFO: [ app_init ] --START--
INFO: Run Behavior\BuildLiteBehavior [ RunTime:0.000012s ]
INFO: [ app_init ] --END-- [ RunTime:0.000346s ]
ERR: 无法加载模块:Public

[ 2016-12-31T10:16:57+08:00 ] 49.79.164.216 /Public/fonts/fontawesome-webfont.woff2?v=4.6.3
INFO: [ app_init ] --START--
INFO: Run Behavior\BuildLiteBehavior [ RunTime:0.000013s ]
INFO: [ app_init ] --END-- [ RunTime:0.000316s ]
ERR: 无法加载模块:Public

[ 2016-12-31T10:16:57+08:00 ] 49.79.164.216 /Public/fonts/fontawesome-webfont.woff?v=4.6.3
INFO: [ app_init ] --START--
INFO: Run Behavior\BuildLiteBehavior [ RunTime:0.000013s ]
INFO: [ app_init ] --END-- [ RunTime:0.000341s ]
ERR: 无法加载模块:Public

[ 2016-12-31T10:16:57+08:00 ] 49.79.164.216 /Public/fonts/fontawesome-webfont.ttf?v=4.6.3
INFO: [ app_init ] --START--
INFO: Run Behavior\BuildLiteBehavior [ RunTime:0.000013s ]
INFO: [ app_init ] --END-- [ RunTime:0.000335s ]
ERR: 无法加载模块:Public

[ 2016-12-31T10:17:02+08:00 ] 49.79.164.216 /Public/fonts/fontawesome-webfont.woff2?v=4.6.3
INFO: [ app_init ] --START--
INFO: Run Behavior\BuildLiteBehavior [ RunTime:0.000013s ]
INFO: [ app_init ] --END-- [ RunTime:0.000342s ]
ERR: 无法加载模块:Public

[ 2016-12-31T10:17:02+08:00 ] 49.79.164.216 /Public/fonts/fontawesome-webfont.woff?v=4.6.3
INFO: [ app_init ] --START--
INFO: Run Behavior\BuildLiteBehavior [ RunTime:0.000016s ]
INFO: [ app_init ] --END-- [ RunTime:0.000330s ]
ERR: 无法加载模块:Public

[ 2016-12-31T10:17:03+08:00 ] 49.79.164.216 /Public/fonts/fontawesome-webfont.ttf?v=4.6.3
INFO: [ app_init ] --START--
INFO: Run Behavior\BuildLiteBehavior [ RunTime:0.000013s ]
INFO: [ app_init ] --END-- [ RunTime:0.000364s ]
ERR: 无法加载模块:Public

[ 2016-12-31T10:17:18+08:00 ] 49.79.164.216 /Public/fonts/fontawesome-webfont.woff2?v=4.6.3
INFO: [ app_init ] --START--
INFO: Run Behavior\BuildLiteBehavior [ RunTime:0.000020s ]
INFO: [ app_init ] --END-- [ RunTime:0.000536s ]
ERR: 无法加载模块:Public

[ 2016-12-31T10:17:18+08:00 ] 49.79.164.216 /Public/fonts/fontawesome-webfont.woff?v=4.6.3
INFO: [ app_init ] --START--
INFO: Run Behavior\BuildLiteBehavior [ RunTime:0.000018s ]
INFO: [ app_init ] --END-- [ RunTime:0.000376s ]
ERR: 无法加载模块:Public

[ 2016-12-31T10:17:18+08:00 ] 49.79.164.216 /Public/fonts/fontawesome-webfont.ttf?v=4.6.3
INFO: [ app_init ] --START--
INFO: Run Behavior\BuildLiteBehavior [ RunTime:0.000012s ]
INFO: [ app_init ] --END-- [ RunTime:0.000389s ]
ERR: 无法加载模块:Public

[ 2016-12-31T10:17:37+08:00 ] 49.79.164.216 /Public/fonts/fontawesome-webfont.woff2?v=4.6.3
INFO: [ app_init ] --START--
INFO: Run Behavior\BuildLiteBehavior [ RunTime:0.000013s ]
INFO: [ app_init ] --END-- [ RunTime:0.000302s ]
ERR: 无法加载模块:Public

[ 2016-12-31T10:17:38+08:00 ] 49.79.164.216 /Public/fonts/fontawesome-webfont.woff?v=4.6.3
INFO: [ app_init ] --START--
INFO: Run Behavior\BuildLiteBehavior [ RunTime:0.000013s ]
INFO: [ app_init ] --END-- [ RunTime:0.000305s ]
ERR: 无法加载模块:Public

[ 2016-12-31T10:17:38+08:00 ] 49.79.164.216 /Public/fonts/fontawesome-webfont.ttf?v=4.6.3
INFO: [ app_init ] --START--
INFO: Run Behavior\BuildLiteBehavior [ RunTime:0.000013s ]
INFO: [ app_init ] --END-- [ RunTime:0.000368s ]
ERR: 无法加载模块:Public

[ 2016-12-31T10:17:54+08:00 ] 49.79.164.216 /Public/fonts/fontawesome-webfont.woff2?v=4.6.3
INFO: [ app_init ] --START--
INFO: Run Behavior\BuildLiteBehavior [ RunTime:0.000013s ]
INFO: [ app_init ] --END-- [ RunTime:0.000298s ]
ERR: 无法加载模块:Public

[ 2016-12-31T10:17:54+08:00 ] 49.79.164.216 /Public/fonts/fontawesome-webfont.woff?v=4.6.3
INFO: [ app_init ] --START--
INFO: Run Behavior\BuildLiteBehavior [ RunTime:0.000013s ]
INFO: [ app_init ] --END-- [ RunTime:0.000314s ]
ERR: 无法加载模块:Public

[ 2016-12-31T10:17:54+08:00 ] 49.79.164.216 /Public/fonts/fontawesome-webfont.ttf?v=4.6.3
INFO: [ app_init ] --START--
INFO: Run Behavior\BuildLiteBehavior [ RunTime:0.000013s ]
INFO: [ app_init ] --END-- [ RunTime:0.000343s ]
ERR: 无法加载模块:Public

[ 2016-12-31T10:19:32+08:00 ] 176.36.80.39 /robots.txt
INFO: [ app_init ] --START--
INFO: Run Behavior\BuildLiteBehavior [ RunTime:0.000014s ]
INFO: [ app_init ] --END-- [ RunTime:0.000342s ]
ERR: 无法加载模块:Robots

[ 2016-12-31T10:23:11+08:00 ] 175.20.94.193 /favicon.ico
INFO: [ app_init ] --START--
INFO: Run Behavior\BuildLiteBehavior [ RunTime:0.000013s ]
INFO: [ app_init ] --END-- [ RunTime:0.000322s ]
ERR: 无法加载模块:Favicon

[ 2016-12-31T10:23:15+08:00 ] 175.20.94.193 /favicon.ico
INFO: [ app_init ] --START--
INFO: Run Behavior\BuildLiteBehavior [ RunTime:0.000012s ]
INFO: [ app_init ] --END-- [ RunTime:0.000310s ]
ERR: 无法加载模块:Favicon

[ 2016-12-31T10:23:15+08:00 ] 175.20.94.193 /favicon.ico
INFO: [ app_init ] --START--
INFO: Run Behavior\BuildLiteBehavior [ RunTime:0.000013s ]
INFO: [ app_init ] --END-- [ RunTime:0.000358s ]
ERR: 无法加载模块:Favicon

[ 2016-12-31T10:51:00+08:00 ] 58.16.119.4 /Public/fonts/fontawesome-webfont.woff2?v=4.6.3
INFO: [ app_init ] --START--
INFO: Run Behavior\BuildLiteBehavior [ RunTime:0.000012s ]
INFO: [ app_init ] --END-- [ RunTime:0.000300s ]
ERR: 无法加载模块:Public

[ 2016-12-31T10:51:00+08:00 ] 58.16.119.4 /Public/fonts/fontawesome-webfont.woff?v=4.6.3
INFO: [ app_init ] --START--
INFO: Run Behavior\BuildLiteBehavior [ RunTime:0.000012s ]
INFO: [ app_init ] --END-- [ RunTime:0.000293s ]
ERR: 无法加载模块:Public

[ 2016-12-31T10:51:00+08:00 ] 58.16.119.4 /Public/fonts/fontawesome-webfont.ttf?v=4.6.3
INFO: [ app_init ] --START--
INFO: Run Behavior\BuildLiteBehavior [ RunTime:0.000016s ]
INFO: [ app_init ] --END-- [ RunTime:0.000315s ]
ERR: 无法加载模块:Public

[ 2016-12-31T10:52:36+08:00 ] 58.16.119.4 /Public/fonts/fontawesome-webfont.woff2?v=4.6.3
INFO: [ app_init ] --START--
INFO: Run Behavior\BuildLiteBehavior [ RunTime:0.000013s ]
INFO: [ app_init ] --END-- [ RunTime:0.000352s ]
ERR: 无法加载模块:Public

[ 2016-12-31T10:52:36+08:00 ] 58.16.119.4 /Public/fonts/fontawesome-webfont.woff?v=4.6.3
INFO: [ app_init ] --START--
INFO: Run Behavior\BuildLiteBehavior [ RunTime:0.000014s ]
INFO: [ app_init ] --END-- [ RunTime:0.000311s ]
ERR: 无法加载模块:Public

[ 2016-12-31T10:52:36+08:00 ] 58.16.119.4 /Public/fonts/fontawesome-webfont.ttf?v=4.6.3
INFO: [ app_init ] --START--
INFO: Run Behavior\BuildLiteBehavior [ RunTime:0.000013s ]
INFO: [ app_init ] --END-- [ RunTime:0.000335s ]
ERR: 无法加载模块:Public

[ 2016-12-31T10:52:40+08:00 ] 58.16.119.4 /Public/fonts/fontawesome-webfont.woff2?v=4.6.3
INFO: [ app_init ] --START--
INFO: Run Behavior\BuildLiteBehavior [ RunTime:0.000013s ]
INFO: [ app_init ] --END-- [ RunTime:0.000314s ]
ERR: 无法加载模块:Public

[ 2016-12-31T10:52:40+08:00 ] 58.16.119.4 /Public/fonts/fontawesome-webfont.woff?v=4.6.3
INFO: [ app_init ] --START--
INFO: Run Behavior\BuildLiteBehavior [ RunTime:0.000014s ]
INFO: [ app_init ] --END-- [ RunTime:0.000320s ]
ERR: 无法加载模块:Public

[ 2016-12-31T10:52:40+08:00 ] 58.16.119.4 /Public/fonts/fontawesome-webfont.ttf?v=4.6.3
INFO: [ app_init ] --START--
INFO: Run Behavior\BuildLiteBehavior [ RunTime:0.000012s ]
INFO: [ app_init ] --END-- [ RunTime:0.000300s ]
ERR: 无法加载模块:Public

[ 2016-12-31T10:52:41+08:00 ] 58.16.119.4 /Public/fonts/fontawesome-webfont.woff2?v=4.6.3
INFO: [ app_init ] --START--
INFO: Run Behavior\BuildLiteBehavior [ RunTime:0.000012s ]
INFO: [ app_init ] --END-- [ RunTime:0.000357s ]
ERR: 无法加载模块:Public

[ 2016-12-31T10:52:41+08:00 ] 58.16.119.4 /Public/fonts/fontawesome-webfont.woff?v=4.6.3
INFO: [ app_init ] --START--
INFO: Run Behavior\BuildLiteBehavior [ RunTime:0.000012s ]
INFO: [ app_init ] --END-- [ RunTime:0.000302s ]
ERR: 无法加载模块:Public

[ 2016-12-31T10:52:41+08:00 ] 58.16.119.4 /Public/fonts/fontawesome-webfont.ttf?v=4.6.3
INFO: [ app_init ] --START--
INFO: Run Behavior\BuildLiteBehavior [ RunTime:0.000013s ]
INFO: [ app_init ] --END-- [ RunTime:0.000294s ]
ERR: 无法加载模块:Public

[ 2016-12-31T10:52:56+08:00 ] 58.16.119.4 /Public/fonts/fontawesome-webfont.woff2?v=4.6.3
INFO: [ app_init ] --START--
INFO: Run Behavior\BuildLiteBehavior [ RunTime:0.000013s ]
INFO: [ app_init ] --END-- [ RunTime:0.000294s ]
ERR: 无法加载模块:Public

[ 2016-12-31T10:52:56+08:00 ] 58.16.119.4 /Public/fonts/fontawesome-webfont.woff?v=4.6.3
INFO: [ app_init ] --START--
INFO: Run Behavior\BuildLiteBehavior [ RunTime:0.000013s ]
INFO: [ app_init ] --END-- [ RunTime:0.000367s ]
ERR: 无法加载模块:Public

[ 2016-12-31T10:52:56+08:00 ] 58.16.119.4 /Public/fonts/fontawesome-webfont.ttf?v=4.6.3
INFO: [ app_init ] --START--
INFO: Run Behavior\BuildLiteBehavior [ RunTime:0.000021s ]
INFO: [ app_init ] --END-- [ RunTime:0.000371s ]
ERR: 无法加载模块:Public

[ 2016-12-31T10:53:03+08:00 ] 58.16.119.4 /Public/fonts/fontawesome-webfont.woff2?v=4.6.3
INFO: [ app_init ] --START--
INFO: Run Behavior\BuildLiteBehavior [ RunTime:0.000014s ]
INFO: [ app_init ] --END-- [ RunTime:0.000303s ]
ERR: 无法加载模块:Public

[ 2016-12-31T10:53:03+08:00 ] 58.16.119.4 /Public/fonts/fontawesome-webfont.woff?v=4.6.3
INFO: [ app_init ] --START--
INFO: Run Behavior\BuildLiteBehavior [ RunTime:0.000012s ]
INFO: [ app_init ] --END-- [ RunTime:0.000322s ]
ERR: 无法加载模块:Public

[ 2016-12-31T10:53:03+08:00 ] 58.16.119.4 /Public/fonts/fontawesome-webfont.ttf?v=4.6.3
INFO: [ app_init ] --START--
INFO: Run Behavior\BuildLiteBehavior [ RunTime:0.000012s ]
INFO: [ app_init ] --END-- [ RunTime:0.000296s ]
ERR: 无法加载模块:Public

[ 2016-12-31T11:09:29+08:00 ] 222.35.239.92 /favicon.ico
INFO: [ app_init ] --START--
INFO: Run Behavior\BuildLiteBehavior [ RunTime:0.000013s ]
INFO: [ app_init ] --END-- [ RunTime:0.000398s ]
ERR: 无法加载模块:Favicon

[ 2016-12-31T11:09:30+08:00 ] 222.35.239.92 /favicon.ico
INFO: [ app_init ] --START--
INFO: Run Behavior\BuildLiteBehavior [ RunTime:0.000013s ]
INFO: [ app_init ] --END-- [ RunTime:0.000306s ]
ERR: 无法加载模块:Favicon

[ 2016-12-31T11:15:43+08:00 ] 223.104.38.79 /Public/fonts/fontawesome-webfont.woff?v=4.6.3
INFO: [ app_init ] --START--
INFO: Run Behavior\BuildLiteBehavior [ RunTime:0.000013s ]
INFO: [ app_init ] --END-- [ RunTime:0.000299s ]
ERR: 无法加载模块:Public

[ 2016-12-31T11:15:50+08:00 ] 223.104.38.79 /Public/fonts/fontawesome-webfont.ttf?v=4.6.3
INFO: [ app_init ] --START--
INFO: Run Behavior\BuildLiteBehavior [ RunTime:0.000013s ]
INFO: [ app_init ] --END-- [ RunTime:0.000316s ]
ERR: 无法加载模块:Public

[ 2016-12-31T11:46:23+08:00 ] 163.172.81.225 /robots.txt
INFO: [ app_init ] --START--
INFO: Run Behavior\BuildLiteBehavior [ RunTime:0.000013s ]
INFO: [ app_init ] --END-- [ RunTime:0.000322s ]
ERR: 无法加载模块:Robots

[ 2016-12-31T11:51:14+08:00 ] 83.149.126.98 /robots.txt
INFO: [ app_init ] --START--
INFO: Run Behavior\BuildLiteBehavior [ RunTime:0.000013s ]
INFO: [ app_init ] --END-- [ RunTime:0.000333s ]
ERR: 无法加载模块:Robots

[ 2016-12-31T11:57:16+08:00 ] 91.45.192.132 /robots.txt
INFO: [ app_init ] --START--
INFO: Run Behavior\BuildLiteBehavior [ RunTime:0.000014s ]
INFO: [ app_init ] --END-- [ RunTime:0.000360s ]
ERR: 无法加载模块:Robots

[ 2016-12-31T12:01:36+08:00 ] 117.136.38.57 /Public/fonts/fontawesome-webfont.woff2?v=4.6.3
INFO: [ app_init ] --START--
INFO: Run Behavior\BuildLiteBehavior [ RunTime:0.000013s ]
INFO: [ app_init ] --END-- [ RunTime:0.000305s ]
ERR: 无法加载模块:Public

[ 2016-12-31T12:01:37+08:00 ] 117.136.38.57 /Public/fonts/fontawesome-webfont.woff?v=4.6.3
INFO: [ app_init ] --START--
INFO: Run Behavior\BuildLiteBehavior [ RunTime:0.000013s ]
INFO: [ app_init ] --END-- [ RunTime:0.000330s ]
ERR: 无法加载模块:Public

[ 2016-12-31T12:01:37+08:00 ] 117.136.38.57 /Public/fonts/fontawesome-webfont.ttf?v=4.6.3
INFO: [ app_init ] --START--
INFO: Run Behavior\BuildLiteBehavior [ RunTime:0.000013s ]
INFO: [ app_init ] --END-- [ RunTime:0.000360s ]
ERR: 无法加载模块:Public

[ 2016-12-31T12:01:38+08:00 ] 117.136.38.57 /favicon.ico
INFO: [ app_init ] --START--
INFO: Run Behavior\BuildLiteBehavior [ RunTime:0.000013s ]
INFO: [ app_init ] --END-- [ RunTime:0.000298s ]
ERR: 无法加载模块:Favicon

[ 2016-12-31T12:01:43+08:00 ] 117.136.38.57 /Public/fonts/fontawesome-webfont.woff2?v=4.6.3
INFO: [ app_init ] --START--
INFO: Run Behavior\BuildLiteBehavior [ RunTime:0.000013s ]
INFO: [ app_init ] --END-- [ RunTime:0.000320s ]
ERR: 无法加载模块:Public

[ 2016-12-31T12:01:43+08:00 ] 117.136.38.57 /Public/fonts/fontawesome-webfont.woff?v=4.6.3
INFO: [ app_init ] --START--
INFO: Run Behavior\BuildLiteBehavior [ RunTime:0.000013s ]
INFO: [ app_init ] --END-- [ RunTime:0.000326s ]
ERR: 无法加载模块:Public

[ 2016-12-31T12:01:43+08:00 ] 117.136.38.57 /Public/fonts/fontawesome-webfont.ttf?v=4.6.3
INFO: [ app_init ] --START--
INFO: Run Behavior\BuildLiteBehavior [ RunTime:0.000013s ]
INFO: [ app_init ] --END-- [ RunTime:0.000296s ]
ERR: 无法加载模块:Public

[ 2016-12-31T12:01:54+08:00 ] 117.136.38.57 /Public/fonts/fontawesome-webfont.woff2?v=4.6.3
INFO: [ app_init ] --START--
INFO: Run Behavior\BuildLiteBehavior [ RunTime:0.000013s ]
INFO: [ app_init ] --END-- [ RunTime:0.000299s ]
ERR: 无法加载模块:Public

[ 2016-12-31T12:01:54+08:00 ] 117.136.38.57 /Public/fonts/fontawesome-webfont.woff?v=4.6.3
INFO: [ app_init ] --START--
INFO: Run Behavior\BuildLiteBehavior [ RunTime:0.000013s ]
INFO: [ app_init ] --END-- [ RunTime:0.000339s ]
ERR: 无法加载模块:Public

[ 2016-12-31T12:01:54+08:00 ] 117.136.38.57 /Public/fonts/fontawesome-webfont.ttf?v=4.6.3
INFO: [ app_init ] --START--
INFO: Run Behavior\BuildLiteBehavior [ RunTime:0.000013s ]
INFO: [ app_init ] --END-- [ RunTime:0.000353s ]
ERR: 无法加载模块:Public

[ 2016-12-31T12:01:55+08:00 ] 117.136.38.57 /Public/fonts/fontawesome-webfont.woff2?v=4.6.3
INFO: [ app_init ] --START--
INFO: Run Behavior\BuildLiteBehavior [ RunTime:0.000013s ]
INFO: [ app_init ] --END-- [ RunTime:0.000310s ]
ERR: 无法加载模块:Public

[ 2016-12-31T12:01:55+08:00 ] 117.136.38.57 /Public/fonts/fontawesome-webfont.woff?v=4.6.3
INFO: [ app_init ] --START--
INFO: Run Behavior\BuildLiteBehavior [ RunTime:0.000011s ]
INFO: [ app_init ] --END-- [ RunTime:0.000302s ]
ERR: 无法加载模块:Public

[ 2016-12-31T12:01:55+08:00 ] 117.136.38.57 /Public/fonts/fontawesome-webfont.ttf?v=4.6.3
INFO: [ app_init ] --START--
INFO: Run Behavior\BuildLiteBehavior [ RunTime:0.000011s ]
INFO: [ app_init ] --END-- [ RunTime:0.000310s ]
ERR: 无法加载模块:Public

[ 2016-12-31T12:01:56+08:00 ] 117.136.38.57 /Public/fonts/fontawesome-webfont.woff2?v=4.6.3
INFO: [ app_init ] --START--
INFO: Run Behavior\BuildLiteBehavior [ RunTime:0.000013s ]
INFO: [ app_init ] --END-- [ RunTime:0.000315s ]
ERR: 无法加载模块:Public

[ 2016-12-31T12:01:56+08:00 ] 117.136.38.57 /Public/fonts/fontawesome-webfont.woff?v=4.6.3
INFO: [ app_init ] --START--
INFO: Run Behavior\BuildLiteBehavior [ RunTime:0.000013s ]
INFO: [ app_init ] --END-- [ RunTime:0.000320s ]
ERR: 无法加载模块:Public

[ 2016-12-31T12:01:56+08:00 ] 117.136.38.57 /Public/fonts/fontawesome-webfont.ttf?v=4.6.3
INFO: [ app_init ] --START--
INFO: Run Behavior\BuildLiteBehavior [ RunTime:0.000012s ]
INFO: [ app_init ] --END-- [ RunTime:0.000298s ]
ERR: 无法加载模块:Public

[ 2016-12-31T12:01:59+08:00 ] 117.136.38.57 /Public/fonts/fontawesome-webfont.woff2?v=4.6.3
INFO: [ app_init ] --START--
INFO: Run Behavior\BuildLiteBehavior [ RunTime:0.000013s ]
INFO: [ app_init ] --END-- [ RunTime:0.000345s ]
ERR: 无法加载模块:Public

[ 2016-12-31T12:01:59+08:00 ] 117.136.38.57 /Public/fonts/fontawesome-webfont.woff?v=4.6.3
INFO: [ app_init ] --START--
INFO: Run Behavior\BuildLiteBehavior [ RunTime:0.000012s ]
INFO: [ app_init ] --END-- [ RunTime:0.000295s ]
ERR: 无法加载模块:Public

[ 2016-12-31T12:01:59+08:00 ] 117.136.38.57 /Public/fonts/fontawesome-webfont.ttf?v=4.6.3
INFO: [ app_init ] --START--
INFO: Run Behavior\BuildLiteBehavior [ RunTime:0.000013s ]
INFO: [ app_init ] --END-- [ RunTime:0.000377s ]
ERR: 无法加载模块:Public

[ 2016-12-31T12:02:00+08:00 ] 117.136.38.57 /Public/fonts/fontawesome-webfont.woff2?v=4.6.3
INFO: [ app_init ] --START--
INFO: Run Behavior\BuildLiteBehavior [ RunTime:0.000013s ]
INFO: [ app_init ] --END-- [ RunTime:0.000308s ]
ERR: 无法加载模块:Public

[ 2016-12-31T12:02:01+08:00 ] 117.136.38.57 /Public/fonts/fontawesome-webfont.woff?v=4.6.3
INFO: [ app_init ] --START--
INFO: Run Behavior\BuildLiteBehavior [ RunTime:0.000014s ]
INFO: [ app_init ] --END-- [ RunTime:0.000350s ]
ERR: 无法加载模块:Public

[ 2016-12-31T12:02:01+08:00 ] 117.136.38.57 /Public/fonts/fontawesome-webfont.ttf?v=4.6.3
INFO: [ app_init ] --START--
INFO: Run Behavior\BuildLiteBehavior [ RunTime:0.000012s ]
INFO: [ app_init ] --END-- [ RunTime:0.000310s ]
ERR: 无法加载模块:Public

[ 2016-12-31T12:02:15+08:00 ] 117.136.38.57 /Public/fonts/fontawesome-webfont.woff2?v=4.6.3
INFO: [ app_init ] --START--
INFO: Run Behavior\BuildLiteBehavior [ RunTime:0.000013s ]
INFO: [ app_init ] --END-- [ RunTime:0.000297s ]
ERR: 无法加载模块:Public

[ 2016-12-31T12:02:16+08:00 ] 117.136.38.57 /Public/fonts/fontawesome-webfont.woff?v=4.6.3
INFO: [ app_init ] --START--
INFO: Run Behavior\BuildLiteBehavior [ RunTime:0.000017s ]
INFO: [ app_init ] --END-- [ RunTime:0.000319s ]
ERR: 无法加载模块:Public

[ 2016-12-31T12:02:16+08:00 ] 117.136.38.57 /Public/fonts/fontawesome-webfont.ttf?v=4.6.3
INFO: [ app_init ] --START--
INFO: Run Behavior\BuildLiteBehavior [ RunTime:0.000012s ]
INFO: [ app_init ] --END-- [ RunTime:0.000308s ]
ERR: 无法加载模块:Public

[ 2016-12-31T12:02:16+08:00 ] 117.136.38.57 /favicon.ico
INFO: [ app_init ] --START--
INFO: Run Behavior\BuildLiteBehavior [ RunTime:0.000013s ]
INFO: [ app_init ] --END-- [ RunTime:0.000297s ]
ERR: 无法加载模块:Favicon

[ 2016-12-31T12:02:17+08:00 ] 117.136.38.57 /Public/fonts/fontawesome-webfont.woff2?v=4.6.3
INFO: [ app_init ] --START--
INFO: Run Behavior\BuildLiteBehavior [ RunTime:0.000013s ]
INFO: [ app_init ] --END-- [ RunTime:0.000334s ]
ERR: 无法加载模块:Public

[ 2016-12-31T12:02:17+08:00 ] 117.136.38.57 /Public/fonts/fontawesome-webfont.woff?v=4.6.3
INFO: [ app_init ] --START--
INFO: Run Behavior\BuildLiteBehavior [ RunTime:0.000015s ]
INFO: [ app_init ] --END-- [ RunTime:0.000322s ]
ERR: 无法加载模块:Public

[ 2016-12-31T12:02:17+08:00 ] 117.136.38.57 /Public/fonts/fontawesome-webfont.ttf?v=4.6.3
INFO: [ app_init ] --START--
INFO: Run Behavior\BuildLiteBehavior [ RunTime:0.000018s ]
INFO: [ app_init ] --END-- [ RunTime:0.000327s ]
ERR: 无法加载模块:Public

[ 2016-12-31T13:09:17+08:00 ] 38.99.82.191 /robots.txt
INFO: [ app_init ] --START--
INFO: Run Behavior\BuildLiteBehavior [ RunTime:0.000013s ]
INFO: [ app_init ] --END-- [ RunTime:0.000323s ]
ERR: 无法加载模块:Robots

[ 2016-12-31T13:23:43+08:00 ] 66.249.64.147 /robots.txt
INFO: [ app_init ] --START--
INFO: Run Behavior\BuildLiteBehavior [ RunTime:0.000018s ]
INFO: [ app_init ] --END-- [ RunTime:0.000321s ]
ERR: 无法加载模块:Robots

[ 2016-12-31T13:29:11+08:00 ] 163.172.68.128 /robots.txt
INFO: [ app_init ] --START--
INFO: Run Behavior\BuildLiteBehavior [ RunTime:0.000019s ]
INFO: [ app_init ] --END-- [ RunTime:0.000543s ]
ERR: 无法加载模块:Robots

[ 2016-12-31T14:03:08+08:00 ] 124.65.148.154 /Public/fonts/fontawesome-webfont.woff?v=4.6.3
INFO: [ app_init ] --START--
INFO: Run Behavior\BuildLiteBehavior [ RunTime:0.000013s ]
INFO: [ app_init ] --END-- [ RunTime:0.000344s ]
ERR: 无法加载模块:Public

[ 2016-12-31T14:03:08+08:00 ] 124.65.148.154 /Public/fonts/fontawesome-webfont.ttf?v=4.6.3
INFO: [ app_init ] --START--
INFO: Run Behavior\BuildLiteBehavior [ RunTime:0.000020s ]
INFO: [ app_init ] --END-- [ RunTime:0.000354s ]
ERR: 无法加载模块:Public

[ 2016-12-31T14:04:19+08:00 ] 124.65.148.154 /Public/fonts/fontawesome-webfont.woff?v=4.6.3
INFO: [ app_init ] --START--
INFO: Run Behavior\BuildLiteBehavior [ RunTime:0.000017s ]
INFO: [ app_init ] --END-- [ RunTime:0.000351s ]
ERR: 无法加载模块:Public

[ 2016-12-31T14:04:20+08:00 ] 124.65.148.154 /Public/fonts/fontawesome-webfont.ttf?v=4.6.3
INFO: [ app_init ] --START--
INFO: Run Behavior\BuildLiteBehavior [ RunTime:0.000013s ]
INFO: [ app_init ] --END-- [ RunTime:0.000314s ]
ERR: 无法加载模块:Public

[ 2016-12-31T14:05:20+08:00 ] 124.65.148.154 /Public/fonts/fontawesome-webfont.woff?v=4.6.3
INFO: [ app_init ] --START--
INFO: Run Behavior\BuildLiteBehavior [ RunTime:0.000017s ]
INFO: [ app_init ] --END-- [ RunTime:0.000406s ]
ERR: 无法加载模块:Public

[ 2016-12-31T14:05:20+08:00 ] 124.65.148.154 /Public/fonts/fontawesome-webfont.ttf?v=4.6.3
INFO: [ app_init ] --START--
INFO: Run Behavior\BuildLiteBehavior [ RunTime:0.000012s ]
INFO: [ app_init ] --END-- [ RunTime:0.000297s ]
ERR: 无法加载模块:Public

[ 2016-12-31T14:05:41+08:00 ] 124.65.148.154 /Public/fonts/fontawesome-webfont.woff?v=4.6.3
INFO: [ app_init ] --START--
INFO: Run Behavior\BuildLiteBehavior [ RunTime:0.000013s ]
INFO: [ app_init ] --END-- [ RunTime:0.000310s ]
ERR: 无法加载模块:Public

[ 2016-12-31T14:05:41+08:00 ] 124.65.148.154 /Public/fonts/fontawesome-webfont.ttf?v=4.6.3
INFO: [ app_init ] --START--
INFO: Run Behavior\BuildLiteBehavior [ RunTime:0.000011s ]
INFO: [ app_init ] --END-- [ RunTime:0.000303s ]
ERR: 无法加载模块:Public

[ 2016-12-31T14:32:09+08:00 ] 66.249.64.56 /contact.html
INFO: [ app_init ] --START--
INFO: Run Behavior\BuildLiteBehavior [ RunTime:0.000013s ]
INFO: [ app_init ] --END-- [ RunTime:0.000317s ]
ERR: 无法加载模块:Contact

[ 2016-12-31T14:38:06+08:00 ] 114.242.250.171 /favicon.ico
INFO: [ app_init ] --START--
INFO: Run Behavior\BuildLiteBehavior [ RunTime:0.000013s ]
INFO: [ app_init ] --END-- [ RunTime:0.000313s ]
ERR: 无法加载模块:Favicon

[ 2016-12-31T14:38:08+08:00 ] 114.242.250.171 /favicon.ico
INFO: [ app_init ] --START--
INFO: Run Behavior\BuildLiteBehavior [ RunTime:0.000013s ]
INFO: [ app_init ] --END-- [ RunTime:0.000298s ]
ERR: 无法加载模块:Favicon

[ 2016-12-31T14:38:08+08:00 ] 114.242.250.171 /favicon.ico
INFO: [ app_init ] --START--
INFO: Run Behavior\BuildLiteBehavior [ RunTime:0.000017s ]
INFO: [ app_init ] --END-- [ RunTime:0.000331s ]
ERR: 无法加载模块:Favicon

[ 2016-12-31T15:00:20+08:00 ] 207.46.13.200 /robots.txt
INFO: [ app_init ] --START--
INFO: Run Behavior\BuildLiteBehavior [ RunTime:0.000014s ]
INFO: [ app_init ] --END-- [ RunTime:0.000299s ]
ERR: 无法加载模块:Robots

[ 2016-12-31T15:08:33+08:00 ] 38.99.82.191 /robots.txt
INFO: [ app_init ] --START--
INFO: Run Behavior\BuildLiteBehavior [ RunTime:0.000014s ]
INFO: [ app_init ] --END-- [ RunTime:0.000308s ]
ERR: 无法加载模块:Robots

[ 2016-12-31T15:25:54+08:00 ] 111.63.44.53 /favicon.ico
INFO: [ app_init ] --START--
INFO: Run Behavior\BuildLiteBehavior [ RunTime:0.000013s ]
INFO: [ app_init ] --END-- [ RunTime:0.000320s ]
ERR: 无法加载模块:Favicon

[ 2016-12-31T16:15:14+08:00 ] 114.242.249.158 /favicon.ico
INFO: [ app_init ] --START--
INFO: Run Behavior\BuildLiteBehavior [ RunTime:0.000013s ]
INFO: [ app_init ] --END-- [ RunTime:0.000334s ]
ERR: 无法加载模块:Favicon

[ 2016-12-31T16:39:18+08:00 ] 223.104.38.122 /Public/fonts/fontawesome-webfont.woff2?v=4.6.3
INFO: [ app_init ] --START--
INFO: Run Behavior\BuildLiteBehavior [ RunTime:0.000014s ]
INFO: [ app_init ] --END-- [ RunTime:0.000352s ]
ERR: 无法加载模块:Public

[ 2016-12-31T16:39:18+08:00 ] 223.104.38.122 /Public/fonts/fontawesome-webfont.woff?v=4.6.3
INFO: [ app_init ] --START--
INFO: Run Behavior\BuildLiteBehavior [ RunTime:0.000014s ]
INFO: [ app_init ] --END-- [ RunTime:0.000350s ]
ERR: 无法加载模块:Public

[ 2016-12-31T16:39:18+08:00 ] 223.104.38.122 /Public/fonts/fontawesome-webfont.ttf?v=4.6.3
INFO: [ app_init ] --START--
INFO: Run Behavior\BuildLiteBehavior [ RunTime:0.000012s ]
INFO: [ app_init ] --END-- [ RunTime:0.000310s ]
ERR: 无法加载模块:Public

[ 2016-12-31T16:39:18+08:00 ] 223.104.38.122 /favicon.ico
INFO: [ app_init ] --START--
INFO: Run Behavior\BuildLiteBehavior [ RunTime:0.000013s ]
INFO: [ app_init ] --END-- [ RunTime:0.000406s ]
ERR: 无法加载模块:Favicon

[ 2016-12-31T16:39:24+08:00 ] 223.104.38.122 /Public/fonts/fontawesome-webfont.woff2?v=4.6.3
INFO: [ app_init ] --START--
INFO: Run Behavior\BuildLiteBehavior [ RunTime:0.000013s ]
INFO: [ app_init ] --END-- [ RunTime:0.000292s ]
ERR: 无法加载模块:Public

[ 2016-12-31T16:39:25+08:00 ] 223.104.38.122 /Public/fonts/fontawesome-webfont.woff?v=4.6.3
INFO: [ app_init ] --START--
INFO: Run Behavior\BuildLiteBehavior [ RunTime:0.000015s ]
INFO: [ app_init ] --END-- [ RunTime:0.000333s ]
ERR: 无法加载模块:Public

[ 2016-12-31T16:39:25+08:00 ] 223.104.38.122 /Public/fonts/fontawesome-webfont.ttf?v=4.6.3
INFO: [ app_init ] --START--
INFO: Run Behavior\BuildLiteBehavior [ RunTime:0.000011s ]
INFO: [ app_init ] --END-- [ RunTime:0.000286s ]
ERR: 无法加载模块:Public

[ 2016-12-31T16:39:27+08:00 ] 223.104.38.122 /Public/fonts/fontawesome-webfont.woff2?v=4.6.3
INFO: [ app_init ] --START--
INFO: Run Behavior\BuildLiteBehavior [ RunTime:0.000014s ]
INFO: [ app_init ] --END-- [ RunTime:0.000302s ]
ERR: 无法加载模块:Public

[ 2016-12-31T16:39:28+08:00 ] 223.104.38.122 /Public/fonts/fontawesome-webfont.woff?v=4.6.3
INFO: [ app_init ] --START--
INFO: Run Behavior\BuildLiteBehavior [ RunTime:0.000013s ]
INFO: [ app_init ] --END-- [ RunTime:0.000326s ]
ERR: 无法加载模块:Public

[ 2016-12-31T16:39:28+08:00 ] 223.104.38.122 /Public/fonts/fontawesome-webfont.ttf?v=4.6.3
INFO: [ app_init ] --START--
INFO: Run Behavior\BuildLiteBehavior [ RunTime:0.000013s ]
INFO: [ app_init ] --END-- [ RunTime:0.000296s ]
ERR: 无法加载模块:Public

[ 2016-12-31T17:01:46+08:00 ] 38.99.82.191 /robots.txt
INFO: [ app_init ] --START--
INFO: Run Behavior\BuildLiteBehavior [ RunTime:0.000016s ]
INFO: [ app_init ] --END-- [ RunTime:0.000453s ]
ERR: 无法加载模块:Robots

[ 2016-12-31T17:20:31+08:00 ] 64.246.165.50 /robots.txt
INFO: [ app_init ] --START--
INFO: Run Behavior\BuildLiteBehavior [ RunTime:0.000013s ]
INFO: [ app_init ] --END-- [ RunTime:0.000309s ]
ERR: 无法加载模块:Robots

[ 2016-12-31T17:55:20+08:00 ] 69.197.177.50 /robots.txt
INFO: [ app_init ] --START--
INFO: Run Behavior\BuildLiteBehavior [ RunTime:0.000013s ]
INFO: [ app_init ] --END-- [ RunTime:0.000349s ]
ERR: 无法加载模块:Robots

[ 2016-12-31T19:06:03+08:00 ] 114.241.170.164 /favicon.ico
INFO: [ app_init ] --START--
INFO: Run Behavior\BuildLiteBehavior [ RunTime:0.000017s ]
INFO: [ app_init ] --END-- [ RunTime:0.000337s ]
ERR: 无法加载模块:Favicon

[ 2016-12-31T19:28:19+08:00 ] 38.99.82.191 /robots.txt
INFO: [ app_init ] --START--
INFO: Run Behavior\BuildLiteBehavior [ RunTime:0.000020s ]
INFO: [ app_init ] --END-- [ RunTime:0.000402s ]
ERR: 无法加载模块:Robots

[ 2016-12-31T19:47:13+08:00 ] 36.101.187.174 /favicon.ico
INFO: [ app_init ] --START--
INFO: Run Behavior\BuildLiteBehavior [ RunTime:0.000013s ]
INFO: [ app_init ] --END-- [ RunTime:0.000352s ]
ERR: 无法加载模块:Favicon

[ 2016-12-31T19:51:05+08:00 ] 64.74.215.130 /robots.txt
INFO: [ app_init ] --START--
INFO: Run Behavior\BuildLiteBehavior [ RunTime:0.000014s ]
INFO: [ app_init ] --END-- [ RunTime:0.000321s ]
ERR: 无法加载模块:Robots

[ 2016-12-31T20:06:38+08:00 ] 106.38.241.154 /robots.txt
INFO: [ app_init ] --START--
INFO: Run Behavior\BuildLiteBehavior [ RunTime:0.000013s ]
INFO: [ app_init ] --END-- [ RunTime:0.000292s ]
ERR: 无法加载模块:Robots

[ 2016-12-31T20:17:35+08:00 ] 94.154.239.69 /robots.txt
INFO: [ app_init ] --START--
INFO: Run Behavior\BuildLiteBehavior [ RunTime:0.000018s ]
INFO: [ app_init ] --END-- [ RunTime:0.000365s ]
ERR: 无法加载模块:Robots

[ 2016-12-31T20:23:48+08:00 ] 66.249.64.251 /robots.txt
INFO: [ app_init ] --START--
INFO: Run Behavior\BuildLiteBehavior [ RunTime:0.000014s ]
INFO: [ app_init ] --END-- [ RunTime:0.000334s ]
ERR: 无法加载模块:Robots

[ 2016-12-31T20:29:42+08:00 ] 163.172.68.127 /robots.txt
INFO: [ app_init ] --START--
INFO: Run Behavior\BuildLiteBehavior [ RunTime:0.000019s ]
INFO: [ app_init ] --END-- [ RunTime:0.000465s ]
ERR: 无法加载模块:Robots

[ 2016-12-31T21:02:16+08:00 ] 163.172.68.128 /robots.txt
INFO: [ app_init ] --START--
INFO: Run Behavior\BuildLiteBehavior [ RunTime:0.000013s ]
INFO: [ app_init ] --END-- [ RunTime:0.000301s ]
ERR: 无法加载模块:Robots

[ 2016-12-31T21:44:20+08:00 ] 38.99.82.191 /robots.txt
INFO: [ app_init ] --START--
INFO: Run Behavior\BuildLiteBehavior [ RunTime:0.000013s ]
INFO: [ app_init ] --END-- [ RunTime:0.000326s ]
ERR: 无法加载模块:Robots

[ 2016-12-31T21:44:24+08:00 ] 38.99.82.191 /robots.txt
INFO: [ app_init ] --START--
INFO: Run Behavior\BuildLiteBehavior [ RunTime:0.000013s ]
INFO: [ app_init ] --END-- [ RunTime:0.000328s ]
ERR: 无法加载模块:Robots

[ 2016-12-31T21:47:31+08:00 ] 66.249.64.60 /robots.txt
INFO: [ app_init ] --START--
INFO: Run Behavior\BuildLiteBehavior [ RunTime:0.000013s ]
INFO: [ app_init ] --END-- [ RunTime:0.000355s ]
ERR: 无法加载模块:Robots

[ 2016-12-31T22:52:39+08:00 ] 173.234.159.250 /robots.txt
INFO: [ app_init ] --START--
INFO: Run Behavior\BuildLiteBehavior [ RunTime:0.000013s ]
INFO: [ app_init ] --END-- [ RunTime:0.000308s ]
ERR: 无法加载模块:Robots

