[ 2017-01-13T09:06:54+08:00 ] 127.0.0.1 /favicon.ico
INFO: [ app_init ] --START--
INFO: Run Behavior\BuildLiteBehavior [ RunTime:0.000015s ]
INFO: [ app_init ] --END-- [ RunTime:0.000602s ]
ERR: 无法加载模块:Favicon

[ 2017-01-13T09:07:52+08:00 ] 127.0.0.1 /Public/js/jquery-1.10.2.min.map
INFO: [ app_init ] --START--
INFO: Run Behavior\BuildLiteBehavior [ RunTime:0.000011s ]
INFO: [ app_init ] --END-- [ RunTime:0.000503s ]
ERR: 无法加载模块:Public

[ 2017-01-13T09:13:31+08:00 ] 127.0.0.1 /Public/js/jquery-1.10.2.min.map
INFO: [ app_init ] --START--
INFO: Run Behavior\BuildLiteBehavior [ RunTime:0.000013s ]
INFO: [ app_init ] --END-- [ RunTime:0.000615s ]
ERR: 无法加载模块:Public

[ 2017-01-13T09:14:14+08:00 ] 127.0.0.1 /Public/js/jquery-1.10.2.min.map
INFO: [ app_init ] --START--
INFO: Run Behavior\BuildLiteBehavior [ RunTime:0.000011s ]
INFO: [ app_init ] --END-- [ RunTime:0.000450s ]
ERR: 无法加载模块:Public

[ 2017-01-13T09:14:17+08:00 ] 127.0.0.1 /Public/js/jquery-1.10.2.min.map
INFO: [ app_init ] --START--
INFO: Run Behavior\BuildLiteBehavior [ RunTime:0.000012s ]
INFO: [ app_init ] --END-- [ RunTime:0.000473s ]
ERR: 无法加载模块:Public

[ 2017-01-13T09:14:24+08:00 ] 127.0.0.1 /Public/js/jquery-1.10.2.min.map
INFO: [ app_init ] --START--
INFO: Run Behavior\BuildLiteBehavior [ RunTime:0.000011s ]
INFO: [ app_init ] --END-- [ RunTime:0.000430s ]
ERR: 无法加载模块:Public

[ 2017-01-13T09:14:31+08:00 ] 127.0.0.1 /Public/js/jquery-1.10.2.min.map
INFO: [ app_init ] --START--
INFO: Run Behavior\BuildLiteBehavior [ RunTime:0.000011s ]
INFO: [ app_init ] --END-- [ RunTime:0.000462s ]
ERR: 无法加载模块:Public

[ 2017-01-13T09:14:36+08:00 ] 127.0.0.1 /Public/js/jquery-1.10.2.min.map
INFO: [ app_init ] --START--
INFO: Run Behavior\BuildLiteBehavior [ RunTime:0.000012s ]
INFO: [ app_init ] --END-- [ RunTime:0.000411s ]
ERR: 无法加载模块:Public

[ 2017-01-13T09:33:43+08:00 ] 127.0.0.1 /Public/js/jquery-1.10.2.min.map
INFO: [ app_init ] --START--
INFO: Run Behavior\BuildLiteBehavior [ RunTime:0.000011s ]
INFO: [ app_init ] --END-- [ RunTime:0.000461s ]
ERR: 无法加载模块:Public

[ 2017-01-13T09:33:45+08:00 ] 127.0.0.1 /Public/js/jquery-1.10.2.min.map
INFO: [ app_init ] --START--
INFO: Run Behavior\BuildLiteBehavior [ RunTime:0.000012s ]
INFO: [ app_init ] --END-- [ RunTime:0.000423s ]
ERR: 无法加载模块:Public

[ 2017-01-13T09:33:47+08:00 ] 127.0.0.1 /Public/js/jquery-1.10.2.min.map
INFO: [ app_init ] --START--
INFO: Run Behavior\BuildLiteBehavior [ RunTime:0.000011s ]
INFO: [ app_init ] --END-- [ RunTime:0.000536s ]
ERR: 无法加载模块:Public

[ 2017-01-13T09:34:19+08:00 ] 127.0.0.1 /Public/js/jquery-1.10.2.min.map
INFO: [ app_init ] --START--
INFO: Run Behavior\BuildLiteBehavior [ RunTime:0.000012s ]
INFO: [ app_init ] --END-- [ RunTime:0.000593s ]
ERR: 无法加载模块:Public

[ 2017-01-13T09:34:21+08:00 ] 127.0.0.1 /Public/js/jquery-1.10.2.min.map
INFO: [ app_init ] --START--
INFO: Run Behavior\BuildLiteBehavior [ RunTime:0.000012s ]
INFO: [ app_init ] --END-- [ RunTime:0.000421s ]
ERR: 无法加载模块:Public

[ 2017-01-13T09:34:24+08:00 ] 127.0.0.1 /Public/js/jquery-1.10.2.min.map
INFO: [ app_init ] --START--
INFO: Run Behavior\BuildLiteBehavior [ RunTime:0.000011s ]
INFO: [ app_init ] --END-- [ RunTime:0.000567s ]
ERR: 无法加载模块:Public

[ 2017-01-13T09:34:25+08:00 ] 127.0.0.1 /Public/js/jquery-1.10.2.min.map
INFO: [ app_init ] --START--
INFO: Run Behavior\BuildLiteBehavior [ RunTime:0.000012s ]
INFO: [ app_init ] --END-- [ RunTime:0.000436s ]
ERR: 无法加载模块:Public

[ 2017-01-13T09:34:29+08:00 ] 127.0.0.1 /Public/js/jquery-1.10.2.min.map
INFO: [ app_init ] --START--
INFO: Run Behavior\BuildLiteBehavior [ RunTime:0.000011s ]
INFO: [ app_init ] --END-- [ RunTime:0.000520s ]
ERR: 无法加载模块:Public

[ 2017-01-13T09:34:32+08:00 ] 127.0.0.1 /Public/js/jquery-1.10.2.min.map
INFO: [ app_init ] --START--
INFO: Run Behavior\BuildLiteBehavior [ RunTime:0.000016s ]
INFO: [ app_init ] --END-- [ RunTime:0.000462s ]
ERR: 无法加载模块:Public

[ 2017-01-13T09:34:34+08:00 ] 127.0.0.1 /Public/js/jquery-1.10.2.min.map
INFO: [ app_init ] --START--
INFO: Run Behavior\BuildLiteBehavior [ RunTime:0.000011s ]
INFO: [ app_init ] --END-- [ RunTime:0.000415s ]
ERR: 无法加载模块:Public

[ 2017-01-13T09:34:40+08:00 ] 127.0.0.1 /Public/js/jquery-1.10.2.min.map
INFO: [ app_init ] --START--
INFO: Run Behavior\BuildLiteBehavior [ RunTime:0.000012s ]
INFO: [ app_init ] --END-- [ RunTime:0.000459s ]
ERR: 无法加载模块:Public

[ 2017-01-13T09:34:42+08:00 ] 127.0.0.1 /Public/js/jquery-1.10.2.min.map
INFO: [ app_init ] --START--
INFO: Run Behavior\BuildLiteBehavior [ RunTime:0.000012s ]
INFO: [ app_init ] --END-- [ RunTime:0.000457s ]
ERR: 无法加载模块:Public

[ 2017-01-13T09:34:43+08:00 ] 127.0.0.1 /Public/js/jquery-1.10.2.min.map
INFO: [ app_init ] --START--
INFO: Run Behavior\BuildLiteBehavior [ RunTime:0.000012s ]
INFO: [ app_init ] --END-- [ RunTime:0.000426s ]
ERR: 无法加载模块:Public

[ 2017-01-13T09:35:32+08:00 ] 127.0.0.1 /Public/js/jquery-1.10.2.min.map
INFO: [ app_init ] --START--
INFO: Run Behavior\BuildLiteBehavior [ RunTime:0.000011s ]
INFO: [ app_init ] --END-- [ RunTime:0.000443s ]
ERR: 无法加载模块:Public

[ 2017-01-13T09:35:34+08:00 ] 127.0.0.1 /Public/js/jquery-1.10.2.min.map
INFO: [ app_init ] --START--
INFO: Run Behavior\BuildLiteBehavior [ RunTime:0.000019s ]
INFO: [ app_init ] --END-- [ RunTime:0.000433s ]
ERR: 无法加载模块:Public

[ 2017-01-13T09:35:37+08:00 ] 127.0.0.1 /Public/js/jquery-1.10.2.min.map
INFO: [ app_init ] --START--
INFO: Run Behavior\BuildLiteBehavior [ RunTime:0.000011s ]
INFO: [ app_init ] --END-- [ RunTime:0.000424s ]
ERR: 无法加载模块:Public

[ 2017-01-13T09:36:20+08:00 ] 127.0.0.1 /Public/js/jquery-1.10.2.min.map
INFO: [ app_init ] --START--
INFO: Run Behavior\BuildLiteBehavior [ RunTime:0.000011s ]
INFO: [ app_init ] --END-- [ RunTime:0.000426s ]
ERR: 无法加载模块:Public

[ 2017-01-13T09:38:37+08:00 ] 127.0.0.1 /Public/js/jquery-1.10.2.min.map
INFO: [ app_init ] --START--
INFO: Run Behavior\BuildLiteBehavior [ RunTime:0.000011s ]
INFO: [ app_init ] --END-- [ RunTime:0.000449s ]
ERR: 无法加载模块:Public

[ 2017-01-13T09:39:33+08:00 ] 127.0.0.1 /Public/js/jquery-1.10.2.min.map
INFO: [ app_init ] --START--
INFO: Run Behavior\BuildLiteBehavior [ RunTime:0.000025s ]
INFO: [ app_init ] --END-- [ RunTime:0.000439s ]
ERR: 无法加载模块:Public

[ 2017-01-13T09:39:36+08:00 ] 127.0.0.1 /Public/js/jquery-1.10.2.min.map
INFO: [ app_init ] --START--
INFO: Run Behavior\BuildLiteBehavior [ RunTime:0.000011s ]
INFO: [ app_init ] --END-- [ RunTime:0.000443s ]
ERR: 无法加载模块:Public

[ 2017-01-13T09:39:52+08:00 ] 127.0.0.1 /Public/js/jquery-1.10.2.min.map
INFO: [ app_init ] --START--
INFO: Run Behavior\BuildLiteBehavior [ RunTime:0.000011s ]
INFO: [ app_init ] --END-- [ RunTime:0.000460s ]
ERR: 无法加载模块:Public

[ 2017-01-13T09:40:05+08:00 ] 127.0.0.1 /Public/js/jquery-1.10.2.min.map
INFO: [ app_init ] --START--
INFO: Run Behavior\BuildLiteBehavior [ RunTime:0.000011s ]
INFO: [ app_init ] --END-- [ RunTime:0.000415s ]
ERR: 无法加载模块:Public

[ 2017-01-13T09:40:20+08:00 ] 127.0.0.1 /Public/js/jquery-1.10.2.min.map
INFO: [ app_init ] --START--
INFO: Run Behavior\BuildLiteBehavior [ RunTime:0.000013s ]
INFO: [ app_init ] --END-- [ RunTime:0.001163s ]
ERR: 无法加载模块:Public

[ 2017-01-13T09:41:24+08:00 ] 127.0.0.1 /Public/js/jquery-1.10.2.min.map
INFO: [ app_init ] --START--
INFO: Run Behavior\BuildLiteBehavior [ RunTime:0.000012s ]
INFO: [ app_init ] --END-- [ RunTime:0.000417s ]
ERR: 无法加载模块:Public

[ 2017-01-13T09:42:30+08:00 ] 127.0.0.1 /Public/js/jquery-1.10.2.min.map
INFO: [ app_init ] --START--
INFO: Run Behavior\BuildLiteBehavior [ RunTime:0.000013s ]
INFO: [ app_init ] --END-- [ RunTime:0.000405s ]
ERR: 无法加载模块:Public

[ 2017-01-13T09:43:12+08:00 ] 127.0.0.1 /Public/js/jquery-1.10.2.min.map
INFO: [ app_init ] --START--
INFO: Run Behavior\BuildLiteBehavior [ RunTime:0.000012s ]
INFO: [ app_init ] --END-- [ RunTime:0.000590s ]
ERR: 无法加载模块:Public

[ 2017-01-13T09:43:39+08:00 ] 127.0.0.1 /Public/js/jquery-1.10.2.min.map
INFO: [ app_init ] --START--
INFO: Run Behavior\BuildLiteBehavior [ RunTime:0.000011s ]
INFO: [ app_init ] --END-- [ RunTime:0.000416s ]
ERR: 无法加载模块:Public

[ 2017-01-13T09:45:59+08:00 ] 127.0.0.1 /Public/js/jquery-1.10.2.min.map
INFO: [ app_init ] --START--
INFO: Run Behavior\BuildLiteBehavior [ RunTime:0.000012s ]
INFO: [ app_init ] --END-- [ RunTime:0.000413s ]
ERR: 无法加载模块:Public

[ 2017-01-13T09:46:36+08:00 ] 127.0.0.1 /Public/js/jquery-1.10.2.min.map
INFO: [ app_init ] --START--
INFO: Run Behavior\BuildLiteBehavior [ RunTime:0.000012s ]
INFO: [ app_init ] --END-- [ RunTime:0.000443s ]
ERR: 无法加载模块:Public

[ 2017-01-13T09:47:51+08:00 ] 127.0.0.1 /Public/js/jquery-1.10.2.min.map
INFO: [ app_init ] --START--
INFO: Run Behavior\BuildLiteBehavior [ RunTime:0.000012s ]
INFO: [ app_init ] --END-- [ RunTime:0.000418s ]
ERR: 无法加载模块:Public

[ 2017-01-13T09:48:08+08:00 ] 127.0.0.1 /Public/js/jquery-1.10.2.min.map
INFO: [ app_init ] --START--
INFO: Run Behavior\BuildLiteBehavior [ RunTime:0.000011s ]
INFO: [ app_init ] --END-- [ RunTime:0.000426s ]
ERR: 无法加载模块:Public

[ 2017-01-13T09:48:55+08:00 ] 127.0.0.1 /Public/js/jquery-1.10.2.min.map
INFO: [ app_init ] --START--
INFO: Run Behavior\BuildLiteBehavior [ RunTime:0.000010s ]
INFO: [ app_init ] --END-- [ RunTime:0.000430s ]
ERR: 无法加载模块:Public

[ 2017-01-13T09:49:27+08:00 ] 127.0.0.1 /Public/js/jquery-1.10.2.min.map
INFO: [ app_init ] --START--
INFO: Run Behavior\BuildLiteBehavior [ RunTime:0.000014s ]
INFO: [ app_init ] --END-- [ RunTime:0.000422s ]
ERR: 无法加载模块:Public

[ 2017-01-13T09:50:01+08:00 ] 127.0.0.1 /Public/js/jquery-1.10.2.min.map
INFO: [ app_init ] --START--
INFO: Run Behavior\BuildLiteBehavior [ RunTime:0.000011s ]
INFO: [ app_init ] --END-- [ RunTime:0.000391s ]
ERR: 无法加载模块:Public

[ 2017-01-13T09:50:33+08:00 ] 127.0.0.1 /Public/js/jquery-1.10.2.min.map
INFO: [ app_init ] --START--
INFO: Run Behavior\BuildLiteBehavior [ RunTime:0.000011s ]
INFO: [ app_init ] --END-- [ RunTime:0.000414s ]
ERR: 无法加载模块:Public

[ 2017-01-13T09:51:11+08:00 ] 127.0.0.1 /Public/js/jquery-1.10.2.min.map
INFO: [ app_init ] --START--
INFO: Run Behavior\BuildLiteBehavior [ RunTime:0.000011s ]
INFO: [ app_init ] --END-- [ RunTime:0.000427s ]
ERR: 无法加载模块:Public

[ 2017-01-13T09:51:40+08:00 ] 127.0.0.1 /Public/js/jquery-1.10.2.min.map
INFO: [ app_init ] --START--
INFO: Run Behavior\BuildLiteBehavior [ RunTime:0.000013s ]
INFO: [ app_init ] --END-- [ RunTime:0.000516s ]
ERR: 无法加载模块:Public

[ 2017-01-13T09:52:32+08:00 ] 127.0.0.1 /Public/js/jquery-1.10.2.min.map
INFO: [ app_init ] --START--
INFO: Run Behavior\BuildLiteBehavior [ RunTime:0.000012s ]
INFO: [ app_init ] --END-- [ RunTime:0.000420s ]
ERR: 无法加载模块:Public

[ 2017-01-13T09:53:24+08:00 ] 127.0.0.1 /Public/js/jquery-1.10.2.min.map
INFO: [ app_init ] --START--
INFO: Run Behavior\BuildLiteBehavior [ RunTime:0.000014s ]
INFO: [ app_init ] --END-- [ RunTime:0.000554s ]
ERR: 无法加载模块:Public

[ 2017-01-13T09:53:40+08:00 ] 127.0.0.1 /Public/js/jquery-1.10.2.min.map
INFO: [ app_init ] --START--
INFO: Run Behavior\BuildLiteBehavior [ RunTime:0.000011s ]
INFO: [ app_init ] --END-- [ RunTime:0.000560s ]
ERR: 无法加载模块:Public

[ 2017-01-13T09:56:08+08:00 ] 127.0.0.1 /Public/js/jquery-1.10.2.min.map
INFO: [ app_init ] --START--
INFO: Run Behavior\BuildLiteBehavior [ RunTime:0.000011s ]
INFO: [ app_init ] --END-- [ RunTime:0.000425s ]
ERR: 无法加载模块:Public

[ 2017-01-13T09:56:19+08:00 ] 127.0.0.1 /Public/js/jquery-1.10.2.min.map
INFO: [ app_init ] --START--
INFO: Run Behavior\BuildLiteBehavior [ RunTime:0.000010s ]
INFO: [ app_init ] --END-- [ RunTime:0.000415s ]
ERR: 无法加载模块:Public

[ 2017-01-13T09:56:55+08:00 ] 127.0.0.1 /Public/js/jquery-1.10.2.min.map
INFO: [ app_init ] --START--
INFO: Run Behavior\BuildLiteBehavior [ RunTime:0.000012s ]
INFO: [ app_init ] --END-- [ RunTime:0.000510s ]
ERR: 无法加载模块:Public

[ 2017-01-13T09:58:04+08:00 ] 127.0.0.1 /Public/js/jquery-1.10.2.min.map
INFO: [ app_init ] --START--
INFO: Run Behavior\BuildLiteBehavior [ RunTime:0.000011s ]
INFO: [ app_init ] --END-- [ RunTime:0.000423s ]
ERR: 无法加载模块:Public

[ 2017-01-13T09:59:09+08:00 ] 127.0.0.1 /Public/js/jquery-1.10.2.min.map
INFO: [ app_init ] --START--
INFO: Run Behavior\BuildLiteBehavior [ RunTime:0.000011s ]
INFO: [ app_init ] --END-- [ RunTime:0.000449s ]
ERR: 无法加载模块:Public

[ 2017-01-13T09:59:27+08:00 ] 127.0.0.1 /Public/js/jquery-1.10.2.min.map
INFO: [ app_init ] --START--
INFO: Run Behavior\BuildLiteBehavior [ RunTime:0.000014s ]
INFO: [ app_init ] --END-- [ RunTime:0.000502s ]
ERR: 无法加载模块:Public

[ 2017-01-13T10:00:37+08:00 ] 127.0.0.1 /Public/js/jquery-1.10.2.min.map
INFO: [ app_init ] --START--
INFO: Run Behavior\BuildLiteBehavior [ RunTime:0.000012s ]
INFO: [ app_init ] --END-- [ RunTime:0.000421s ]
ERR: 无法加载模块:Public

[ 2017-01-13T10:18:19+08:00 ] 127.0.0.1 /Public/js/jquery-1.10.2.min.map
INFO: [ app_init ] --START--
INFO: Run Behavior\BuildLiteBehavior [ RunTime:0.000011s ]
INFO: [ app_init ] --END-- [ RunTime:0.000462s ]
ERR: 无法加载模块:Public

[ 2017-01-13T10:20:04+08:00 ] 127.0.0.1 /Public/js/jquery-1.10.2.min.map
INFO: [ app_init ] --START--
INFO: Run Behavior\BuildLiteBehavior [ RunTime:0.000011s ]
INFO: [ app_init ] --END-- [ RunTime:0.000427s ]
ERR: 无法加载模块:Public

[ 2017-01-13T10:23:55+08:00 ] 127.0.0.1 /Public/js/jquery-1.10.2.min.map
INFO: [ app_init ] --START--
INFO: Run Behavior\BuildLiteBehavior [ RunTime:0.000011s ]
INFO: [ app_init ] --END-- [ RunTime:0.000422s ]
ERR: 无法加载模块:Public

[ 2017-01-13T10:24:01+08:00 ] 127.0.0.1 /Public/js/jquery-1.10.2.min.map
INFO: [ app_init ] --START--
INFO: Run Behavior\BuildLiteBehavior [ RunTime:0.000012s ]
INFO: [ app_init ] --END-- [ RunTime:0.000443s ]
ERR: 无法加载模块:Public

[ 2017-01-13T10:24:31+08:00 ] 127.0.0.1 /favicon.ico
INFO: [ app_init ] --START--
INFO: Run Behavior\BuildLiteBehavior [ RunTime:0.000017s ]
INFO: [ app_init ] --END-- [ RunTime:0.000579s ]
ERR: 无法加载模块:Favicon

[ 2017-01-13T10:27:22+08:00 ] 127.0.0.1 /Public/js/jquery-1.10.2.min.map
INFO: [ app_init ] --START--
INFO: Run Behavior\BuildLiteBehavior [ RunTime:0.000011s ]
INFO: [ app_init ] --END-- [ RunTime:0.000360s ]
ERR: 无法加载模块:Public

[ 2017-01-13T10:27:39+08:00 ] 127.0.0.1 /Public/js/jquery-1.10.2.min.map
INFO: [ app_init ] --START--
INFO: Run Behavior\BuildLiteBehavior [ RunTime:0.000012s ]
INFO: [ app_init ] --END-- [ RunTime:0.000435s ]
ERR: 无法加载模块:Public

[ 2017-01-13T10:27:41+08:00 ] 127.0.0.1 /Public/js/jquery-1.10.2.min.map
INFO: [ app_init ] --START--
INFO: Run Behavior\BuildLiteBehavior [ RunTime:0.000011s ]
INFO: [ app_init ] --END-- [ RunTime:0.000411s ]
ERR: 无法加载模块:Public

[ 2017-01-13T10:27:43+08:00 ] 127.0.0.1 /Public/js/jquery-1.10.2.min.map
INFO: [ app_init ] --START--
INFO: Run Behavior\BuildLiteBehavior [ RunTime:0.000013s ]
INFO: [ app_init ] --END-- [ RunTime:0.000531s ]
ERR: 无法加载模块:Public

[ 2017-01-13T10:27:46+08:00 ] 127.0.0.1 /Public/js/jquery-1.10.2.min.map
INFO: [ app_init ] --START--
INFO: Run Behavior\BuildLiteBehavior [ RunTime:0.000011s ]
INFO: [ app_init ] --END-- [ RunTime:0.000417s ]
ERR: 无法加载模块:Public

[ 2017-01-13T10:28:20+08:00 ] 127.0.0.1 /Public/js/jquery-1.10.2.min.map
INFO: [ app_init ] --START--
INFO: Run Behavior\BuildLiteBehavior [ RunTime:0.000012s ]
INFO: [ app_init ] --END-- [ RunTime:0.000414s ]
ERR: 无法加载模块:Public

[ 2017-01-13T10:28:22+08:00 ] 127.0.0.1 /Public/js/jquery-1.10.2.min.map
INFO: [ app_init ] --START--
INFO: Run Behavior\BuildLiteBehavior [ RunTime:0.000011s ]
INFO: [ app_init ] --END-- [ RunTime:0.000438s ]
ERR: 无法加载模块:Public

[ 2017-01-13T10:28:36+08:00 ] 127.0.0.1 /Public/js/jquery-1.10.2.min.map
INFO: [ app_init ] --START--
INFO: Run Behavior\BuildLiteBehavior [ RunTime:0.000011s ]
INFO: [ app_init ] --END-- [ RunTime:0.000418s ]
ERR: 无法加载模块:Public

[ 2017-01-13T10:28:46+08:00 ] 127.0.0.1 /Public/js/jquery-1.10.2.min.map
INFO: [ app_init ] --START--
INFO: Run Behavior\BuildLiteBehavior [ RunTime:0.000012s ]
INFO: [ app_init ] --END-- [ RunTime:0.000483s ]
ERR: 无法加载模块:Public

[ 2017-01-13T10:28:48+08:00 ] 127.0.0.1 /Public/js/jquery-1.10.2.min.map
INFO: [ app_init ] --START--
INFO: Run Behavior\BuildLiteBehavior [ RunTime:0.000012s ]
INFO: [ app_init ] --END-- [ RunTime:0.000419s ]
ERR: 无法加载模块:Public

[ 2017-01-13T10:29:05+08:00 ] 127.0.0.1 /Public/js/jquery-1.10.2.min.map
INFO: [ app_init ] --START--
INFO: Run Behavior\BuildLiteBehavior [ RunTime:0.000011s ]
INFO: [ app_init ] --END-- [ RunTime:0.000424s ]
ERR: 无法加载模块:Public

[ 2017-01-13T10:29:11+08:00 ] 127.0.0.1 /Public/js/jquery-1.10.2.min.map
INFO: [ app_init ] --START--
INFO: Run Behavior\BuildLiteBehavior [ RunTime:0.000011s ]
INFO: [ app_init ] --END-- [ RunTime:0.000456s ]
ERR: 无法加载模块:Public

[ 2017-01-13T10:29:15+08:00 ] 127.0.0.1 /Public/js/jquery-1.10.2.min.map
INFO: [ app_init ] --START--
INFO: Run Behavior\BuildLiteBehavior [ RunTime:0.000011s ]
INFO: [ app_init ] --END-- [ RunTime:0.000416s ]
ERR: 无法加载模块:Public

[ 2017-01-13T10:29:17+08:00 ] 127.0.0.1 /Public/js/jquery-1.10.2.min.map
INFO: [ app_init ] --START--
INFO: Run Behavior\BuildLiteBehavior [ RunTime:0.000039s ]
INFO: [ app_init ] --END-- [ RunTime:0.000534s ]
ERR: 无法加载模块:Public

[ 2017-01-13T10:29:19+08:00 ] 127.0.0.1 /Public/js/jquery-1.10.2.min.map
INFO: [ app_init ] --START--
INFO: Run Behavior\BuildLiteBehavior [ RunTime:0.000011s ]
INFO: [ app_init ] --END-- [ RunTime:0.000378s ]
ERR: 无法加载模块:Public

[ 2017-01-13T10:29:22+08:00 ] 127.0.0.1 /Public/js/jquery-1.10.2.min.map
INFO: [ app_init ] --START--
INFO: Run Behavior\BuildLiteBehavior [ RunTime:0.000011s ]
INFO: [ app_init ] --END-- [ RunTime:0.000482s ]
ERR: 无法加载模块:Public

[ 2017-01-13T10:29:25+08:00 ] 127.0.0.1 /Public/js/jquery-1.10.2.min.map
INFO: [ app_init ] --START--
INFO: Run Behavior\BuildLiteBehavior [ RunTime:0.000012s ]
INFO: [ app_init ] --END-- [ RunTime:0.000346s ]
ERR: 无法加载模块:Public

[ 2017-01-13T10:29:35+08:00 ] 127.0.0.1 /Public/js/jquery-1.10.2.min.map
INFO: [ app_init ] --START--
INFO: Run Behavior\BuildLiteBehavior [ RunTime:0.000012s ]
INFO: [ app_init ] --END-- [ RunTime:0.000431s ]
ERR: 无法加载模块:Public

[ 2017-01-13T10:30:27+08:00 ] 127.0.0.1 /Public/js/jquery-1.10.2.min.map
INFO: [ app_init ] --START--
INFO: Run Behavior\BuildLiteBehavior [ RunTime:0.000012s ]
INFO: [ app_init ] --END-- [ RunTime:0.000511s ]
ERR: 无法加载模块:Public

[ 2017-01-13T10:35:10+08:00 ] 127.0.0.1 /Public/js/jquery-1.10.2.min.map
INFO: [ app_init ] --START--
INFO: Run Behavior\BuildLiteBehavior [ RunTime:0.000011s ]
INFO: [ app_init ] --END-- [ RunTime:0.000594s ]
ERR: 无法加载模块:Public

[ 2017-01-13T10:35:24+08:00 ] 127.0.0.1 /Public/js/jquery-1.10.2.min.map
INFO: [ app_init ] --START--
INFO: Run Behavior\BuildLiteBehavior [ RunTime:0.000010s ]
INFO: [ app_init ] --END-- [ RunTime:0.000372s ]
ERR: 无法加载模块:Public

[ 2017-01-13T10:46:05+08:00 ] 127.0.0.1 /Public/js/jquery-1.10.2.min.map
INFO: [ app_init ] --START--
INFO: Run Behavior\BuildLiteBehavior [ RunTime:0.000012s ]
INFO: [ app_init ] --END-- [ RunTime:0.000558s ]
ERR: 无法加载模块:Public

[ 2017-01-13T10:48:19+08:00 ] 127.0.0.1 /Public/js/jquery-1.10.2.min.map
INFO: [ app_init ] --START--
INFO: Run Behavior\BuildLiteBehavior [ RunTime:0.000011s ]
INFO: [ app_init ] --END-- [ RunTime:0.000453s ]
ERR: 无法加载模块:Public

[ 2017-01-13T11:14:51+08:00 ] 127.0.0.1 /Public/js/jquery-1.10.2.min.map
INFO: [ app_init ] --START--
INFO: Run Behavior\BuildLiteBehavior [ RunTime:0.000011s ]
INFO: [ app_init ] --END-- [ RunTime:0.000428s ]
ERR: 无法加载模块:Public

[ 2017-01-13T11:15:20+08:00 ] 127.0.0.1 /Public/js/jquery-1.10.2.min.map
INFO: [ app_init ] --START--
INFO: Run Behavior\BuildLiteBehavior [ RunTime:0.000012s ]
INFO: [ app_init ] --END-- [ RunTime:0.000471s ]
ERR: 无法加载模块:Public

[ 2017-01-13T11:16:09+08:00 ] 127.0.0.1 /Public/js/jquery-1.10.2.min.map
INFO: [ app_init ] --START--
INFO: Run Behavior\BuildLiteBehavior [ RunTime:0.000013s ]
INFO: [ app_init ] --END-- [ RunTime:0.000458s ]
ERR: 无法加载模块:Public

[ 2017-01-13T11:17:56+08:00 ] 127.0.0.1 /Public/js/jquery-1.10.2.min.map
INFO: [ app_init ] --START--
INFO: Run Behavior\BuildLiteBehavior [ RunTime:0.000011s ]
INFO: [ app_init ] --END-- [ RunTime:0.000408s ]
ERR: 无法加载模块:Public

[ 2017-01-13T11:18:45+08:00 ] 127.0.0.1 /Public/js/jquery-1.10.2.min.map
INFO: [ app_init ] --START--
INFO: Run Behavior\BuildLiteBehavior [ RunTime:0.000021s ]
INFO: [ app_init ] --END-- [ RunTime:0.000465s ]
ERR: 无法加载模块:Public

[ 2017-01-13T11:19:44+08:00 ] 127.0.0.1 /Public/js/jquery-1.10.2.min.map
INFO: [ app_init ] --START--
INFO: Run Behavior\BuildLiteBehavior [ RunTime:0.000011s ]
INFO: [ app_init ] --END-- [ RunTime:0.000413s ]
ERR: 无法加载模块:Public

[ 2017-01-13T11:19:50+08:00 ] 127.0.0.1 /Public/js/jquery-1.10.2.min.map
INFO: [ app_init ] --START--
INFO: Run Behavior\BuildLiteBehavior [ RunTime:0.000011s ]
INFO: [ app_init ] --END-- [ RunTime:0.000475s ]
ERR: 无法加载模块:Public

[ 2017-01-13T11:19:54+08:00 ] 127.0.0.1 /Public/js/jquery-1.10.2.min.map
INFO: [ app_init ] --START--
INFO: Run Behavior\BuildLiteBehavior [ RunTime:0.000011s ]
INFO: [ app_init ] --END-- [ RunTime:0.000421s ]
ERR: 无法加载模块:Public

[ 2017-01-13T11:19:57+08:00 ] 127.0.0.1 /Public/js/jquery-1.10.2.min.map
INFO: [ app_init ] --START--
INFO: Run Behavior\BuildLiteBehavior [ RunTime:0.000012s ]
INFO: [ app_init ] --END-- [ RunTime:0.000470s ]
ERR: 无法加载模块:Public

[ 2017-01-13T11:20:34+08:00 ] 127.0.0.1 /Public/js/jquery-1.10.2.min.map
INFO: [ app_init ] --START--
INFO: Run Behavior\BuildLiteBehavior [ RunTime:0.000012s ]
INFO: [ app_init ] --END-- [ RunTime:0.000569s ]
ERR: 无法加载模块:Public

[ 2017-01-13T11:20:36+08:00 ] 127.0.0.1 /Public/js/jquery-1.10.2.min.map
INFO: [ app_init ] --START--
INFO: Run Behavior\BuildLiteBehavior [ RunTime:0.000011s ]
INFO: [ app_init ] --END-- [ RunTime:0.000412s ]
ERR: 无法加载模块:Public

[ 2017-01-13T11:21:07+08:00 ] 127.0.0.1 /Public/js/jquery-1.10.2.min.map
INFO: [ app_init ] --START--
INFO: Run Behavior\BuildLiteBehavior [ RunTime:0.000015s ]
INFO: [ app_init ] --END-- [ RunTime:0.000577s ]
ERR: 无法加载模块:Public

[ 2017-01-13T11:21:10+08:00 ] 127.0.0.1 /Public/js/jquery-1.10.2.min.map
INFO: [ app_init ] --START--
INFO: Run Behavior\BuildLiteBehavior [ RunTime:0.000012s ]
INFO: [ app_init ] --END-- [ RunTime:0.000422s ]
ERR: 无法加载模块:Public

[ 2017-01-13T11:21:12+08:00 ] 127.0.0.1 /Public/js/jquery-1.10.2.min.map
INFO: [ app_init ] --START--
INFO: Run Behavior\BuildLiteBehavior [ RunTime:0.000011s ]
INFO: [ app_init ] --END-- [ RunTime:0.000429s ]
ERR: 无法加载模块:Public

[ 2017-01-13T11:21:22+08:00 ] 127.0.0.1 /Public/js/jquery-1.10.2.min.map
INFO: [ app_init ] --START--
INFO: Run Behavior\BuildLiteBehavior [ RunTime:0.000011s ]
INFO: [ app_init ] --END-- [ RunTime:0.000430s ]
ERR: 无法加载模块:Public

[ 2017-01-13T11:29:34+08:00 ] 127.0.0.1 /Public/js/jquery-1.10.2.min.map
INFO: [ app_init ] --START--
INFO: Run Behavior\BuildLiteBehavior [ RunTime:0.000012s ]
INFO: [ app_init ] --END-- [ RunTime:0.000424s ]
ERR: 无法加载模块:Public

[ 2017-01-13T11:29:36+08:00 ] 127.0.0.1 /Public/js/jquery-1.10.2.min.map
INFO: [ app_init ] --START--
INFO: Run Behavior\BuildLiteBehavior [ RunTime:0.000021s ]
INFO: [ app_init ] --END-- [ RunTime:0.000538s ]
ERR: 无法加载模块:Public

[ 2017-01-13T11:31:11+08:00 ] 127.0.0.1 /Public/js/jquery-1.10.2.min.map
INFO: [ app_init ] --START--
INFO: Run Behavior\BuildLiteBehavior [ RunTime:0.000011s ]
INFO: [ app_init ] --END-- [ RunTime:0.000414s ]
ERR: 无法加载模块:Public

[ 2017-01-13T11:31:29+08:00 ] 127.0.0.1 /Public/js/jquery-1.10.2.min.map
INFO: [ app_init ] --START--
INFO: Run Behavior\BuildLiteBehavior [ RunTime:0.000012s ]
INFO: [ app_init ] --END-- [ RunTime:0.000424s ]
ERR: 无法加载模块:Public

[ 2017-01-13T11:32:15+08:00 ] 127.0.0.1 /Public/js/jquery-1.10.2.min.map
INFO: [ app_init ] --START--
INFO: Run Behavior\BuildLiteBehavior [ RunTime:0.000013s ]
INFO: [ app_init ] --END-- [ RunTime:0.000423s ]
ERR: 无法加载模块:Public

[ 2017-01-13T11:32:36+08:00 ] 127.0.0.1 /Public/js/jquery-1.10.2.min.map
INFO: [ app_init ] --START--
INFO: Run Behavior\BuildLiteBehavior [ RunTime:0.000012s ]
INFO: [ app_init ] --END-- [ RunTime:0.000425s ]
ERR: 无法加载模块:Public

[ 2017-01-13T11:33:01+08:00 ] 127.0.0.1 /Public/js/jquery-1.10.2.min.map
INFO: [ app_init ] --START--
INFO: Run Behavior\BuildLiteBehavior [ RunTime:0.000011s ]
INFO: [ app_init ] --END-- [ RunTime:0.000401s ]
ERR: 无法加载模块:Public

[ 2017-01-13T11:33:03+08:00 ] 127.0.0.1 /Public/js/jquery-1.10.2.min.map
INFO: [ app_init ] --START--
INFO: Run Behavior\BuildLiteBehavior [ RunTime:0.000019s ]
INFO: [ app_init ] --END-- [ RunTime:0.000357s ]
ERR: 无法加载模块:Public

[ 2017-01-13T11:33:28+08:00 ] 127.0.0.1 /Public/js/jquery-1.10.2.min.map
INFO: [ app_init ] --START--
INFO: Run Behavior\BuildLiteBehavior [ RunTime:0.000025s ]
INFO: [ app_init ] --END-- [ RunTime:0.000451s ]
ERR: 无法加载模块:Public

[ 2017-01-13T11:33:42+08:00 ] 127.0.0.1 /Public/js/jquery-1.10.2.min.map
INFO: [ app_init ] --START--
INFO: Run Behavior\BuildLiteBehavior [ RunTime:0.000012s ]
INFO: [ app_init ] --END-- [ RunTime:0.000455s ]
ERR: 无法加载模块:Public

[ 2017-01-13T11:34:01+08:00 ] 127.0.0.1 /Public/js/jquery-1.10.2.min.map
INFO: [ app_init ] --START--
INFO: Run Behavior\BuildLiteBehavior [ RunTime:0.000011s ]
INFO: [ app_init ] --END-- [ RunTime:0.000388s ]
ERR: 无法加载模块:Public

[ 2017-01-13T11:34:56+08:00 ] 127.0.0.1 /Public/js/jquery-1.10.2.min.map
INFO: [ app_init ] --START--
INFO: Run Behavior\BuildLiteBehavior [ RunTime:0.000012s ]
INFO: [ app_init ] --END-- [ RunTime:0.000423s ]
ERR: 无法加载模块:Public

[ 2017-01-13T11:35:32+08:00 ] 127.0.0.1 /Public/js/jquery-1.10.2.min.map
INFO: [ app_init ] --START--
INFO: Run Behavior\BuildLiteBehavior [ RunTime:0.000012s ]
INFO: [ app_init ] --END-- [ RunTime:0.000458s ]
ERR: 无法加载模块:Public

[ 2017-01-13T11:35:46+08:00 ] 127.0.0.1 /Public/js/jquery-1.10.2.min.map
INFO: [ app_init ] --START--
INFO: Run Behavior\BuildLiteBehavior [ RunTime:0.000013s ]
INFO: [ app_init ] --END-- [ RunTime:0.000420s ]
ERR: 无法加载模块:Public

[ 2017-01-13T11:36:11+08:00 ] 127.0.0.1 /Public/js/jquery-1.10.2.min.map
INFO: [ app_init ] --START--
INFO: Run Behavior\BuildLiteBehavior [ RunTime:0.000011s ]
INFO: [ app_init ] --END-- [ RunTime:0.000425s ]
ERR: 无法加载模块:Public

[ 2017-01-13T11:40:16+08:00 ] 127.0.0.1 /Public/js/jquery-1.10.2.min.map
INFO: [ app_init ] --START--
INFO: Run Behavior\BuildLiteBehavior [ RunTime:0.000011s ]
INFO: [ app_init ] --END-- [ RunTime:0.000398s ]
ERR: 无法加载模块:Public

[ 2017-01-13T11:41:14+08:00 ] 127.0.0.1 /Public/js/jquery-1.10.2.min.map
INFO: [ app_init ] --START--
INFO: Run Behavior\BuildLiteBehavior [ RunTime:0.000012s ]
INFO: [ app_init ] --END-- [ RunTime:0.000416s ]
ERR: 无法加载模块:Public

[ 2017-01-13T11:42:02+08:00 ] 127.0.0.1 /Public/js/jquery-1.10.2.min.map
INFO: [ app_init ] --START--
INFO: Run Behavior\BuildLiteBehavior [ RunTime:0.000012s ]
INFO: [ app_init ] --END-- [ RunTime:0.000429s ]
ERR: 无法加载模块:Public

[ 2017-01-13T11:42:31+08:00 ] 127.0.0.1 /Public/js/jquery-1.10.2.min.map
INFO: [ app_init ] --START--
INFO: Run Behavior\BuildLiteBehavior [ RunTime:0.000012s ]
INFO: [ app_init ] --END-- [ RunTime:0.000403s ]
ERR: 无法加载模块:Public

[ 2017-01-13T11:42:59+08:00 ] 127.0.0.1 /Public/js/jquery-1.10.2.min.map
INFO: [ app_init ] --START--
INFO: Run Behavior\BuildLiteBehavior [ RunTime:0.000011s ]
INFO: [ app_init ] --END-- [ RunTime:0.000453s ]
ERR: 无法加载模块:Public

[ 2017-01-13T11:43:18+08:00 ] 127.0.0.1 /Public/js/jquery-1.10.2.min.map
INFO: [ app_init ] --START--
INFO: Run Behavior\BuildLiteBehavior [ RunTime:0.000025s ]
INFO: [ app_init ] --END-- [ RunTime:0.000485s ]
ERR: 无法加载模块:Public

[ 2017-01-13T11:44:11+08:00 ] 127.0.0.1 /Public/js/jquery-1.10.2.min.map
INFO: [ app_init ] --START--
INFO: Run Behavior\BuildLiteBehavior [ RunTime:0.000012s ]
INFO: [ app_init ] --END-- [ RunTime:0.000422s ]
ERR: 无法加载模块:Public

[ 2017-01-13T11:44:27+08:00 ] 127.0.0.1 /Public/js/jquery-1.10.2.min.map
INFO: [ app_init ] --START--
INFO: Run Behavior\BuildLiteBehavior [ RunTime:0.000013s ]
INFO: [ app_init ] --END-- [ RunTime:0.000557s ]
ERR: 无法加载模块:Public

[ 2017-01-13T11:50:15+08:00 ] 127.0.0.1 /Public/js/jquery-1.10.2.min.map
INFO: [ app_init ] --START--
INFO: Run Behavior\BuildLiteBehavior [ RunTime:0.000012s ]
INFO: [ app_init ] --END-- [ RunTime:0.000434s ]
ERR: 无法加载模块:Public

[ 2017-01-13T13:36:02+08:00 ] 127.0.0.1 /Public/js/jquery-1.10.2.min.map
INFO: [ app_init ] --START--
INFO: Run Behavior\BuildLiteBehavior [ RunTime:0.000012s ]
INFO: [ app_init ] --END-- [ RunTime:0.000437s ]
ERR: 无法加载模块:Public

[ 2017-01-13T13:46:46+08:00 ] 127.0.0.1 /Public/js/jquery-1.10.2.min.map
INFO: [ app_init ] --START--
INFO: Run Behavior\BuildLiteBehavior [ RunTime:0.000013s ]
INFO: [ app_init ] --END-- [ RunTime:0.000474s ]
ERR: 无法加载模块:Public

[ 2017-01-13T13:47:10+08:00 ] 127.0.0.1 /Public/js/jquery-1.10.2.min.map
INFO: [ app_init ] --START--
INFO: Run Behavior\BuildLiteBehavior [ RunTime:0.000012s ]
INFO: [ app_init ] --END-- [ RunTime:0.000448s ]
ERR: 无法加载模块:Public

[ 2017-01-13T13:48:35+08:00 ] 127.0.0.1 /Public/js/jquery-1.10.2.min.map
INFO: [ app_init ] --START--
INFO: Run Behavior\BuildLiteBehavior [ RunTime:0.000012s ]
INFO: [ app_init ] --END-- [ RunTime:0.000434s ]
ERR: 无法加载模块:Public

[ 2017-01-13T13:49:43+08:00 ] 127.0.0.1 /Public/js/jquery-1.10.2.min.map
INFO: [ app_init ] --START--
INFO: Run Behavior\BuildLiteBehavior [ RunTime:0.000013s ]
INFO: [ app_init ] --END-- [ RunTime:0.000477s ]
ERR: 无法加载模块:Public

[ 2017-01-13T13:49:57+08:00 ] 127.0.0.1 /Public/js/jquery-1.10.2.min.map
INFO: [ app_init ] --START--
INFO: Run Behavior\BuildLiteBehavior [ RunTime:0.000013s ]
INFO: [ app_init ] --END-- [ RunTime:0.000474s ]
ERR: 无法加载模块:Public

[ 2017-01-13T13:50:26+08:00 ] 127.0.0.1 /Public/js/jquery-1.10.2.min.map
INFO: [ app_init ] --START--
INFO: Run Behavior\BuildLiteBehavior [ RunTime:0.000032s ]
INFO: [ app_init ] --END-- [ RunTime:0.000675s ]
ERR: 无法加载模块:Public

[ 2017-01-13T13:52:02+08:00 ] 127.0.0.1 /Public/js/jquery-1.10.2.min.map
INFO: [ app_init ] --START--
INFO: Run Behavior\BuildLiteBehavior [ RunTime:0.000012s ]
INFO: [ app_init ] --END-- [ RunTime:0.000391s ]
ERR: 无法加载模块:Public

[ 2017-01-13T13:52:06+08:00 ] 127.0.0.1 /Public/js/jquery-1.10.2.min.map
INFO: [ app_init ] --START--
INFO: Run Behavior\BuildLiteBehavior [ RunTime:0.000013s ]
INFO: [ app_init ] --END-- [ RunTime:0.000388s ]
ERR: 无法加载模块:Public

[ 2017-01-13T13:52:38+08:00 ] 127.0.0.1 /Public/js/jquery-1.10.2.min.map
INFO: [ app_init ] --START--
INFO: Run Behavior\BuildLiteBehavior [ RunTime:0.000011s ]
INFO: [ app_init ] --END-- [ RunTime:0.000413s ]
ERR: 无法加载模块:Public

[ 2017-01-13T13:53:22+08:00 ] 127.0.0.1 /Public/js/jquery-1.10.2.min.map
INFO: [ app_init ] --START--
INFO: Run Behavior\BuildLiteBehavior [ RunTime:0.000011s ]
INFO: [ app_init ] --END-- [ RunTime:0.000423s ]
ERR: 无法加载模块:Public

[ 2017-01-13T13:53:56+08:00 ] 127.0.0.1 /Public/js/jquery-1.10.2.min.map
INFO: [ app_init ] --START--
INFO: Run Behavior\BuildLiteBehavior [ RunTime:0.000012s ]
INFO: [ app_init ] --END-- [ RunTime:0.000452s ]
ERR: 无法加载模块:Public

[ 2017-01-13T13:54:09+08:00 ] 127.0.0.1 /Public/js/jquery-1.10.2.min.map
INFO: [ app_init ] --START--
INFO: Run Behavior\BuildLiteBehavior [ RunTime:0.000011s ]
INFO: [ app_init ] --END-- [ RunTime:0.000435s ]
ERR: 无法加载模块:Public

[ 2017-01-13T14:05:00+08:00 ] 127.0.0.1 /Public/js/jquery-1.10.2.min.map
INFO: [ app_init ] --START--
INFO: Run Behavior\BuildLiteBehavior [ RunTime:0.000011s ]
INFO: [ app_init ] --END-- [ RunTime:0.000426s ]
ERR: 无法加载模块:Public

[ 2017-01-13T14:12:47+08:00 ] 127.0.0.1 /Public/js/jquery-1.10.2.min.map
INFO: [ app_init ] --START--
INFO: Run Behavior\BuildLiteBehavior [ RunTime:0.000011s ]
INFO: [ app_init ] --END-- [ RunTime:0.000465s ]
ERR: 无法加载模块:Public

[ 2017-01-13T14:13:02+08:00 ] 127.0.0.1 /Public/js/jquery-1.10.2.min.map
INFO: [ app_init ] --START--
INFO: Run Behavior\BuildLiteBehavior [ RunTime:0.000026s ]
INFO: [ app_init ] --END-- [ RunTime:0.000674s ]
ERR: 无法加载模块:Public

[ 2017-01-13T14:13:54+08:00 ] 127.0.0.1 /Public/js/jquery-1.10.2.min.map
INFO: [ app_init ] --START--
INFO: Run Behavior\BuildLiteBehavior [ RunTime:0.000035s ]
INFO: [ app_init ] --END-- [ RunTime:0.000505s ]
ERR: 无法加载模块:Public

[ 2017-01-13T14:13:58+08:00 ] 127.0.0.1 /Public/js/jquery-1.10.2.min.map
INFO: [ app_init ] --START--
INFO: Run Behavior\BuildLiteBehavior [ RunTime:0.000012s ]
INFO: [ app_init ] --END-- [ RunTime:0.000434s ]
ERR: 无法加载模块:Public

[ 2017-01-13T14:14:04+08:00 ] 127.0.0.1 /Public/js/jquery-1.10.2.min.map
INFO: [ app_init ] --START--
INFO: Run Behavior\BuildLiteBehavior [ RunTime:0.000012s ]
INFO: [ app_init ] --END-- [ RunTime:0.000433s ]
ERR: 无法加载模块:Public

[ 2017-01-13T14:14:13+08:00 ] 127.0.0.1 /Public/js/jquery-1.10.2.min.map
INFO: [ app_init ] --START--
INFO: Run Behavior\BuildLiteBehavior [ RunTime:0.000012s ]
INFO: [ app_init ] --END-- [ RunTime:0.000422s ]
ERR: 无法加载模块:Public

[ 2017-01-13T14:14:14+08:00 ] 127.0.0.1 /Public/js/jquery-1.10.2.min.map
INFO: [ app_init ] --START--
INFO: Run Behavior\BuildLiteBehavior [ RunTime:0.000013s ]
INFO: [ app_init ] --END-- [ RunTime:0.000421s ]
ERR: 无法加载模块:Public

[ 2017-01-13T14:14:18+08:00 ] 127.0.0.1 /Public/js/jquery-1.10.2.min.map
INFO: [ app_init ] --START--
INFO: Run Behavior\BuildLiteBehavior [ RunTime:0.000012s ]
INFO: [ app_init ] --END-- [ RunTime:0.000445s ]
ERR: 无法加载模块:Public

[ 2017-01-13T14:14:25+08:00 ] 127.0.0.1 /Public/js/jquery-1.10.2.min.map
INFO: [ app_init ] --START--
INFO: Run Behavior\BuildLiteBehavior [ RunTime:0.000012s ]
INFO: [ app_init ] --END-- [ RunTime:0.000430s ]
ERR: 无法加载模块:Public

[ 2017-01-13T14:21:28+08:00 ] 127.0.0.1 /Public/js/jquery-1.10.2.min.map
INFO: [ app_init ] --START--
INFO: Run Behavior\BuildLiteBehavior [ RunTime:0.000027s ]
INFO: [ app_init ] --END-- [ RunTime:0.000523s ]
ERR: 无法加载模块:Public

[ 2017-01-13T14:22:06+08:00 ] 127.0.0.1 /Public/js/jquery-1.10.2.min.map
INFO: [ app_init ] --START--
INFO: Run Behavior\BuildLiteBehavior [ RunTime:0.000012s ]
INFO: [ app_init ] --END-- [ RunTime:0.000437s ]
ERR: 无法加载模块:Public

[ 2017-01-13T14:22:42+08:00 ] 127.0.0.1 /Public/js/jquery-1.10.2.min.map
INFO: [ app_init ] --START--
INFO: Run Behavior\BuildLiteBehavior [ RunTime:0.000011s ]
INFO: [ app_init ] --END-- [ RunTime:0.000414s ]
ERR: 无法加载模块:Public

[ 2017-01-13T14:24:58+08:00 ] 127.0.0.1 /Public/js/jquery-1.10.2.min.map
INFO: [ app_init ] --START--
INFO: Run Behavior\BuildLiteBehavior [ RunTime:0.000012s ]
INFO: [ app_init ] --END-- [ RunTime:0.000413s ]
ERR: 无法加载模块:Public

[ 2017-01-13T14:26:04+08:00 ] 127.0.0.1 /Public/js/jquery-1.10.2.min.map
INFO: [ app_init ] --START--
INFO: Run Behavior\BuildLiteBehavior [ RunTime:0.000012s ]
INFO: [ app_init ] --END-- [ RunTime:0.000496s ]
ERR: 无法加载模块:Public

[ 2017-01-13T14:26:42+08:00 ] 127.0.0.1 /Public/js/jquery-1.10.2.min.map
INFO: [ app_init ] --START--
INFO: Run Behavior\BuildLiteBehavior [ RunTime:0.000012s ]
INFO: [ app_init ] --END-- [ RunTime:0.000445s ]
ERR: 无法加载模块:Public

[ 2017-01-13T14:28:03+08:00 ] 127.0.0.1 /Public/js/jquery-1.10.2.min.map
INFO: [ app_init ] --START--
INFO: Run Behavior\BuildLiteBehavior [ RunTime:0.000011s ]
INFO: [ app_init ] --END-- [ RunTime:0.000439s ]
ERR: 无法加载模块:Public

[ 2017-01-13T14:28:13+08:00 ] 127.0.0.1 /Public/js/jquery-1.10.2.min.map
INFO: [ app_init ] --START--
INFO: Run Behavior\BuildLiteBehavior [ RunTime:0.000011s ]
INFO: [ app_init ] --END-- [ RunTime:0.000464s ]
ERR: 无法加载模块:Public

[ 2017-01-13T14:28:50+08:00 ] 127.0.0.1 /Public/js/jquery-1.10.2.min.map
INFO: [ app_init ] --START--
INFO: Run Behavior\BuildLiteBehavior [ RunTime:0.000012s ]
INFO: [ app_init ] --END-- [ RunTime:0.000437s ]
ERR: 无法加载模块:Public

[ 2017-01-13T14:28:55+08:00 ] 127.0.0.1 /Public/js/jquery-1.10.2.min.map
INFO: [ app_init ] --START--
INFO: Run Behavior\BuildLiteBehavior [ RunTime:0.000013s ]
INFO: [ app_init ] --END-- [ RunTime:0.000589s ]
ERR: 无法加载模块:Public

[ 2017-01-13T14:29:32+08:00 ] 127.0.0.1 /Public/js/jquery-1.10.2.min.map
INFO: [ app_init ] --START--
INFO: Run Behavior\BuildLiteBehavior [ RunTime:0.000011s ]
INFO: [ app_init ] --END-- [ RunTime:0.000426s ]
ERR: 无法加载模块:Public

[ 2017-01-13T14:30:36+08:00 ] 127.0.0.1 /Public/js/jquery-1.10.2.min.map
INFO: [ app_init ] --START--
INFO: Run Behavior\BuildLiteBehavior [ RunTime:0.000012s ]
INFO: [ app_init ] --END-- [ RunTime:0.000491s ]
ERR: 无法加载模块:Public

[ 2017-01-13T14:30:47+08:00 ] 127.0.0.1 /Public/js/jquery-1.10.2.min.map
INFO: [ app_init ] --START--
INFO: Run Behavior\BuildLiteBehavior [ RunTime:0.000013s ]
INFO: [ app_init ] --END-- [ RunTime:0.000509s ]
ERR: 无法加载模块:Public

[ 2017-01-13T14:31:41+08:00 ] 127.0.0.1 /Public/js/jquery-1.10.2.min.map
INFO: [ app_init ] --START--
INFO: Run Behavior\BuildLiteBehavior [ RunTime:0.000012s ]
INFO: [ app_init ] --END-- [ RunTime:0.000463s ]
ERR: 无法加载模块:Public

[ 2017-01-13T14:31:53+08:00 ] 127.0.0.1 /Public/js/jquery-1.10.2.min.map
INFO: [ app_init ] --START--
INFO: Run Behavior\BuildLiteBehavior [ RunTime:0.000014s ]
INFO: [ app_init ] --END-- [ RunTime:0.000481s ]
ERR: 无法加载模块:Public

[ 2017-01-13T14:31:59+08:00 ] 127.0.0.1 /Public/js/jquery-1.10.2.min.map
INFO: [ app_init ] --START--
INFO: Run Behavior\BuildLiteBehavior [ RunTime:0.000031s ]
INFO: [ app_init ] --END-- [ RunTime:0.000652s ]
ERR: 无法加载模块:Public

[ 2017-01-13T14:32:01+08:00 ] 127.0.0.1 /Public/js/jquery-1.10.2.min.map
INFO: [ app_init ] --START--
INFO: Run Behavior\BuildLiteBehavior [ RunTime:0.000011s ]
INFO: [ app_init ] --END-- [ RunTime:0.000396s ]
ERR: 无法加载模块:Public

[ 2017-01-13T14:32:03+08:00 ] 127.0.0.1 /Public/js/jquery-1.10.2.min.map
INFO: [ app_init ] --START--
INFO: Run Behavior\BuildLiteBehavior [ RunTime:0.000011s ]
INFO: [ app_init ] --END-- [ RunTime:0.000423s ]
ERR: 无法加载模块:Public

[ 2017-01-13T14:32:05+08:00 ] 127.0.0.1 /Public/js/jquery-1.10.2.min.map
INFO: [ app_init ] --START--
INFO: Run Behavior\BuildLiteBehavior [ RunTime:0.000012s ]
INFO: [ app_init ] --END-- [ RunTime:0.000421s ]
ERR: 无法加载模块:Public

[ 2017-01-13T14:32:09+08:00 ] 127.0.0.1 /Public/js/jquery-1.10.2.min.map
INFO: [ app_init ] --START--
INFO: Run Behavior\BuildLiteBehavior [ RunTime:0.000012s ]
INFO: [ app_init ] --END-- [ RunTime:0.000468s ]
ERR: 无法加载模块:Public

[ 2017-01-13T14:32:13+08:00 ] 127.0.0.1 /Public/js/jquery-1.10.2.min.map
INFO: [ app_init ] --START--
INFO: Run Behavior\BuildLiteBehavior [ RunTime:0.000010s ]
INFO: [ app_init ] --END-- [ RunTime:0.000459s ]
ERR: 无法加载模块:Public

[ 2017-01-13T14:32:16+08:00 ] 127.0.0.1 /Public/js/jquery-1.10.2.min.map
INFO: [ app_init ] --START--
INFO: Run Behavior\BuildLiteBehavior [ RunTime:0.000011s ]
INFO: [ app_init ] --END-- [ RunTime:0.000451s ]
ERR: 无法加载模块:Public

[ 2017-01-13T14:32:51+08:00 ] 127.0.0.1 /Public/js/jquery-1.10.2.min.map
INFO: [ app_init ] --START--
INFO: Run Behavior\BuildLiteBehavior [ RunTime:0.000011s ]
INFO: [ app_init ] --END-- [ RunTime:0.000426s ]
ERR: 无法加载模块:Public

[ 2017-01-13T14:39:01+08:00 ] 127.0.0.1 /Public/js/jquery-1.10.2.min.map
INFO: [ app_init ] --START--
INFO: Run Behavior\BuildLiteBehavior [ RunTime:0.000013s ]
INFO: [ app_init ] --END-- [ RunTime:0.000489s ]
ERR: 无法加载模块:Public

[ 2017-01-13T14:41:10+08:00 ] 127.0.0.1 /Public/js/jquery-1.10.2.min.map
INFO: [ app_init ] --START--
INFO: Run Behavior\BuildLiteBehavior [ RunTime:0.000011s ]
INFO: [ app_init ] --END-- [ RunTime:0.000442s ]
ERR: 无法加载模块:Public

[ 2017-01-13T14:41:11+08:00 ] 127.0.0.1 /Public/js/jquery-1.10.2.min.map
INFO: [ app_init ] --START--
INFO: Run Behavior\BuildLiteBehavior [ RunTime:0.000010s ]
INFO: [ app_init ] --END-- [ RunTime:0.000421s ]
ERR: 无法加载模块:Public

[ 2017-01-13T14:41:19+08:00 ] 127.0.0.1 /Public/js/jquery-1.10.2.min.map
INFO: [ app_init ] --START--
INFO: Run Behavior\BuildLiteBehavior [ RunTime:0.000024s ]
INFO: [ app_init ] --END-- [ RunTime:0.000478s ]
ERR: 无法加载模块:Public

[ 2017-01-13T14:43:15+08:00 ] 127.0.0.1 /Public/js/jquery-1.10.2.min.map
INFO: [ app_init ] --START--
INFO: Run Behavior\BuildLiteBehavior [ RunTime:0.000012s ]
INFO: [ app_init ] --END-- [ RunTime:0.000451s ]
ERR: 无法加载模块:Public

[ 2017-01-13T14:43:18+08:00 ] 127.0.0.1 /Public/js/jquery-1.10.2.min.map
INFO: [ app_init ] --START--
INFO: Run Behavior\BuildLiteBehavior [ RunTime:0.000012s ]
INFO: [ app_init ] --END-- [ RunTime:0.000375s ]
ERR: 无法加载模块:Public

[ 2017-01-13T14:43:23+08:00 ] 127.0.0.1 /Public/js/jquery-1.10.2.min.map
INFO: [ app_init ] --START--
INFO: Run Behavior\BuildLiteBehavior [ RunTime:0.000012s ]
INFO: [ app_init ] --END-- [ RunTime:0.000680s ]
ERR: 无法加载模块:Public

[ 2017-01-13T14:43:29+08:00 ] 127.0.0.1 /Public/js/jquery-1.10.2.min.map
INFO: [ app_init ] --START--
INFO: Run Behavior\BuildLiteBehavior [ RunTime:0.000011s ]
INFO: [ app_init ] --END-- [ RunTime:0.000520s ]
ERR: 无法加载模块:Public

[ 2017-01-13T14:43:33+08:00 ] 127.0.0.1 /Public/js/jquery-1.10.2.min.map
INFO: [ app_init ] --START--
INFO: Run Behavior\BuildLiteBehavior [ RunTime:0.000011s ]
INFO: [ app_init ] --END-- [ RunTime:0.000504s ]
ERR: 无法加载模块:Public

[ 2017-01-13T14:43:39+08:00 ] 127.0.0.1 /Public/js/jquery-1.10.2.min.map
INFO: [ app_init ] --START--
INFO: Run Behavior\BuildLiteBehavior [ RunTime:0.000013s ]
INFO: [ app_init ] --END-- [ RunTime:0.000473s ]
ERR: 无法加载模块:Public

[ 2017-01-13T14:43:42+08:00 ] 127.0.0.1 /Public/js/jquery-1.10.2.min.map
INFO: [ app_init ] --START--
INFO: Run Behavior\BuildLiteBehavior [ RunTime:0.000011s ]
INFO: [ app_init ] --END-- [ RunTime:0.000440s ]
ERR: 无法加载模块:Public

[ 2017-01-13T14:43:46+08:00 ] 127.0.0.1 /Public/js/jquery-1.10.2.min.map
INFO: [ app_init ] --START--
INFO: Run Behavior\BuildLiteBehavior [ RunTime:0.000012s ]
INFO: [ app_init ] --END-- [ RunTime:0.000430s ]
ERR: 无法加载模块:Public

[ 2017-01-13T14:44:04+08:00 ] 127.0.0.1 /Public/js/jquery-1.10.2.min.map
INFO: [ app_init ] --START--
INFO: Run Behavior\BuildLiteBehavior [ RunTime:0.000011s ]
INFO: [ app_init ] --END-- [ RunTime:0.000420s ]
ERR: 无法加载模块:Public

[ 2017-01-13T14:44:06+08:00 ] 127.0.0.1 /Public/js/jquery-1.10.2.min.map
INFO: [ app_init ] --START--
INFO: Run Behavior\BuildLiteBehavior [ RunTime:0.000025s ]
INFO: [ app_init ] --END-- [ RunTime:0.000480s ]
ERR: 无法加载模块:Public

[ 2017-01-13T14:44:09+08:00 ] 127.0.0.1 /Public/js/jquery-1.10.2.min.map
INFO: [ app_init ] --START--
INFO: Run Behavior\BuildLiteBehavior [ RunTime:0.000011s ]
INFO: [ app_init ] --END-- [ RunTime:0.000515s ]
ERR: 无法加载模块:Public

[ 2017-01-13T14:44:11+08:00 ] 127.0.0.1 /Public/js/jquery-1.10.2.min.map
INFO: [ app_init ] --START--
INFO: Run Behavior\BuildLiteBehavior [ RunTime:0.000011s ]
INFO: [ app_init ] --END-- [ RunTime:0.000430s ]
ERR: 无法加载模块:Public

[ 2017-01-13T14:44:13+08:00 ] 127.0.0.1 /Public/js/jquery-1.10.2.min.map
INFO: [ app_init ] --START--
INFO: Run Behavior\BuildLiteBehavior [ RunTime:0.000011s ]
INFO: [ app_init ] --END-- [ RunTime:0.000420s ]
ERR: 无法加载模块:Public

[ 2017-01-13T14:44:15+08:00 ] 127.0.0.1 /Public/js/jquery-1.10.2.min.map
INFO: [ app_init ] --START--
INFO: Run Behavior\BuildLiteBehavior [ RunTime:0.000012s ]
INFO: [ app_init ] --END-- [ RunTime:0.000434s ]
ERR: 无法加载模块:Public

[ 2017-01-13T14:44:17+08:00 ] 127.0.0.1 /Public/js/jquery-1.10.2.min.map
INFO: [ app_init ] --START--
INFO: Run Behavior\BuildLiteBehavior [ RunTime:0.000011s ]
INFO: [ app_init ] --END-- [ RunTime:0.000502s ]
ERR: 无法加载模块:Public

[ 2017-01-13T14:44:48+08:00 ] 127.0.0.1 /Public/js/jquery-1.10.2.min.map
INFO: [ app_init ] --START--
INFO: Run Behavior\BuildLiteBehavior [ RunTime:0.000011s ]
INFO: [ app_init ] --END-- [ RunTime:0.000480s ]
ERR: 无法加载模块:Public

[ 2017-01-13T14:44:50+08:00 ] 127.0.0.1 /Public/js/jquery-1.10.2.min.map
INFO: [ app_init ] --START--
INFO: Run Behavior\BuildLiteBehavior [ RunTime:0.000012s ]
INFO: [ app_init ] --END-- [ RunTime:0.000443s ]
ERR: 无法加载模块:Public

[ 2017-01-13T14:44:52+08:00 ] 127.0.0.1 /Public/js/jquery-1.10.2.min.map
INFO: [ app_init ] --START--
INFO: Run Behavior\BuildLiteBehavior [ RunTime:0.000011s ]
INFO: [ app_init ] --END-- [ RunTime:0.000393s ]
ERR: 无法加载模块:Public

[ 2017-01-13T14:44:56+08:00 ] 127.0.0.1 /Public/js/jquery-1.10.2.min.map
INFO: [ app_init ] --START--
INFO: Run Behavior\BuildLiteBehavior [ RunTime:0.000014s ]
INFO: [ app_init ] --END-- [ RunTime:0.001046s ]
ERR: 无法加载模块:Public

[ 2017-01-13T14:45:03+08:00 ] 127.0.0.1 /Public/js/jquery-1.10.2.min.map
INFO: [ app_init ] --START--
INFO: Run Behavior\BuildLiteBehavior [ RunTime:0.000011s ]
INFO: [ app_init ] --END-- [ RunTime:0.000422s ]
ERR: 无法加载模块:Public

[ 2017-01-13T14:45:05+08:00 ] 127.0.0.1 /Public/js/jquery-1.10.2.min.map
INFO: [ app_init ] --START--
INFO: Run Behavior\BuildLiteBehavior [ RunTime:0.000012s ]
INFO: [ app_init ] --END-- [ RunTime:0.000473s ]
ERR: 无法加载模块:Public

[ 2017-01-13T14:48:12+08:00 ] 127.0.0.1 /Public/js/jquery-1.10.2.min.map
INFO: [ app_init ] --START--
INFO: Run Behavior\BuildLiteBehavior [ RunTime:0.000012s ]
INFO: [ app_init ] --END-- [ RunTime:0.000437s ]
ERR: 无法加载模块:Public

[ 2017-01-13T14:51:51+08:00 ] 127.0.0.1 /Public/js/jquery-1.10.2.min.map
INFO: [ app_init ] --START--
INFO: Run Behavior\BuildLiteBehavior [ RunTime:0.000011s ]
INFO: [ app_init ] --END-- [ RunTime:0.000483s ]
ERR: 无法加载模块:Public

[ 2017-01-13T14:52:01+08:00 ] 127.0.0.1 /Public/js/jquery-1.10.2.min.map
INFO: [ app_init ] --START--
INFO: Run Behavior\BuildLiteBehavior [ RunTime:0.000011s ]
INFO: [ app_init ] --END-- [ RunTime:0.000397s ]
ERR: 无法加载模块:Public

[ 2017-01-13T14:52:04+08:00 ] 127.0.0.1 /Public/js/jquery-1.10.2.min.map
INFO: [ app_init ] --START--
INFO: Run Behavior\BuildLiteBehavior [ RunTime:0.000012s ]
INFO: [ app_init ] --END-- [ RunTime:0.000443s ]
ERR: 无法加载模块:Public

[ 2017-01-13T14:52:10+08:00 ] 127.0.0.1 /Public/js/jquery-1.10.2.min.map
INFO: [ app_init ] --START--
INFO: Run Behavior\BuildLiteBehavior [ RunTime:0.000011s ]
INFO: [ app_init ] --END-- [ RunTime:0.000436s ]
ERR: 无法加载模块:Public

[ 2017-01-13T14:52:16+08:00 ] 127.0.0.1 /Public/js/jquery-1.10.2.min.map
INFO: [ app_init ] --START--
INFO: Run Behavior\BuildLiteBehavior [ RunTime:0.000013s ]
INFO: [ app_init ] --END-- [ RunTime:0.000586s ]
ERR: 无法加载模块:Public

[ 2017-01-13T14:52:19+08:00 ] 127.0.0.1 /Public/js/jquery-1.10.2.min.map
INFO: [ app_init ] --START--
INFO: Run Behavior\BuildLiteBehavior [ RunTime:0.000011s ]
INFO: [ app_init ] --END-- [ RunTime:0.000457s ]
ERR: 无法加载模块:Public

[ 2017-01-13T14:54:16+08:00 ] 127.0.0.1 /Public/js/jquery-1.10.2.min.map
INFO: [ app_init ] --START--
INFO: Run Behavior\BuildLiteBehavior [ RunTime:0.000011s ]
INFO: [ app_init ] --END-- [ RunTime:0.000520s ]
ERR: 无法加载模块:Public

[ 2017-01-13T15:04:04+08:00 ] 127.0.0.1 /Public/js/jquery-1.10.2.min.map
INFO: [ app_init ] --START--
INFO: Run Behavior\BuildLiteBehavior [ RunTime:0.000012s ]
INFO: [ app_init ] --END-- [ RunTime:0.000466s ]
ERR: 无法加载模块:Public

[ 2017-01-13T15:14:06+08:00 ] 127.0.0.1 /Public/js/jquery-1.10.2.min.map
INFO: [ app_init ] --START--
INFO: Run Behavior\BuildLiteBehavior [ RunTime:0.000013s ]
INFO: [ app_init ] --END-- [ RunTime:0.000616s ]
ERR: 无法加载模块:Public

[ 2017-01-13T15:16:14+08:00 ] 127.0.0.1 /Public/js/jquery-1.10.2.min.map
INFO: [ app_init ] --START--
INFO: Run Behavior\BuildLiteBehavior [ RunTime:0.000013s ]
INFO: [ app_init ] --END-- [ RunTime:0.000556s ]
ERR: 无法加载模块:Public

[ 2017-01-13T15:21:16+08:00 ] 127.0.0.1 /Public/js/jquery-1.10.2.min.map
INFO: [ app_init ] --START--
INFO: Run Behavior\BuildLiteBehavior [ RunTime:0.000012s ]
INFO: [ app_init ] --END-- [ RunTime:0.000506s ]
ERR: 无法加载模块:Public

[ 2017-01-13T15:21:29+08:00 ] 127.0.0.1 /Public/js/jquery-1.10.2.min.map
INFO: [ app_init ] --START--
INFO: Run Behavior\BuildLiteBehavior [ RunTime:0.000011s ]
INFO: [ app_init ] --END-- [ RunTime:0.000422s ]
ERR: 无法加载模块:Public

[ 2017-01-13T15:21:52+08:00 ] 127.0.0.1 /Public/js/jquery-1.10.2.min.map
INFO: [ app_init ] --START--
INFO: Run Behavior\BuildLiteBehavior [ RunTime:0.000011s ]
INFO: [ app_init ] --END-- [ RunTime:0.000375s ]
ERR: 无法加载模块:Public

[ 2017-01-13T15:22:03+08:00 ] 127.0.0.1 /Public/js/jquery-1.10.2.min.map
INFO: [ app_init ] --START--
INFO: Run Behavior\BuildLiteBehavior [ RunTime:0.000018s ]
INFO: [ app_init ] --END-- [ RunTime:0.001072s ]
ERR: 无法加载模块:Public

[ 2017-01-13T15:22:52+08:00 ] 127.0.0.1 /Public/js/jquery-1.10.2.min.map
INFO: [ app_init ] --START--
INFO: Run Behavior\BuildLiteBehavior [ RunTime:0.000011s ]
INFO: [ app_init ] --END-- [ RunTime:0.000359s ]
ERR: 无法加载模块:Public

[ 2017-01-13T15:28:14+08:00 ] 127.0.0.1 /Public/js/jquery-1.10.2.min.map
INFO: [ app_init ] --START--
INFO: Run Behavior\BuildLiteBehavior [ RunTime:0.000011s ]
INFO: [ app_init ] --END-- [ RunTime:0.000498s ]
ERR: 无法加载模块:Public

[ 2017-01-13T15:33:30+08:00 ] 127.0.0.1 /Public/js/jquery-1.10.2.min.map
INFO: [ app_init ] --START--
INFO: Run Behavior\BuildLiteBehavior [ RunTime:0.000012s ]
INFO: [ app_init ] --END-- [ RunTime:0.000449s ]
ERR: 无法加载模块:Public

[ 2017-01-13T15:33:35+08:00 ] 127.0.0.1 /Public/js/jquery-1.10.2.min.map
INFO: [ app_init ] --START--
INFO: Run Behavior\BuildLiteBehavior [ RunTime:0.000011s ]
INFO: [ app_init ] --END-- [ RunTime:0.000433s ]
ERR: 无法加载模块:Public

[ 2017-01-13T15:33:35+08:00 ] 127.0.0.1 /Public/js/jquery-1.10.2.min.map
INFO: [ app_init ] --START--
INFO: Run Behavior\BuildLiteBehavior [ RunTime:0.000012s ]
INFO: [ app_init ] --END-- [ RunTime:0.000576s ]
ERR: 无法加载模块:Public

[ 2017-01-13T15:33:41+08:00 ] 127.0.0.1 /Public/js/jquery-1.10.2.min.map
INFO: [ app_init ] --START--
INFO: Run Behavior\BuildLiteBehavior [ RunTime:0.000012s ]
INFO: [ app_init ] --END-- [ RunTime:0.000380s ]
ERR: 无法加载模块:Public

[ 2017-01-13T15:33:43+08:00 ] 127.0.0.1 /Public/js/jquery-1.10.2.min.map
INFO: [ app_init ] --START--
INFO: Run Behavior\BuildLiteBehavior [ RunTime:0.000011s ]
INFO: [ app_init ] --END-- [ RunTime:0.000431s ]
ERR: 无法加载模块:Public

[ 2017-01-13T15:34:51+08:00 ] 127.0.0.1 /Public/js/jquery-1.10.2.min.map
INFO: [ app_init ] --START--
INFO: Run Behavior\BuildLiteBehavior [ RunTime:0.000012s ]
INFO: [ app_init ] --END-- [ RunTime:0.000410s ]
ERR: 无法加载模块:Public

[ 2017-01-13T15:34:56+08:00 ] 127.0.0.1 /Public/js/jquery-1.10.2.min.map
INFO: [ app_init ] --START--
INFO: Run Behavior\BuildLiteBehavior [ RunTime:0.000012s ]
INFO: [ app_init ] --END-- [ RunTime:0.000470s ]
ERR: 无法加载模块:Public

[ 2017-01-13T15:34:58+08:00 ] 127.0.0.1 /Public/js/jquery-1.10.2.min.map
INFO: [ app_init ] --START--
INFO: Run Behavior\BuildLiteBehavior [ RunTime:0.000013s ]
INFO: [ app_init ] --END-- [ RunTime:0.000480s ]
ERR: 无法加载模块:Public

[ 2017-01-13T15:35:02+08:00 ] 127.0.0.1 /Public/js/jquery-1.10.2.min.map
INFO: [ app_init ] --START--
INFO: Run Behavior\BuildLiteBehavior [ RunTime:0.000012s ]
INFO: [ app_init ] --END-- [ RunTime:0.000423s ]
ERR: 无法加载模块:Public

[ 2017-01-13T15:37:57+08:00 ] 127.0.0.1 /Public/js/jquery-1.10.2.min.map
INFO: [ app_init ] --START--
INFO: Run Behavior\BuildLiteBehavior [ RunTime:0.000013s ]
INFO: [ app_init ] --END-- [ RunTime:0.000412s ]
ERR: 无法加载模块:Public

[ 2017-01-13T15:38:00+08:00 ] 127.0.0.1 /Public/js/jquery-1.10.2.min.map
INFO: [ app_init ] --START--
INFO: Run Behavior\BuildLiteBehavior [ RunTime:0.000011s ]
INFO: [ app_init ] --END-- [ RunTime:0.000429s ]
ERR: 无法加载模块:Public

[ 2017-01-13T15:38:12+08:00 ] 127.0.0.1 /Public/js/jquery-1.10.2.min.map
INFO: [ app_init ] --START--
INFO: Run Behavior\BuildLiteBehavior [ RunTime:0.000011s ]
INFO: [ app_init ] --END-- [ RunTime:0.000423s ]
ERR: 无法加载模块:Public

[ 2017-01-13T15:38:14+08:00 ] 127.0.0.1 /Public/js/jquery-1.10.2.min.map
INFO: [ app_init ] --START--
INFO: Run Behavior\BuildLiteBehavior [ RunTime:0.000011s ]
INFO: [ app_init ] --END-- [ RunTime:0.000434s ]
ERR: 无法加载模块:Public

[ 2017-01-13T15:38:16+08:00 ] 127.0.0.1 /Public/js/jquery-1.10.2.min.map
INFO: [ app_init ] --START--
INFO: Run Behavior\BuildLiteBehavior [ RunTime:0.000012s ]
INFO: [ app_init ] --END-- [ RunTime:0.000454s ]
ERR: 无法加载模块:Public

[ 2017-01-13T15:50:13+08:00 ] 127.0.0.1 /Public/js/jquery-1.10.2.min.map
INFO: [ app_init ] --START--
INFO: Run Behavior\BuildLiteBehavior [ RunTime:0.000019s ]
INFO: [ app_init ] --END-- [ RunTime:0.000673s ]
ERR: 无法加载模块:Public

[ 2017-01-13T15:51:07+08:00 ] 127.0.0.1 /Public/js/jquery-1.10.2.min.map
INFO: [ app_init ] --START--
INFO: Run Behavior\BuildLiteBehavior [ RunTime:0.000011s ]
INFO: [ app_init ] --END-- [ RunTime:0.000540s ]
ERR: 无法加载模块:Public

[ 2017-01-13T15:53:26+08:00 ] 127.0.0.1 /Public/js/jquery-1.10.2.min.map
INFO: [ app_init ] --START--
INFO: Run Behavior\BuildLiteBehavior [ RunTime:0.000011s ]
INFO: [ app_init ] --END-- [ RunTime:0.000481s ]
ERR: 无法加载模块:Public

[ 2017-01-13T15:53:30+08:00 ] 127.0.0.1 /Public/js/jquery-1.10.2.min.map
INFO: [ app_init ] --START--
INFO: Run Behavior\BuildLiteBehavior [ RunTime:0.000010s ]
INFO: [ app_init ] --END-- [ RunTime:0.000422s ]
ERR: 无法加载模块:Public

[ 2017-01-13T15:53:40+08:00 ] 127.0.0.1 /Public/js/jquery-1.10.2.min.map
INFO: [ app_init ] --START--
INFO: Run Behavior\BuildLiteBehavior [ RunTime:0.000012s ]
INFO: [ app_init ] --END-- [ RunTime:0.000460s ]
ERR: 无法加载模块:Public

[ 2017-01-13T15:53:43+08:00 ] 127.0.0.1 /Public/js/jquery-1.10.2.min.map
INFO: [ app_init ] --START--
INFO: Run Behavior\BuildLiteBehavior [ RunTime:0.000012s ]
INFO: [ app_init ] --END-- [ RunTime:0.000508s ]
ERR: 无法加载模块:Public

[ 2017-01-13T15:54:40+08:00 ] 127.0.0.1 /Public/js/jquery-1.10.2.min.map
INFO: [ app_init ] --START--
INFO: Run Behavior\BuildLiteBehavior [ RunTime:0.000011s ]
INFO: [ app_init ] --END-- [ RunTime:0.000420s ]
ERR: 无法加载模块:Public

[ 2017-01-13T15:57:00+08:00 ] 127.0.0.1 /Public/js/jquery-1.10.2.min.map
INFO: [ app_init ] --START--
INFO: Run Behavior\BuildLiteBehavior [ RunTime:0.000011s ]
INFO: [ app_init ] --END-- [ RunTime:0.000567s ]
ERR: 无法加载模块:Public

[ 2017-01-13T15:57:03+08:00 ] 127.0.0.1 /Public/js/jquery-1.10.2.min.map
INFO: [ app_init ] --START--
INFO: Run Behavior\BuildLiteBehavior [ RunTime:0.000014s ]
INFO: [ app_init ] --END-- [ RunTime:0.000690s ]
ERR: 无法加载模块:Public

[ 2017-01-13T15:57:05+08:00 ] 127.0.0.1 /Public/js/jquery-1.10.2.min.map
INFO: [ app_init ] --START--
INFO: Run Behavior\BuildLiteBehavior [ RunTime:0.000014s ]
INFO: [ app_init ] --END-- [ RunTime:0.000511s ]
ERR: 无法加载模块:Public

[ 2017-01-13T15:57:10+08:00 ] 127.0.0.1 /Public/js/jquery-1.10.2.min.map
INFO: [ app_init ] --START--
INFO: Run Behavior\BuildLiteBehavior [ RunTime:0.000011s ]
INFO: [ app_init ] --END-- [ RunTime:0.000427s ]
ERR: 无法加载模块:Public

[ 2017-01-13T16:01:27+08:00 ] 127.0.0.1 /Public/js/jquery-1.10.2.min.map
INFO: [ app_init ] --START--
INFO: Run Behavior\BuildLiteBehavior [ RunTime:0.000011s ]
INFO: [ app_init ] --END-- [ RunTime:0.000438s ]
ERR: 无法加载模块:Public

[ 2017-01-13T16:01:31+08:00 ] 127.0.0.1 /Public/js/jquery-1.10.2.min.map
INFO: [ app_init ] --START--
INFO: Run Behavior\BuildLiteBehavior [ RunTime:0.000011s ]
INFO: [ app_init ] --END-- [ RunTime:0.000585s ]
ERR: 无法加载模块:Public

[ 2017-01-13T16:01:36+08:00 ] 127.0.0.1 /Public/js/jquery-1.10.2.min.map
INFO: [ app_init ] --START--
INFO: Run Behavior\BuildLiteBehavior [ RunTime:0.000013s ]
INFO: [ app_init ] --END-- [ RunTime:0.000460s ]
ERR: 无法加载模块:Public

[ 2017-01-13T16:08:34+08:00 ] 127.0.0.1 /Public/js/jquery-1.10.2.min.map
INFO: [ app_init ] --START--
INFO: Run Behavior\BuildLiteBehavior [ RunTime:0.000021s ]
INFO: [ app_init ] --END-- [ RunTime:0.000478s ]
ERR: 无法加载模块:Public

[ 2017-01-13T16:08:43+08:00 ] 127.0.0.1 /Public/js/jquery-1.10.2.min.map
INFO: [ app_init ] --START--
INFO: Run Behavior\BuildLiteBehavior [ RunTime:0.000012s ]
INFO: [ app_init ] --END-- [ RunTime:0.000422s ]
ERR: 无法加载模块:Public

[ 2017-01-13T16:08:44+08:00 ] 127.0.0.1 /Public/js/jquery-1.10.2.min.map
INFO: [ app_init ] --START--
INFO: Run Behavior\BuildLiteBehavior [ RunTime:0.000012s ]
INFO: [ app_init ] --END-- [ RunTime:0.000460s ]
ERR: 无法加载模块:Public

[ 2017-01-13T16:09:12+08:00 ] 127.0.0.1 /Public/js/jquery-1.10.2.min.map
INFO: [ app_init ] --START--
INFO: Run Behavior\BuildLiteBehavior [ RunTime:0.000011s ]
INFO: [ app_init ] --END-- [ RunTime:0.000419s ]
ERR: 无法加载模块:Public

[ 2017-01-13T16:09:18+08:00 ] 127.0.0.1 /Public/js/jquery-1.10.2.min.map
INFO: [ app_init ] --START--
INFO: Run Behavior\BuildLiteBehavior [ RunTime:0.000012s ]
INFO: [ app_init ] --END-- [ RunTime:0.000458s ]
ERR: 无法加载模块:Public

[ 2017-01-13T16:09:25+08:00 ] 127.0.0.1 /Public/js/jquery-1.10.2.min.map
INFO: [ app_init ] --START--
INFO: Run Behavior\BuildLiteBehavior [ RunTime:0.000011s ]
INFO: [ app_init ] --END-- [ RunTime:0.000439s ]
ERR: 无法加载模块:Public

[ 2017-01-13T16:09:27+08:00 ] 127.0.0.1 /Public/js/jquery-1.10.2.min.map
INFO: [ app_init ] --START--
INFO: Run Behavior\BuildLiteBehavior [ RunTime:0.000012s ]
INFO: [ app_init ] --END-- [ RunTime:0.000643s ]
ERR: 无法加载模块:Public

[ 2017-01-13T16:09:36+08:00 ] 127.0.0.1 /Public/js/jquery-1.10.2.min.map
INFO: [ app_init ] --START--
INFO: Run Behavior\BuildLiteBehavior [ RunTime:0.000011s ]
INFO: [ app_init ] --END-- [ RunTime:0.000358s ]
ERR: 无法加载模块:Public

[ 2017-01-13T16:09:37+08:00 ] 127.0.0.1 /Public/js/jquery-1.10.2.min.map
INFO: [ app_init ] --START--
INFO: Run Behavior\BuildLiteBehavior [ RunTime:0.000012s ]
INFO: [ app_init ] --END-- [ RunTime:0.000441s ]
ERR: 无法加载模块:Public

[ 2017-01-13T16:09:48+08:00 ] 127.0.0.1 /Public/js/jquery-1.10.2.min.map
INFO: [ app_init ] --START--
INFO: Run Behavior\BuildLiteBehavior [ RunTime:0.000012s ]
INFO: [ app_init ] --END-- [ RunTime:0.000446s ]
ERR: 无法加载模块:Public

[ 2017-01-13T16:09:56+08:00 ] 127.0.0.1 /Public/js/jquery-1.10.2.min.map
INFO: [ app_init ] --START--
INFO: Run Behavior\BuildLiteBehavior [ RunTime:0.000011s ]
INFO: [ app_init ] --END-- [ RunTime:0.000403s ]
ERR: 无法加载模块:Public

[ 2017-01-13T16:09:59+08:00 ] 127.0.0.1 /Public/js/jquery-1.10.2.min.map
INFO: [ app_init ] --START--
INFO: Run Behavior\BuildLiteBehavior [ RunTime:0.000012s ]
INFO: [ app_init ] --END-- [ RunTime:0.000420s ]
ERR: 无法加载模块:Public

[ 2017-01-13T16:10:01+08:00 ] 127.0.0.1 /Public/js/jquery-1.10.2.min.map
INFO: [ app_init ] --START--
INFO: Run Behavior\BuildLiteBehavior [ RunTime:0.000012s ]
INFO: [ app_init ] --END-- [ RunTime:0.000404s ]
ERR: 无法加载模块:Public

[ 2017-01-13T16:23:44+08:00 ] 127.0.0.1 /Public/js/jquery-1.10.2.min.map
INFO: [ app_init ] --START--
INFO: Run Behavior\BuildLiteBehavior [ RunTime:0.000011s ]
INFO: [ app_init ] --END-- [ RunTime:0.000476s ]
ERR: 无法加载模块:Public

[ 2017-01-13T16:23:46+08:00 ] 127.0.0.1 /Public/js/jquery-1.10.2.min.map
INFO: [ app_init ] --START--
INFO: Run Behavior\BuildLiteBehavior [ RunTime:0.000013s ]
INFO: [ app_init ] --END-- [ RunTime:0.000414s ]
ERR: 无法加载模块:Public

[ 2017-01-13T16:24:51+08:00 ] 127.0.0.1 /Public/js/jquery-1.10.2.min.map
INFO: [ app_init ] --START--
INFO: Run Behavior\BuildLiteBehavior [ RunTime:0.000011s ]
INFO: [ app_init ] --END-- [ RunTime:0.000420s ]
ERR: 无法加载模块:Public

[ 2017-01-13T16:24:53+08:00 ] 127.0.0.1 /Public/js/jquery-1.10.2.min.map
INFO: [ app_init ] --START--
INFO: Run Behavior\BuildLiteBehavior [ RunTime:0.000013s ]
INFO: [ app_init ] --END-- [ RunTime:0.000545s ]
ERR: 无法加载模块:Public

[ 2017-01-13T16:24:55+08:00 ] 127.0.0.1 /Public/js/jquery-1.10.2.min.map
INFO: [ app_init ] --START--
INFO: Run Behavior\BuildLiteBehavior [ RunTime:0.000011s ]
INFO: [ app_init ] --END-- [ RunTime:0.000435s ]
ERR: 无法加载模块:Public

[ 2017-01-13T16:24:58+08:00 ] 127.0.0.1 /Public/js/jquery-1.10.2.min.map
INFO: [ app_init ] --START--
INFO: Run Behavior\BuildLiteBehavior [ RunTime:0.000012s ]
INFO: [ app_init ] --END-- [ RunTime:0.000430s ]
ERR: 无法加载模块:Public

[ 2017-01-13T16:24:59+08:00 ] 127.0.0.1 /Public/js/jquery-1.10.2.min.map
INFO: [ app_init ] --START--
INFO: Run Behavior\BuildLiteBehavior [ RunTime:0.000013s ]
INFO: [ app_init ] --END-- [ RunTime:0.000524s ]
ERR: 无法加载模块:Public

[ 2017-01-13T16:25:01+08:00 ] 127.0.0.1 /Public/js/jquery-1.10.2.min.map
INFO: [ app_init ] --START--
INFO: Run Behavior\BuildLiteBehavior [ RunTime:0.000012s ]
INFO: [ app_init ] --END-- [ RunTime:0.000333s ]
ERR: 无法加载模块:Public

[ 2017-01-13T16:25:02+08:00 ] 127.0.0.1 /Public/js/jquery-1.10.2.min.map
INFO: [ app_init ] --START--
INFO: Run Behavior\BuildLiteBehavior [ RunTime:0.000011s ]
INFO: [ app_init ] --END-- [ RunTime:0.000431s ]
ERR: 无法加载模块:Public

[ 2017-01-13T16:25:06+08:00 ] 127.0.0.1 /Public/js/jquery-1.10.2.min.map
INFO: [ app_init ] --START--
INFO: Run Behavior\BuildLiteBehavior [ RunTime:0.000012s ]
INFO: [ app_init ] --END-- [ RunTime:0.000426s ]
ERR: 无法加载模块:Public

[ 2017-01-13T16:25:09+08:00 ] 127.0.0.1 /Public/js/jquery-1.10.2.min.map
INFO: [ app_init ] --START--
INFO: Run Behavior\BuildLiteBehavior [ RunTime:0.000012s ]
INFO: [ app_init ] --END-- [ RunTime:0.000441s ]
ERR: 无法加载模块:Public

[ 2017-01-13T16:26:04+08:00 ] 127.0.0.1 /Public/js/jquery-1.10.2.min.map
INFO: [ app_init ] --START--
INFO: Run Behavior\BuildLiteBehavior [ RunTime:0.000013s ]
INFO: [ app_init ] --END-- [ RunTime:0.000614s ]
ERR: 无法加载模块:Public

[ 2017-01-13T16:26:06+08:00 ] 127.0.0.1 /Public/js/jquery-1.10.2.min.map
INFO: [ app_init ] --START--
INFO: Run Behavior\BuildLiteBehavior [ RunTime:0.000012s ]
INFO: [ app_init ] --END-- [ RunTime:0.000641s ]
ERR: 无法加载模块:Public

[ 2017-01-13T16:26:08+08:00 ] 127.0.0.1 /Public/js/jquery-1.10.2.min.map
INFO: [ app_init ] --START--
INFO: Run Behavior\BuildLiteBehavior [ RunTime:0.000010s ]
INFO: [ app_init ] --END-- [ RunTime:0.000436s ]
ERR: 无法加载模块:Public

[ 2017-01-13T16:26:09+08:00 ] 127.0.0.1 /Public/js/jquery-1.10.2.min.map
INFO: [ app_init ] --START--
INFO: Run Behavior\BuildLiteBehavior [ RunTime:0.000016s ]
INFO: [ app_init ] --END-- [ RunTime:0.000668s ]
ERR: 无法加载模块:Public

[ 2017-01-13T16:26:16+08:00 ] 127.0.0.1 /Public/js/jquery-1.10.2.min.map
INFO: [ app_init ] --START--
INFO: Run Behavior\BuildLiteBehavior [ RunTime:0.000012s ]
INFO: [ app_init ] --END-- [ RunTime:0.000426s ]
ERR: 无法加载模块:Public

[ 2017-01-13T16:26:28+08:00 ] 127.0.0.1 /Public/js/jquery-1.10.2.min.map
INFO: [ app_init ] --START--
INFO: Run Behavior\BuildLiteBehavior [ RunTime:0.000011s ]
INFO: [ app_init ] --END-- [ RunTime:0.000448s ]
ERR: 无法加载模块:Public

[ 2017-01-13T16:26:33+08:00 ] 127.0.0.1 /Public/js/jquery-1.10.2.min.map
INFO: [ app_init ] --START--
INFO: Run Behavior\BuildLiteBehavior [ RunTime:0.000012s ]
INFO: [ app_init ] --END-- [ RunTime:0.000406s ]
ERR: 无法加载模块:Public

[ 2017-01-13T16:26:34+08:00 ] 127.0.0.1 /Public/js/jquery-1.10.2.min.map
INFO: [ app_init ] --START--
INFO: Run Behavior\BuildLiteBehavior [ RunTime:0.000013s ]
INFO: [ app_init ] --END-- [ RunTime:0.000501s ]
ERR: 无法加载模块:Public

[ 2017-01-13T16:26:36+08:00 ] 127.0.0.1 /Public/js/jquery-1.10.2.min.map
INFO: [ app_init ] --START--
INFO: Run Behavior\BuildLiteBehavior [ RunTime:0.000012s ]
INFO: [ app_init ] --END-- [ RunTime:0.000464s ]
ERR: 无法加载模块:Public

[ 2017-01-13T16:26:37+08:00 ] 127.0.0.1 /Public/js/jquery-1.10.2.min.map
INFO: [ app_init ] --START--
INFO: Run Behavior\BuildLiteBehavior [ RunTime:0.000011s ]
INFO: [ app_init ] --END-- [ RunTime:0.000460s ]
ERR: 无法加载模块:Public

[ 2017-01-13T16:33:44+08:00 ] 127.0.0.1 /Public/js/jquery-1.10.2.min.map
INFO: [ app_init ] --START--
INFO: Run Behavior\BuildLiteBehavior [ RunTime:0.000011s ]
INFO: [ app_init ] --END-- [ RunTime:0.000424s ]
ERR: 无法加载模块:Public

[ 2017-01-13T16:41:55+08:00 ] 127.0.0.1 /Public/js/jquery-1.10.2.min.map
INFO: [ app_init ] --START--
INFO: Run Behavior\BuildLiteBehavior [ RunTime:0.000011s ]
INFO: [ app_init ] --END-- [ RunTime:0.000430s ]
ERR: 无法加载模块:Public

[ 2017-01-13T16:42:16+08:00 ] 127.0.0.1 /Public/js/jquery-1.10.2.min.map
INFO: [ app_init ] --START--
INFO: Run Behavior\BuildLiteBehavior [ RunTime:0.000012s ]
INFO: [ app_init ] --END-- [ RunTime:0.000658s ]
ERR: 无法加载模块:Public

[ 2017-01-13T16:59:46+08:00 ] 127.0.0.1 /Public/js/jquery-1.10.2.min.map
INFO: [ app_init ] --START--
INFO: Run Behavior\BuildLiteBehavior [ RunTime:0.000011s ]
INFO: [ app_init ] --END-- [ RunTime:0.000490s ]
ERR: 无法加载模块:Public

[ 2017-01-13T16:59:49+08:00 ] 127.0.0.1 /Public/js/jquery-1.10.2.min.map
INFO: [ app_init ] --START--
INFO: Run Behavior\BuildLiteBehavior [ RunTime:0.000012s ]
INFO: [ app_init ] --END-- [ RunTime:0.000420s ]
ERR: 无法加载模块:Public

[ 2017-01-13T17:00:15+08:00 ] 127.0.0.1 /Public/js/jquery-1.10.2.min.map
INFO: [ app_init ] --START--
INFO: Run Behavior\BuildLiteBehavior [ RunTime:0.000012s ]
INFO: [ app_init ] --END-- [ RunTime:0.000427s ]
ERR: 无法加载模块:Public

[ 2017-01-13T17:00:24+08:00 ] 127.0.0.1 /Public/js/jquery-1.10.2.min.map
INFO: [ app_init ] --START--
INFO: Run Behavior\BuildLiteBehavior [ RunTime:0.000011s ]
INFO: [ app_init ] --END-- [ RunTime:0.000436s ]
ERR: 无法加载模块:Public

[ 2017-01-13T17:02:50+08:00 ] 127.0.0.1 /Public/js/jquery-1.10.2.min.map
INFO: [ app_init ] --START--
INFO: Run Behavior\BuildLiteBehavior [ RunTime:0.000012s ]
INFO: [ app_init ] --END-- [ RunTime:0.000434s ]
ERR: 无法加载模块:Public

[ 2017-01-13T17:03:13+08:00 ] 127.0.0.1 /Public/js/jquery-1.10.2.min.map
INFO: [ app_init ] --START--
INFO: Run Behavior\BuildLiteBehavior [ RunTime:0.000012s ]
INFO: [ app_init ] --END-- [ RunTime:0.000418s ]
ERR: 无法加载模块:Public

[ 2017-01-13T17:04:04+08:00 ] 127.0.0.1 /Public/js/jquery-1.10.2.min.map
INFO: [ app_init ] --START--
INFO: Run Behavior\BuildLiteBehavior [ RunTime:0.000016s ]
INFO: [ app_init ] --END-- [ RunTime:0.000574s ]
ERR: 无法加载模块:Public

[ 2017-01-13T17:04:46+08:00 ] 127.0.0.1 /Public/js/jquery-1.10.2.min.map
INFO: [ app_init ] --START--
INFO: Run Behavior\BuildLiteBehavior [ RunTime:0.000012s ]
INFO: [ app_init ] --END-- [ RunTime:0.000537s ]
ERR: 无法加载模块:Public

[ 2017-01-13T17:05:31+08:00 ] 127.0.0.1 /Public/js/jquery-1.10.2.min.map
INFO: [ app_init ] --START--
INFO: Run Behavior\BuildLiteBehavior [ RunTime:0.000012s ]
INFO: [ app_init ] --END-- [ RunTime:0.000440s ]
ERR: 无法加载模块:Public

[ 2017-01-13T17:10:54+08:00 ] 127.0.0.1 /Public/js/jquery-1.10.2.min.map
INFO: [ app_init ] --START--
INFO: Run Behavior\BuildLiteBehavior [ RunTime:0.000011s ]
INFO: [ app_init ] --END-- [ RunTime:0.000382s ]
ERR: 无法加载模块:Public

[ 2017-01-13T17:12:13+08:00 ] 127.0.0.1 /Public/js/jquery-1.10.2.min.map
INFO: [ app_init ] --START--
INFO: Run Behavior\BuildLiteBehavior [ RunTime:0.000014s ]
INFO: [ app_init ] --END-- [ RunTime:0.000443s ]
ERR: 无法加载模块:Public

[ 2017-01-13T17:12:53+08:00 ] 127.0.0.1 /Public/js/jquery-1.10.2.min.map
INFO: [ app_init ] --START--
INFO: Run Behavior\BuildLiteBehavior [ RunTime:0.000011s ]
INFO: [ app_init ] --END-- [ RunTime:0.000485s ]
ERR: 无法加载模块:Public

[ 2017-01-13T17:12:55+08:00 ] 127.0.0.1 /Public/js/jquery-1.10.2.min.map
INFO: [ app_init ] --START--
INFO: Run Behavior\BuildLiteBehavior [ RunTime:0.000012s ]
INFO: [ app_init ] --END-- [ RunTime:0.000423s ]
ERR: 无法加载模块:Public

[ 2017-01-13T17:12:58+08:00 ] 127.0.0.1 /Public/js/jquery-1.10.2.min.map
INFO: [ app_init ] --START--
INFO: Run Behavior\BuildLiteBehavior [ RunTime:0.000012s ]
INFO: [ app_init ] --END-- [ RunTime:0.000472s ]
ERR: 无法加载模块:Public

[ 2017-01-13T17:13:28+08:00 ] 127.0.0.1 /Public/js/jquery-1.10.2.min.map
INFO: [ app_init ] --START--
INFO: Run Behavior\BuildLiteBehavior [ RunTime:0.000034s ]
INFO: [ app_init ] --END-- [ RunTime:0.000660s ]
ERR: 无法加载模块:Public

[ 2017-01-13T17:13:31+08:00 ] 127.0.0.1 /Public/js/jquery-1.10.2.min.map
INFO: [ app_init ] --START--
INFO: Run Behavior\BuildLiteBehavior [ RunTime:0.000013s ]
INFO: [ app_init ] --END-- [ RunTime:0.000477s ]
ERR: 无法加载模块:Public

[ 2017-01-13T17:13:37+08:00 ] 127.0.0.1 /Public/js/jquery-1.10.2.min.map
INFO: [ app_init ] --START--
INFO: Run Behavior\BuildLiteBehavior [ RunTime:0.000011s ]
INFO: [ app_init ] --END-- [ RunTime:0.000374s ]
ERR: 无法加载模块:Public

[ 2017-01-13T17:13:40+08:00 ] 127.0.0.1 /Public/js/jquery-1.10.2.min.map
INFO: [ app_init ] --START--
INFO: Run Behavior\BuildLiteBehavior [ RunTime:0.000013s ]
INFO: [ app_init ] --END-- [ RunTime:0.000467s ]
ERR: 无法加载模块:Public

[ 2017-01-13T17:13:42+08:00 ] 127.0.0.1 /Public/js/jquery-1.10.2.min.map
INFO: [ app_init ] --START--
INFO: Run Behavior\BuildLiteBehavior [ RunTime:0.000011s ]
INFO: [ app_init ] --END-- [ RunTime:0.000425s ]
ERR: 无法加载模块:Public

[ 2017-01-13T17:13:44+08:00 ] 127.0.0.1 /Public/js/jquery-1.10.2.min.map
INFO: [ app_init ] --START--
INFO: Run Behavior\BuildLiteBehavior [ RunTime:0.000011s ]
INFO: [ app_init ] --END-- [ RunTime:0.000380s ]
ERR: 无法加载模块:Public

[ 2017-01-13T17:13:46+08:00 ] 127.0.0.1 /Public/js/jquery-1.10.2.min.map
INFO: [ app_init ] --START--
INFO: Run Behavior\BuildLiteBehavior [ RunTime:0.000012s ]
INFO: [ app_init ] --END-- [ RunTime:0.000404s ]
ERR: 无法加载模块:Public

[ 2017-01-13T17:14:07+08:00 ] 127.0.0.1 /Public/js/jquery-1.10.2.min.map
INFO: [ app_init ] --START--
INFO: Run Behavior\BuildLiteBehavior [ RunTime:0.000012s ]
INFO: [ app_init ] --END-- [ RunTime:0.000440s ]
ERR: 无法加载模块:Public

[ 2017-01-13T17:15:32+08:00 ] 127.0.0.1 /Public/js/jquery-1.10.2.min.map
INFO: [ app_init ] --START--
INFO: Run Behavior\BuildLiteBehavior [ RunTime:0.000012s ]
INFO: [ app_init ] --END-- [ RunTime:0.000454s ]
ERR: 无法加载模块:Public

[ 2017-01-13T17:34:24+08:00 ] 127.0.0.1 /Public/js/jquery-1.10.2.min.map
INFO: [ app_init ] --START--
INFO: Run Behavior\BuildLiteBehavior [ RunTime:0.000011s ]
INFO: [ app_init ] --END-- [ RunTime:0.000424s ]
ERR: 无法加载模块:Public

[ 2017-01-13T17:34:55+08:00 ] 127.0.0.1 /Public/js/jquery-1.10.2.min.map
INFO: [ app_init ] --START--
INFO: Run Behavior\BuildLiteBehavior [ RunTime:0.000012s ]
INFO: [ app_init ] --END-- [ RunTime:0.000489s ]
ERR: 无法加载模块:Public

[ 2017-01-13T17:37:11+08:00 ] 127.0.0.1 /Public/js/jquery-1.10.2.min.map
INFO: [ app_init ] --START--
INFO: Run Behavior\BuildLiteBehavior [ RunTime:0.000013s ]
INFO: [ app_init ] --END-- [ RunTime:0.000429s ]
ERR: 无法加载模块:Public

[ 2017-01-13T17:38:00+08:00 ] 127.0.0.1 /Public/js/jquery-1.10.2.min.map
INFO: [ app_init ] --START--
INFO: Run Behavior\BuildLiteBehavior [ RunTime:0.000011s ]
INFO: [ app_init ] --END-- [ RunTime:0.000454s ]
ERR: 无法加载模块:Public

[ 2017-01-13T17:38:19+08:00 ] 127.0.0.1 /Public/js/jquery-1.10.2.min.map
INFO: [ app_init ] --START--
INFO: Run Behavior\BuildLiteBehavior [ RunTime:0.000012s ]
INFO: [ app_init ] --END-- [ RunTime:0.000477s ]
ERR: 无法加载模块:Public

[ 2017-01-13T17:39:28+08:00 ] 127.0.0.1 /Public/js/jquery-1.10.2.min.map
INFO: [ app_init ] --START--
INFO: Run Behavior\BuildLiteBehavior [ RunTime:0.000012s ]
INFO: [ app_init ] --END-- [ RunTime:0.000476s ]
ERR: 无法加载模块:Public

[ 2017-01-13T17:42:52+08:00 ] 127.0.0.1 /Public/js/jquery-1.10.2.min.map
INFO: [ app_init ] --START--
INFO: Run Behavior\BuildLiteBehavior [ RunTime:0.000012s ]
INFO: [ app_init ] --END-- [ RunTime:0.000534s ]
ERR: 无法加载模块:Public

[ 2017-01-13T17:43:17+08:00 ] 127.0.0.1 /Public/js/jquery-1.10.2.min.map
INFO: [ app_init ] --START--
INFO: Run Behavior\BuildLiteBehavior [ RunTime:0.000011s ]
INFO: [ app_init ] --END-- [ RunTime:0.000433s ]
ERR: 无法加载模块:Public

[ 2017-01-13T17:43:22+08:00 ] 127.0.0.1 /Public/js/jquery-1.10.2.min.map
INFO: [ app_init ] --START--
INFO: Run Behavior\BuildLiteBehavior [ RunTime:0.000011s ]
INFO: [ app_init ] --END-- [ RunTime:0.000492s ]
ERR: 无法加载模块:Public

[ 2017-01-13T17:43:26+08:00 ] 127.0.0.1 /Public/js/jquery-1.10.2.min.map
INFO: [ app_init ] --START--
INFO: Run Behavior\BuildLiteBehavior [ RunTime:0.000011s ]
INFO: [ app_init ] --END-- [ RunTime:0.000474s ]
ERR: 无法加载模块:Public

[ 2017-01-13T17:43:48+08:00 ] 127.0.0.1 /Public/js/jquery-1.10.2.min.map
INFO: [ app_init ] --START--
INFO: Run Behavior\BuildLiteBehavior [ RunTime:0.000014s ]
INFO: [ app_init ] --END-- [ RunTime:0.000570s ]
ERR: 无法加载模块:Public

[ 2017-01-13T17:43:51+08:00 ] 127.0.0.1 /Public/js/jquery-1.10.2.min.map
INFO: [ app_init ] --START--
INFO: Run Behavior\BuildLiteBehavior [ RunTime:0.000015s ]
INFO: [ app_init ] --END-- [ RunTime:0.000492s ]
ERR: 无法加载模块:Public

[ 2017-01-13T17:43:55+08:00 ] 127.0.0.1 /Public/js/jquery-1.10.2.min.map
INFO: [ app_init ] --START--
INFO: Run Behavior\BuildLiteBehavior [ RunTime:0.000012s ]
INFO: [ app_init ] --END-- [ RunTime:0.000467s ]
ERR: 无法加载模块:Public

[ 2017-01-13T17:44:03+08:00 ] 127.0.0.1 /Public/js/jquery-1.10.2.min.map
INFO: [ app_init ] --START--
INFO: Run Behavior\BuildLiteBehavior [ RunTime:0.000012s ]
INFO: [ app_init ] --END-- [ RunTime:0.000401s ]
ERR: 无法加载模块:Public

[ 2017-01-13T17:44:05+08:00 ] 127.0.0.1 /Public/js/jquery-1.10.2.min.map
INFO: [ app_init ] --START--
INFO: Run Behavior\BuildLiteBehavior [ RunTime:0.000012s ]
INFO: [ app_init ] --END-- [ RunTime:0.000461s ]
ERR: 无法加载模块:Public

[ 2017-01-13T17:44:13+08:00 ] 127.0.0.1 /Public/js/jquery-1.10.2.min.map
INFO: [ app_init ] --START--
INFO: Run Behavior\BuildLiteBehavior [ RunTime:0.000020s ]
INFO: [ app_init ] --END-- [ RunTime:0.000547s ]
ERR: 无法加载模块:Public

[ 2017-01-13T17:44:18+08:00 ] 127.0.0.1 /Public/js/jquery-1.10.2.min.map
INFO: [ app_init ] --START--
INFO: Run Behavior\BuildLiteBehavior [ RunTime:0.000024s ]
INFO: [ app_init ] --END-- [ RunTime:0.000668s ]
ERR: 无法加载模块:Public

[ 2017-01-13T17:44:23+08:00 ] 127.0.0.1 /Public/js/jquery-1.10.2.min.map
INFO: [ app_init ] --START--
INFO: Run Behavior\BuildLiteBehavior [ RunTime:0.000011s ]
INFO: [ app_init ] --END-- [ RunTime:0.000441s ]
ERR: 无法加载模块:Public

[ 2017-01-13T17:45:12+08:00 ] 127.0.0.1 /Public/js/jquery-1.10.2.min.map
INFO: [ app_init ] --START--
INFO: Run Behavior\BuildLiteBehavior [ RunTime:0.000033s ]
INFO: [ app_init ] --END-- [ RunTime:0.000466s ]
ERR: 无法加载模块:Public

[ 2017-01-13T17:45:14+08:00 ] 127.0.0.1 /Public/js/jquery-1.10.2.min.map
INFO: [ app_init ] --START--
INFO: Run Behavior\BuildLiteBehavior [ RunTime:0.000012s ]
INFO: [ app_init ] --END-- [ RunTime:0.000429s ]
ERR: 无法加载模块:Public

[ 2017-01-13T17:45:31+08:00 ] 127.0.0.1 /Public/js/jquery-1.10.2.min.map
INFO: [ app_init ] --START--
INFO: Run Behavior\BuildLiteBehavior [ RunTime:0.000051s ]
INFO: [ app_init ] --END-- [ RunTime:0.000628s ]
ERR: 无法加载模块:Public

[ 2017-01-13T17:49:04+08:00 ] 127.0.0.1 /Public/js/jquery-1.10.2.min.map
INFO: [ app_init ] --START--
INFO: Run Behavior\BuildLiteBehavior [ RunTime:0.000012s ]
INFO: [ app_init ] --END-- [ RunTime:0.000520s ]
ERR: 无法加载模块:Public

[ 2017-01-13T17:52:06+08:00 ] 127.0.0.1 /Public/js/jquery-1.10.2.min.map
INFO: [ app_init ] --START--
INFO: Run Behavior\BuildLiteBehavior [ RunTime:0.000012s ]
INFO: [ app_init ] --END-- [ RunTime:0.000359s ]
ERR: 无法加载模块:Public

[ 2017-01-13T17:52:17+08:00 ] 127.0.0.1 /Public/js/jquery-1.10.2.min.map
INFO: [ app_init ] --START--
INFO: Run Behavior\BuildLiteBehavior [ RunTime:0.000012s ]
INFO: [ app_init ] --END-- [ RunTime:0.000509s ]
ERR: 无法加载模块:Public

[ 2017-01-13T17:52:37+08:00 ] 127.0.0.1 /Public/js/jquery-1.10.2.min.map
INFO: [ app_init ] --START--
INFO: Run Behavior\BuildLiteBehavior [ RunTime:0.000012s ]
INFO: [ app_init ] --END-- [ RunTime:0.000416s ]
ERR: 无法加载模块:Public

[ 2017-01-13T17:52:40+08:00 ] 127.0.0.1 /Public/js/jquery-1.10.2.min.map
INFO: [ app_init ] --START--
INFO: Run Behavior\BuildLiteBehavior [ RunTime:0.000011s ]
INFO: [ app_init ] --END-- [ RunTime:0.000398s ]
ERR: 无法加载模块:Public

[ 2017-01-13T17:52:43+08:00 ] 127.0.0.1 /Public/js/jquery-1.10.2.min.map
INFO: [ app_init ] --START--
INFO: Run Behavior\BuildLiteBehavior [ RunTime:0.000013s ]
INFO: [ app_init ] --END-- [ RunTime:0.000443s ]
ERR: 无法加载模块:Public

[ 2017-01-13T17:52:45+08:00 ] 127.0.0.1 /Public/js/jquery-1.10.2.min.map
INFO: [ app_init ] --START--
INFO: Run Behavior\BuildLiteBehavior [ RunTime:0.000013s ]
INFO: [ app_init ] --END-- [ RunTime:0.000603s ]
ERR: 无法加载模块:Public

[ 2017-01-13T17:52:48+08:00 ] 127.0.0.1 /Public/js/jquery-1.10.2.min.map
INFO: [ app_init ] --START--
INFO: Run Behavior\BuildLiteBehavior [ RunTime:0.000012s ]
INFO: [ app_init ] --END-- [ RunTime:0.000411s ]
ERR: 无法加载模块:Public

[ 2017-01-13T17:52:49+08:00 ] 127.0.0.1 /Public/js/jquery-1.10.2.min.map
INFO: [ app_init ] --START--
INFO: Run Behavior\BuildLiteBehavior [ RunTime:0.000013s ]
INFO: [ app_init ] --END-- [ RunTime:0.000421s ]
ERR: 无法加载模块:Public

[ 2017-01-13T17:52:52+08:00 ] 127.0.0.1 /Public/js/jquery-1.10.2.min.map
INFO: [ app_init ] --START--
INFO: Run Behavior\BuildLiteBehavior [ RunTime:0.000013s ]
INFO: [ app_init ] --END-- [ RunTime:0.000451s ]
ERR: 无法加载模块:Public

[ 2017-01-13T17:53:33+08:00 ] 127.0.0.1 /Public/js/jquery-1.10.2.min.map
INFO: [ app_init ] --START--
INFO: Run Behavior\BuildLiteBehavior [ RunTime:0.000047s ]
INFO: [ app_init ] --END-- [ RunTime:0.000534s ]
ERR: 无法加载模块:Public

[ 2017-01-13T17:53:36+08:00 ] 127.0.0.1 /Public/js/jquery-1.10.2.min.map
INFO: [ app_init ] --START--
INFO: Run Behavior\BuildLiteBehavior [ RunTime:0.000013s ]
INFO: [ app_init ] --END-- [ RunTime:0.000473s ]
ERR: 无法加载模块:Public

[ 2017-01-13T17:53:38+08:00 ] 127.0.0.1 /Public/js/jquery-1.10.2.min.map
INFO: [ app_init ] --START--
INFO: Run Behavior\BuildLiteBehavior [ RunTime:0.000011s ]
INFO: [ app_init ] --END-- [ RunTime:0.000444s ]
ERR: 无法加载模块:Public

[ 2017-01-13T17:53:42+08:00 ] 127.0.0.1 /Public/js/jquery-1.10.2.min.map
INFO: [ app_init ] --START--
INFO: Run Behavior\BuildLiteBehavior [ RunTime:0.000017s ]
INFO: [ app_init ] --END-- [ RunTime:0.000581s ]
ERR: 无法加载模块:Public

[ 2017-01-13T17:54:47+08:00 ] 127.0.0.1 /Public/js/jquery-1.10.2.min.map
INFO: [ app_init ] --START--
INFO: Run Behavior\BuildLiteBehavior [ RunTime:0.000011s ]
INFO: [ app_init ] --END-- [ RunTime:0.000467s ]
ERR: 无法加载模块:Public

[ 2017-01-13T17:55:06+08:00 ] 127.0.0.1 /Public/js/jquery-1.10.2.min.map
INFO: [ app_init ] --START--
INFO: Run Behavior\BuildLiteBehavior [ RunTime:0.000012s ]
INFO: [ app_init ] --END-- [ RunTime:0.000489s ]
ERR: 无法加载模块:Public

[ 2017-01-13T17:55:09+08:00 ] 127.0.0.1 /Public/js/jquery-1.10.2.min.map
INFO: [ app_init ] --START--
INFO: Run Behavior\BuildLiteBehavior [ RunTime:0.000011s ]
INFO: [ app_init ] --END-- [ RunTime:0.000412s ]
ERR: 无法加载模块:Public

[ 2017-01-13T17:55:40+08:00 ] 127.0.0.1 /Public/js/jquery-1.10.2.min.map
INFO: [ app_init ] --START--
INFO: Run Behavior\BuildLiteBehavior [ RunTime:0.000046s ]
INFO: [ app_init ] --END-- [ RunTime:0.000646s ]
ERR: 无法加载模块:Public

[ 2017-01-13T17:55:41+08:00 ] 127.0.0.1 /Public/js/jquery-1.10.2.min.map
INFO: [ app_init ] --START--
INFO: Run Behavior\BuildLiteBehavior [ RunTime:0.000015s ]
INFO: [ app_init ] --END-- [ RunTime:0.000673s ]
ERR: 无法加载模块:Public

[ 2017-01-13T17:55:44+08:00 ] 127.0.0.1 /Public/js/jquery-1.10.2.min.map
INFO: [ app_init ] --START--
INFO: Run Behavior\BuildLiteBehavior [ RunTime:0.000026s ]
INFO: [ app_init ] --END-- [ RunTime:0.000624s ]
ERR: 无法加载模块:Public

[ 2017-01-13T17:55:46+08:00 ] 127.0.0.1 /Public/js/jquery-1.10.2.min.map
INFO: [ app_init ] --START--
INFO: Run Behavior\BuildLiteBehavior [ RunTime:0.000012s ]
INFO: [ app_init ] --END-- [ RunTime:0.000414s ]
ERR: 无法加载模块:Public

[ 2017-01-13T17:57:11+08:00 ] 127.0.0.1 /Public/js/jquery-1.10.2.min.map
INFO: [ app_init ] --START--
INFO: Run Behavior\BuildLiteBehavior [ RunTime:0.000012s ]
INFO: [ app_init ] --END-- [ RunTime:0.000479s ]
ERR: 无法加载模块:Public

[ 2017-01-13T17:57:14+08:00 ] 127.0.0.1 /Public/js/jquery-1.10.2.min.map
INFO: [ app_init ] --START--
INFO: Run Behavior\BuildLiteBehavior [ RunTime:0.000012s ]
INFO: [ app_init ] --END-- [ RunTime:0.000410s ]
ERR: 无法加载模块:Public

[ 2017-01-13T17:57:17+08:00 ] 127.0.0.1 /Public/js/jquery-1.10.2.min.map
INFO: [ app_init ] --START--
INFO: Run Behavior\BuildLiteBehavior [ RunTime:0.000012s ]
INFO: [ app_init ] --END-- [ RunTime:0.000435s ]
ERR: 无法加载模块:Public

[ 2017-01-13T17:57:19+08:00 ] 127.0.0.1 /Public/js/jquery-1.10.2.min.map
INFO: [ app_init ] --START--
INFO: Run Behavior\BuildLiteBehavior [ RunTime:0.000012s ]
INFO: [ app_init ] --END-- [ RunTime:0.000445s ]
ERR: 无法加载模块:Public

[ 2017-01-13T17:57:22+08:00 ] 127.0.0.1 /Public/js/jquery-1.10.2.min.map
INFO: [ app_init ] --START--
INFO: Run Behavior\BuildLiteBehavior [ RunTime:0.000013s ]
INFO: [ app_init ] --END-- [ RunTime:0.000547s ]
ERR: 无法加载模块:Public

[ 2017-01-13T17:57:32+08:00 ] 127.0.0.1 /Public/js/jquery-1.10.2.min.map
INFO: [ app_init ] --START--
INFO: Run Behavior\BuildLiteBehavior [ RunTime:0.000020s ]
INFO: [ app_init ] --END-- [ RunTime:0.000458s ]
ERR: 无法加载模块:Public

[ 2017-01-13T18:01:46+08:00 ] 127.0.0.1 /Public/js/jquery-1.10.2.min.map
INFO: [ app_init ] --START--
INFO: Run Behavior\BuildLiteBehavior [ RunTime:0.000014s ]
INFO: [ app_init ] --END-- [ RunTime:0.000451s ]
ERR: 无法加载模块:Public

[ 2017-01-13T18:02:19+08:00 ] 127.0.0.1 /Public/js/jquery-1.10.2.min.map
INFO: [ app_init ] --START--
INFO: Run Behavior\BuildLiteBehavior [ RunTime:0.000013s ]
INFO: [ app_init ] --END-- [ RunTime:0.000379s ]
ERR: 无法加载模块:Public

[ 2017-01-13T18:04:18+08:00 ] 127.0.0.1 /Public/js/jquery-1.10.2.min.map
INFO: [ app_init ] --START--
INFO: Run Behavior\BuildLiteBehavior [ RunTime:0.000011s ]
INFO: [ app_init ] --END-- [ RunTime:0.000524s ]
ERR: 无法加载模块:Public

[ 2017-01-13T18:04:36+08:00 ] 127.0.0.1 /Public/js/jquery-1.10.2.min.map
INFO: [ app_init ] --START--
INFO: Run Behavior\BuildLiteBehavior [ RunTime:0.000021s ]
INFO: [ app_init ] --END-- [ RunTime:0.000631s ]
ERR: 无法加载模块:Public

[ 2017-01-13T18:04:38+08:00 ] 127.0.0.1 /Public/js/jquery-1.10.2.min.map
INFO: [ app_init ] --START--
INFO: Run Behavior\BuildLiteBehavior [ RunTime:0.000013s ]
INFO: [ app_init ] --END-- [ RunTime:0.000417s ]
ERR: 无法加载模块:Public

[ 2017-01-13T18:04:40+08:00 ] 127.0.0.1 /Public/js/jquery-1.10.2.min.map
INFO: [ app_init ] --START--
INFO: Run Behavior\BuildLiteBehavior [ RunTime:0.000011s ]
INFO: [ app_init ] --END-- [ RunTime:0.000429s ]
ERR: 无法加载模块:Public

[ 2017-01-13T18:04:44+08:00 ] 127.0.0.1 /Public/js/jquery-1.10.2.min.map
INFO: [ app_init ] --START--
INFO: Run Behavior\BuildLiteBehavior [ RunTime:0.000011s ]
INFO: [ app_init ] --END-- [ RunTime:0.000418s ]
ERR: 无法加载模块:Public

[ 2017-01-13T18:05:09+08:00 ] 127.0.0.1 /Public/js/jquery-1.10.2.min.map
INFO: [ app_init ] --START--
INFO: Run Behavior\BuildLiteBehavior [ RunTime:0.000015s ]
INFO: [ app_init ] --END-- [ RunTime:0.000504s ]
ERR: 无法加载模块:Public

[ 2017-01-13T18:05:35+08:00 ] 127.0.0.1 /Public/js/jquery-1.10.2.min.map
INFO: [ app_init ] --START--
INFO: Run Behavior\BuildLiteBehavior [ RunTime:0.000013s ]
INFO: [ app_init ] --END-- [ RunTime:0.000416s ]
ERR: 无法加载模块:Public

[ 2017-01-13T18:05:40+08:00 ] 127.0.0.1 /Public/js/jquery-1.10.2.min.map
INFO: [ app_init ] --START--
INFO: Run Behavior\BuildLiteBehavior [ RunTime:0.000013s ]
INFO: [ app_init ] --END-- [ RunTime:0.000457s ]
ERR: 无法加载模块:Public

[ 2017-01-13T18:05:42+08:00 ] 127.0.0.1 /Public/js/jquery-1.10.2.min.map
INFO: [ app_init ] --START--
INFO: Run Behavior\BuildLiteBehavior [ RunTime:0.000012s ]
INFO: [ app_init ] --END-- [ RunTime:0.000486s ]
ERR: 无法加载模块:Public

[ 2017-01-13T18:05:44+08:00 ] 127.0.0.1 /Public/js/jquery-1.10.2.min.map
INFO: [ app_init ] --START--
INFO: Run Behavior\BuildLiteBehavior [ RunTime:0.000012s ]
INFO: [ app_init ] --END-- [ RunTime:0.000417s ]
ERR: 无法加载模块:Public

[ 2017-01-13T18:05:48+08:00 ] 127.0.0.1 /Public/js/jquery-1.10.2.min.map
INFO: [ app_init ] --START--
INFO: Run Behavior\BuildLiteBehavior [ RunTime:0.000012s ]
INFO: [ app_init ] --END-- [ RunTime:0.000414s ]
ERR: 无法加载模块:Public

[ 2017-01-13T18:05:50+08:00 ] 127.0.0.1 /Public/js/jquery-1.10.2.min.map
INFO: [ app_init ] --START--
INFO: Run Behavior\BuildLiteBehavior [ RunTime:0.000012s ]
INFO: [ app_init ] --END-- [ RunTime:0.000450s ]
ERR: 无法加载模块:Public

[ 2017-01-13T18:05:52+08:00 ] 127.0.0.1 /Public/js/jquery-1.10.2.min.map
INFO: [ app_init ] --START--
INFO: Run Behavior\BuildLiteBehavior [ RunTime:0.000011s ]
INFO: [ app_init ] --END-- [ RunTime:0.000433s ]
ERR: 无法加载模块:Public

[ 2017-01-13T18:05:55+08:00 ] 127.0.0.1 /Public/js/jquery-1.10.2.min.map
INFO: [ app_init ] --START--
INFO: Run Behavior\BuildLiteBehavior [ RunTime:0.000013s ]
INFO: [ app_init ] --END-- [ RunTime:0.000481s ]
ERR: 无法加载模块:Public

[ 2017-01-13T18:18:30+08:00 ] 127.0.0.1 /Public/js/jquery-1.10.2.min.map
INFO: [ app_init ] --START--
INFO: Run Behavior\BuildLiteBehavior [ RunTime:0.000015s ]
INFO: [ app_init ] --END-- [ RunTime:0.000429s ]
ERR: 无法加载模块:Public

[ 2017-01-13T18:18:32+08:00 ] 127.0.0.1 /Public/js/jquery-1.10.2.min.map
INFO: [ app_init ] --START--
INFO: Run Behavior\BuildLiteBehavior [ RunTime:0.000013s ]
INFO: [ app_init ] --END-- [ RunTime:0.000407s ]
ERR: 无法加载模块:Public

[ 2017-01-13T18:18:39+08:00 ] 127.0.0.1 /Public/js/jquery-1.10.2.min.map
INFO: [ app_init ] --START--
INFO: Run Behavior\BuildLiteBehavior [ RunTime:0.000012s ]
INFO: [ app_init ] --END-- [ RunTime:0.000411s ]
ERR: 无法加载模块:Public

[ 2017-01-13T18:18:45+08:00 ] 127.0.0.1 /Public/js/jquery-1.10.2.min.map
INFO: [ app_init ] --START--
INFO: Run Behavior\BuildLiteBehavior [ RunTime:0.000039s ]
INFO: [ app_init ] --END-- [ RunTime:0.000384s ]
ERR: 无法加载模块:Public

[ 2017-01-13T18:19:02+08:00 ] 127.0.0.1 /Public/js/jquery-1.10.2.min.map
INFO: [ app_init ] --START--
INFO: Run Behavior\BuildLiteBehavior [ RunTime:0.000011s ]
INFO: [ app_init ] --END-- [ RunTime:0.000507s ]
ERR: 无法加载模块:Public

[ 2017-01-13T18:53:46+08:00 ] 127.0.0.1 /Public/js/jquery-1.10.2.min.map
INFO: [ app_init ] --START--
INFO: Run Behavior\BuildLiteBehavior [ RunTime:0.000014s ]
INFO: [ app_init ] --END-- [ RunTime:0.000557s ]
ERR: 无法加载模块:Public

[ 2017-01-13T18:53:47+08:00 ] 127.0.0.1 /Public/js/jquery-1.10.2.min.map
INFO: [ app_init ] --START--
INFO: Run Behavior\BuildLiteBehavior [ RunTime:0.000012s ]
INFO: [ app_init ] --END-- [ RunTime:0.000512s ]
ERR: 无法加载模块:Public

[ 2017-01-13T18:53:49+08:00 ] 127.0.0.1 /Public/js/jquery-1.10.2.min.map
INFO: [ app_init ] --START--
INFO: Run Behavior\BuildLiteBehavior [ RunTime:0.000011s ]
INFO: [ app_init ] --END-- [ RunTime:0.000544s ]
ERR: 无法加载模块:Public

[ 2017-01-13T18:53:52+08:00 ] 127.0.0.1 /Public/js/jquery-1.10.2.min.map
INFO: [ app_init ] --START--
INFO: Run Behavior\BuildLiteBehavior [ RunTime:0.000013s ]
INFO: [ app_init ] --END-- [ RunTime:0.000499s ]
ERR: 无法加载模块:Public

[ 2017-01-13T18:53:56+08:00 ] 127.0.0.1 /Public/js/jquery-1.10.2.min.map
INFO: [ app_init ] --START--
INFO: Run Behavior\BuildLiteBehavior [ RunTime:0.000012s ]
INFO: [ app_init ] --END-- [ RunTime:0.000473s ]
ERR: 无法加载模块:Public

[ 2017-01-13T18:54:00+08:00 ] 127.0.0.1 /Public/js/jquery-1.10.2.min.map
INFO: [ app_init ] --START--
INFO: Run Behavior\BuildLiteBehavior [ RunTime:0.000012s ]
INFO: [ app_init ] --END-- [ RunTime:0.000455s ]
ERR: 无法加载模块:Public

[ 2017-01-13T18:57:36+08:00 ] 127.0.0.1 /Public/js/jquery-1.10.2.min.map
INFO: [ app_init ] --START--
INFO: Run Behavior\BuildLiteBehavior [ RunTime:0.000011s ]
INFO: [ app_init ] --END-- [ RunTime:0.000450s ]
ERR: 无法加载模块:Public

[ 2017-01-13T19:08:02+08:00 ] 127.0.0.1 /Public/js/jquery-1.10.2.min.map
INFO: [ app_init ] --START--
INFO: Run Behavior\BuildLiteBehavior [ RunTime:0.000013s ]
INFO: [ app_init ] --END-- [ RunTime:0.000624s ]
ERR: 无法加载模块:Public

