[ 2017-02-13T09:01:46+08:00 ] 127.0.0.1 /Home/Login/selectIdentity/token/OFH1axGzYbapmQ.html
INFO: [ app_init ] --START--
INFO: Run Behavior\BuildLiteBehavior [ RunTime:0.000015s ]
INFO: [ app_init ] --END-- [ RunTime:0.007731s ]
INFO: [ app_begin ] --START--
INFO: Run Behavior\ReadHtmlCacheBehavior [ RunTime:0.001039s ]
INFO: [ app_begin ] --END-- [ RunTime:0.001081s ]
INFO: [ view_parse ] --START--
INFO: [ template_filter ] --START--
INFO: Run Behavior\ContentReplaceBehavior [ RunTime:0.000033s ]
INFO: [ template_filter ] --END-- [ RunTime:0.000076s ]
INFO: Run Behavior\ParseTemplateBehavior [ RunTime:0.065173s ]
INFO: [ view_parse ] --END-- [ RunTime:0.065214s ]
INFO: [ view_filter ] --START--
INFO: Run Behavior\WriteHtmlCacheBehavior [ RunTime:0.000850s ]
INFO: [ view_filter ] --END-- [ RunTime:0.000879s ]
INFO: [ app_end ] --START--
INFO: Run Behavior\ShowPageTraceBehavior [ RunTime:0.000992s ]
INFO: [ app_end ] --END-- [ RunTime:0.001028s ]

[ 2017-02-13T09:02:54+08:00 ] 127.0.0.1 /Home/Login/selectIdentity/token/MQiiORLsYuev.html
INFO: [ app_init ] --START--
INFO: Run Behavior\BuildLiteBehavior [ RunTime:0.000013s ]
INFO: [ app_init ] --END-- [ RunTime:0.000580s ]
INFO: [ app_begin ] --START--
INFO: Run Behavior\ReadHtmlCacheBehavior [ RunTime:0.000750s ]
INFO: [ app_begin ] --END-- [ RunTime:0.000793s ]
INFO: [ view_parse ] --START--
INFO: [ template_filter ] --START--
INFO: Run Behavior\ContentReplaceBehavior [ RunTime:0.000033s ]
INFO: [ template_filter ] --END-- [ RunTime:0.000075s ]
INFO: Run Behavior\ParseTemplateBehavior [ RunTime:0.007937s ]
INFO: [ view_parse ] --END-- [ RunTime:0.007995s ]
INFO: [ view_filter ] --START--
INFO: Run Behavior\WriteHtmlCacheBehavior [ RunTime:0.000519s ]
INFO: [ view_filter ] --END-- [ RunTime:0.000553s ]
INFO: [ app_end ] --START--
INFO: Run Behavior\ShowPageTraceBehavior [ RunTime:0.001771s ]
INFO: [ app_end ] --END-- [ RunTime:0.001959s ]

[ 2017-02-13T09:04:57+08:00 ] 127.0.0.1 /Home/Product/productList/token/OFH1axGzYbapmQ.html
INFO: [ app_init ] --START--
INFO: Run Behavior\BuildLiteBehavior [ RunTime:0.000012s ]
INFO: [ app_init ] --END-- [ RunTime:0.000436s ]
INFO: [ app_begin ] --START--
INFO: Run Behavior\ReadHtmlCacheBehavior [ RunTime:0.000666s ]
INFO: [ app_begin ] --END-- [ RunTime:0.000714s ]
SQL: SHOW COLUMNS FROM `whh_product` [ RunTime:0.0200s ]
SQL: SELECT COUNT(*) AS tp_count FROM `whh_product` WHERE (  prod_status = 1 and prod_uid != 23 ) LIMIT 1   [ RunTime:0.0054s ]
SQL: SELECT `prod_id`,`prod_name`,`prod_logo`,`prod_rate`,`prod_term`,`prod_money` FROM `whh_product` WHERE (  prod_status = 1 and prod_uid != 23 ) ORDER BY prod_id desc LIMIT 0,10   [ RunTime:0.0006s ]
SQL: SHOW COLUMNS FROM `whh_follow` [ RunTime:0.0211s ]
SQL: SELECT `he_id` FROM `whh_follow` WHERE ( my_id = '23' and follow_type = 2 )  [ RunTime:0.0008s ]
NOTIC: [2] Invalid argument supplied for foreach() D:\WWW\whh\Application\Home\Controller\ProductController.class.php 第 23 行.
NOTIC: [8] Undefined variable: collect D:\WWW\whh\Application\Home\Controller\ProductController.class.php 第 26 行.
NOTIC: [2] array_flip() expects parameter 1 to be array, null given D:\WWW\whh\Application\Home\Controller\ProductController.class.php 第 26 行.
NOTIC: [2] array_key_exists() expects parameter 2 to be array, null given D:\WWW\whh\Application\Home\Controller\ProductController.class.php 第 28 行.
NOTIC: [2] array_key_exists() expects parameter 2 to be array, null given D:\WWW\whh\Application\Home\Controller\ProductController.class.php 第 28 行.
NOTIC: [2] array_key_exists() expects parameter 2 to be array, null given D:\WWW\whh\Application\Home\Controller\ProductController.class.php 第 28 行.
NOTIC: [2] array_key_exists() expects parameter 2 to be array, null given D:\WWW\whh\Application\Home\Controller\ProductController.class.php 第 28 行.
NOTIC: [2] array_key_exists() expects parameter 2 to be array, null given D:\WWW\whh\Application\Home\Controller\ProductController.class.php 第 28 行.
INFO: [ view_parse ] --START--
INFO: [ template_filter ] --START--
INFO: Run Behavior\ContentReplaceBehavior [ RunTime:0.000042s ]
INFO: [ template_filter ] --END-- [ RunTime:0.000078s ]
INFO: Run Behavior\ParseTemplateBehavior [ RunTime:0.022884s ]
INFO: [ view_parse ] --END-- [ RunTime:0.022946s ]
INFO: [ view_filter ] --START--
INFO: Run Behavior\WriteHtmlCacheBehavior [ RunTime:0.000484s ]
INFO: [ view_filter ] --END-- [ RunTime:0.000512s ]
INFO: [ app_end ] --START--
INFO: Run Behavior\ShowPageTraceBehavior [ RunTime:0.000604s ]
INFO: [ app_end ] --END-- [ RunTime:0.000640s ]

[ 2017-02-13T14:00:47+08:00 ] 127.0.0.1 /Home/Invest/investList/token/OFH1axGzYbapmQ.html
INFO: [ app_init ] --START--
INFO: Run Behavior\BuildLiteBehavior [ RunTime:0.000047s ]
INFO: [ app_init ] --END-- [ RunTime:0.000960s ]
INFO: [ app_begin ] --START--
INFO: Run Behavior\ReadHtmlCacheBehavior [ RunTime:0.000726s ]
INFO: [ app_begin ] --END-- [ RunTime:0.000786s ]
SQL: SHOW COLUMNS FROM `whh_invest` [ RunTime:0.0742s ]
SQL: SELECT COUNT(*) AS tp_count FROM `whh_invest` WHERE ( inv_status = 1 and inv_uid != 23 ) LIMIT 1   [ RunTime:0.0111s ]
SQL: SELECT `inv_id`,`inv_name`,`inv_logo`,`inv_in_company`,`inv_type` FROM `whh_invest` WHERE ( inv_status = 1 and inv_uid != 23 ) ORDER BY inv_id desc LIMIT 0,10   [ RunTime:0.0012s ]
INFO: [ view_parse ] --START--
INFO: [ template_filter ] --START--
INFO: Run Behavior\ContentReplaceBehavior [ RunTime:0.000138s ]
INFO: [ template_filter ] --END-- [ RunTime:0.000273s ]
INFO: Run Behavior\ParseTemplateBehavior [ RunTime:0.036544s ]
INFO: [ view_parse ] --END-- [ RunTime:0.036649s ]
INFO: [ view_filter ] --START--
INFO: Run Behavior\WriteHtmlCacheBehavior [ RunTime:0.000778s ]
INFO: [ view_filter ] --END-- [ RunTime:0.000839s ]
INFO: [ app_end ] --START--
INFO: Run Behavior\ShowPageTraceBehavior [ RunTime:0.001170s ]
INFO: [ app_end ] --END-- [ RunTime:0.001245s ]

[ 2017-02-13T14:00:49+08:00 ] 127.0.0.1 /Home/Invest/investDetail/token/OFH1axGzYbapmQ/inv_id/8.html
INFO: [ app_init ] --START--
INFO: Run Behavior\BuildLiteBehavior [ RunTime:0.000017s ]
INFO: [ app_init ] --END-- [ RunTime:0.000615s ]
INFO: [ app_begin ] --START--
INFO: Run Behavior\ReadHtmlCacheBehavior [ RunTime:0.000768s ]
INFO: [ app_begin ] --END-- [ RunTime:0.000816s ]
SQL: SHOW COLUMNS FROM `whh_invest` [ RunTime:0.0203s ]
SQL: UPDATE `whh_invest` SET `inv_seen`=inv_seen + 1 WHERE ( inv_id = 8 ) [ RunTime:0.1623s ]
SQL: SELECT `inv_id`,`inv_name`,`inv_logo`,`inv_yue_money`,`inv_seen`,`inv_min_money`,`inv_max_money`,`inv_field`,`inv_introduce`,`inv_type`,`inv_logo_one`,`inv_logo_two`,`inv_company_one`,`inv_company_two`,`inv_in_company`,`inv_in_logo`,`inv_in_com`,`inv_yue_num`,`inv_yue_time`,`inv_yue_address` FROM `whh_invest` WHERE ( inv_id = 8 ) LIMIT 1   [ RunTime:0.0005s ]
SQL: SHOW COLUMNS FROM `whh_follow` [ RunTime:0.0078s ]
SQL: SELECT `fid` FROM `whh_follow` WHERE ( my_id = '23' and he_id = '8' and follow_type = '3' ) LIMIT 1   [ RunTime:0.0003s ]
SQL: SHOW COLUMNS FROM `whh_appointment` [ RunTime:0.0074s ]
SQL: SELECT `appid` FROM `whh_appointment` WHERE ( launch_id = '23' and accept_id = '8' and accept_paystatus = '1' and accept_order_type = '3' ) LIMIT 1   [ RunTime:0.0003s ]
INFO: [ view_parse ] --START--
INFO: [ template_filter ] --START--
INFO: Run Behavior\ContentReplaceBehavior [ RunTime:0.000111s ]
INFO: [ template_filter ] --END-- [ RunTime:0.000160s ]
INFO: Run Behavior\ParseTemplateBehavior [ RunTime:0.041128s ]
INFO: [ view_parse ] --END-- [ RunTime:0.041176s ]
INFO: [ view_filter ] --START--
INFO: Run Behavior\WriteHtmlCacheBehavior [ RunTime:0.000384s ]
INFO: [ view_filter ] --END-- [ RunTime:0.000413s ]
INFO: [ app_end ] --START--
INFO: Run Behavior\ShowPageTraceBehavior [ RunTime:0.000774s ]
INFO: [ app_end ] --END-- [ RunTime:0.000843s ]

[ 2017-02-13T14:03:16+08:00 ] 127.0.0.1 /Home/Invest/appointment.html
INFO: [ app_init ] --START--
INFO: Run Behavior\BuildLiteBehavior [ RunTime:0.000013s ]
INFO: [ app_init ] --END-- [ RunTime:0.000522s ]
INFO: [ app_begin ] --START--
INFO: Run Behavior\ReadHtmlCacheBehavior [ RunTime:0.000714s ]
INFO: [ app_begin ] --END-- [ RunTime:0.000752s ]
SQL: SHOW COLUMNS FROM `whh_user` [ RunTime:0.0199s ]
SQL: SELECT a.realname,a.birthday,a.company,a.work,a.idcard,b.app_card FROM whh_user a left join whh_user_extend as b on a.id = b.uid  WHERE ( a.id = '23' ) LIMIT 1   [ RunTime:0.0472s ]
NOTIC: [2] Invalid argument supplied for foreach() D:\WWW\whh\Application\Home\Controller\InvestController.class.php 第 109 行.
SQL: SHOW COLUMNS FROM `whh_invest` [ RunTime:0.0084s ]
SQL: SELECT `inv_uid`,`inv_yue_money`,`inv_yue_time`,`inv_yue_address` FROM `whh_invest` WHERE ( inv_id = 8 ) LIMIT 1   [ RunTime:0.0004s ]
SQL: SHOW COLUMNS FROM `whh_appointment` [ RunTime:0.0078s ]
SQL: INSERT INTO `whh_appointment` (`launch_id`,`accept_id`,`accept_uid`,`launch_time`,`app_time`,`app_address`,`accept_income`,`accept_order_type`) VALUES ('23','8','8','1486965796','','','0','3') [ RunTime:0.0004s ]
SQL: UPDATE `whh_invest` SET `inv_yue_num`=inv_yue_num + 1 WHERE ( inv_id = 8 ) [ RunTime:0.0003s ]
SQL: SHOW COLUMNS FROM `whh_user_extend` [ RunTime:0.0079s ]
SQL: UPDATE `whh_user_extend` SET `app_yue_num`=app_yue_num + 1 WHERE ( uid = 23 ) [ RunTime:0.0004s ]
INFO: [ app_end ] --START--
INFO: Run Behavior\ShowPageTraceBehavior [ RunTime:0.000697s ]
INFO: [ app_end ] --END-- [ RunTime:0.000727s ]

[ 2017-02-13T14:04:24+08:00 ] 127.0.0.1 /Home/Invest/investDetail/token/OFH1axGzYbapmQ/inv_id/8.html
INFO: [ app_init ] --START--
INFO: Run Behavior\BuildLiteBehavior [ RunTime:0.000012s ]
INFO: [ app_init ] --END-- [ RunTime:0.000579s ]
INFO: [ app_begin ] --START--
INFO: Run Behavior\ReadHtmlCacheBehavior [ RunTime:0.000642s ]
INFO: [ app_begin ] --END-- [ RunTime:0.000683s ]
SQL: SHOW COLUMNS FROM `whh_invest` [ RunTime:0.0206s ]
SQL: UPDATE `whh_invest` SET `inv_seen`=inv_seen + 1 WHERE ( inv_id = 8 ) [ RunTime:0.0009s ]
SQL: SELECT `inv_id`,`inv_name`,`inv_logo`,`inv_yue_money`,`inv_seen`,`inv_min_money`,`inv_max_money`,`inv_field`,`inv_introduce`,`inv_type`,`inv_logo_one`,`inv_logo_two`,`inv_company_one`,`inv_company_two`,`inv_in_company`,`inv_in_logo`,`inv_in_com`,`inv_yue_num`,`inv_yue_time`,`inv_yue_address` FROM `whh_invest` WHERE ( inv_id = 8 ) LIMIT 1   [ RunTime:0.0014s ]
SQL: SHOW COLUMNS FROM `whh_follow` [ RunTime:0.0200s ]
SQL: SELECT `fid` FROM `whh_follow` WHERE ( my_id = '23' and he_id = '8' and follow_type = '3' ) LIMIT 1   [ RunTime:0.0008s ]
SQL: SHOW COLUMNS FROM `whh_appointment` [ RunTime:0.0120s ]
SQL: SELECT `appid` FROM `whh_appointment` WHERE ( launch_id = '23' and accept_id = '8' and accept_paystatus = '1' and accept_order_type = '3' ) LIMIT 1   [ RunTime:0.0005s ]
INFO: [ view_parse ] --START--
INFO: [ template_filter ] --START--
INFO: Run Behavior\ContentReplaceBehavior [ RunTime:0.000061s ]
INFO: [ template_filter ] --END-- [ RunTime:0.000096s ]
NOTIC: [8] Undefined index: prod_id D:\WWW\whh\Application\Runtime\Cache\Home\1874312445b929f5a86e518a9f5b3be9.php 第 116 行.
INFO: Run Behavior\ParseTemplateBehavior [ RunTime:0.010638s ]
INFO: [ view_parse ] --END-- [ RunTime:0.010691s ]
INFO: [ view_filter ] --START--
INFO: Run Behavior\WriteHtmlCacheBehavior [ RunTime:0.000426s ]
INFO: [ view_filter ] --END-- [ RunTime:0.000454s ]
INFO: [ app_end ] --START--
INFO: Run Behavior\ShowPageTraceBehavior [ RunTime:0.000558s ]
INFO: [ app_end ] --END-- [ RunTime:0.000592s ]

[ 2017-02-13T14:05:10+08:00 ] 127.0.0.1 /Home/Invest/investDetail/token/OFH1axGzYbapmQ/inv_id/8.html
INFO: [ app_init ] --START--
INFO: Run Behavior\BuildLiteBehavior [ RunTime:0.000012s ]
INFO: [ app_init ] --END-- [ RunTime:0.000534s ]
INFO: [ app_begin ] --START--
INFO: Run Behavior\ReadHtmlCacheBehavior [ RunTime:0.000612s ]
INFO: [ app_begin ] --END-- [ RunTime:0.000648s ]
SQL: SHOW COLUMNS FROM `whh_invest` [ RunTime:0.0203s ]
SQL: UPDATE `whh_invest` SET `inv_seen`=inv_seen + 1 WHERE ( inv_id = 8 ) [ RunTime:0.0010s ]
SQL: SELECT `inv_id`,`inv_name`,`inv_logo`,`inv_yue_money`,`inv_seen`,`inv_min_money`,`inv_max_money`,`inv_field`,`inv_introduce`,`inv_type`,`inv_logo_one`,`inv_logo_two`,`inv_company_one`,`inv_company_two`,`inv_in_company`,`inv_in_logo`,`inv_in_com`,`inv_yue_num`,`inv_yue_time`,`inv_yue_address` FROM `whh_invest` WHERE ( inv_id = 8 ) LIMIT 1   [ RunTime:0.0013s ]
SQL: SHOW COLUMNS FROM `whh_follow` [ RunTime:0.0192s ]
SQL: SELECT `fid` FROM `whh_follow` WHERE ( my_id = '23' and he_id = '8' and follow_type = '3' ) LIMIT 1   [ RunTime:0.0008s ]
SQL: SHOW COLUMNS FROM `whh_appointment` [ RunTime:0.0176s ]
SQL: SELECT `appid` FROM `whh_appointment` WHERE ( launch_id = '23' and accept_id = '8' and accept_paystatus = '1' and accept_order_type = '3' ) LIMIT 1   [ RunTime:0.0006s ]
INFO: [ view_parse ] --START--
INFO: [ template_filter ] --START--
INFO: Run Behavior\ContentReplaceBehavior [ RunTime:0.000058s ]
INFO: [ template_filter ] --END-- [ RunTime:0.000093s ]
INFO: Run Behavior\ParseTemplateBehavior [ RunTime:0.011424s ]
INFO: [ view_parse ] --END-- [ RunTime:0.011500s ]
INFO: [ view_filter ] --START--
INFO: Run Behavior\WriteHtmlCacheBehavior [ RunTime:0.000361s ]
INFO: [ view_filter ] --END-- [ RunTime:0.000390s ]
INFO: [ app_end ] --START--
INFO: Run Behavior\ShowPageTraceBehavior [ RunTime:0.000720s ]
INFO: [ app_end ] --END-- [ RunTime:0.000756s ]

[ 2017-02-13T14:05:18+08:00 ] 127.0.0.1 /Home/Invest/appointment.html
INFO: [ app_init ] --START--
INFO: Run Behavior\BuildLiteBehavior [ RunTime:0.000011s ]
INFO: [ app_init ] --END-- [ RunTime:0.000469s ]
INFO: [ app_begin ] --START--
INFO: Run Behavior\ReadHtmlCacheBehavior [ RunTime:0.000596s ]
INFO: [ app_begin ] --END-- [ RunTime:0.000632s ]
SQL: SHOW COLUMNS FROM `whh_user` [ RunTime:0.0196s ]
SQL: SELECT a.realname,a.birthday,a.company,a.work,a.idcard,b.app_card FROM whh_user a left join whh_user_extend as b on a.id = b.uid  WHERE ( a.id = '23' ) LIMIT 1   [ RunTime:0.0009s ]
NOTIC: [2] Invalid argument supplied for foreach() D:\WWW\whh\Application\Home\Controller\InvestController.class.php 第 109 行.
SQL: SHOW COLUMNS FROM `whh_invest` [ RunTime:0.0179s ]
SQL: SELECT `inv_uid`,`inv_yue_money`,`inv_yue_time`,`inv_yue_address` FROM `whh_invest` WHERE ( inv_id = 8 ) LIMIT 1   [ RunTime:0.0008s ]
SQL: SHOW COLUMNS FROM `whh_appointment` [ RunTime:0.0163s ]
SQL: INSERT INTO `whh_appointment` (`launch_id`,`accept_id`,`accept_uid`,`launch_time`,`app_time`,`app_address`,`accept_income`,`accept_order_type`) VALUES ('23','8','8','1486965918','','','0','3') [ RunTime:0.0004s ]
SQL: UPDATE `whh_invest` SET `inv_yue_num`=inv_yue_num + 1 WHERE ( inv_id = 8 ) [ RunTime:0.0004s ]
SQL: SHOW COLUMNS FROM `whh_user_extend` [ RunTime:0.0178s ]
SQL: UPDATE `whh_user_extend` SET `app_yue_num`=app_yue_num + 1 WHERE ( uid = 23 ) [ RunTime:0.0003s ]
INFO: [ app_end ] --START--
INFO: Run Behavior\ShowPageTraceBehavior [ RunTime:0.000837s ]
INFO: [ app_end ] --END-- [ RunTime:0.000885s ]

[ 2017-02-13T14:05:27+08:00 ] 127.0.0.1 /Home/Invest/investDetail/token/OFH1axGzYbapmQ/inv_id/8.html
INFO: [ app_init ] --START--
INFO: Run Behavior\BuildLiteBehavior [ RunTime:0.000011s ]
INFO: [ app_init ] --END-- [ RunTime:0.000460s ]
INFO: [ app_begin ] --START--
INFO: Run Behavior\ReadHtmlCacheBehavior [ RunTime:0.000604s ]
INFO: [ app_begin ] --END-- [ RunTime:0.000640s ]
SQL: SHOW COLUMNS FROM `whh_invest` [ RunTime:0.0080s ]
SQL: UPDATE `whh_invest` SET `inv_seen`=inv_seen + 1 WHERE ( inv_id = 8 ) [ RunTime:0.0003s ]
SQL: SELECT `inv_id`,`inv_name`,`inv_logo`,`inv_yue_money`,`inv_seen`,`inv_min_money`,`inv_max_money`,`inv_field`,`inv_introduce`,`inv_type`,`inv_logo_one`,`inv_logo_two`,`inv_company_one`,`inv_company_two`,`inv_in_company`,`inv_in_logo`,`inv_in_com`,`inv_yue_num`,`inv_yue_time`,`inv_yue_address` FROM `whh_invest` WHERE ( inv_id = 8 ) LIMIT 1   [ RunTime:0.0005s ]
SQL: SHOW COLUMNS FROM `whh_follow` [ RunTime:0.0082s ]
SQL: SELECT `fid` FROM `whh_follow` WHERE ( my_id = '23' and he_id = '8' and follow_type = '3' ) LIMIT 1   [ RunTime:0.0003s ]
SQL: SHOW COLUMNS FROM `whh_appointment` [ RunTime:0.0078s ]
SQL: SELECT `appid` FROM `whh_appointment` WHERE ( launch_id = '23' and accept_id = '8' and accept_paystatus = '1' and accept_order_type = '3' ) LIMIT 1   [ RunTime:0.0003s ]
INFO: [ view_parse ] --START--
INFO: [ template_filter ] --START--
INFO: Run Behavior\ContentReplaceBehavior [ RunTime:0.000059s ]
INFO: [ template_filter ] --END-- [ RunTime:0.000091s ]
NOTIC: [8] Undefined index: prod_id D:\WWW\whh\Application\Runtime\Cache\Home\1874312445b929f5a86e518a9f5b3be9.php 第 116 行.
INFO: Run Behavior\ParseTemplateBehavior [ RunTime:0.009324s ]
INFO: [ view_parse ] --END-- [ RunTime:0.009367s ]
INFO: [ view_filter ] --START--
INFO: Run Behavior\WriteHtmlCacheBehavior [ RunTime:0.000394s ]
INFO: [ view_filter ] --END-- [ RunTime:0.000423s ]
INFO: [ app_end ] --START--
INFO: Run Behavior\ShowPageTraceBehavior [ RunTime:0.000694s ]
INFO: [ app_end ] --END-- [ RunTime:0.000746s ]

[ 2017-02-13T14:06:09+08:00 ] 127.0.0.1 /Home/Invest/investDetail/token/OFH1axGzYbapmQ/inv_id/8.html
INFO: [ app_init ] --START--
INFO: Run Behavior\BuildLiteBehavior [ RunTime:0.000045s ]
INFO: [ app_init ] --END-- [ RunTime:0.000992s ]
INFO: [ app_begin ] --START--
INFO: Run Behavior\ReadHtmlCacheBehavior [ RunTime:0.000633s ]
INFO: [ app_begin ] --END-- [ RunTime:0.000679s ]
SQL: SHOW COLUMNS FROM `whh_invest` [ RunTime:0.0210s ]
SQL: UPDATE `whh_invest` SET `inv_seen`=inv_seen + 1 WHERE ( inv_id = 8 ) [ RunTime:0.0009s ]
SQL: SELECT `inv_id`,`inv_name`,`inv_logo`,`inv_yue_money`,`inv_seen`,`inv_min_money`,`inv_max_money`,`inv_field`,`inv_introduce`,`inv_type`,`inv_logo_one`,`inv_logo_two`,`inv_company_one`,`inv_company_two`,`inv_in_company`,`inv_in_logo`,`inv_in_com`,`inv_yue_num`,`inv_yue_time`,`inv_yue_address` FROM `whh_invest` WHERE ( inv_id = 8 ) LIMIT 1   [ RunTime:0.0013s ]
SQL: SHOW COLUMNS FROM `whh_follow` [ RunTime:0.0132s ]
SQL: SELECT `fid` FROM `whh_follow` WHERE ( my_id = '23' and he_id = '8' and follow_type = '3' ) LIMIT 1   [ RunTime:0.0005s ]
SQL: SHOW COLUMNS FROM `whh_appointment` [ RunTime:0.0095s ]
SQL: SELECT `appid` FROM `whh_appointment` WHERE ( launch_id = '23' and accept_id = '8' and accept_paystatus = '1' and accept_order_type = '3' ) LIMIT 1   [ RunTime:0.0004s ]
INFO: [ view_parse ] --START--
INFO: [ template_filter ] --START--
INFO: Run Behavior\ContentReplaceBehavior [ RunTime:0.000080s ]
INFO: [ template_filter ] --END-- [ RunTime:0.000122s ]
INFO: Run Behavior\ParseTemplateBehavior [ RunTime:0.011922s ]
INFO: [ view_parse ] --END-- [ RunTime:0.011982s ]
INFO: [ view_filter ] --START--
INFO: Run Behavior\WriteHtmlCacheBehavior [ RunTime:0.000391s ]
INFO: [ view_filter ] --END-- [ RunTime:0.000426s ]
INFO: [ app_end ] --START--
INFO: Run Behavior\ShowPageTraceBehavior [ RunTime:0.000655s ]
INFO: [ app_end ] --END-- [ RunTime:0.000701s ]

[ 2017-02-13T14:06:12+08:00 ] 127.0.0.1 /Home/Invest/appointment.html
INFO: [ app_init ] --START--
INFO: Run Behavior\BuildLiteBehavior [ RunTime:0.000011s ]
INFO: [ app_init ] --END-- [ RunTime:0.000396s ]
INFO: [ app_begin ] --START--
INFO: Run Behavior\ReadHtmlCacheBehavior [ RunTime:0.000578s ]
INFO: [ app_begin ] --END-- [ RunTime:0.000610s ]
SQL: SHOW COLUMNS FROM `whh_user` [ RunTime:0.0144s ]
SQL: SELECT a.realname,a.birthday,a.company,a.work,a.idcard,b.app_card FROM whh_user a left join whh_user_extend as b on a.id = b.uid  WHERE ( a.id = '23' ) LIMIT 1   [ RunTime:0.0007s ]
NOTIC: [2] Invalid argument supplied for foreach() D:\WWW\whh\Application\Home\Controller\InvestController.class.php 第 109 行.
SQL: SHOW COLUMNS FROM `whh_invest` [ RunTime:0.0144s ]
SQL: SELECT `inv_uid`,`inv_yue_money`,`inv_yue_time`,`inv_yue_address` FROM `whh_invest` WHERE ( inv_id = 8 ) LIMIT 1   [ RunTime:0.0006s ]
SQL: SHOW COLUMNS FROM `whh_appointment` [ RunTime:0.0142s ]
SQL: INSERT INTO `whh_appointment` (`launch_id`,`accept_id`,`accept_uid`,`launch_time`,`app_time`,`app_address`,`accept_income`,`accept_order_type`) VALUES ('23','8','8','1486965972','','','0','3') [ RunTime:0.0006s ]
SQL: UPDATE `whh_invest` SET `inv_yue_num`=inv_yue_num + 1 WHERE ( inv_id = 8 ) [ RunTime:0.0006s ]
SQL: SHOW COLUMNS FROM `whh_user_extend` [ RunTime:0.0111s ]
SQL: UPDATE `whh_user_extend` SET `app_yue_num`=app_yue_num + 1 WHERE ( uid = 23 ) [ RunTime:0.0004s ]
INFO: [ app_end ] --START--
INFO: Run Behavior\ShowPageTraceBehavior [ RunTime:0.000902s ]
INFO: [ app_end ] --END-- [ RunTime:0.000957s ]

[ 2017-02-13T14:06:18+08:00 ] 127.0.0.1 /Home/Invest/investDetail/token/OFH1axGzYbapmQ/inv_id/8.html
INFO: [ app_init ] --START--
INFO: Run Behavior\BuildLiteBehavior [ RunTime:0.000013s ]
INFO: [ app_init ] --END-- [ RunTime:0.000627s ]
INFO: [ app_begin ] --START--
INFO: Run Behavior\ReadHtmlCacheBehavior [ RunTime:0.001027s ]
INFO: [ app_begin ] --END-- [ RunTime:0.001153s ]
SQL: SHOW COLUMNS FROM `whh_invest` [ RunTime:0.0208s ]
SQL: UPDATE `whh_invest` SET `inv_seen`=inv_seen + 1 WHERE ( inv_id = 8 ) [ RunTime:0.0008s ]
SQL: SELECT `inv_id`,`inv_name`,`inv_logo`,`inv_yue_money`,`inv_seen`,`inv_min_money`,`inv_max_money`,`inv_field`,`inv_introduce`,`inv_type`,`inv_logo_one`,`inv_logo_two`,`inv_company_one`,`inv_company_two`,`inv_in_company`,`inv_in_logo`,`inv_in_com`,`inv_yue_num`,`inv_yue_time`,`inv_yue_address` FROM `whh_invest` WHERE ( inv_id = 8 ) LIMIT 1   [ RunTime:0.0009s ]
SQL: SHOW COLUMNS FROM `whh_follow` [ RunTime:0.0121s ]
SQL: SELECT `fid` FROM `whh_follow` WHERE ( my_id = '23' and he_id = '8' and follow_type = '3' ) LIMIT 1   [ RunTime:0.0005s ]
SQL: SHOW COLUMNS FROM `whh_appointment` [ RunTime:0.0085s ]
SQL: SELECT `appid` FROM `whh_appointment` WHERE ( launch_id = '23' and accept_id = '8' and accept_paystatus = '1' and accept_order_type = '3' ) LIMIT 1   [ RunTime:0.0003s ]
INFO: [ view_parse ] --START--
INFO: [ template_filter ] --START--
INFO: Run Behavior\ContentReplaceBehavior [ RunTime:0.000062s ]
INFO: [ template_filter ] --END-- [ RunTime:0.000100s ]
NOTIC: [8] Undefined index: prod_id D:\WWW\whh\Application\Runtime\Cache\Home\1874312445b929f5a86e518a9f5b3be9.php 第 116 行.
INFO: Run Behavior\ParseTemplateBehavior [ RunTime:0.009714s ]
INFO: [ view_parse ] --END-- [ RunTime:0.009761s ]
INFO: [ view_filter ] --START--
INFO: Run Behavior\WriteHtmlCacheBehavior [ RunTime:0.000351s ]
INFO: [ view_filter ] --END-- [ RunTime:0.000380s ]
INFO: [ app_end ] --START--
INFO: Run Behavior\ShowPageTraceBehavior [ RunTime:0.000699s ]
INFO: [ app_end ] --END-- [ RunTime:0.000735s ]

[ 2017-02-13T14:06:32+08:00 ] 127.0.0.1 /Home/Invest/investDetail/token/OFH1axGzYbapmQ/inv_id/8.html
INFO: [ app_init ] --START--
INFO: Run Behavior\BuildLiteBehavior [ RunTime:0.000013s ]
INFO: [ app_init ] --END-- [ RunTime:0.000407s ]
INFO: [ app_begin ] --START--
INFO: Run Behavior\ReadHtmlCacheBehavior [ RunTime:0.000669s ]
INFO: [ app_begin ] --END-- [ RunTime:0.000712s ]
SQL: SHOW COLUMNS FROM `whh_invest` [ RunTime:0.0084s ]
SQL: UPDATE `whh_invest` SET `inv_seen`=inv_seen + 1 WHERE ( inv_id = 8 ) [ RunTime:0.0003s ]
SQL: SELECT `inv_id`,`inv_name`,`inv_logo`,`inv_yue_money`,`inv_seen`,`inv_min_money`,`inv_max_money`,`inv_field`,`inv_introduce`,`inv_type`,`inv_logo_one`,`inv_logo_two`,`inv_company_one`,`inv_company_two`,`inv_in_company`,`inv_in_logo`,`inv_in_com`,`inv_yue_num`,`inv_yue_time`,`inv_yue_address` FROM `whh_invest` WHERE ( inv_id = 8 ) LIMIT 1   [ RunTime:0.0005s ]
SQL: SHOW COLUMNS FROM `whh_follow` [ RunTime:0.0071s ]
SQL: SELECT `fid` FROM `whh_follow` WHERE ( my_id = '23' and he_id = '8' and follow_type = '3' ) LIMIT 1   [ RunTime:0.0003s ]
SQL: SHOW COLUMNS FROM `whh_appointment` [ RunTime:0.0072s ]
SQL: SELECT `appid` FROM `whh_appointment` WHERE ( launch_id = '23' and accept_id = '8' and accept_paystatus = '1' and accept_order_type = '3' ) LIMIT 1   [ RunTime:0.0003s ]
INFO: [ view_parse ] --START--
INFO: [ template_filter ] --START--
INFO: Run Behavior\ContentReplaceBehavior [ RunTime:0.000073s ]
INFO: [ template_filter ] --END-- [ RunTime:0.000116s ]
INFO: Run Behavior\ParseTemplateBehavior [ RunTime:0.010256s ]
INFO: [ view_parse ] --END-- [ RunTime:0.010306s ]
INFO: [ view_filter ] --START--
INFO: Run Behavior\WriteHtmlCacheBehavior [ RunTime:0.000500s ]
INFO: [ view_filter ] --END-- [ RunTime:0.000535s ]
INFO: [ app_end ] --START--
INFO: Run Behavior\ShowPageTraceBehavior [ RunTime:0.000705s ]
INFO: [ app_end ] --END-- [ RunTime:0.000747s ]

[ 2017-02-13T14:06:43+08:00 ] 127.0.0.1 /Home/Invest/investDetail/token/OFH1axGzYbapmQ/inv_id/8.html
INFO: [ app_init ] --START--
INFO: Run Behavior\BuildLiteBehavior [ RunTime:0.000015s ]
INFO: [ app_init ] --END-- [ RunTime:0.000457s ]
INFO: [ app_begin ] --START--
INFO: Run Behavior\ReadHtmlCacheBehavior [ RunTime:0.000589s ]
INFO: [ app_begin ] --END-- [ RunTime:0.000625s ]
SQL: SHOW COLUMNS FROM `whh_invest` [ RunTime:0.0208s ]
SQL: UPDATE `whh_invest` SET `inv_seen`=inv_seen + 1 WHERE ( inv_id = 8 ) [ RunTime:0.0009s ]
SQL: SELECT `inv_id`,`inv_name`,`inv_logo`,`inv_yue_money`,`inv_seen`,`inv_min_money`,`inv_max_money`,`inv_field`,`inv_introduce`,`inv_type`,`inv_logo_one`,`inv_logo_two`,`inv_company_one`,`inv_company_two`,`inv_in_company`,`inv_in_logo`,`inv_in_com`,`inv_yue_num`,`inv_yue_time`,`inv_yue_address` FROM `whh_invest` WHERE ( inv_id = 8 ) LIMIT 1   [ RunTime:0.0014s ]
SQL: SHOW COLUMNS FROM `whh_follow` [ RunTime:0.0191s ]
SQL: SELECT `fid` FROM `whh_follow` WHERE ( my_id = '23' and he_id = '8' and follow_type = '3' ) LIMIT 1   [ RunTime:0.0006s ]
SQL: SHOW COLUMNS FROM `whh_appointment` [ RunTime:0.0115s ]
SQL: SELECT `appid` FROM `whh_appointment` WHERE ( launch_id = '23' and accept_id = '8' and accept_paystatus = '1' and accept_order_type = '3' ) LIMIT 1   [ RunTime:0.0003s ]
INFO: [ view_parse ] --START--
INFO: [ template_filter ] --START--
INFO: Run Behavior\ContentReplaceBehavior [ RunTime:0.000080s ]
INFO: [ template_filter ] --END-- [ RunTime:0.000126s ]
INFO: Run Behavior\ParseTemplateBehavior [ RunTime:0.010754s ]
INFO: [ view_parse ] --END-- [ RunTime:0.010807s ]
INFO: [ view_filter ] --START--
INFO: Run Behavior\WriteHtmlCacheBehavior [ RunTime:0.000442s ]
INFO: [ view_filter ] --END-- [ RunTime:0.000476s ]
INFO: [ app_end ] --START--
INFO: Run Behavior\ShowPageTraceBehavior [ RunTime:0.000638s ]
INFO: [ app_end ] --END-- [ RunTime:0.000679s ]

[ 2017-02-13T14:06:44+08:00 ] 127.0.0.1 /Home/Invest/investDetail/token/OFH1axGzYbapmQ/inv_id/8.html
INFO: [ app_init ] --START--
INFO: Run Behavior\BuildLiteBehavior [ RunTime:0.000012s ]
INFO: [ app_init ] --END-- [ RunTime:0.000415s ]
INFO: [ app_begin ] --START--
INFO: Run Behavior\ReadHtmlCacheBehavior [ RunTime:0.000743s ]
INFO: [ app_begin ] --END-- [ RunTime:0.000798s ]
SQL: SHOW COLUMNS FROM `whh_invest` [ RunTime:0.0173s ]
SQL: UPDATE `whh_invest` SET `inv_seen`=inv_seen + 1 WHERE ( inv_id = 8 ) [ RunTime:0.0008s ]
SQL: SELECT `inv_id`,`inv_name`,`inv_logo`,`inv_yue_money`,`inv_seen`,`inv_min_money`,`inv_max_money`,`inv_field`,`inv_introduce`,`inv_type`,`inv_logo_one`,`inv_logo_two`,`inv_company_one`,`inv_company_two`,`inv_in_company`,`inv_in_logo`,`inv_in_com`,`inv_yue_num`,`inv_yue_time`,`inv_yue_address` FROM `whh_invest` WHERE ( inv_id = 8 ) LIMIT 1   [ RunTime:0.0012s ]
SQL: SHOW COLUMNS FROM `whh_follow` [ RunTime:0.0173s ]
SQL: SELECT `fid` FROM `whh_follow` WHERE ( my_id = '23' and he_id = '8' and follow_type = '3' ) LIMIT 1   [ RunTime:0.0007s ]
SQL: SHOW COLUMNS FROM `whh_appointment` [ RunTime:0.0155s ]
SQL: SELECT `appid` FROM `whh_appointment` WHERE ( launch_id = '23' and accept_id = '8' and accept_paystatus = '1' and accept_order_type = '3' ) LIMIT 1   [ RunTime:0.0004s ]
INFO: [ view_parse ] --START--
INFO: [ template_filter ] --START--
INFO: Run Behavior\ContentReplaceBehavior [ RunTime:0.000062s ]
INFO: [ template_filter ] --END-- [ RunTime:0.000100s ]
INFO: Run Behavior\ParseTemplateBehavior [ RunTime:0.012543s ]
INFO: [ view_parse ] --END-- [ RunTime:0.012602s ]
INFO: [ view_filter ] --START--
INFO: Run Behavior\WriteHtmlCacheBehavior [ RunTime:0.000431s ]
INFO: [ view_filter ] --END-- [ RunTime:0.000459s ]
INFO: [ app_end ] --START--
INFO: Run Behavior\ShowPageTraceBehavior [ RunTime:0.000664s ]
INFO: [ app_end ] --END-- [ RunTime:0.000699s ]

[ 2017-02-13T14:06:52+08:00 ] 127.0.0.1 /Home/Invest/appointment.html
INFO: [ app_init ] --START--
INFO: Run Behavior\BuildLiteBehavior [ RunTime:0.000011s ]
INFO: [ app_init ] --END-- [ RunTime:0.000461s ]
INFO: [ app_begin ] --START--
INFO: Run Behavior\ReadHtmlCacheBehavior [ RunTime:0.000699s ]
INFO: [ app_begin ] --END-- [ RunTime:0.000747s ]
SQL: SHOW COLUMNS FROM `whh_user` [ RunTime:0.0129s ]
SQL: SELECT a.realname,a.birthday,a.company,a.work,a.idcard,b.app_card FROM whh_user a left join whh_user_extend as b on a.id = b.uid  WHERE ( a.id = '23' ) LIMIT 1   [ RunTime:0.0004s ]
NOTIC: [2] Invalid argument supplied for foreach() D:\WWW\whh\Application\Home\Controller\InvestController.class.php 第 109 行.
SQL: SHOW COLUMNS FROM `whh_invest` [ RunTime:0.0083s ]
SQL: SELECT `inv_uid`,`inv_yue_money`,`inv_yue_time`,`inv_yue_address` FROM `whh_invest` WHERE ( inv_id = 8 ) LIMIT 1   [ RunTime:0.0004s ]
SQL: SHOW COLUMNS FROM `whh_appointment` [ RunTime:0.0076s ]
SQL: INSERT INTO `whh_appointment` (`launch_id`,`accept_id`,`accept_uid`,`launch_time`,`app_time`,`app_address`,`accept_income`,`accept_order_type`) VALUES ('23','8','8','1486966012','','','0','3') [ RunTime:0.0003s ]
SQL: UPDATE `whh_invest` SET `inv_yue_num`=inv_yue_num + 1 WHERE ( inv_id = 8 ) [ RunTime:0.0003s ]
SQL: SHOW COLUMNS FROM `whh_user_extend` [ RunTime:0.0070s ]
SQL: UPDATE `whh_user_extend` SET `app_yue_num`=app_yue_num + 1 WHERE ( uid = 23 ) [ RunTime:0.0003s ]
INFO: [ app_end ] --START--
INFO: Run Behavior\ShowPageTraceBehavior [ RunTime:0.000608s ]
INFO: [ app_end ] --END-- [ RunTime:0.000641s ]

[ 2017-02-13T14:09:38+08:00 ] 127.0.0.1 /Home/Invest/investDetail/token/OFH1axGzYbapmQ/inv_id/8.html
INFO: [ app_init ] --START--
INFO: Run Behavior\BuildLiteBehavior [ RunTime:0.000014s ]
INFO: [ app_init ] --END-- [ RunTime:0.000463s ]
INFO: [ app_begin ] --START--
INFO: Run Behavior\ReadHtmlCacheBehavior [ RunTime:0.001388s ]
INFO: [ app_begin ] --END-- [ RunTime:0.001547s ]
SQL: SHOW COLUMNS FROM `whh_invest` [ RunTime:0.0075s ]
SQL: UPDATE `whh_invest` SET `inv_seen`=inv_seen + 1 WHERE ( inv_id = 8 ) [ RunTime:0.0006s ]
SQL: SELECT `inv_id`,`inv_name`,`inv_logo`,`inv_yue_money`,`inv_seen`,`inv_min_money`,`inv_max_money`,`inv_field`,`inv_introduce`,`inv_type`,`inv_logo_one`,`inv_logo_two`,`inv_company_one`,`inv_company_two`,`inv_in_company`,`inv_in_logo`,`inv_in_com`,`inv_yue_num`,`inv_yue_time`,`inv_yue_address` FROM `whh_invest` WHERE ( inv_id = 8 ) LIMIT 1   [ RunTime:0.0006s ]
SQL: SHOW COLUMNS FROM `whh_follow` [ RunTime:0.0075s ]
SQL: SELECT `fid` FROM `whh_follow` WHERE ( my_id = '23' and he_id = '8' and follow_type = '3' ) LIMIT 1   [ RunTime:0.0004s ]
SQL: SHOW COLUMNS FROM `whh_appointment` [ RunTime:0.0069s ]
SQL: SELECT `appid` FROM `whh_appointment` WHERE ( launch_id = '23' and accept_id = '8' and accept_paystatus = '1' and accept_order_type = '3' ) LIMIT 1   [ RunTime:0.0003s ]
INFO: [ view_parse ] --START--
INFO: [ template_filter ] --START--
INFO: Run Behavior\ContentReplaceBehavior [ RunTime:0.000061s ]
INFO: [ template_filter ] --END-- [ RunTime:0.000099s ]
NOTIC: [8] Undefined index: prod_id D:\WWW\whh\Application\Runtime\Cache\Home\1874312445b929f5a86e518a9f5b3be9.php 第 116 行.
INFO: Run Behavior\ParseTemplateBehavior [ RunTime:0.008984s ]
INFO: [ view_parse ] --END-- [ RunTime:0.009034s ]
INFO: [ view_filter ] --START--
INFO: Run Behavior\WriteHtmlCacheBehavior [ RunTime:0.000431s ]
INFO: [ view_filter ] --END-- [ RunTime:0.000460s ]
INFO: [ app_end ] --START--
INFO: Run Behavior\ShowPageTraceBehavior [ RunTime:0.000632s ]
INFO: [ app_end ] --END-- [ RunTime:0.000666s ]

[ 2017-02-13T14:09:44+08:00 ] 127.0.0.1 /Home/Invest/investDetail/token/MQiiORLsYuev/inv_id/8.html
INFO: [ app_init ] --START--
INFO: Run Behavior\BuildLiteBehavior [ RunTime:0.000012s ]
INFO: [ app_init ] --END-- [ RunTime:0.000439s ]
INFO: [ app_begin ] --START--
INFO: Run Behavior\ReadHtmlCacheBehavior [ RunTime:0.000546s ]
INFO: [ app_begin ] --END-- [ RunTime:0.000586s ]
SQL: SHOW COLUMNS FROM `whh_invest` [ RunTime:0.0207s ]
SQL: UPDATE `whh_invest` SET `inv_seen`=inv_seen + 1 WHERE ( inv_id = 8 ) [ RunTime:0.0010s ]
SQL: SELECT `inv_id`,`inv_name`,`inv_logo`,`inv_yue_money`,`inv_seen`,`inv_min_money`,`inv_max_money`,`inv_field`,`inv_introduce`,`inv_type`,`inv_logo_one`,`inv_logo_two`,`inv_company_one`,`inv_company_two`,`inv_in_company`,`inv_in_logo`,`inv_in_com`,`inv_yue_num`,`inv_yue_time`,`inv_yue_address` FROM `whh_invest` WHERE ( inv_id = 8 ) LIMIT 1   [ RunTime:0.0014s ]
SQL: SHOW COLUMNS FROM `whh_follow` [ RunTime:0.0166s ]
SQL: SELECT `fid` FROM `whh_follow` WHERE ( my_id = '4' and he_id = '8' and follow_type = '3' ) LIMIT 1   [ RunTime:0.0005s ]
SQL: SHOW COLUMNS FROM `whh_appointment` [ RunTime:0.0100s ]
SQL: SELECT `appid` FROM `whh_appointment` WHERE ( launch_id = '4' and accept_id = '8' and accept_paystatus = '1' and accept_order_type = '3' ) LIMIT 1   [ RunTime:0.0005s ]
INFO: [ view_parse ] --START--
INFO: [ template_filter ] --START--
INFO: Run Behavior\ContentReplaceBehavior [ RunTime:0.000068s ]
INFO: [ template_filter ] --END-- [ RunTime:0.000104s ]
INFO: Run Behavior\ParseTemplateBehavior [ RunTime:0.009980s ]
INFO: [ view_parse ] --END-- [ RunTime:0.010030s ]
INFO: [ view_filter ] --START--
INFO: Run Behavior\WriteHtmlCacheBehavior [ RunTime:0.000385s ]
INFO: [ view_filter ] --END-- [ RunTime:0.000415s ]
INFO: [ app_end ] --START--
INFO: Run Behavior\ShowPageTraceBehavior [ RunTime:0.000661s ]
INFO: [ app_end ] --END-- [ RunTime:0.000707s ]

[ 2017-02-13T14:10:37+08:00 ] 127.0.0.1 /Home/Invest/appointment.html
INFO: [ app_init ] --START--
INFO: Run Behavior\BuildLiteBehavior [ RunTime:0.000011s ]
INFO: [ app_init ] --END-- [ RunTime:0.000477s ]
INFO: [ app_begin ] --START--
INFO: Run Behavior\ReadHtmlCacheBehavior [ RunTime:0.000659s ]
INFO: [ app_begin ] --END-- [ RunTime:0.000691s ]
SQL: SHOW COLUMNS FROM `whh_user` [ RunTime:0.0084s ]
SQL: SELECT a.realname,a.birthday,a.company,a.work,a.idcard,b.app_card FROM whh_user a left join whh_user_extend as b on a.id = b.uid  WHERE ( a.id = '4' ) LIMIT 1   [ RunTime:0.0005s ]
SQL: SHOW COLUMNS FROM `whh_invest` [ RunTime:0.0081s ]
SQL: SELECT `inv_uid`,`inv_yue_money`,`inv_yue_time`,`inv_yue_address` FROM `whh_invest` WHERE ( inv_id = 8 ) LIMIT 1   [ RunTime:0.0004s ]
SQL: SHOW COLUMNS FROM `whh_appointment` [ RunTime:0.0081s ]
SQL: INSERT INTO `whh_appointment` (`launch_id`,`accept_id`,`accept_uid`,`launch_time`,`app_time`,`app_address`,`accept_income`,`accept_order_type`) VALUES ('4','8','8','1486966237','','','0','3') [ RunTime:0.0003s ]
SQL: UPDATE `whh_invest` SET `inv_yue_num`=inv_yue_num + 1 WHERE ( inv_id = 8 ) [ RunTime:0.0003s ]
SQL: SHOW COLUMNS FROM `whh_user_extend` [ RunTime:0.0076s ]
SQL: UPDATE `whh_user_extend` SET `app_yue_num`=app_yue_num + 1 WHERE ( uid = 4 ) [ RunTime:0.0003s ]
INFO: [ app_end ] --START--
INFO: Run Behavior\ShowPageTraceBehavior [ RunTime:0.000736s ]
INFO: [ app_end ] --END-- [ RunTime:0.000773s ]

[ 2017-02-13T14:11:34+08:00 ] 127.0.0.1 /Home/Invest/investDetail/token/MQiiORLsYuev/inv_id/8.html
INFO: [ app_init ] --START--
INFO: Run Behavior\BuildLiteBehavior [ RunTime:0.000043s ]
INFO: [ app_init ] --END-- [ RunTime:0.000685s ]
INFO: [ app_begin ] --START--
INFO: Run Behavior\ReadHtmlCacheBehavior [ RunTime:0.000763s ]
INFO: [ app_begin ] --END-- [ RunTime:0.000835s ]
SQL: SHOW COLUMNS FROM `whh_invest` [ RunTime:0.0196s ]
SQL: UPDATE `whh_invest` SET `inv_seen`=inv_seen + 1 WHERE ( inv_id = 8 ) [ RunTime:0.0006s ]
SQL: SELECT `inv_id`,`inv_name`,`inv_logo`,`inv_yue_money`,`inv_seen`,`inv_min_money`,`inv_max_money`,`inv_field`,`inv_introduce`,`inv_type`,`inv_logo_one`,`inv_logo_two`,`inv_company_one`,`inv_company_two`,`inv_in_company`,`inv_in_logo`,`inv_in_com`,`inv_yue_num`,`inv_yue_time`,`inv_yue_address` FROM `whh_invest` WHERE ( inv_id = 8 ) LIMIT 1   [ RunTime:0.0009s ]
SQL: SHOW COLUMNS FROM `whh_follow` [ RunTime:0.0110s ]
SQL: SELECT `fid` FROM `whh_follow` WHERE ( my_id = '4' and he_id = '8' and follow_type = '3' ) LIMIT 1   [ RunTime:0.0003s ]
SQL: SHOW COLUMNS FROM `whh_appointment` [ RunTime:0.0083s ]
SQL: SELECT `appid` FROM `whh_appointment` WHERE ( launch_id = '4' and accept_id = '8' and accept_paystatus = '1' and accept_order_type = '3' ) LIMIT 1   [ RunTime:0.0003s ]
INFO: [ view_parse ] --START--
INFO: [ template_filter ] --START--
INFO: Run Behavior\ContentReplaceBehavior [ RunTime:0.000059s ]
INFO: [ template_filter ] --END-- [ RunTime:0.000092s ]
INFO: Run Behavior\ParseTemplateBehavior [ RunTime:0.008785s ]
INFO: [ view_parse ] --END-- [ RunTime:0.008831s ]
INFO: [ view_filter ] --START--
INFO: Run Behavior\WriteHtmlCacheBehavior [ RunTime:0.000448s ]
INFO: [ view_filter ] --END-- [ RunTime:0.000477s ]
INFO: [ app_end ] --START--
INFO: Run Behavior\ShowPageTraceBehavior [ RunTime:0.000641s ]
INFO: [ app_end ] --END-- [ RunTime:0.000677s ]

[ 2017-02-13T14:11:43+08:00 ] 127.0.0.1 /Home/Invest/appointment.html
INFO: [ app_init ] --START--
INFO: Run Behavior\BuildLiteBehavior [ RunTime:0.000012s ]
INFO: [ app_init ] --END-- [ RunTime:0.000500s ]
INFO: [ app_begin ] --START--
INFO: Run Behavior\ReadHtmlCacheBehavior [ RunTime:0.000602s ]
INFO: [ app_begin ] --END-- [ RunTime:0.000653s ]
SQL: SHOW COLUMNS FROM `whh_user` [ RunTime:0.0113s ]
SQL: SELECT a.realname,a.birthday,a.company,a.work,a.idcard,b.app_card FROM whh_user a left join whh_user_extend as b on a.id = b.uid  WHERE ( a.id = '4' ) LIMIT 1   [ RunTime:0.0006s ]
SQL: SHOW COLUMNS FROM `whh_invest` [ RunTime:0.0117s ]
SQL: SELECT `inv_uid`,`inv_yue_money`,`inv_yue_time`,`inv_yue_address` FROM `whh_invest` WHERE ( inv_id = 8 ) LIMIT 1   [ RunTime:0.0005s ]
SQL: SHOW COLUMNS FROM `whh_appointment` [ RunTime:0.0114s ]
SQL: INSERT INTO `whh_appointment` (`launch_id`,`accept_id`,`accept_uid`,`launch_time`,`app_time`,`app_address`,`accept_income`,`accept_order_type`) VALUES ('4','8','8','1486966303','','','0','3') [ RunTime:0.0005s ]
SQL: UPDATE `whh_invest` SET `inv_yue_num`=inv_yue_num + 1 WHERE ( inv_id = 8 ) [ RunTime:0.0005s ]
SQL: SHOW COLUMNS FROM `whh_user_extend` [ RunTime:0.0115s ]
SQL: UPDATE `whh_user_extend` SET `app_yue_num`=app_yue_num + 1 WHERE ( uid = 4 ) [ RunTime:0.0004s ]
INFO: [ app_end ] --START--
INFO: Run Behavior\ShowPageTraceBehavior [ RunTime:0.000964s ]
INFO: [ app_end ] --END-- [ RunTime:0.001016s ]

[ 2017-02-13T14:12:26+08:00 ] 127.0.0.1 /Home/Invest/investDetail/token/MQiiORLsYuev/inv_id/8.html
INFO: [ app_init ] --START--
INFO: Run Behavior\BuildLiteBehavior [ RunTime:0.000012s ]
INFO: [ app_init ] --END-- [ RunTime:0.000457s ]
INFO: [ app_begin ] --START--
INFO: Run Behavior\ReadHtmlCacheBehavior [ RunTime:0.000723s ]
INFO: [ app_begin ] --END-- [ RunTime:0.000804s ]
SQL: SHOW COLUMNS FROM `whh_invest` [ RunTime:0.0138s ]
SQL: UPDATE `whh_invest` SET `inv_seen`=inv_seen + 1 WHERE ( inv_id = 8 ) [ RunTime:0.0004s ]
SQL: SELECT `inv_id`,`inv_name`,`inv_logo`,`inv_yue_money`,`inv_seen`,`inv_min_money`,`inv_max_money`,`inv_field`,`inv_introduce`,`inv_type`,`inv_logo_one`,`inv_logo_two`,`inv_company_one`,`inv_company_two`,`inv_in_company`,`inv_in_logo`,`inv_in_com`,`inv_yue_num`,`inv_yue_time`,`inv_yue_address` FROM `whh_invest` WHERE ( inv_id = 8 ) LIMIT 1   [ RunTime:0.0004s ]
SQL: SHOW COLUMNS FROM `whh_follow` [ RunTime:0.0075s ]
SQL: SELECT `fid` FROM `whh_follow` WHERE ( my_id = '4' and he_id = '8' and follow_type = '3' ) LIMIT 1   [ RunTime:0.0003s ]
SQL: SHOW COLUMNS FROM `whh_appointment` [ RunTime:0.0074s ]
SQL: SELECT `appid` FROM `whh_appointment` WHERE ( launch_id = '4' and accept_id = '8' and accept_paystatus = '1' and accept_order_type = '3' ) LIMIT 1   [ RunTime:0.0003s ]
INFO: [ view_parse ] --START--
INFO: [ template_filter ] --START--
INFO: Run Behavior\ContentReplaceBehavior [ RunTime:0.000064s ]
INFO: [ template_filter ] --END-- [ RunTime:0.000100s ]
INFO: Run Behavior\ParseTemplateBehavior [ RunTime:0.008850s ]
INFO: [ view_parse ] --END-- [ RunTime:0.008895s ]
INFO: [ view_filter ] --START--
INFO: Run Behavior\WriteHtmlCacheBehavior [ RunTime:0.000389s ]
INFO: [ view_filter ] --END-- [ RunTime:0.000420s ]
INFO: [ app_end ] --START--
INFO: Run Behavior\ShowPageTraceBehavior [ RunTime:0.000639s ]
INFO: [ app_end ] --END-- [ RunTime:0.000674s ]

[ 2017-02-13T14:12:31+08:00 ] 127.0.0.1 /Home/Invest/appointment.html
INFO: [ app_init ] --START--
INFO: Run Behavior\BuildLiteBehavior [ RunTime:0.000011s ]
INFO: [ app_init ] --END-- [ RunTime:0.000505s ]
INFO: [ app_begin ] --START--
INFO: Run Behavior\ReadHtmlCacheBehavior [ RunTime:0.000542s ]
INFO: [ app_begin ] --END-- [ RunTime:0.000577s ]
SQL: SHOW COLUMNS FROM `whh_user` [ RunTime:0.0201s ]
SQL: SELECT a.realname,a.birthday,a.company,a.work,a.idcard,b.app_card FROM whh_user a left join whh_user_extend as b on a.id = b.uid  WHERE ( a.id = '4' ) LIMIT 1   [ RunTime:0.0011s ]
SQL: SHOW COLUMNS FROM `whh_invest` [ RunTime:0.0252s ]
SQL: SELECT `inv_uid`,`inv_yue_money`,`inv_yue_time`,`inv_yue_address` FROM `whh_invest` WHERE ( inv_id = 8 ) LIMIT 1   [ RunTime:0.0005s ]
SQL: SHOW COLUMNS FROM `whh_appointment` [ RunTime:0.0074s ]
SQL: INSERT INTO `whh_appointment` (`launch_id`,`accept_id`,`accept_uid`,`launch_time`,`app_time`,`app_address`,`accept_income`,`accept_order_type`) VALUES ('4','8','8','1486966351','','','0','3') [ RunTime:0.0002s ]
SQL: UPDATE `whh_invest` SET `inv_yue_num`=inv_yue_num + 1 WHERE ( inv_id = 8 ) [ RunTime:0.0003s ]
SQL: SHOW COLUMNS FROM `whh_user_extend` [ RunTime:0.0076s ]
SQL: UPDATE `whh_user_extend` SET `app_yue_num`=app_yue_num + 1 WHERE ( uid = 4 ) [ RunTime:0.0004s ]
INFO: [ app_end ] --START--
INFO: Run Behavior\ShowPageTraceBehavior [ RunTime:0.000672s ]
INFO: [ app_end ] --END-- [ RunTime:0.000703s ]

[ 2017-02-13T14:13:08+08:00 ] 127.0.0.1 /Home/Invest/investDetail/token/MQiiORLsYuev/inv_id/8.html
INFO: [ app_init ] --START--
INFO: Run Behavior\BuildLiteBehavior [ RunTime:0.000012s ]
INFO: [ app_init ] --END-- [ RunTime:0.000548s ]
INFO: [ app_begin ] --START--
INFO: Run Behavior\ReadHtmlCacheBehavior [ RunTime:0.000804s ]
INFO: [ app_begin ] --END-- [ RunTime:0.000850s ]
SQL: SHOW COLUMNS FROM `whh_invest` [ RunTime:0.0201s ]
SQL: UPDATE `whh_invest` SET `inv_seen`=inv_seen + 1 WHERE ( inv_id = 8 ) [ RunTime:0.0009s ]
SQL: SELECT `inv_id`,`inv_name`,`inv_logo`,`inv_yue_money`,`inv_seen`,`inv_min_money`,`inv_max_money`,`inv_field`,`inv_introduce`,`inv_type`,`inv_logo_one`,`inv_logo_two`,`inv_company_one`,`inv_company_two`,`inv_in_company`,`inv_in_logo`,`inv_in_com`,`inv_yue_num`,`inv_yue_time`,`inv_yue_address` FROM `whh_invest` WHERE ( inv_id = 8 ) LIMIT 1   [ RunTime:0.0013s ]
SQL: SHOW COLUMNS FROM `whh_follow` [ RunTime:0.0156s ]
SQL: SELECT `fid` FROM `whh_follow` WHERE ( my_id = '4' and he_id = '8' and follow_type = '3' ) LIMIT 1   [ RunTime:0.0005s ]
SQL: SHOW COLUMNS FROM `whh_appointment` [ RunTime:0.0102s ]
SQL: SELECT `appid` FROM `whh_appointment` WHERE ( launch_id = '4' and accept_id = '8' and accept_paystatus = '1' and accept_order_type = '3' ) LIMIT 1   [ RunTime:0.0003s ]
INFO: [ view_parse ] --START--
INFO: [ template_filter ] --START--
INFO: Run Behavior\ContentReplaceBehavior [ RunTime:0.000069s ]
INFO: [ template_filter ] --END-- [ RunTime:0.000106s ]
INFO: Run Behavior\ParseTemplateBehavior [ RunTime:0.009887s ]
INFO: [ view_parse ] --END-- [ RunTime:0.009940s ]
INFO: [ view_filter ] --START--
INFO: Run Behavior\WriteHtmlCacheBehavior [ RunTime:0.000393s ]
INFO: [ view_filter ] --END-- [ RunTime:0.000423s ]
INFO: [ app_end ] --START--
INFO: Run Behavior\ShowPageTraceBehavior [ RunTime:0.000724s ]
INFO: [ app_end ] --END-- [ RunTime:0.000790s ]

[ 2017-02-13T14:13:12+08:00 ] 127.0.0.1 /Home/Invest/appointment.html
INFO: [ app_init ] --START--
INFO: Run Behavior\BuildLiteBehavior [ RunTime:0.000013s ]
INFO: [ app_init ] --END-- [ RunTime:0.000559s ]
INFO: [ app_begin ] --START--
INFO: Run Behavior\ReadHtmlCacheBehavior [ RunTime:0.000643s ]
INFO: [ app_begin ] --END-- [ RunTime:0.000696s ]
SQL: SHOW COLUMNS FROM `whh_user` [ RunTime:0.0115s ]
SQL: SELECT a.realname,a.birthday,a.company,a.work,a.idcard,b.app_card FROM whh_user a left join whh_user_extend as b on a.id = b.uid  WHERE ( a.id = '4' ) LIMIT 1   [ RunTime:0.0003s ]
SQL: SHOW COLUMNS FROM `whh_invest` [ RunTime:0.0070s ]
SQL: SELECT `inv_uid`,`inv_yue_money`,`inv_yue_time`,`inv_yue_address` FROM `whh_invest` WHERE ( inv_id = 8 ) LIMIT 1   [ RunTime:0.0003s ]
SQL: SHOW COLUMNS FROM `whh_appointment` [ RunTime:0.0072s ]
SQL: INSERT INTO `whh_appointment` (`launch_id`,`accept_id`,`accept_uid`,`launch_time`,`app_time`,`app_address`,`accept_income`,`accept_order_type`) VALUES ('4','8','8','1486966392','','','0','3') [ RunTime:0.0003s ]
SQL: UPDATE `whh_invest` SET `inv_yue_num`=inv_yue_num + 1 WHERE ( inv_id = 8 ) [ RunTime:0.0003s ]
SQL: SHOW COLUMNS FROM `whh_user_extend` [ RunTime:0.0073s ]
SQL: UPDATE `whh_user_extend` SET `app_yue_num`=app_yue_num + 1 WHERE ( uid = 4 ) [ RunTime:0.0003s ]
INFO: [ app_end ] --START--
INFO: Run Behavior\ShowPageTraceBehavior [ RunTime:0.000658s ]
INFO: [ app_end ] --END-- [ RunTime:0.000691s ]

[ 2017-02-13T14:13:50+08:00 ] 127.0.0.1 /Home/Product/productList/token/OFH1axGzYbapmQ.html
INFO: [ app_init ] --START--
INFO: Run Behavior\BuildLiteBehavior [ RunTime:0.000102s ]
INFO: [ app_init ] --END-- [ RunTime:0.001870s ]
INFO: [ app_begin ] --START--
INFO: Run Behavior\ReadHtmlCacheBehavior [ RunTime:0.000710s ]
INFO: [ app_begin ] --END-- [ RunTime:0.000752s ]
SQL: SHOW COLUMNS FROM `whh_product` [ RunTime:0.0213s ]
SQL: SELECT COUNT(*) AS tp_count FROM `whh_product` WHERE (  prod_status = 1 and prod_uid != 23 ) LIMIT 1   [ RunTime:0.0010s ]
SQL: SELECT `prod_id`,`prod_name`,`prod_logo`,`prod_rate`,`prod_term`,`prod_money` FROM `whh_product` WHERE (  prod_status = 1 and prod_uid != 23 ) ORDER BY prod_id desc LIMIT 0,10   [ RunTime:0.0011s ]
SQL: SHOW COLUMNS FROM `whh_follow` [ RunTime:0.0116s ]
SQL: SELECT `he_id` FROM `whh_follow` WHERE ( my_id = '23' and follow_type = 2 )  [ RunTime:0.0004s ]
NOTIC: [2] Invalid argument supplied for foreach() D:\WWW\whh\Application\Home\Controller\ProductController.class.php 第 23 行.
NOTIC: [8] Undefined variable: collect D:\WWW\whh\Application\Home\Controller\ProductController.class.php 第 26 行.
NOTIC: [2] array_flip() expects parameter 1 to be array, null given D:\WWW\whh\Application\Home\Controller\ProductController.class.php 第 26 行.
NOTIC: [2] array_key_exists() expects parameter 2 to be array, null given D:\WWW\whh\Application\Home\Controller\ProductController.class.php 第 28 行.
NOTIC: [2] array_key_exists() expects parameter 2 to be array, null given D:\WWW\whh\Application\Home\Controller\ProductController.class.php 第 28 行.
NOTIC: [2] array_key_exists() expects parameter 2 to be array, null given D:\WWW\whh\Application\Home\Controller\ProductController.class.php 第 28 行.
NOTIC: [2] array_key_exists() expects parameter 2 to be array, null given D:\WWW\whh\Application\Home\Controller\ProductController.class.php 第 28 行.
NOTIC: [2] array_key_exists() expects parameter 2 to be array, null given D:\WWW\whh\Application\Home\Controller\ProductController.class.php 第 28 行.
INFO: [ view_parse ] --START--
INFO: [ template_filter ] --START--
INFO: Run Behavior\ContentReplaceBehavior [ RunTime:0.000059s ]
INFO: [ template_filter ] --END-- [ RunTime:0.000096s ]
INFO: Run Behavior\ParseTemplateBehavior [ RunTime:0.011239s ]
INFO: [ view_parse ] --END-- [ RunTime:0.011285s ]
INFO: [ view_filter ] --START--
INFO: Run Behavior\WriteHtmlCacheBehavior [ RunTime:0.000538s ]
INFO: [ view_filter ] --END-- [ RunTime:0.000569s ]
INFO: [ app_end ] --START--
INFO: Run Behavior\ShowPageTraceBehavior [ RunTime:0.000748s ]
INFO: [ app_end ] --END-- [ RunTime:0.000789s ]

[ 2017-02-13T14:13:53+08:00 ] 127.0.0.1 /Home/Product/productDetail/token/OFH1axGzYbapmQ/prod_id/25.html
INFO: [ app_init ] --START--
INFO: Run Behavior\BuildLiteBehavior [ RunTime:0.000013s ]
INFO: [ app_init ] --END-- [ RunTime:0.000459s ]
INFO: [ app_begin ] --START--
INFO: Run Behavior\ReadHtmlCacheBehavior [ RunTime:0.000611s ]
INFO: [ app_begin ] --END-- [ RunTime:0.000645s ]
SQL: SHOW COLUMNS FROM `whh_product` [ RunTime:0.0121s ]
SQL: UPDATE `whh_product` SET `prod_seen`=prod_seen + 1 WHERE ( prod_id = 25 ) [ RunTime:0.0003s ]
SQL: SELECT `prod_id`,`prod_name`,`prod_logo`,`prod_yue_money`,`prod_seen`,`prod_money`,`prod_rate`,`prod_term`,`prod_type`,`prod_cstphone`,`prod_keeper`,`prod_trustee`,`prod_ben_way`,`prod_describe`,`prod_yue_num`,`prod_yue_time`,`prod_yue_address` FROM `whh_product` WHERE ( prod_id = 25 ) LIMIT 1   [ RunTime:0.0004s ]
SQL: SHOW COLUMNS FROM `whh_follow` [ RunTime:0.0077s ]
SQL: SELECT `fid` FROM `whh_follow` WHERE ( my_id = '23' and he_id = '25' and follow_type = '2' ) LIMIT 1   [ RunTime:0.0003s ]
SQL: SHOW COLUMNS FROM `whh_appointment` [ RunTime:0.0071s ]
SQL: SELECT `appid` FROM `whh_appointment` WHERE ( launch_id = '23' and accept_id = '25' and accept_order_type = '2' ) LIMIT 1   [ RunTime:0.0003s ]
INFO: [ view_parse ] --START--
INFO: [ template_filter ] --START--
INFO: Run Behavior\ContentReplaceBehavior [ RunTime:0.000138s ]
INFO: [ template_filter ] --END-- [ RunTime:0.000218s ]
INFO: Run Behavior\ParseTemplateBehavior [ RunTime:0.075136s ]
INFO: [ view_parse ] --END-- [ RunTime:0.075187s ]
INFO: [ view_filter ] --START--
INFO: Run Behavior\WriteHtmlCacheBehavior [ RunTime:0.000513s ]
INFO: [ view_filter ] --END-- [ RunTime:0.000545s ]
INFO: [ app_end ] --START--
INFO: Run Behavior\ShowPageTraceBehavior [ RunTime:0.000658s ]
INFO: [ app_end ] --END-- [ RunTime:0.000695s ]

[ 2017-02-13T14:13:57+08:00 ] 127.0.0.1 /Home/Product/appointment.html
INFO: [ app_init ] --START--
INFO: Run Behavior\BuildLiteBehavior [ RunTime:0.000012s ]
INFO: [ app_init ] --END-- [ RunTime:0.000669s ]
INFO: [ app_begin ] --START--
INFO: Run Behavior\ReadHtmlCacheBehavior [ RunTime:0.000542s ]
INFO: [ app_begin ] --END-- [ RunTime:0.000575s ]
SQL: SHOW COLUMNS FROM `whh_user` [ RunTime:0.0094s ]
SQL: SELECT `user_type` FROM `whh_user` WHERE ( id = 23 ) LIMIT 1   [ RunTime:0.0004s ]

[ 2017-02-13T14:15:25+08:00 ] 127.0.0.1 /Home/Product/productDetail/token/OFH1axGzYbapmQ/prod_id/25.html
INFO: [ app_init ] --START--
INFO: Run Behavior\BuildLiteBehavior [ RunTime:0.000012s ]
INFO: [ app_init ] --END-- [ RunTime:0.000572s ]
INFO: [ app_begin ] --START--
INFO: Run Behavior\ReadHtmlCacheBehavior [ RunTime:0.001128s ]
INFO: [ app_begin ] --END-- [ RunTime:0.001201s ]
SQL: SHOW COLUMNS FROM `whh_product` [ RunTime:0.0104s ]
SQL: UPDATE `whh_product` SET `prod_seen`=prod_seen + 1 WHERE ( prod_id = 25 ) [ RunTime:0.0004s ]
SQL: SELECT `prod_id`,`prod_name`,`prod_logo`,`prod_yue_money`,`prod_seen`,`prod_money`,`prod_rate`,`prod_term`,`prod_type`,`prod_cstphone`,`prod_keeper`,`prod_trustee`,`prod_ben_way`,`prod_describe`,`prod_yue_num`,`prod_yue_time`,`prod_yue_address` FROM `whh_product` WHERE ( prod_id = 25 ) LIMIT 1   [ RunTime:0.0005s ]
SQL: SHOW COLUMNS FROM `whh_follow` [ RunTime:0.0089s ]
SQL: SELECT `fid` FROM `whh_follow` WHERE ( my_id = '23' and he_id = '25' and follow_type = '2' ) LIMIT 1   [ RunTime:0.0003s ]
SQL: SHOW COLUMNS FROM `whh_appointment` [ RunTime:0.0079s ]
SQL: SELECT `appid` FROM `whh_appointment` WHERE ( launch_id = '23' and accept_id = '25' and accept_order_type = '2' ) LIMIT 1   [ RunTime:0.0003s ]
INFO: [ view_parse ] --START--
INFO: [ template_filter ] --START--
INFO: Run Behavior\ContentReplaceBehavior [ RunTime:0.000066s ]
INFO: [ template_filter ] --END-- [ RunTime:0.000107s ]
INFO: Run Behavior\ParseTemplateBehavior [ RunTime:0.011262s ]
INFO: [ view_parse ] --END-- [ RunTime:0.011309s ]
INFO: [ view_filter ] --START--
INFO: Run Behavior\WriteHtmlCacheBehavior [ RunTime:0.000454s ]
INFO: [ view_filter ] --END-- [ RunTime:0.000485s ]
INFO: [ app_end ] --START--
INFO: Run Behavior\ShowPageTraceBehavior [ RunTime:0.000686s ]
INFO: [ app_end ] --END-- [ RunTime:0.000724s ]

[ 2017-02-13T14:15:27+08:00 ] 127.0.0.1 /Home/Product/appointment.html
INFO: [ app_init ] --START--
INFO: Run Behavior\BuildLiteBehavior [ RunTime:0.000012s ]
INFO: [ app_init ] --END-- [ RunTime:0.000447s ]
INFO: [ app_begin ] --START--
INFO: Run Behavior\ReadHtmlCacheBehavior [ RunTime:0.000580s ]
INFO: [ app_begin ] --END-- [ RunTime:0.000613s ]
SQL: SHOW COLUMNS FROM `whh_user` [ RunTime:0.0112s ]
SQL: SELECT `user_type` FROM `whh_user` WHERE ( id = 23 ) LIMIT 1   [ RunTime:0.0004s ]

[ 2017-02-13T14:15:56+08:00 ] 127.0.0.1 /Home/Product/productDetail/token/MQiiORLsYuev/prod_id/25.html
INFO: [ app_init ] --START--
INFO: Run Behavior\BuildLiteBehavior [ RunTime:0.000029s ]
INFO: [ app_init ] --END-- [ RunTime:0.000511s ]
INFO: [ app_begin ] --START--
INFO: Run Behavior\ReadHtmlCacheBehavior [ RunTime:0.000735s ]
INFO: [ app_begin ] --END-- [ RunTime:0.000797s ]
SQL: SHOW COLUMNS FROM `whh_product` [ RunTime:0.0073s ]
SQL: UPDATE `whh_product` SET `prod_seen`=prod_seen + 1 WHERE ( prod_id = 25 ) [ RunTime:0.0004s ]
SQL: SELECT `prod_id`,`prod_name`,`prod_logo`,`prod_yue_money`,`prod_seen`,`prod_money`,`prod_rate`,`prod_term`,`prod_type`,`prod_cstphone`,`prod_keeper`,`prod_trustee`,`prod_ben_way`,`prod_describe`,`prod_yue_num`,`prod_yue_time`,`prod_yue_address` FROM `whh_product` WHERE ( prod_id = 25 ) LIMIT 1   [ RunTime:0.0004s ]
SQL: SHOW COLUMNS FROM `whh_follow` [ RunTime:0.0065s ]
SQL: SELECT `fid` FROM `whh_follow` WHERE ( my_id = '4' and he_id = '25' and follow_type = '2' ) LIMIT 1   [ RunTime:0.0003s ]
SQL: SHOW COLUMNS FROM `whh_appointment` [ RunTime:0.0063s ]
SQL: SELECT `appid` FROM `whh_appointment` WHERE ( launch_id = '4' and accept_id = '25' and accept_order_type = '2' ) LIMIT 1   [ RunTime:0.0004s ]
INFO: [ view_parse ] --START--
INFO: [ template_filter ] --START--
INFO: Run Behavior\ContentReplaceBehavior [ RunTime:0.000079s ]
INFO: [ template_filter ] --END-- [ RunTime:0.000146s ]
INFO: Run Behavior\ParseTemplateBehavior [ RunTime:0.009485s ]
INFO: [ view_parse ] --END-- [ RunTime:0.009534s ]
INFO: [ view_filter ] --START--
INFO: Run Behavior\WriteHtmlCacheBehavior [ RunTime:0.000337s ]
INFO: [ view_filter ] --END-- [ RunTime:0.000369s ]
INFO: [ app_end ] --START--
INFO: Run Behavior\ShowPageTraceBehavior [ RunTime:0.000589s ]
INFO: [ app_end ] --END-- [ RunTime:0.000627s ]

[ 2017-02-13T14:16:00+08:00 ] 127.0.0.1 /Home/Product/productList/token/MQiiORLsYuev.html
INFO: [ app_init ] --START--
INFO: Run Behavior\BuildLiteBehavior [ RunTime:0.000011s ]
INFO: [ app_init ] --END-- [ RunTime:0.000462s ]
INFO: [ app_begin ] --START--
INFO: Run Behavior\ReadHtmlCacheBehavior [ RunTime:0.000585s ]
INFO: [ app_begin ] --END-- [ RunTime:0.000621s ]
SQL: SHOW COLUMNS FROM `whh_product` [ RunTime:0.0200s ]
SQL: SELECT COUNT(*) AS tp_count FROM `whh_product` WHERE (  prod_status = 1 and prod_uid != 4 ) LIMIT 1   [ RunTime:0.0009s ]
SQL: SELECT `prod_id`,`prod_name`,`prod_logo`,`prod_rate`,`prod_term`,`prod_money` FROM `whh_product` WHERE (  prod_status = 1 and prod_uid != 4 ) ORDER BY prod_id desc LIMIT 0,10   [ RunTime:0.0011s ]
SQL: SHOW COLUMNS FROM `whh_follow` [ RunTime:0.0122s ]
SQL: SELECT `he_id` FROM `whh_follow` WHERE ( my_id = '4' and follow_type = 2 )  [ RunTime:0.0003s ]
INFO: [ view_parse ] --START--
INFO: [ template_filter ] --START--
INFO: Run Behavior\ContentReplaceBehavior [ RunTime:0.000041s ]
INFO: [ template_filter ] --END-- [ RunTime:0.000073s ]
INFO: Run Behavior\ParseTemplateBehavior [ RunTime:0.009641s ]
INFO: [ view_parse ] --END-- [ RunTime:0.009682s ]
INFO: [ view_filter ] --START--
INFO: Run Behavior\WriteHtmlCacheBehavior [ RunTime:0.000382s ]
INFO: [ view_filter ] --END-- [ RunTime:0.000410s ]
INFO: [ app_end ] --START--
INFO: Run Behavior\ShowPageTraceBehavior [ RunTime:0.000588s ]
INFO: [ app_end ] --END-- [ RunTime:0.000618s ]

[ 2017-02-13T14:16:04+08:00 ] 127.0.0.1 /Home/Product/productDetail/token/MQiiORLsYuev/prod_id/22.html
INFO: [ app_init ] --START--
INFO: Run Behavior\BuildLiteBehavior [ RunTime:0.000012s ]
INFO: [ app_init ] --END-- [ RunTime:0.000407s ]
INFO: [ app_begin ] --START--
INFO: Run Behavior\ReadHtmlCacheBehavior [ RunTime:0.000532s ]
INFO: [ app_begin ] --END-- [ RunTime:0.000569s ]
SQL: SHOW COLUMNS FROM `whh_product` [ RunTime:0.0191s ]
SQL: UPDATE `whh_product` SET `prod_seen`=prod_seen + 1 WHERE ( prod_id = 22 ) [ RunTime:0.0006s ]
SQL: SELECT `prod_id`,`prod_name`,`prod_logo`,`prod_yue_money`,`prod_seen`,`prod_money`,`prod_rate`,`prod_term`,`prod_type`,`prod_cstphone`,`prod_keeper`,`prod_trustee`,`prod_ben_way`,`prod_describe`,`prod_yue_num`,`prod_yue_time`,`prod_yue_address` FROM `whh_product` WHERE ( prod_id = 22 ) LIMIT 1   [ RunTime:0.0008s ]
SQL: SHOW COLUMNS FROM `whh_follow` [ RunTime:0.0126s ]
SQL: SELECT `fid` FROM `whh_follow` WHERE ( my_id = '4' and he_id = '22' and follow_type = '2' ) LIMIT 1   [ RunTime:0.0005s ]
SQL: SHOW COLUMNS FROM `whh_appointment` [ RunTime:0.0179s ]
SQL: SELECT `appid` FROM `whh_appointment` WHERE ( launch_id = '4' and accept_id = '22' and accept_order_type = '2' ) LIMIT 1   [ RunTime:0.0003s ]
INFO: [ view_parse ] --START--
INFO: [ template_filter ] --START--
INFO: Run Behavior\ContentReplaceBehavior [ RunTime:0.000066s ]
INFO: [ template_filter ] --END-- [ RunTime:0.000101s ]
INFO: Run Behavior\ParseTemplateBehavior [ RunTime:0.009222s ]
INFO: [ view_parse ] --END-- [ RunTime:0.009271s ]
INFO: [ view_filter ] --START--
INFO: Run Behavior\WriteHtmlCacheBehavior [ RunTime:0.000408s ]
INFO: [ view_filter ] --END-- [ RunTime:0.000442s ]
INFO: [ app_end ] --START--
INFO: Run Behavior\ShowPageTraceBehavior [ RunTime:0.000719s ]
INFO: [ app_end ] --END-- [ RunTime:0.000764s ]

[ 2017-02-13T14:16:27+08:00 ] 127.0.0.1 /Home/Product/productDetail/token/MQiiORLsYuev/prod_id/22.html
INFO: [ app_init ] --START--
INFO: Run Behavior\BuildLiteBehavior [ RunTime:0.000012s ]
INFO: [ app_init ] --END-- [ RunTime:0.000417s ]
INFO: [ app_begin ] --START--
INFO: Run Behavior\ReadHtmlCacheBehavior [ RunTime:0.000609s ]
INFO: [ app_begin ] --END-- [ RunTime:0.000647s ]
SQL: SHOW COLUMNS FROM `whh_product` [ RunTime:0.0190s ]
SQL: UPDATE `whh_product` SET `prod_seen`=prod_seen + 1 WHERE ( prod_id = 22 ) [ RunTime:0.0003s ]
SQL: SELECT `prod_id`,`prod_name`,`prod_logo`,`prod_yue_money`,`prod_seen`,`prod_money`,`prod_rate`,`prod_term`,`prod_type`,`prod_cstphone`,`prod_keeper`,`prod_trustee`,`prod_ben_way`,`prod_describe`,`prod_yue_num`,`prod_yue_time`,`prod_yue_address` FROM `whh_product` WHERE ( prod_id = 22 ) LIMIT 1   [ RunTime:0.0004s ]
SQL: SHOW COLUMNS FROM `whh_follow` [ RunTime:0.0079s ]
SQL: SELECT `fid` FROM `whh_follow` WHERE ( my_id = '4' and he_id = '22' and follow_type = '2' ) LIMIT 1   [ RunTime:0.0003s ]
SQL: SHOW COLUMNS FROM `whh_appointment` [ RunTime:0.0082s ]
SQL: SELECT `appid` FROM `whh_appointment` WHERE ( launch_id = '4' and accept_id = '22' and accept_order_type = '2' ) LIMIT 1   [ RunTime:0.0003s ]
INFO: [ view_parse ] --START--
INFO: [ template_filter ] --START--
INFO: Run Behavior\ContentReplaceBehavior [ RunTime:0.000058s ]
INFO: [ template_filter ] --END-- [ RunTime:0.000090s ]
INFO: Run Behavior\ParseTemplateBehavior [ RunTime:0.008445s ]
INFO: [ view_parse ] --END-- [ RunTime:0.008488s ]
INFO: [ view_filter ] --START--
INFO: Run Behavior\WriteHtmlCacheBehavior [ RunTime:0.000370s ]
INFO: [ view_filter ] --END-- [ RunTime:0.000399s ]
INFO: [ app_end ] --START--
INFO: Run Behavior\ShowPageTraceBehavior [ RunTime:0.000631s ]
INFO: [ app_end ] --END-- [ RunTime:0.000665s ]

[ 2017-02-13T14:16:32+08:00 ] 127.0.0.1 /Home/Product/appointment.html
INFO: [ app_init ] --START--
INFO: Run Behavior\BuildLiteBehavior [ RunTime:0.000011s ]
INFO: [ app_init ] --END-- [ RunTime:0.000376s ]
INFO: [ app_begin ] --START--
INFO: Run Behavior\ReadHtmlCacheBehavior [ RunTime:0.000513s ]
INFO: [ app_begin ] --END-- [ RunTime:0.000546s ]
SQL: SHOW COLUMNS FROM `whh_user` [ RunTime:0.2078s ]
SQL: SELECT `user_type` FROM `whh_user` WHERE ( id = 4 ) LIMIT 1   [ RunTime:0.0008s ]

[ 2017-02-13T14:16:42+08:00 ] 127.0.0.1 /Home/Product/productDetail/token/MQiiORLsYuev/prod_id/22.html
INFO: [ app_init ] --START--
INFO: Run Behavior\BuildLiteBehavior [ RunTime:0.000026s ]
INFO: [ app_init ] --END-- [ RunTime:0.000597s ]
INFO: [ app_begin ] --START--
INFO: Run Behavior\ReadHtmlCacheBehavior [ RunTime:0.000582s ]
INFO: [ app_begin ] --END-- [ RunTime:0.000625s ]
SQL: SHOW COLUMNS FROM `whh_product` [ RunTime:0.0082s ]
SQL: UPDATE `whh_product` SET `prod_seen`=prod_seen + 1 WHERE ( prod_id = 22 ) [ RunTime:0.0003s ]
SQL: SELECT `prod_id`,`prod_name`,`prod_logo`,`prod_yue_money`,`prod_seen`,`prod_money`,`prod_rate`,`prod_term`,`prod_type`,`prod_cstphone`,`prod_keeper`,`prod_trustee`,`prod_ben_way`,`prod_describe`,`prod_yue_num`,`prod_yue_time`,`prod_yue_address` FROM `whh_product` WHERE ( prod_id = 22 ) LIMIT 1   [ RunTime:0.0005s ]
SQL: SHOW COLUMNS FROM `whh_follow` [ RunTime:0.0080s ]
SQL: SELECT `fid` FROM `whh_follow` WHERE ( my_id = '4' and he_id = '22' and follow_type = '2' ) LIMIT 1   [ RunTime:0.0003s ]
SQL: SHOW COLUMNS FROM `whh_appointment` [ RunTime:0.0083s ]
SQL: SELECT `appid` FROM `whh_appointment` WHERE ( launch_id = '4' and accept_id = '22' and accept_order_type = '2' ) LIMIT 1   [ RunTime:0.0003s ]
INFO: [ view_parse ] --START--
INFO: [ template_filter ] --START--
INFO: Run Behavior\ContentReplaceBehavior [ RunTime:0.000079s ]
INFO: [ template_filter ] --END-- [ RunTime:0.000127s ]
INFO: Run Behavior\ParseTemplateBehavior [ RunTime:0.010602s ]
INFO: [ view_parse ] --END-- [ RunTime:0.010653s ]
INFO: [ view_filter ] --START--
INFO: Run Behavior\WriteHtmlCacheBehavior [ RunTime:0.000430s ]
INFO: [ view_filter ] --END-- [ RunTime:0.000464s ]
INFO: [ app_end ] --START--
INFO: Run Behavior\ShowPageTraceBehavior [ RunTime:0.000634s ]
INFO: [ app_end ] --END-- [ RunTime:0.000676s ]

[ 2017-02-13T14:16:45+08:00 ] 127.0.0.1 /Home/Product/appointment.html
INFO: [ app_init ] --START--
INFO: Run Behavior\BuildLiteBehavior [ RunTime:0.000011s ]
INFO: [ app_init ] --END-- [ RunTime:0.000409s ]
INFO: [ app_begin ] --START--
INFO: Run Behavior\ReadHtmlCacheBehavior [ RunTime:0.000499s ]
INFO: [ app_begin ] --END-- [ RunTime:0.000532s ]
SQL: SHOW COLUMNS FROM `whh_user` [ RunTime:0.0195s ]
SQL: SELECT `user_type` FROM `whh_user` WHERE ( id = 4 ) LIMIT 1   [ RunTime:0.0009s ]

[ 2017-02-13T14:17:11+08:00 ] 127.0.0.1 /Home/Product/productDetail/token/MQiiORLsYuev/prod_id/22.html
INFO: [ app_init ] --START--
INFO: Run Behavior\BuildLiteBehavior [ RunTime:0.000014s ]
INFO: [ app_init ] --END-- [ RunTime:0.000422s ]
INFO: [ app_begin ] --START--
INFO: Run Behavior\ReadHtmlCacheBehavior [ RunTime:0.000602s ]
INFO: [ app_begin ] --END-- [ RunTime:0.000641s ]
SQL: SHOW COLUMNS FROM `whh_product` [ RunTime:0.0201s ]
SQL: UPDATE `whh_product` SET `prod_seen`=prod_seen + 1 WHERE ( prod_id = 22 ) [ RunTime:0.0010s ]
SQL: SELECT `prod_id`,`prod_name`,`prod_logo`,`prod_yue_money`,`prod_seen`,`prod_money`,`prod_rate`,`prod_term`,`prod_type`,`prod_cstphone`,`prod_keeper`,`prod_trustee`,`prod_ben_way`,`prod_describe`,`prod_yue_num`,`prod_yue_time`,`prod_yue_address` FROM `whh_product` WHERE ( prod_id = 22 ) LIMIT 1   [ RunTime:0.0014s ]
SQL: SHOW COLUMNS FROM `whh_follow` [ RunTime:0.0129s ]
SQL: SELECT `fid` FROM `whh_follow` WHERE ( my_id = '4' and he_id = '22' and follow_type = '2' ) LIMIT 1   [ RunTime:0.0004s ]
SQL: SHOW COLUMNS FROM `whh_appointment` [ RunTime:0.0087s ]
SQL: SELECT `appid` FROM `whh_appointment` WHERE ( launch_id = '4' and accept_id = '22' and accept_order_type = '2' ) LIMIT 1   [ RunTime:0.0003s ]
INFO: [ view_parse ] --START--
INFO: [ template_filter ] --START--
INFO: Run Behavior\ContentReplaceBehavior [ RunTime:0.000065s ]
INFO: [ template_filter ] --END-- [ RunTime:0.000100s ]
INFO: Run Behavior\ParseTemplateBehavior [ RunTime:0.009495s ]
INFO: [ view_parse ] --END-- [ RunTime:0.009545s ]
INFO: [ view_filter ] --START--
INFO: Run Behavior\WriteHtmlCacheBehavior [ RunTime:0.000421s ]
INFO: [ view_filter ] --END-- [ RunTime:0.000456s ]
INFO: [ app_end ] --START--
INFO: Run Behavior\ShowPageTraceBehavior [ RunTime:0.000615s ]
INFO: [ app_end ] --END-- [ RunTime:0.000657s ]

[ 2017-02-13T14:17:14+08:00 ] 127.0.0.1 /Home/Product/appointment.html
INFO: [ app_init ] --START--
INFO: Run Behavior\BuildLiteBehavior [ RunTime:0.000012s ]
INFO: [ app_init ] --END-- [ RunTime:0.000459s ]
INFO: [ app_begin ] --START--
INFO: Run Behavior\ReadHtmlCacheBehavior [ RunTime:0.000582s ]
INFO: [ app_begin ] --END-- [ RunTime:0.000617s ]
SQL: SHOW COLUMNS FROM `whh_user` [ RunTime:0.0198s ]
SQL: SELECT `user_type` FROM `whh_user` WHERE ( id = 4 ) LIMIT 1   [ RunTime:0.0008s ]

[ 2017-02-13T14:19:27+08:00 ] 127.0.0.1 /Home/Product/productDetail/token/MQiiORLsYuev/prod_id/22.html
INFO: [ app_init ] --START--
INFO: Run Behavior\BuildLiteBehavior [ RunTime:0.000013s ]
INFO: [ app_init ] --END-- [ RunTime:0.000500s ]
INFO: [ app_begin ] --START--
INFO: Run Behavior\ReadHtmlCacheBehavior [ RunTime:0.000645s ]
INFO: [ app_begin ] --END-- [ RunTime:0.000684s ]
SQL: SHOW COLUMNS FROM `whh_product` [ RunTime:0.0210s ]
SQL: UPDATE `whh_product` SET `prod_seen`=prod_seen + 1 WHERE ( prod_id = 22 ) [ RunTime:0.0009s ]
SQL: SELECT `prod_id`,`prod_name`,`prod_logo`,`prod_yue_money`,`prod_seen`,`prod_money`,`prod_rate`,`prod_term`,`prod_type`,`prod_cstphone`,`prod_keeper`,`prod_trustee`,`prod_ben_way`,`prod_describe`,`prod_yue_num`,`prod_yue_time`,`prod_yue_address` FROM `whh_product` WHERE ( prod_id = 22 ) LIMIT 1   [ RunTime:0.0012s ]
SQL: SHOW COLUMNS FROM `whh_follow` [ RunTime:0.0160s ]
SQL: SELECT `fid` FROM `whh_follow` WHERE ( my_id = '4' and he_id = '22' and follow_type = '2' ) LIMIT 1   [ RunTime:0.0006s ]
SQL: SHOW COLUMNS FROM `whh_appointment` [ RunTime:0.0108s ]
SQL: SELECT `appid` FROM `whh_appointment` WHERE ( launch_id = '4' and accept_id = '22' and accept_order_type = '2' ) LIMIT 1   [ RunTime:0.0004s ]
INFO: [ view_parse ] --START--
INFO: [ template_filter ] --START--
INFO: Run Behavior\ContentReplaceBehavior [ RunTime:0.000067s ]
INFO: [ template_filter ] --END-- [ RunTime:0.000123s ]
INFO: Run Behavior\ParseTemplateBehavior [ RunTime:0.010689s ]
INFO: [ view_parse ] --END-- [ RunTime:0.010746s ]
INFO: [ view_filter ] --START--
INFO: Run Behavior\WriteHtmlCacheBehavior [ RunTime:0.000457s ]
INFO: [ view_filter ] --END-- [ RunTime:0.000490s ]
INFO: [ app_end ] --START--
INFO: Run Behavior\ShowPageTraceBehavior [ RunTime:0.000628s ]
INFO: [ app_end ] --END-- [ RunTime:0.000663s ]

[ 2017-02-13T14:19:31+08:00 ] 127.0.0.1 /Home/Product/appointment.html
INFO: [ app_init ] --START--
INFO: Run Behavior\BuildLiteBehavior [ RunTime:0.000013s ]
INFO: [ app_init ] --END-- [ RunTime:0.000555s ]
INFO: [ app_begin ] --START--
INFO: Run Behavior\ReadHtmlCacheBehavior [ RunTime:0.000668s ]
INFO: [ app_begin ] --END-- [ RunTime:0.000711s ]
SQL: SHOW COLUMNS FROM `whh_user` [ RunTime:0.0201s ]
SQL: SELECT `user_type` FROM `whh_user` WHERE ( id = 4 ) LIMIT 1   [ RunTime:0.0009s ]

[ 2017-02-13T14:21:38+08:00 ] 127.0.0.1 /Home/Product/productDetail/token/MQiiORLsYuev/prod_id/22.html
INFO: [ app_init ] --START--
INFO: Run Behavior\BuildLiteBehavior [ RunTime:0.000012s ]
INFO: [ app_init ] --END-- [ RunTime:0.000531s ]
INFO: [ app_begin ] --START--
INFO: Run Behavior\ReadHtmlCacheBehavior [ RunTime:0.000631s ]
INFO: [ app_begin ] --END-- [ RunTime:0.000671s ]
SQL: SHOW COLUMNS FROM `whh_product` [ RunTime:0.0125s ]
SQL: UPDATE `whh_product` SET `prod_seen`=prod_seen + 1 WHERE ( prod_id = 22 ) [ RunTime:0.0003s ]
SQL: SELECT `prod_id`,`prod_name`,`prod_logo`,`prod_yue_money`,`prod_seen`,`prod_money`,`prod_rate`,`prod_term`,`prod_type`,`prod_cstphone`,`prod_keeper`,`prod_trustee`,`prod_ben_way`,`prod_describe`,`prod_yue_num`,`prod_yue_time`,`prod_yue_address` FROM `whh_product` WHERE ( prod_id = 22 ) LIMIT 1   [ RunTime:0.0004s ]
SQL: SHOW COLUMNS FROM `whh_follow` [ RunTime:0.0088s ]
SQL: SELECT `fid` FROM `whh_follow` WHERE ( my_id = '4' and he_id = '22' and follow_type = '2' ) LIMIT 1   [ RunTime:0.0004s ]
SQL: SHOW COLUMNS FROM `whh_appointment` [ RunTime:0.0083s ]
SQL: SELECT `appid` FROM `whh_appointment` WHERE ( launch_id = '4' and accept_id = '22' and accept_order_type = '2' ) LIMIT 1   [ RunTime:0.0003s ]
INFO: [ view_parse ] --START--
INFO: [ template_filter ] --START--
INFO: Run Behavior\ContentReplaceBehavior [ RunTime:0.000061s ]
INFO: [ template_filter ] --END-- [ RunTime:0.000097s ]
INFO: Run Behavior\ParseTemplateBehavior [ RunTime:0.009556s ]
INFO: [ view_parse ] --END-- [ RunTime:0.009596s ]
INFO: [ view_filter ] --START--
INFO: Run Behavior\WriteHtmlCacheBehavior [ RunTime:0.000429s ]
INFO: [ view_filter ] --END-- [ RunTime:0.000460s ]
INFO: [ app_end ] --START--
INFO: Run Behavior\ShowPageTraceBehavior [ RunTime:0.000718s ]
INFO: [ app_end ] --END-- [ RunTime:0.000755s ]

[ 2017-02-13T14:21:41+08:00 ] 127.0.0.1 /Home/Product/appointment.html
INFO: [ app_init ] --START--
INFO: Run Behavior\BuildLiteBehavior [ RunTime:0.000011s ]
INFO: [ app_init ] --END-- [ RunTime:0.000455s ]
INFO: [ app_begin ] --START--
INFO: Run Behavior\ReadHtmlCacheBehavior [ RunTime:0.000582s ]
INFO: [ app_begin ] --END-- [ RunTime:0.000616s ]
SQL: SHOW COLUMNS FROM `whh_user` [ RunTime:0.0193s ]
SQL: SELECT `user_type` FROM `whh_user` WHERE ( id = 4 ) LIMIT 1   [ RunTime:0.0009s ]

[ 2017-02-13T14:21:59+08:00 ] 127.0.0.1 /Home/Product/appointment.html
INFO: [ app_init ] --START--
INFO: Run Behavior\BuildLiteBehavior [ RunTime:0.000011s ]
INFO: [ app_init ] --END-- [ RunTime:0.000465s ]
INFO: [ app_begin ] --START--
INFO: Run Behavior\ReadHtmlCacheBehavior [ RunTime:0.000584s ]
INFO: [ app_begin ] --END-- [ RunTime:0.000619s ]
SQL: SHOW COLUMNS FROM `whh_user` [ RunTime:0.0089s ]
SQL: SELECT `user_type` FROM `whh_user` WHERE ( id = 4 ) LIMIT 1   [ RunTime:0.0004s ]
SQL: SHOW COLUMNS FROM `whh_product` [ RunTime:0.0089s ]
SQL: SELECT `prod_uid`,`prod_yue_money`,`prod_yue_time`,`prod_yue_address` FROM `whh_product` WHERE ( prod_id = 22 ) LIMIT 1   [ RunTime:0.0004s ]
SQL: SHOW COLUMNS FROM `whh_appointment` [ RunTime:0.0082s ]
SQL: INSERT INTO `whh_appointment` (`launch_id`,`accept_id`,`accept_uid`,`launch_time`,`app_time`,`app_address`,`accept_money`,`accept_income`,`accept_order_type`) VALUES ('4','22','6','1486966919','','','0','0','2') [ RunTime:0.0004s ]
SQL: UPDATE `whh_product` SET `prod_yue_num`=prod_yue_num + 1 WHERE ( prod_id = 22 ) [ RunTime:0.0003s ]
SQL: SHOW COLUMNS FROM `whh_user_extend` [ RunTime:0.0088s ]
SQL: UPDATE `whh_user_extend` SET `app_yue_num`=app_yue_num + 1 WHERE ( uid = 4 ) [ RunTime:0.0003s ]
INFO: [ app_end ] --START--
INFO: Run Behavior\ShowPageTraceBehavior [ RunTime:0.000747s ]
INFO: [ app_end ] --END-- [ RunTime:0.000788s ]

[ 2017-02-13T14:24:16+08:00 ] 127.0.0.1 /Home/Product/productList/token/MQiiORLsYuev.html
INFO: [ app_init ] --START--
INFO: Run Behavior\BuildLiteBehavior [ RunTime:0.000010s ]
INFO: [ app_init ] --END-- [ RunTime:0.000488s ]
INFO: [ app_begin ] --START--
INFO: Run Behavior\ReadHtmlCacheBehavior [ RunTime:0.000658s ]
INFO: [ app_begin ] --END-- [ RunTime:0.000695s ]
SQL: SHOW COLUMNS FROM `whh_product` [ RunTime:0.0208s ]
SQL: SELECT COUNT(*) AS tp_count FROM `whh_product` WHERE (  prod_status = 1 and prod_uid != 4 ) LIMIT 1   [ RunTime:0.0009s ]
SQL: SELECT `prod_id`,`prod_name`,`prod_logo`,`prod_rate`,`prod_term`,`prod_money` FROM `whh_product` WHERE (  prod_status = 1 and prod_uid != 4 ) ORDER BY prod_id desc LIMIT 0,10   [ RunTime:0.0011s ]
SQL: SHOW COLUMNS FROM `whh_follow` [ RunTime:0.0265s ]
SQL: SELECT `he_id` FROM `whh_follow` WHERE ( my_id = '4' and follow_type = 2 )  [ RunTime:0.0003s ]
INFO: [ view_parse ] --START--
INFO: [ template_filter ] --START--
INFO: Run Behavior\ContentReplaceBehavior [ RunTime:0.000039s ]
INFO: [ template_filter ] --END-- [ RunTime:0.000071s ]
INFO: Run Behavior\ParseTemplateBehavior [ RunTime:0.008686s ]
INFO: [ view_parse ] --END-- [ RunTime:0.008723s ]
INFO: [ view_filter ] --START--
INFO: Run Behavior\WriteHtmlCacheBehavior [ RunTime:0.000424s ]
INFO: [ view_filter ] --END-- [ RunTime:0.000452s ]
INFO: [ app_end ] --START--
INFO: Run Behavior\ShowPageTraceBehavior [ RunTime:0.000635s ]
INFO: [ app_end ] --END-- [ RunTime:0.000666s ]

[ 2017-02-13T14:24:19+08:00 ] 127.0.0.1 /Home/Invest/investList/token/MQiiORLsYuev.html
INFO: [ app_init ] --START--
INFO: Run Behavior\BuildLiteBehavior [ RunTime:0.000011s ]
INFO: [ app_init ] --END-- [ RunTime:0.000455s ]
INFO: [ app_begin ] --START--
INFO: Run Behavior\ReadHtmlCacheBehavior [ RunTime:0.000579s ]
INFO: [ app_begin ] --END-- [ RunTime:0.000615s ]
SQL: SHOW COLUMNS FROM `whh_invest` [ RunTime:0.0192s ]
SQL: SELECT COUNT(*) AS tp_count FROM `whh_invest` WHERE ( inv_status = 1 and inv_uid != 4 ) LIMIT 1   [ RunTime:0.0005s ]
SQL: SELECT `inv_id`,`inv_name`,`inv_logo`,`inv_in_company`,`inv_type` FROM `whh_invest` WHERE ( inv_status = 1 and inv_uid != 4 ) ORDER BY inv_id desc LIMIT 0,10   [ RunTime:0.0006s ]
INFO: [ view_parse ] --START--
INFO: [ template_filter ] --START--
INFO: Run Behavior\ContentReplaceBehavior [ RunTime:0.000048s ]
INFO: [ template_filter ] --END-- [ RunTime:0.000094s ]
INFO: Run Behavior\ParseTemplateBehavior [ RunTime:0.011737s ]
INFO: [ view_parse ] --END-- [ RunTime:0.011828s ]
INFO: [ view_filter ] --START--
INFO: Run Behavior\WriteHtmlCacheBehavior [ RunTime:0.000453s ]
INFO: [ view_filter ] --END-- [ RunTime:0.000485s ]
INFO: [ app_end ] --START--
INFO: Run Behavior\ShowPageTraceBehavior [ RunTime:0.000552s ]
INFO: [ app_end ] --END-- [ RunTime:0.000582s ]

[ 2017-02-13T14:24:21+08:00 ] 127.0.0.1 /Home/Invest/investDetail/token/MQiiORLsYuev/inv_id/8.html
INFO: [ app_init ] --START--
INFO: Run Behavior\BuildLiteBehavior [ RunTime:0.000010s ]
INFO: [ app_init ] --END-- [ RunTime:0.000448s ]
INFO: [ app_begin ] --START--
INFO: Run Behavior\ReadHtmlCacheBehavior [ RunTime:0.000595s ]
INFO: [ app_begin ] --END-- [ RunTime:0.000632s ]
SQL: SHOW COLUMNS FROM `whh_invest` [ RunTime:0.0074s ]
SQL: UPDATE `whh_invest` SET `inv_seen`=inv_seen + 1 WHERE ( inv_id = 8 ) [ RunTime:0.0003s ]
SQL: SELECT `inv_id`,`inv_name`,`inv_logo`,`inv_yue_money`,`inv_seen`,`inv_min_money`,`inv_max_money`,`inv_field`,`inv_introduce`,`inv_type`,`inv_logo_one`,`inv_logo_two`,`inv_company_one`,`inv_company_two`,`inv_in_company`,`inv_in_logo`,`inv_in_com`,`inv_yue_num`,`inv_yue_time`,`inv_yue_address` FROM `whh_invest` WHERE ( inv_id = 8 ) LIMIT 1   [ RunTime:0.0005s ]
SQL: SHOW COLUMNS FROM `whh_follow` [ RunTime:0.0074s ]
SQL: SELECT `fid` FROM `whh_follow` WHERE ( my_id = '4' and he_id = '8' and follow_type = '3' ) LIMIT 1   [ RunTime:0.0003s ]
SQL: SHOW COLUMNS FROM `whh_appointment` [ RunTime:0.0069s ]
SQL: SELECT `appid` FROM `whh_appointment` WHERE ( launch_id = '4' and accept_id = '8' and accept_paystatus = '1' and accept_order_type = '3' ) LIMIT 1   [ RunTime:0.0003s ]
INFO: [ view_parse ] --START--
INFO: [ template_filter ] --START--
INFO: Run Behavior\ContentReplaceBehavior [ RunTime:0.000061s ]
INFO: [ template_filter ] --END-- [ RunTime:0.000095s ]
INFO: Run Behavior\ParseTemplateBehavior [ RunTime:0.008757s ]
INFO: [ view_parse ] --END-- [ RunTime:0.008801s ]
INFO: [ view_filter ] --START--
INFO: Run Behavior\WriteHtmlCacheBehavior [ RunTime:0.000376s ]
INFO: [ view_filter ] --END-- [ RunTime:0.000406s ]
INFO: [ app_end ] --START--
INFO: Run Behavior\ShowPageTraceBehavior [ RunTime:0.000611s ]
INFO: [ app_end ] --END-- [ RunTime:0.000661s ]

[ 2017-02-13T14:24:36+08:00 ] 127.0.0.1 /Home/Invest/appointment.html
INFO: [ app_init ] --START--
INFO: Run Behavior\BuildLiteBehavior [ RunTime:0.000012s ]
INFO: [ app_init ] --END-- [ RunTime:0.000455s ]
INFO: [ app_begin ] --START--
INFO: Run Behavior\ReadHtmlCacheBehavior [ RunTime:0.000695s ]
INFO: [ app_begin ] --END-- [ RunTime:0.000753s ]
SQL: SHOW COLUMNS FROM `whh_user` [ RunTime:0.0085s ]
SQL: SELECT `user_type` FROM `whh_user` WHERE ( id = 4 ) LIMIT 1   [ RunTime:0.0004s ]

[ 2017-02-13T14:26:00+08:00 ] 127.0.0.1 /Home/Invest/investDetail/token/MQiiORLsYuev/inv_id/8.html
INFO: [ app_init ] --START--
INFO: Run Behavior\BuildLiteBehavior [ RunTime:0.000012s ]
INFO: [ app_init ] --END-- [ RunTime:0.000464s ]
INFO: [ app_begin ] --START--
INFO: Run Behavior\ReadHtmlCacheBehavior [ RunTime:0.000565s ]
INFO: [ app_begin ] --END-- [ RunTime:0.000602s ]
SQL: SHOW COLUMNS FROM `whh_invest` [ RunTime:0.0212s ]
SQL: UPDATE `whh_invest` SET `inv_seen`=inv_seen + 1 WHERE ( inv_id = 8 ) [ RunTime:0.0010s ]
SQL: SELECT `inv_id`,`inv_name`,`inv_logo`,`inv_yue_money`,`inv_seen`,`inv_min_money`,`inv_max_money`,`inv_field`,`inv_introduce`,`inv_type`,`inv_logo_one`,`inv_logo_two`,`inv_company_one`,`inv_company_two`,`inv_in_company`,`inv_in_logo`,`inv_in_com`,`inv_yue_num`,`inv_yue_time`,`inv_yue_address` FROM `whh_invest` WHERE ( inv_id = 8 ) LIMIT 1   [ RunTime:0.0014s ]
SQL: SHOW COLUMNS FROM `whh_follow` [ RunTime:0.0152s ]
SQL: SELECT `fid` FROM `whh_follow` WHERE ( my_id = '4' and he_id = '8' and follow_type = '3' ) LIMIT 1   [ RunTime:0.0005s ]
SQL: SHOW COLUMNS FROM `whh_appointment` [ RunTime:0.0094s ]
SQL: SELECT `appid` FROM `whh_appointment` WHERE ( launch_id = '4' and accept_id = '8' and accept_paystatus = '1' and accept_order_type = '3' ) LIMIT 1   [ RunTime:0.0003s ]
INFO: [ view_parse ] --START--
INFO: [ template_filter ] --START--
INFO: Run Behavior\ContentReplaceBehavior [ RunTime:0.000060s ]
INFO: [ template_filter ] --END-- [ RunTime:0.000096s ]
INFO: Run Behavior\ParseTemplateBehavior [ RunTime:0.009313s ]
INFO: [ view_parse ] --END-- [ RunTime:0.009361s ]
INFO: [ view_filter ] --START--
INFO: Run Behavior\WriteHtmlCacheBehavior [ RunTime:0.000372s ]
INFO: [ view_filter ] --END-- [ RunTime:0.000402s ]
INFO: [ app_end ] --START--
INFO: Run Behavior\ShowPageTraceBehavior [ RunTime:0.000624s ]
INFO: [ app_end ] --END-- [ RunTime:0.000660s ]

[ 2017-02-13T14:26:02+08:00 ] 127.0.0.1 /Home/Invest/appointment.html
INFO: [ app_init ] --START--
INFO: Run Behavior\BuildLiteBehavior [ RunTime:0.000011s ]
INFO: [ app_init ] --END-- [ RunTime:0.000489s ]
INFO: [ app_begin ] --START--
INFO: Run Behavior\ReadHtmlCacheBehavior [ RunTime:0.000572s ]
INFO: [ app_begin ] --END-- [ RunTime:0.000606s ]
SQL: SHOW COLUMNS FROM `whh_user` [ RunTime:0.0197s ]
SQL: SELECT `user_type` FROM `whh_user` WHERE ( id = 4 ) LIMIT 1   [ RunTime:0.0008s ]

