[ 2017-01-22T09:03:42+08:00 ] 127.0.0.1 /
INFO: [ app_init ] --START--
INFO: Run Behavior\BuildLiteBehavior [ RunTime:0.000012s ]
INFO: [ app_init ] --END-- [ RunTime:0.000523s ]
INFO: [ app_begin ] --START--
INFO: Run Behavior\ReadHtmlCacheBehavior [ RunTime:0.000674s ]
INFO: [ app_begin ] --END-- [ RunTime:0.000711s ]
INFO: [ view_parse ] --START--
INFO: Run Behavior\ParseTemplateBehavior [ RunTime:0.000516s ]
INFO: [ view_parse ] --END-- [ RunTime:0.000554s ]
INFO: [ view_filter ] --START--
INFO: Run Behavior\WriteHtmlCacheBehavior [ RunTime:0.000441s ]
INFO: [ view_filter ] --END-- [ RunTime:0.000469s ]
INFO: [ app_end ] --START--
INFO: Run Behavior\ShowPageTraceBehavior [ RunTime:0.000691s ]
INFO: [ app_end ] --END-- [ RunTime:0.000721s ]

[ 2017-01-22T09:03:46+08:00 ] 127.0.0.1 /Home/Login/login.html
INFO: [ app_init ] --START--
INFO: Run Behavior\BuildLiteBehavior [ RunTime:0.000011s ]
INFO: [ app_init ] --END-- [ RunTime:0.000436s ]
INFO: [ app_begin ] --START--
INFO: Run Behavior\ReadHtmlCacheBehavior [ RunTime:0.000663s ]
INFO: [ app_begin ] --END-- [ RunTime:0.000699s ]
NOTIC: [8] Undefined index: code D:\WWW\whh\Application\Home\Controller\LoginController.class.php 第 7 行.
NOTIC: [8] Undefined index: type D:\WWW\whh\Application\Home\Controller\LoginController.class.php 第 8 行.

[ 2017-01-22T09:06:32+08:00 ] 192.168.1.108 /whh/Home/Login/login.html
INFO: [ app_init ] --START--
INFO: Run Behavior\BuildLiteBehavior [ RunTime:0.000010s ]
INFO: [ app_init ] --END-- [ RunTime:0.000454s ]
INFO: [ app_begin ] --START--
INFO: Run Behavior\ReadHtmlCacheBehavior [ RunTime:0.000639s ]
INFO: [ app_begin ] --END-- [ RunTime:0.000676s ]
NOTIC: [8] Undefined index: code D:\WWW\whh\Application\Home\Controller\LoginController.class.php 第 7 行.
NOTIC: [8] Undefined index: type D:\WWW\whh\Application\Home\Controller\LoginController.class.php 第 8 行.

[ 2017-01-22T09:07:12+08:00 ] 127.0.0.1 /Home/Project/projectlist/token/OFH1axGzYbapmQ.html
INFO: [ app_init ] --START--
INFO: Run Behavior\BuildLiteBehavior [ RunTime:0.000012s ]
INFO: [ app_init ] --END-- [ RunTime:0.000463s ]
INFO: [ app_begin ] --START--
INFO: Run Behavior\ReadHtmlCacheBehavior [ RunTime:0.000586s ]
INFO: [ app_begin ] --END-- [ RunTime:0.000626s ]
SQL: SHOW COLUMNS FROM `whh_project` [ RunTime:0.0686s ]
SQL: SHOW COLUMNS FROM `whh_user_extend` [ RunTime:0.0292s ]
SQL: SELECT `proj_my_needs` FROM `whh_user_extend` WHERE ( uid = '23' ) LIMIT 1   [ RunTime:0.0003s ]
SQL: SELECT COUNT(*) AS tp_count FROM `whh_project` WHERE (  proj_status = 1 and proj_uid != 23 ) LIMIT 1   [ RunTime:0.0054s ]
SQL: SELECT `proj_id`,`proj_name`,`proj_logo`,`proj_ject`,`proj_area`,`proj_round`,`proj_money` FROM `whh_project` WHERE (  proj_status = 1 and proj_uid != 23 ) ORDER BY proj_id desc LIMIT 0,10   [ RunTime:0.0013s ]
SQL: SHOW COLUMNS FROM `whh_follow` [ RunTime:0.0177s ]
SQL: SELECT `he_id` FROM `whh_follow` WHERE ( my_id = 23 and follow_type = 1 )  [ RunTime:0.0004s ]
NOTIC: [2] Invalid argument supplied for foreach() D:\WWW\whh\Application\Home\Controller\ProjectController.class.php 第 61 行.
NOTIC: [8] Undefined variable: collect D:\WWW\whh\Application\Home\Controller\ProjectController.class.php 第 64 行.
NOTIC: [2] array_flip() expects parameter 1 to be array, null given D:\WWW\whh\Application\Home\Controller\ProjectController.class.php 第 64 行.
NOTIC: [2] array_key_exists() expects parameter 2 to be array, null given D:\WWW\whh\Application\Home\Controller\ProjectController.class.php 第 66 行.
NOTIC: [2] array_key_exists() expects parameter 2 to be array, null given D:\WWW\whh\Application\Home\Controller\ProjectController.class.php 第 66 行.
NOTIC: [2] array_key_exists() expects parameter 2 to be array, null given D:\WWW\whh\Application\Home\Controller\ProjectController.class.php 第 66 行.
NOTIC: [2] array_key_exists() expects parameter 2 to be array, null given D:\WWW\whh\Application\Home\Controller\ProjectController.class.php 第 66 行.
NOTIC: [2] array_key_exists() expects parameter 2 to be array, null given D:\WWW\whh\Application\Home\Controller\ProjectController.class.php 第 66 行.
NOTIC: [2] array_key_exists() expects parameter 2 to be array, null given D:\WWW\whh\Application\Home\Controller\ProjectController.class.php 第 66 行.
NOTIC: [2] array_key_exists() expects parameter 2 to be array, null given D:\WWW\whh\Application\Home\Controller\ProjectController.class.php 第 66 行.
NOTIC: [2] array_key_exists() expects parameter 2 to be array, null given D:\WWW\whh\Application\Home\Controller\ProjectController.class.php 第 66 行.
NOTIC: [2] array_key_exists() expects parameter 2 to be array, null given D:\WWW\whh\Application\Home\Controller\ProjectController.class.php 第 66 行.
NOTIC: [2] array_key_exists() expects parameter 2 to be array, null given D:\WWW\whh\Application\Home\Controller\ProjectController.class.php 第 66 行.
INFO: [ view_parse ] --START--
INFO: [ template_filter ] --START--
INFO: Run Behavior\ContentReplaceBehavior [ RunTime:0.000072s ]
INFO: [ template_filter ] --END-- [ RunTime:0.000135s ]
NOTIC: [8] Undefined index: status D:\WWW\whh\Application\Runtime\Cache\Home\4b63b389323d475c017e9024e1a4dcec.php 第 44 行.
NOTIC: [8] Undefined index: status D:\WWW\whh\Application\Runtime\Cache\Home\4b63b389323d475c017e9024e1a4dcec.php 第 44 行.
NOTIC: [8] Undefined index: status D:\WWW\whh\Application\Runtime\Cache\Home\4b63b389323d475c017e9024e1a4dcec.php 第 44 行.
NOTIC: [8] Undefined index: status D:\WWW\whh\Application\Runtime\Cache\Home\4b63b389323d475c017e9024e1a4dcec.php 第 44 行.
NOTIC: [8] Undefined index: status D:\WWW\whh\Application\Runtime\Cache\Home\4b63b389323d475c017e9024e1a4dcec.php 第 44 行.
NOTIC: [8] Undefined index: status D:\WWW\whh\Application\Runtime\Cache\Home\4b63b389323d475c017e9024e1a4dcec.php 第 44 行.
NOTIC: [8] Undefined index: status D:\WWW\whh\Application\Runtime\Cache\Home\4b63b389323d475c017e9024e1a4dcec.php 第 44 行.
NOTIC: [8] Undefined index: status D:\WWW\whh\Application\Runtime\Cache\Home\4b63b389323d475c017e9024e1a4dcec.php 第 44 行.
NOTIC: [8] Undefined index: status D:\WWW\whh\Application\Runtime\Cache\Home\4b63b389323d475c017e9024e1a4dcec.php 第 44 行.
NOTIC: [8] Undefined index: status D:\WWW\whh\Application\Runtime\Cache\Home\4b63b389323d475c017e9024e1a4dcec.php 第 44 行.
INFO: Run Behavior\ParseTemplateBehavior [ RunTime:0.039407s ]
INFO: [ view_parse ] --END-- [ RunTime:0.039470s ]
INFO: [ view_filter ] --START--
INFO: Run Behavior\WriteHtmlCacheBehavior [ RunTime:0.000769s ]
INFO: [ view_filter ] --END-- [ RunTime:0.000822s ]
INFO: [ app_end ] --START--
INFO: Run Behavior\ShowPageTraceBehavior [ RunTime:0.001001s ]
INFO: [ app_end ] --END-- [ RunTime:0.001060s ]

[ 2017-01-22T09:07:53+08:00 ] 127.0.0.1 /Home/Project/projectlist/token/MQiiORLsYuev.html
INFO: [ app_init ] --START--
INFO: Run Behavior\BuildLiteBehavior [ RunTime:0.000012s ]
INFO: [ app_init ] --END-- [ RunTime:0.000437s ]
INFO: [ app_begin ] --START--
INFO: Run Behavior\ReadHtmlCacheBehavior [ RunTime:0.000553s ]
INFO: [ app_begin ] --END-- [ RunTime:0.000594s ]
SQL: SHOW COLUMNS FROM `whh_project` [ RunTime:0.0580s ]
SQL: SHOW COLUMNS FROM `whh_user_extend` [ RunTime:0.0094s ]
SQL: SELECT `proj_my_needs` FROM `whh_user_extend` WHERE ( uid = '4' ) LIMIT 1   [ RunTime:0.0009s ]
SQL: SELECT `proj_id`,`proj_name`,`proj_logo`,`proj_ject`,`proj_area`,`proj_round`,`proj_money` FROM `whh_project` WHERE `proj_status` = '1' AND `proj_uid` <> '4' AND `proj_industry` IN ('')  [ RunTime:0.0009s ]
SQL: SELECT COUNT(*) AS tp_count FROM `whh_project` WHERE (  proj_status = 1 and proj_uid != 4 ) LIMIT 1   [ RunTime:0.0008s ]
SQL: SELECT `proj_id`,`proj_name`,`proj_logo`,`proj_ject`,`proj_area`,`proj_round`,`proj_money` FROM `whh_project` WHERE (  proj_status = 1 and proj_uid != 4 ) ORDER BY proj_id desc LIMIT 0,10   [ RunTime:0.0010s ]
SQL: SHOW COLUMNS FROM `whh_follow` [ RunTime:0.0086s ]
SQL: SELECT `he_id` FROM `whh_follow` WHERE ( my_id = 4 and follow_type = 1 )  [ RunTime:0.0005s ]
NOTIC: [2] Invalid argument supplied for foreach() D:\WWW\whh\Application\Home\Controller\ProjectController.class.php 第 61 行.
NOTIC: [8] Undefined variable: collect D:\WWW\whh\Application\Home\Controller\ProjectController.class.php 第 64 行.
NOTIC: [2] array_flip() expects parameter 1 to be array, null given D:\WWW\whh\Application\Home\Controller\ProjectController.class.php 第 64 行.
NOTIC: [2] array_key_exists() expects parameter 2 to be array, null given D:\WWW\whh\Application\Home\Controller\ProjectController.class.php 第 66 行.
NOTIC: [2] array_key_exists() expects parameter 2 to be array, null given D:\WWW\whh\Application\Home\Controller\ProjectController.class.php 第 66 行.
INFO: [ view_parse ] --START--
INFO: [ template_filter ] --START--
INFO: Run Behavior\ContentReplaceBehavior [ RunTime:0.000064s ]
INFO: [ template_filter ] --END-- [ RunTime:0.000117s ]
NOTIC: [8] Undefined index: status D:\WWW\whh\Application\Runtime\Cache\Home\4b63b389323d475c017e9024e1a4dcec.php 第 44 行.
NOTIC: [8] Undefined index: status D:\WWW\whh\Application\Runtime\Cache\Home\4b63b389323d475c017e9024e1a4dcec.php 第 44 行.
INFO: Run Behavior\ParseTemplateBehavior [ RunTime:0.011202s ]
INFO: [ view_parse ] --END-- [ RunTime:0.011266s ]
INFO: [ view_filter ] --START--
INFO: Run Behavior\WriteHtmlCacheBehavior [ RunTime:0.000490s ]
INFO: [ view_filter ] --END-- [ RunTime:0.000529s ]
INFO: [ app_end ] --START--
INFO: Run Behavior\ShowPageTraceBehavior [ RunTime:0.000768s ]
INFO: [ app_end ] --END-- [ RunTime:0.000810s ]

[ 2017-01-22T09:07:56+08:00 ] 127.0.0.1 /Home/Invest/investList/token/MQiiORLsYuev.html
INFO: [ app_init ] --START--
INFO: Run Behavior\BuildLiteBehavior [ RunTime:0.000010s ]
INFO: [ app_init ] --END-- [ RunTime:0.000411s ]
INFO: [ app_begin ] --START--
INFO: Run Behavior\ReadHtmlCacheBehavior [ RunTime:0.000616s ]
INFO: [ app_begin ] --END-- [ RunTime:0.000654s ]
SQL: SHOW COLUMNS FROM `whh_invest` [ RunTime:0.0904s ]
SQL: SELECT COUNT(*) AS tp_count FROM `whh_invest` WHERE ( inv_status = 1 and inv_uid != 4 ) LIMIT 1   [ RunTime:0.0137s ]
SQL: SELECT `inv_id`,`inv_name`,`inv_logo`,`inv_in_company`,`inv_type` FROM `whh_invest` WHERE ( inv_status = 1 and inv_uid != 4 ) ORDER BY inv_id desc LIMIT 0,10   [ RunTime:0.0013s ]
INFO: [ view_parse ] --START--
INFO: [ template_filter ] --START--
INFO: Run Behavior\ContentReplaceBehavior [ RunTime:0.000092s ]
INFO: [ template_filter ] --END-- [ RunTime:0.000181s ]
INFO: Run Behavior\ParseTemplateBehavior [ RunTime:0.031260s ]
INFO: [ view_parse ] --END-- [ RunTime:0.031400s ]
INFO: [ view_filter ] --START--
INFO: Run Behavior\WriteHtmlCacheBehavior [ RunTime:0.000624s ]
INFO: [ view_filter ] --END-- [ RunTime:0.000684s ]
INFO: [ app_end ] --START--
INFO: Run Behavior\ShowPageTraceBehavior [ RunTime:0.001070s ]
INFO: [ app_end ] --END-- [ RunTime:0.001132s ]

[ 2017-01-22T09:08:27+08:00 ] 127.0.0.1 /Home/Market/marketList.html
INFO: [ app_init ] --START--
INFO: Run Behavior\BuildLiteBehavior [ RunTime:0.000014s ]
INFO: [ app_init ] --END-- [ RunTime:0.000586s ]
INFO: [ app_begin ] --START--
INFO: Run Behavior\ReadHtmlCacheBehavior [ RunTime:0.000735s ]
INFO: [ app_begin ] --END-- [ RunTime:0.000783s ]
SQL: SHOW COLUMNS FROM `whh_free` [ RunTime:0.0988s ]
SQL: SELECT COUNT(*) AS tp_count FROM `whh_free` LIMIT 1   [ RunTime:0.0009s ]
SQL: SELECT a.fid,a.free_title,a.free_time,b.realname,b.user_logo FROM whh_free a left join whh_user as b on a.free_uid = b.id  LIMIT 0,10   [ RunTime:0.0011s ]
NOTIC: [8] Undefined index: code D:\WWW\whh\Application\Home\Controller\MarketController.class.php 第 23 行.

[ 2017-01-22T09:09:01+08:00 ] 192.168.1.108 /whh/Home/Market/marketList.html
INFO: [ app_init ] --START--
INFO: Run Behavior\BuildLiteBehavior [ RunTime:0.000010s ]
INFO: [ app_init ] --END-- [ RunTime:0.000491s ]
INFO: [ app_begin ] --START--
INFO: Run Behavior\ReadHtmlCacheBehavior [ RunTime:0.000628s ]
INFO: [ app_begin ] --END-- [ RunTime:0.000665s ]
SQL: SHOW COLUMNS FROM `whh_free` [ RunTime:0.0093s ]
SQL: SELECT COUNT(*) AS tp_count FROM `whh_free` LIMIT 1   [ RunTime:0.0008s ]
SQL: SELECT a.fid,a.free_title,a.free_time,b.realname,b.user_logo FROM whh_free a left join whh_user as b on a.free_uid = b.id  LIMIT 0,10   [ RunTime:0.0010s ]
NOTIC: [8] Undefined index: code D:\WWW\whh\Application\Home\Controller\MarketController.class.php 第 23 行.

[ 2017-01-22T09:11:53+08:00 ] 127.0.0.1 /Home/Product/productList/token/MQiiORLsYuev.html
INFO: [ app_init ] --START--
INFO: Run Behavior\BuildLiteBehavior [ RunTime:0.000019s ]
INFO: [ app_init ] --END-- [ RunTime:0.000783s ]
INFO: [ app_begin ] --START--
INFO: Run Behavior\ReadHtmlCacheBehavior [ RunTime:0.001072s ]
INFO: [ app_begin ] --END-- [ RunTime:0.001139s ]
SQL: SHOW COLUMNS FROM `whh_product` [ RunTime:0.0788s ]
SQL: SELECT COUNT(*) AS tp_count FROM `whh_product` WHERE (  prod_status = 1 and prod_uid != 4 ) LIMIT 1   [ RunTime:0.0052s ]
SQL: SELECT `prod_id`,`prod_name`,`prod_logo`,`prod_rate`,`prod_term`,`prod_money` FROM `whh_product` WHERE (  prod_status = 1 and prod_uid != 4 ) ORDER BY prod_id desc LIMIT 0,10   [ RunTime:0.0004s ]
SQL: SHOW COLUMNS FROM `whh_follow` [ RunTime:0.0047s ]
SQL: SELECT `he_id` FROM `whh_follow` WHERE ( my_id = '4' and follow_type = 2 )  [ RunTime:0.0003s ]
INFO: [ view_parse ] --START--
INFO: [ template_filter ] --START--
INFO: Run Behavior\ContentReplaceBehavior [ RunTime:0.000040s ]
INFO: [ template_filter ] --END-- [ RunTime:0.000077s ]
INFO: Run Behavior\ParseTemplateBehavior [ RunTime:0.017657s ]
INFO: [ view_parse ] --END-- [ RunTime:0.017694s ]
INFO: [ view_filter ] --START--
INFO: Run Behavior\WriteHtmlCacheBehavior [ RunTime:0.000421s ]
INFO: [ view_filter ] --END-- [ RunTime:0.000450s ]
INFO: [ app_end ] --START--
INFO: Run Behavior\ShowPageTraceBehavior [ RunTime:0.000642s ]
INFO: [ app_end ] --END-- [ RunTime:0.000672s ]

[ 2017-01-22T09:12:59+08:00 ] 127.0.0.1 /Home/Market/marketList.html
INFO: [ app_init ] --START--
INFO: Run Behavior\BuildLiteBehavior [ RunTime:0.000013s ]
INFO: [ app_init ] --END-- [ RunTime:0.000435s ]
INFO: [ app_begin ] --START--
INFO: Run Behavior\ReadHtmlCacheBehavior [ RunTime:0.000599s ]
INFO: [ app_begin ] --END-- [ RunTime:0.000640s ]
SQL: SHOW COLUMNS FROM `whh_free` [ RunTime:0.0095s ]
SQL: SELECT COUNT(*) AS tp_count FROM `whh_free` LIMIT 1   [ RunTime:0.0008s ]
SQL: SELECT a.fid,a.free_title,a.free_time,b.realname,b.user_logo FROM whh_free a left join whh_user as b on a.free_uid = b.id  LIMIT 0,10   [ RunTime:0.0010s ]
INFO: [ view_parse ] --START--
INFO: [ template_filter ] --START--
INFO: Run Behavior\ContentReplaceBehavior [ RunTime:0.000033s ]
INFO: [ template_filter ] --END-- [ RunTime:0.000066s ]
NOTIC: [8] Undefined variable: token D:\WWW\whh\Application\Runtime\Cache\Home\127ee7781ae6971c0ae375f8495e7136.php 第 55 行.
NOTIC: [8] Undefined variable: token D:\WWW\whh\Application\Runtime\Cache\Home\127ee7781ae6971c0ae375f8495e7136.php 第 55 行.
INFO: Run Behavior\ParseTemplateBehavior [ RunTime:0.008836s ]
INFO: [ view_parse ] --END-- [ RunTime:0.008904s ]
INFO: [ view_filter ] --START--
INFO: Run Behavior\WriteHtmlCacheBehavior [ RunTime:0.000376s ]
INFO: [ view_filter ] --END-- [ RunTime:0.000404s ]
INFO: [ app_end ] --START--
INFO: Run Behavior\ShowPageTraceBehavior [ RunTime:0.000595s ]
INFO: [ app_end ] --END-- [ RunTime:0.000625s ]

[ 2017-01-22T09:13:07+08:00 ] 127.0.0.1 /Home/Market/marketList.html
INFO: [ app_init ] --START--
INFO: Run Behavior\BuildLiteBehavior [ RunTime:0.000026s ]
INFO: [ app_init ] --END-- [ RunTime:0.000585s ]
INFO: [ app_begin ] --START--
INFO: Run Behavior\ReadHtmlCacheBehavior [ RunTime:0.000567s ]
INFO: [ app_begin ] --END-- [ RunTime:0.000605s ]
SQL: SHOW COLUMNS FROM `whh_free` [ RunTime:0.0104s ]
SQL: SELECT COUNT(*) AS tp_count FROM `whh_free` LIMIT 1   [ RunTime:0.0009s ]
SQL: SELECT a.fid,a.free_title,a.free_time,b.realname,b.user_logo FROM whh_free a left join whh_user as b on a.free_uid = b.id  LIMIT 0,10   [ RunTime:0.0011s ]
INFO: [ view_parse ] --START--
INFO: [ template_filter ] --START--
INFO: Run Behavior\ContentReplaceBehavior [ RunTime:0.000067s ]
INFO: [ template_filter ] --END-- [ RunTime:0.000137s ]
NOTIC: [8] Undefined variable: token D:\WWW\whh\Application\Runtime\Cache\Home\127ee7781ae6971c0ae375f8495e7136.php 第 55 行.
NOTIC: [8] Undefined variable: token D:\WWW\whh\Application\Runtime\Cache\Home\127ee7781ae6971c0ae375f8495e7136.php 第 55 行.
INFO: Run Behavior\ParseTemplateBehavior [ RunTime:0.015146s ]
INFO: [ view_parse ] --END-- [ RunTime:0.015231s ]
INFO: [ view_filter ] --START--
INFO: Run Behavior\WriteHtmlCacheBehavior [ RunTime:0.000534s ]
INFO: [ view_filter ] --END-- [ RunTime:0.000581s ]
INFO: [ app_end ] --START--
INFO: Run Behavior\ShowPageTraceBehavior [ RunTime:0.000890s ]
INFO: [ app_end ] --END-- [ RunTime:0.000939s ]

[ 2017-01-22T09:13:11+08:00 ] 127.0.0.1 /Home/Market/marketDetail/fid/1.html
INFO: [ app_init ] --START--
INFO: Run Behavior\BuildLiteBehavior [ RunTime:0.000012s ]
INFO: [ app_init ] --END-- [ RunTime:0.000443s ]
INFO: [ app_begin ] --START--
INFO: Run Behavior\ReadHtmlCacheBehavior [ RunTime:0.000677s ]
INFO: [ app_begin ] --END-- [ RunTime:0.000717s ]
SQL: SHOW COLUMNS FROM `whh_free` [ RunTime:0.0069s ]
SQL: SELECT a.fid,a.free_title,a.free_uid,a.free_content,a.free_time,b.realname,b.user_logo FROM whh_free a left join whh_user as b on a.free_uid = b.id  WHERE ( fid = 1 ) LIMIT 1   [ RunTime:0.0008s ]
SQL: SHOW COLUMNS FROM `whh_free_com` [ RunTime:0.0536s ]
SQL: SELECT COUNT(*) AS tp_count FROM `whh_free_com` WHERE ( fid = 1 ) LIMIT 1   [ RunTime:0.0009s ]
SQL: SELECT a.com_content,a.com_time,b.realname,b.user_logo FROM whh_free_com a left join whh_user as b on a.free_uid = b.id  WHERE ( fid = 1 ) ORDER BY com_time desc LIMIT 0,10   [ RunTime:0.0014s ]
INFO: [ view_parse ] --START--
INFO: [ template_filter ] --START--
INFO: Run Behavior\ContentReplaceBehavior [ RunTime:0.000085s ]
INFO: [ template_filter ] --END-- [ RunTime:0.000166s ]
INFO: Run Behavior\ParseTemplateBehavior [ RunTime:0.018064s ]
INFO: [ view_parse ] --END-- [ RunTime:0.018153s ]
INFO: [ view_filter ] --START--
INFO: Run Behavior\WriteHtmlCacheBehavior [ RunTime:0.000600s ]
INFO: [ view_filter ] --END-- [ RunTime:0.000655s ]
INFO: [ app_end ] --START--
INFO: Run Behavior\ShowPageTraceBehavior [ RunTime:0.001048s ]
INFO: [ app_end ] --END-- [ RunTime:0.001105s ]

[ 2017-01-22T09:13:15+08:00 ] 127.0.0.1 /Home/Market/comment/fid/1.html
INFO: [ app_init ] --START--
INFO: Run Behavior\BuildLiteBehavior [ RunTime:0.000011s ]
INFO: [ app_init ] --END-- [ RunTime:0.000439s ]
INFO: [ app_begin ] --START--
INFO: Run Behavior\ReadHtmlCacheBehavior [ RunTime:0.000562s ]
INFO: [ app_begin ] --END-- [ RunTime:0.000598s ]
ERR: 参数错误或者未定义:token

[ 2017-01-22T09:14:15+08:00 ] 127.0.0.1 /Home/Market/marketDetail/fid/1.html
INFO: [ app_init ] --START--
INFO: Run Behavior\BuildLiteBehavior [ RunTime:0.000050s ]
INFO: [ app_init ] --END-- [ RunTime:0.000665s ]
INFO: [ app_begin ] --START--
INFO: Run Behavior\ReadHtmlCacheBehavior [ RunTime:0.000921s ]
INFO: [ app_begin ] --END-- [ RunTime:0.000968s ]
SQL: SHOW COLUMNS FROM `whh_free` [ RunTime:0.0098s ]
SQL: SELECT a.fid,a.free_title,a.free_uid,a.free_content,a.free_time,b.realname,b.user_logo FROM whh_free a left join whh_user as b on a.free_uid = b.id  WHERE ( fid = 1 ) LIMIT 1   [ RunTime:0.0005s ]
SQL: SHOW COLUMNS FROM `whh_free_com` [ RunTime:0.0053s ]
SQL: SELECT COUNT(*) AS tp_count FROM `whh_free_com` WHERE ( fid = 1 ) LIMIT 1   [ RunTime:0.0003s ]
SQL: SELECT a.com_content,a.com_time,b.realname,b.user_logo FROM whh_free_com a left join whh_user as b on a.free_uid = b.id  WHERE ( fid = 1 ) ORDER BY com_time desc LIMIT 0,10   [ RunTime:0.0007s ]
INFO: [ view_parse ] --START--
INFO: [ template_filter ] --START--
INFO: Run Behavior\ContentReplaceBehavior [ RunTime:0.000038s ]
INFO: [ template_filter ] --END-- [ RunTime:0.000073s ]
INFO: Run Behavior\ParseTemplateBehavior [ RunTime:0.006604s ]
INFO: [ view_parse ] --END-- [ RunTime:0.006643s ]
INFO: [ view_filter ] --START--
INFO: Run Behavior\WriteHtmlCacheBehavior [ RunTime:0.000378s ]
INFO: [ view_filter ] --END-- [ RunTime:0.000410s ]
INFO: [ app_end ] --START--
INFO: Run Behavior\ShowPageTraceBehavior [ RunTime:0.000663s ]
INFO: [ app_end ] --END-- [ RunTime:0.000695s ]

[ 2017-01-22T09:14:16+08:00 ] 127.0.0.1 /Home/Market/comment/fid/1.html
INFO: [ app_init ] --START--
INFO: Run Behavior\BuildLiteBehavior [ RunTime:0.000011s ]
INFO: [ app_init ] --END-- [ RunTime:0.000438s ]
INFO: [ app_begin ] --START--
INFO: Run Behavior\ReadHtmlCacheBehavior [ RunTime:0.000613s ]
INFO: [ app_begin ] --END-- [ RunTime:0.000663s ]
ERR: 参数错误或者未定义:token

[ 2017-01-22T09:14:38+08:00 ] 127.0.0.1 /Home/Market/comment/fid/1.html
INFO: [ app_init ] --START--
INFO: Run Behavior\BuildLiteBehavior [ RunTime:0.000011s ]
INFO: [ app_init ] --END-- [ RunTime:0.000413s ]
INFO: [ app_begin ] --START--
INFO: Run Behavior\ReadHtmlCacheBehavior [ RunTime:0.000538s ]
INFO: [ app_begin ] --END-- [ RunTime:0.000574s ]

[ 2017-01-22T09:14:46+08:00 ] 127.0.0.1 /Home/Market/comment/fid/1.html
INFO: [ app_init ] --START--
INFO: Run Behavior\BuildLiteBehavior [ RunTime:0.000012s ]
INFO: [ app_init ] --END-- [ RunTime:0.000421s ]
INFO: [ app_begin ] --START--
INFO: Run Behavior\ReadHtmlCacheBehavior [ RunTime:0.000534s ]
INFO: [ app_begin ] --END-- [ RunTime:0.000570s ]

[ 2017-01-22T09:14:46+08:00 ] 127.0.0.1 /Home/Login/login/type/2.html
INFO: [ app_init ] --START--
INFO: Run Behavior\BuildLiteBehavior [ RunTime:0.000012s ]
INFO: [ app_init ] --END-- [ RunTime:0.000468s ]
INFO: [ app_begin ] --START--
INFO: Run Behavior\ReadHtmlCacheBehavior [ RunTime:0.000584s ]
INFO: [ app_begin ] --END-- [ RunTime:0.000620s ]
NOTIC: [8] Undefined index: code D:\WWW\whh\Application\Home\Controller\LoginController.class.php 第 7 行.

[ 2017-01-22T09:15:05+08:00 ] 127.0.0.1 /Home/Market/comment/fid/1.html
INFO: [ app_init ] --START--
INFO: Run Behavior\BuildLiteBehavior [ RunTime:0.000012s ]
INFO: [ app_init ] --END-- [ RunTime:0.000464s ]
INFO: [ app_begin ] --START--
INFO: Run Behavior\ReadHtmlCacheBehavior [ RunTime:0.000580s ]
INFO: [ app_begin ] --END-- [ RunTime:0.000618s ]

[ 2017-01-22T09:15:05+08:00 ] 127.0.0.1 /Home/Login/login/type/2.html
INFO: [ app_init ] --START--
INFO: Run Behavior\BuildLiteBehavior [ RunTime:0.000011s ]
INFO: [ app_init ] --END-- [ RunTime:0.000445s ]
INFO: [ app_begin ] --START--
INFO: Run Behavior\ReadHtmlCacheBehavior [ RunTime:0.000568s ]
INFO: [ app_begin ] --END-- [ RunTime:0.000604s ]
NOTIC: [8] Undefined index: code D:\WWW\whh\Application\Home\Controller\LoginController.class.php 第 7 行.

[ 2017-01-22T09:15:09+08:00 ] 127.0.0.1 /Home/Market/newPost.html
INFO: [ app_init ] --START--
INFO: Run Behavior\BuildLiteBehavior [ RunTime:0.000011s ]
INFO: [ app_init ] --END-- [ RunTime:0.000394s ]
INFO: [ app_begin ] --START--
INFO: Run Behavior\ReadHtmlCacheBehavior [ RunTime:0.000539s ]
INFO: [ app_begin ] --END-- [ RunTime:0.000576s ]

[ 2017-01-22T09:15:09+08:00 ] 127.0.0.1 /Home/Login/login/type/1.html
INFO: [ app_init ] --START--
INFO: Run Behavior\BuildLiteBehavior [ RunTime:0.000010s ]
INFO: [ app_init ] --END-- [ RunTime:0.000496s ]
INFO: [ app_begin ] --START--
INFO: Run Behavior\ReadHtmlCacheBehavior [ RunTime:0.000572s ]
INFO: [ app_begin ] --END-- [ RunTime:0.000609s ]
NOTIC: [8] Undefined index: code D:\WWW\whh\Application\Home\Controller\LoginController.class.php 第 7 行.

[ 2017-01-22T09:15:40+08:00 ] 127.0.0.1 /Home/Market/marketDetail/fid/2.html
INFO: [ app_init ] --START--
INFO: Run Behavior\BuildLiteBehavior [ RunTime:0.000032s ]
INFO: [ app_init ] --END-- [ RunTime:0.000496s ]
INFO: [ app_begin ] --START--
INFO: Run Behavior\ReadHtmlCacheBehavior [ RunTime:0.000609s ]
INFO: [ app_begin ] --END-- [ RunTime:0.000645s ]
SQL: SHOW COLUMNS FROM `whh_free` [ RunTime:0.0105s ]
SQL: SELECT a.fid,a.free_title,a.free_uid,a.free_content,a.free_time,b.realname,b.user_logo FROM whh_free a left join whh_user as b on a.free_uid = b.id  WHERE ( fid = 2 ) LIMIT 1   [ RunTime:0.0013s ]
SQL: SHOW COLUMNS FROM `whh_free_com` [ RunTime:0.0099s ]
SQL: SELECT COUNT(*) AS tp_count FROM `whh_free_com` WHERE ( fid = 2 ) LIMIT 1   [ RunTime:0.0007s ]
SQL: SELECT a.com_content,a.com_time,b.realname,b.user_logo FROM whh_free_com a left join whh_user as b on a.free_uid = b.id  WHERE ( fid = 2 ) ORDER BY com_time desc LIMIT 0,10   [ RunTime:0.0007s ]
INFO: [ view_parse ] --START--
INFO: [ template_filter ] --START--
INFO: Run Behavior\ContentReplaceBehavior [ RunTime:0.000071s ]
INFO: [ template_filter ] --END-- [ RunTime:0.000139s ]
INFO: Run Behavior\ParseTemplateBehavior [ RunTime:0.013228s ]
INFO: [ view_parse ] --END-- [ RunTime:0.013297s ]
INFO: [ view_filter ] --START--
INFO: Run Behavior\WriteHtmlCacheBehavior [ RunTime:0.000535s ]
INFO: [ view_filter ] --END-- [ RunTime:0.000582s ]
INFO: [ app_end ] --START--
INFO: Run Behavior\ShowPageTraceBehavior [ RunTime:0.000896s ]
INFO: [ app_end ] --END-- [ RunTime:0.000945s ]

[ 2017-01-22T09:15:41+08:00 ] 127.0.0.1 /Home/Market/comment/fid/2.html
INFO: [ app_init ] --START--
INFO: Run Behavior\BuildLiteBehavior [ RunTime:0.000011s ]
INFO: [ app_init ] --END-- [ RunTime:0.000449s ]
INFO: [ app_begin ] --START--
INFO: Run Behavior\ReadHtmlCacheBehavior [ RunTime:0.000593s ]
INFO: [ app_begin ] --END-- [ RunTime:0.000632s ]

[ 2017-01-22T09:15:41+08:00 ] 127.0.0.1 /Home/Login/login/type/2.html
INFO: [ app_init ] --START--
INFO: Run Behavior\BuildLiteBehavior [ RunTime:0.000031s ]
INFO: [ app_init ] --END-- [ RunTime:0.000625s ]
INFO: [ app_begin ] --START--
INFO: Run Behavior\ReadHtmlCacheBehavior [ RunTime:0.001487s ]
INFO: [ app_begin ] --END-- [ RunTime:0.001590s ]
NOTIC: [8] Undefined index: code D:\WWW\whh\Application\Home\Controller\LoginController.class.php 第 7 行.

[ 2017-01-22T09:15:58+08:00 ] 127.0.0.1 /Home/Market/marketDetail/fid/2.html
INFO: [ app_init ] --START--
INFO: Run Behavior\BuildLiteBehavior [ RunTime:0.000011s ]
INFO: [ app_init ] --END-- [ RunTime:0.000518s ]
INFO: [ app_begin ] --START--
INFO: Run Behavior\ReadHtmlCacheBehavior [ RunTime:0.000807s ]
INFO: [ app_begin ] --END-- [ RunTime:0.000901s ]
SQL: SHOW COLUMNS FROM `whh_free` [ RunTime:0.0106s ]
SQL: SELECT a.fid,a.free_title,a.free_uid,a.free_content,a.free_time,b.realname,b.user_logo FROM whh_free a left join whh_user as b on a.free_uid = b.id  WHERE ( fid = 2 ) LIMIT 1   [ RunTime:0.0012s ]
SQL: SHOW COLUMNS FROM `whh_free_com` [ RunTime:0.0101s ]
SQL: SELECT COUNT(*) AS tp_count FROM `whh_free_com` WHERE ( fid = 2 ) LIMIT 1   [ RunTime:0.0008s ]
SQL: SELECT a.com_content,a.com_time,b.realname,b.user_logo FROM whh_free_com a left join whh_user as b on a.free_uid = b.id  WHERE ( fid = 2 ) ORDER BY com_time desc LIMIT 0,10   [ RunTime:0.0010s ]
INFO: [ view_parse ] --START--
INFO: [ template_filter ] --START--
INFO: Run Behavior\ContentReplaceBehavior [ RunTime:0.000069s ]
INFO: [ template_filter ] --END-- [ RunTime:0.000140s ]
INFO: Run Behavior\ParseTemplateBehavior [ RunTime:0.016214s ]
INFO: [ view_parse ] --END-- [ RunTime:0.016319s ]
INFO: [ view_filter ] --START--
INFO: Run Behavior\WriteHtmlCacheBehavior [ RunTime:0.000608s ]
INFO: [ view_filter ] --END-- [ RunTime:0.000654s ]
INFO: [ app_end ] --START--
INFO: Run Behavior\ShowPageTraceBehavior [ RunTime:0.000966s ]
INFO: [ app_end ] --END-- [ RunTime:0.001014s ]

[ 2017-01-22T09:18:49+08:00 ] 127.0.0.1 /Home/Market/marketList.html
INFO: [ app_init ] --START--
INFO: Run Behavior\BuildLiteBehavior [ RunTime:0.000012s ]
INFO: [ app_init ] --END-- [ RunTime:0.000518s ]
INFO: [ app_begin ] --START--
INFO: Run Behavior\ReadHtmlCacheBehavior [ RunTime:0.000941s ]
INFO: [ app_begin ] --END-- [ RunTime:0.000992s ]
SQL: SHOW COLUMNS FROM `whh_free` [ RunTime:0.0109s ]
SQL: SELECT COUNT(*) AS tp_count FROM `whh_free` LIMIT 1   [ RunTime:0.0009s ]
SQL: SELECT a.fid,a.free_title,a.free_time,b.realname,b.user_logo FROM whh_free a left join whh_user as b on a.free_uid = b.id  LIMIT 0,10   [ RunTime:0.0011s ]
NOTIC: [8] Undefined index: code D:\WWW\whh\Application\Home\Controller\MarketController.class.php 第 23 行.

[ 2017-01-22T09:19:32+08:00 ] 127.0.0.1 /Home/Market/marketList.html
INFO: [ app_init ] --START--
INFO: Run Behavior\BuildLiteBehavior [ RunTime:0.000015s ]
INFO: [ app_init ] --END-- [ RunTime:0.000435s ]
INFO: [ app_begin ] --START--
INFO: Run Behavior\ReadHtmlCacheBehavior [ RunTime:0.000588s ]
INFO: [ app_begin ] --END-- [ RunTime:0.000630s ]
SQL: SHOW COLUMNS FROM `whh_free` [ RunTime:0.0052s ]
SQL: SELECT COUNT(*) AS tp_count FROM `whh_free` LIMIT 1   [ RunTime:0.0004s ]
SQL: SELECT a.fid,a.free_title,a.free_time,b.realname,b.user_logo FROM whh_free a left join whh_user as b on a.free_uid = b.id  LIMIT 0,10   [ RunTime:0.0005s ]
INFO: [ view_parse ] --START--
INFO: [ template_filter ] --START--
INFO: Run Behavior\ContentReplaceBehavior [ RunTime:0.000031s ]
INFO: [ template_filter ] --END-- [ RunTime:0.000060s ]
NOTIC: [8] Undefined index: token D:\WWW\whh\Application\Runtime\Cache\Home\127ee7781ae6971c0ae375f8495e7136.php 第 55 行.
NOTIC: [8] Undefined index: token D:\WWW\whh\Application\Runtime\Cache\Home\127ee7781ae6971c0ae375f8495e7136.php 第 55 行.
INFO: Run Behavior\ParseTemplateBehavior [ RunTime:0.007741s ]
INFO: [ view_parse ] --END-- [ RunTime:0.007794s ]
INFO: [ view_filter ] --START--
INFO: Run Behavior\WriteHtmlCacheBehavior [ RunTime:0.000397s ]
INFO: [ view_filter ] --END-- [ RunTime:0.000438s ]
INFO: [ app_end ] --START--
INFO: Run Behavior\ShowPageTraceBehavior [ RunTime:0.000620s ]
INFO: [ app_end ] --END-- [ RunTime:0.000649s ]

[ 2017-01-22T09:19:34+08:00 ] 127.0.0.1 /
INFO: [ app_init ] --START--
INFO: Run Behavior\BuildLiteBehavior [ RunTime:0.000010s ]
INFO: [ app_init ] --END-- [ RunTime:0.000544s ]
INFO: [ app_begin ] --START--
INFO: Run Behavior\ReadHtmlCacheBehavior [ RunTime:0.000681s ]
INFO: [ app_begin ] --END-- [ RunTime:0.000718s ]
INFO: [ view_parse ] --START--
INFO: Run Behavior\ParseTemplateBehavior [ RunTime:0.000551s ]
INFO: [ view_parse ] --END-- [ RunTime:0.000599s ]
INFO: [ view_filter ] --START--
INFO: Run Behavior\WriteHtmlCacheBehavior [ RunTime:0.000488s ]
INFO: [ view_filter ] --END-- [ RunTime:0.000524s ]
INFO: [ app_end ] --START--
INFO: Run Behavior\ShowPageTraceBehavior [ RunTime:0.000758s ]
INFO: [ app_end ] --END-- [ RunTime:0.000795s ]

[ 2017-01-22T09:19:34+08:00 ] 127.0.0.1 HTTP://www.whh.local/
INFO: [ app_init ] --START--
INFO: Run Behavior\BuildLiteBehavior [ RunTime:0.000009s ]
INFO: [ app_init ] --END-- [ RunTime:0.000477s ]
INFO: [ app_begin ] --START--
INFO: Run Behavior\ReadHtmlCacheBehavior [ RunTime:0.000711s ]
INFO: [ app_begin ] --END-- [ RunTime:0.000748s ]
INFO: [ view_parse ] --START--
INFO: Run Behavior\ParseTemplateBehavior [ RunTime:0.000477s ]
INFO: [ view_parse ] --END-- [ RunTime:0.000513s ]
INFO: [ view_filter ] --START--
INFO: Run Behavior\WriteHtmlCacheBehavior [ RunTime:0.000491s ]
INFO: [ view_filter ] --END-- [ RunTime:0.000520s ]
INFO: [ app_end ] --START--
INFO: Run Behavior\ShowPageTraceBehavior [ RunTime:0.000726s ]
INFO: [ app_end ] --END-- [ RunTime:0.000757s ]

[ 2017-01-22T09:19:34+08:00 ] 127.0.0.1 /
INFO: [ app_init ] --START--
INFO: Run Behavior\BuildLiteBehavior [ RunTime:0.000009s ]
INFO: [ app_init ] --END-- [ RunTime:0.000455s ]
INFO: [ app_begin ] --START--
INFO: Run Behavior\ReadHtmlCacheBehavior [ RunTime:0.001018s ]
INFO: [ app_begin ] --END-- [ RunTime:0.001060s ]
INFO: [ view_parse ] --START--
INFO: Run Behavior\ParseTemplateBehavior [ RunTime:0.000464s ]
INFO: [ view_parse ] --END-- [ RunTime:0.000513s ]
INFO: [ view_filter ] --START--
INFO: Run Behavior\WriteHtmlCacheBehavior [ RunTime:0.000554s ]
INFO: [ view_filter ] --END-- [ RunTime:0.000626s ]
INFO: [ app_end ] --START--
INFO: Run Behavior\ShowPageTraceBehavior [ RunTime:0.000670s ]
INFO: [ app_end ] --END-- [ RunTime:0.000702s ]

[ 2017-01-22T09:19:34+08:00 ] 127.0.0.1 /index.php
INFO: [ app_init ] --START--
INFO: Run Behavior\BuildLiteBehavior [ RunTime:0.000011s ]
INFO: [ app_init ] --END-- [ RunTime:0.000564s ]
INFO: [ app_begin ] --START--
INFO: Run Behavior\ReadHtmlCacheBehavior [ RunTime:0.000949s ]
INFO: [ app_begin ] --END-- [ RunTime:0.000985s ]
INFO: [ view_parse ] --START--
INFO: Run Behavior\ParseTemplateBehavior [ RunTime:0.000877s ]
INFO: [ view_parse ] --END-- [ RunTime:0.000918s ]
INFO: [ view_filter ] --START--
INFO: Run Behavior\WriteHtmlCacheBehavior [ RunTime:0.000813s ]
INFO: [ view_filter ] --END-- [ RunTime:0.000842s ]
INFO: [ app_end ] --START--
INFO: Run Behavior\ShowPageTraceBehavior [ RunTime:0.000988s ]
INFO: [ app_end ] --END-- [ RunTime:0.001018s ]

[ 2017-01-22T09:19:36+08:00 ] 127.0.0.1 /Home/Market/marketList.html
INFO: [ app_init ] --START--
INFO: Run Behavior\BuildLiteBehavior [ RunTime:0.000012s ]
INFO: [ app_init ] --END-- [ RunTime:0.000477s ]
INFO: [ app_begin ] --START--
INFO: Run Behavior\ReadHtmlCacheBehavior [ RunTime:0.000574s ]
INFO: [ app_begin ] --END-- [ RunTime:0.000628s ]
SQL: SHOW COLUMNS FROM `whh_free` [ RunTime:0.0061s ]
SQL: SELECT COUNT(*) AS tp_count FROM `whh_free` LIMIT 1   [ RunTime:0.0004s ]
SQL: SELECT a.fid,a.free_title,a.free_time,b.realname,b.user_logo FROM whh_free a left join whh_user as b on a.free_uid = b.id  LIMIT 0,10   [ RunTime:0.0005s ]
INFO: [ view_parse ] --START--
INFO: [ template_filter ] --START--
INFO: Run Behavior\ContentReplaceBehavior [ RunTime:0.000056s ]
INFO: [ template_filter ] --END-- [ RunTime:0.000116s ]
NOTIC: [8] Undefined index: token D:\WWW\whh\Application\Runtime\Cache\Home\127ee7781ae6971c0ae375f8495e7136.php 第 55 行.
NOTIC: [8] Undefined index: token D:\WWW\whh\Application\Runtime\Cache\Home\127ee7781ae6971c0ae375f8495e7136.php 第 55 行.
INFO: Run Behavior\ParseTemplateBehavior [ RunTime:0.008431s ]
INFO: [ view_parse ] --END-- [ RunTime:0.008474s ]
INFO: [ view_filter ] --START--
INFO: Run Behavior\WriteHtmlCacheBehavior [ RunTime:0.000374s ]
INFO: [ view_filter ] --END-- [ RunTime:0.000403s ]
INFO: [ app_end ] --START--
INFO: Run Behavior\ShowPageTraceBehavior [ RunTime:0.000592s ]
INFO: [ app_end ] --END-- [ RunTime:0.000623s ]

[ 2017-01-22T09:19:38+08:00 ] 127.0.0.1 /Home/Market/marketDetail/fid/1.html
INFO: [ app_init ] --START--
INFO: Run Behavior\BuildLiteBehavior [ RunTime:0.000010s ]
INFO: [ app_init ] --END-- [ RunTime:0.000440s ]
INFO: [ app_begin ] --START--
INFO: Run Behavior\ReadHtmlCacheBehavior [ RunTime:0.000568s ]
INFO: [ app_begin ] --END-- [ RunTime:0.000605s ]
SQL: SHOW COLUMNS FROM `whh_free` [ RunTime:0.0073s ]
SQL: SELECT a.fid,a.free_title,a.free_uid,a.free_content,a.free_time,b.realname,b.user_logo FROM whh_free a left join whh_user as b on a.free_uid = b.id  WHERE ( fid = 1 ) LIMIT 1   [ RunTime:0.0009s ]
SQL: SHOW COLUMNS FROM `whh_free_com` [ RunTime:0.0081s ]
SQL: SELECT COUNT(*) AS tp_count FROM `whh_free_com` WHERE ( fid = 1 ) LIMIT 1   [ RunTime:0.0006s ]
SQL: SELECT a.com_content,a.com_time,b.realname,b.user_logo FROM whh_free_com a left join whh_user as b on a.free_uid = b.id  WHERE ( fid = 1 ) ORDER BY com_time desc LIMIT 0,10   [ RunTime:0.0010s ]
INFO: [ view_parse ] --START--
INFO: [ template_filter ] --START--
INFO: Run Behavior\ContentReplaceBehavior [ RunTime:0.000032s ]
INFO: [ template_filter ] --END-- [ RunTime:0.000061s ]
NOTIC: [8] Undefined variable: token D:\WWW\whh\Application\Runtime\Cache\Home\dbbf519cfe8d81ca7f383f3e99e5571c.php 第 83 行.
INFO: Run Behavior\ParseTemplateBehavior [ RunTime:0.009184s ]
INFO: [ view_parse ] --END-- [ RunTime:0.009255s ]
INFO: [ view_filter ] --START--
INFO: Run Behavior\WriteHtmlCacheBehavior [ RunTime:0.000320s ]
INFO: [ view_filter ] --END-- [ RunTime:0.000348s ]
INFO: [ app_end ] --START--
INFO: Run Behavior\ShowPageTraceBehavior [ RunTime:0.000762s ]
INFO: [ app_end ] --END-- [ RunTime:0.000795s ]

[ 2017-01-22T09:19:45+08:00 ] 127.0.0.1 /Home/Market/comment/fid/1.html
INFO: [ app_init ] --START--
INFO: Run Behavior\BuildLiteBehavior [ RunTime:0.000014s ]
INFO: [ app_init ] --END-- [ RunTime:0.000514s ]
INFO: [ app_begin ] --START--
INFO: Run Behavior\ReadHtmlCacheBehavior [ RunTime:0.000577s ]
INFO: [ app_begin ] --END-- [ RunTime:0.000616s ]

[ 2017-01-22T09:19:45+08:00 ] 127.0.0.1 /Home/Login/login/type/2.html
INFO: [ app_init ] --START--
INFO: Run Behavior\BuildLiteBehavior [ RunTime:0.000010s ]
INFO: [ app_init ] --END-- [ RunTime:0.000482s ]
INFO: [ app_begin ] --START--
INFO: Run Behavior\ReadHtmlCacheBehavior [ RunTime:0.000935s ]
INFO: [ app_begin ] --END-- [ RunTime:0.000982s ]
NOTIC: [8] Undefined index: code D:\WWW\whh\Application\Home\Controller\LoginController.class.php 第 7 行.

[ 2017-01-22T09:20:25+08:00 ] 127.0.0.1 /Home/Market/marketDetail/token/MQiiORLsYuev/fid/1.html
INFO: [ app_init ] --START--
INFO: Run Behavior\BuildLiteBehavior [ RunTime:0.000011s ]
INFO: [ app_init ] --END-- [ RunTime:0.000437s ]
INFO: [ app_begin ] --START--
INFO: Run Behavior\ReadHtmlCacheBehavior [ RunTime:0.000607s ]
INFO: [ app_begin ] --END-- [ RunTime:0.000665s ]
SQL: SHOW COLUMNS FROM `whh_free` [ RunTime:0.0105s ]
SQL: SELECT a.fid,a.free_title,a.free_uid,a.free_content,a.free_time,b.realname,b.user_logo FROM whh_free a left join whh_user as b on a.free_uid = b.id  WHERE ( fid = 1 ) LIMIT 1   [ RunTime:0.0011s ]
SQL: SHOW COLUMNS FROM `whh_free_com` [ RunTime:0.0103s ]
SQL: SELECT COUNT(*) AS tp_count FROM `whh_free_com` WHERE ( fid = 1 ) LIMIT 1   [ RunTime:0.0007s ]
SQL: SELECT a.com_content,a.com_time,b.realname,b.user_logo FROM whh_free_com a left join whh_user as b on a.free_uid = b.id  WHERE ( fid = 1 ) ORDER BY com_time desc LIMIT 0,10   [ RunTime:0.0009s ]
INFO: [ view_parse ] --START--
INFO: [ template_filter ] --START--
INFO: Run Behavior\ContentReplaceBehavior [ RunTime:0.000064s ]
INFO: [ template_filter ] --END-- [ RunTime:0.000128s ]
NOTIC: [8] Undefined variable: token D:\WWW\whh\Application\Runtime\Cache\Home\dbbf519cfe8d81ca7f383f3e99e5571c.php 第 83 行.
INFO: Run Behavior\ParseTemplateBehavior [ RunTime:0.012930s ]
INFO: [ view_parse ] --END-- [ RunTime:0.012997s ]
INFO: [ view_filter ] --START--
INFO: Run Behavior\WriteHtmlCacheBehavior [ RunTime:0.000543s ]
INFO: [ view_filter ] --END-- [ RunTime:0.000591s ]
INFO: [ app_end ] --START--
INFO: Run Behavior\ShowPageTraceBehavior [ RunTime:0.000843s ]
INFO: [ app_end ] --END-- [ RunTime:0.000890s ]

[ 2017-01-22T09:20:47+08:00 ] 127.0.0.1 /Home/Market/marketList/token/MQiiORLsYuev.html
INFO: [ app_init ] --START--
INFO: Run Behavior\BuildLiteBehavior [ RunTime:0.000012s ]
INFO: [ app_init ] --END-- [ RunTime:0.000567s ]
INFO: [ app_begin ] --START--
INFO: Run Behavior\ReadHtmlCacheBehavior [ RunTime:0.000947s ]
INFO: [ app_begin ] --END-- [ RunTime:0.000990s ]
SQL: SHOW COLUMNS FROM `whh_free` [ RunTime:0.0053s ]
SQL: SELECT COUNT(*) AS tp_count FROM `whh_free` LIMIT 1   [ RunTime:0.0003s ]
SQL: SELECT a.fid,a.free_title,a.free_time,b.realname,b.user_logo FROM whh_free a left join whh_user as b on a.free_uid = b.id  LIMIT 0,10   [ RunTime:0.0003s ]
INFO: [ view_parse ] --START--
INFO: [ template_filter ] --START--
INFO: Run Behavior\ContentReplaceBehavior [ RunTime:0.000031s ]
INFO: [ template_filter ] --END-- [ RunTime:0.000059s ]
INFO: Run Behavior\ParseTemplateBehavior [ RunTime:0.007246s ]
INFO: [ view_parse ] --END-- [ RunTime:0.007296s ]
INFO: [ view_filter ] --START--
INFO: Run Behavior\WriteHtmlCacheBehavior [ RunTime:0.001169s ]
INFO: [ view_filter ] --END-- [ RunTime:0.001215s ]
INFO: [ app_end ] --START--
INFO: Run Behavior\ShowPageTraceBehavior [ RunTime:0.001575s ]
INFO: [ app_end ] --END-- [ RunTime:0.001611s ]

[ 2017-01-22T09:20:53+08:00 ] 127.0.0.1 /Home/Market/marketList/token/MQiiORLsYuev.html
INFO: [ app_init ] --START--
INFO: Run Behavior\BuildLiteBehavior [ RunTime:0.000012s ]
INFO: [ app_init ] --END-- [ RunTime:0.000550s ]
INFO: [ app_begin ] --START--
INFO: Run Behavior\ReadHtmlCacheBehavior [ RunTime:0.001165s ]
INFO: [ app_begin ] --END-- [ RunTime:0.001212s ]
SQL: SHOW COLUMNS FROM `whh_free` [ RunTime:0.0620s ]
SQL: SELECT COUNT(*) AS tp_count FROM `whh_free` LIMIT 1   [ RunTime:0.0007s ]
SQL: SELECT a.fid,a.free_title,a.free_time,b.realname,b.user_logo FROM whh_free a left join whh_user as b on a.free_uid = b.id  LIMIT 0,10   [ RunTime:0.0007s ]
INFO: [ view_parse ] --START--
INFO: [ template_filter ] --START--
INFO: Run Behavior\ContentReplaceBehavior [ RunTime:0.000052s ]
INFO: [ template_filter ] --END-- [ RunTime:0.000106s ]
INFO: Run Behavior\ParseTemplateBehavior [ RunTime:0.012814s ]
INFO: [ view_parse ] --END-- [ RunTime:0.012878s ]
INFO: [ view_filter ] --START--
INFO: Run Behavior\WriteHtmlCacheBehavior [ RunTime:0.000923s ]
INFO: [ view_filter ] --END-- [ RunTime:0.000962s ]
INFO: [ app_end ] --START--
INFO: Run Behavior\ShowPageTraceBehavior [ RunTime:0.001233s ]
INFO: [ app_end ] --END-- [ RunTime:0.001273s ]

[ 2017-01-22T09:20:55+08:00 ] 127.0.0.1 /Home/Market/marketDetail/fid/1/token/MQiiORLsYuev.html
INFO: [ app_init ] --START--
INFO: Run Behavior\BuildLiteBehavior [ RunTime:0.000012s ]
INFO: [ app_init ] --END-- [ RunTime:0.000580s ]
INFO: [ app_begin ] --START--
INFO: Run Behavior\ReadHtmlCacheBehavior [ RunTime:0.000891s ]
INFO: [ app_begin ] --END-- [ RunTime:0.000930s ]
SQL: SHOW COLUMNS FROM `whh_free` [ RunTime:0.0075s ]
SQL: SELECT a.fid,a.free_title,a.free_uid,a.free_content,a.free_time,b.realname,b.user_logo FROM whh_free a left join whh_user as b on a.free_uid = b.id  WHERE ( fid = 1 ) LIMIT 1   [ RunTime:0.0004s ]
SQL: SHOW COLUMNS FROM `whh_free_com` [ RunTime:0.0044s ]
SQL: SELECT COUNT(*) AS tp_count FROM `whh_free_com` WHERE ( fid = 1 ) LIMIT 1   [ RunTime:0.0003s ]
SQL: SELECT a.com_content,a.com_time,b.realname,b.user_logo FROM whh_free_com a left join whh_user as b on a.free_uid = b.id  WHERE ( fid = 1 ) ORDER BY com_time desc LIMIT 0,10   [ RunTime:0.0005s ]
INFO: [ view_parse ] --START--
INFO: [ template_filter ] --START--
INFO: Run Behavior\ContentReplaceBehavior [ RunTime:0.000036s ]
INFO: [ template_filter ] --END-- [ RunTime:0.000068s ]
NOTIC: [8] Undefined variable: token D:\WWW\whh\Application\Runtime\Cache\Home\dbbf519cfe8d81ca7f383f3e99e5571c.php 第 83 行.
INFO: Run Behavior\ParseTemplateBehavior [ RunTime:0.007686s ]
INFO: [ view_parse ] --END-- [ RunTime:0.007722s ]
INFO: [ view_filter ] --START--
INFO: Run Behavior\WriteHtmlCacheBehavior [ RunTime:0.000726s ]
INFO: [ view_filter ] --END-- [ RunTime:0.000753s ]
INFO: [ app_end ] --START--
INFO: Run Behavior\ShowPageTraceBehavior [ RunTime:0.001213s ]
INFO: [ app_end ] --END-- [ RunTime:0.001244s ]

[ 2017-01-22T09:21:00+08:00 ] 127.0.0.1 /Home/Market/comment/fid/1.html
INFO: [ app_init ] --START--
INFO: Run Behavior\BuildLiteBehavior [ RunTime:0.000047s ]
INFO: [ app_init ] --END-- [ RunTime:0.000670s ]
INFO: [ app_begin ] --START--
INFO: Run Behavior\ReadHtmlCacheBehavior [ RunTime:0.000964s ]
INFO: [ app_begin ] --END-- [ RunTime:0.001021s ]

[ 2017-01-22T09:21:00+08:00 ] 127.0.0.1 /Home/Login/login/type/2.html
INFO: [ app_init ] --START--
INFO: Run Behavior\BuildLiteBehavior [ RunTime:0.000012s ]
INFO: [ app_init ] --END-- [ RunTime:0.000488s ]
INFO: [ app_begin ] --START--
INFO: Run Behavior\ReadHtmlCacheBehavior [ RunTime:0.000881s ]
INFO: [ app_begin ] --END-- [ RunTime:0.000916s ]
NOTIC: [8] Undefined index: code D:\WWW\whh\Application\Home\Controller\LoginController.class.php 第 7 行.

[ 2017-01-22T09:21:30+08:00 ] 127.0.0.1 /Home/Market/marketDetail/fid/1/token/MQiiORLsYuev.html
INFO: [ app_init ] --START--
INFO: Run Behavior\BuildLiteBehavior [ RunTime:0.000031s ]
INFO: [ app_init ] --END-- [ RunTime:0.000655s ]
INFO: [ app_begin ] --START--
INFO: Run Behavior\ReadHtmlCacheBehavior [ RunTime:0.001111s ]
INFO: [ app_begin ] --END-- [ RunTime:0.001155s ]
SQL: SHOW COLUMNS FROM `whh_free` [ RunTime:0.0067s ]
SQL: SELECT a.fid,a.free_title,a.free_uid,a.free_content,a.free_time,b.realname,b.user_logo FROM whh_free a left join whh_user as b on a.free_uid = b.id  WHERE ( fid = 1 ) LIMIT 1   [ RunTime:0.0008s ]
SQL: SHOW COLUMNS FROM `whh_free_com` [ RunTime:0.0065s ]
SQL: SELECT COUNT(*) AS tp_count FROM `whh_free_com` WHERE ( fid = 1 ) LIMIT 1   [ RunTime:0.0006s ]
SQL: SELECT a.com_content,a.com_time,b.realname,b.user_logo FROM whh_free_com a left join whh_user as b on a.free_uid = b.id  WHERE ( fid = 1 ) ORDER BY com_time desc LIMIT 0,10   [ RunTime:0.0008s ]
INFO: [ view_parse ] --START--
INFO: [ template_filter ] --START--
INFO: Run Behavior\ContentReplaceBehavior [ RunTime:0.000053s ]
INFO: [ template_filter ] --END-- [ RunTime:0.000104s ]
NOTIC: [8] Undefined variable: token D:\WWW\whh\Application\Runtime\Cache\Home\dbbf519cfe8d81ca7f383f3e99e5571c.php 第 83 行.
INFO: Run Behavior\ParseTemplateBehavior [ RunTime:0.014084s ]
INFO: [ view_parse ] --END-- [ RunTime:0.014148s ]
INFO: [ view_filter ] --START--
INFO: Run Behavior\WriteHtmlCacheBehavior [ RunTime:0.001048s ]
INFO: [ view_filter ] --END-- [ RunTime:0.001087s ]
INFO: [ app_end ] --START--
INFO: Run Behavior\ShowPageTraceBehavior [ RunTime:0.001189s ]
INFO: [ app_end ] --END-- [ RunTime:0.001228s ]

[ 2017-01-22T09:21:31+08:00 ] 127.0.0.1 /Home/Market/comment/fid/1.html
INFO: [ app_init ] --START--
INFO: Run Behavior\BuildLiteBehavior [ RunTime:0.000016s ]
INFO: [ app_init ] --END-- [ RunTime:0.000793s ]
INFO: [ app_begin ] --START--
INFO: Run Behavior\ReadHtmlCacheBehavior [ RunTime:0.001104s ]
INFO: [ app_begin ] --END-- [ RunTime:0.001186s ]

[ 2017-01-22T09:22:26+08:00 ] 127.0.0.1 /Home/Market/comment/fid/1.html
INFO: [ app_init ] --START--
INFO: Run Behavior\BuildLiteBehavior [ RunTime:0.000011s ]
INFO: [ app_init ] --END-- [ RunTime:0.000438s ]
INFO: [ app_begin ] --START--
INFO: Run Behavior\ReadHtmlCacheBehavior [ RunTime:0.000696s ]
INFO: [ app_begin ] --END-- [ RunTime:0.000745s ]

[ 2017-01-22T09:22:30+08:00 ] 127.0.0.1 /Home/Market/comment/fid/1.html
INFO: [ app_init ] --START--
INFO: Run Behavior\BuildLiteBehavior [ RunTime:0.000012s ]
INFO: [ app_init ] --END-- [ RunTime:0.000451s ]
INFO: [ app_begin ] --START--
INFO: Run Behavior\ReadHtmlCacheBehavior [ RunTime:0.000660s ]
INFO: [ app_begin ] --END-- [ RunTime:0.000698s ]

[ 2017-01-22T09:22:35+08:00 ] 127.0.0.1 /Home/Market/marketDetail/fid/1/token/MQiiORLsYuev.html
INFO: [ app_init ] --START--
INFO: Run Behavior\BuildLiteBehavior [ RunTime:0.000012s ]
INFO: [ app_init ] --END-- [ RunTime:0.000528s ]
INFO: [ app_begin ] --START--
INFO: Run Behavior\ReadHtmlCacheBehavior [ RunTime:0.000847s ]
INFO: [ app_begin ] --END-- [ RunTime:0.000922s ]
SQL: SHOW COLUMNS FROM `whh_free` [ RunTime:0.0106s ]
SQL: SELECT a.fid,a.free_title,a.free_uid,a.free_content,a.free_time,b.realname,b.user_logo FROM whh_free a left join whh_user as b on a.free_uid = b.id  WHERE ( fid = 1 ) LIMIT 1   [ RunTime:0.0012s ]
SQL: SHOW COLUMNS FROM `whh_free_com` [ RunTime:0.0109s ]
SQL: SELECT COUNT(*) AS tp_count FROM `whh_free_com` WHERE ( fid = 1 ) LIMIT 1   [ RunTime:0.0011s ]
SQL: SELECT a.com_content,a.com_time,b.realname,b.user_logo FROM whh_free_com a left join whh_user as b on a.free_uid = b.id  WHERE ( fid = 1 ) ORDER BY com_time desc LIMIT 0,10   [ RunTime:0.0011s ]
INFO: [ view_parse ] --START--
INFO: [ template_filter ] --START--
INFO: Run Behavior\ContentReplaceBehavior [ RunTime:0.000057s ]
INFO: [ template_filter ] --END-- [ RunTime:0.000111s ]
INFO: Run Behavior\ParseTemplateBehavior [ RunTime:0.012756s ]
INFO: [ view_parse ] --END-- [ RunTime:0.012829s ]
INFO: [ view_filter ] --START--
INFO: Run Behavior\WriteHtmlCacheBehavior [ RunTime:0.000691s ]
INFO: [ view_filter ] --END-- [ RunTime:0.000738s ]
INFO: [ app_end ] --START--
INFO: Run Behavior\ShowPageTraceBehavior [ RunTime:0.000894s ]
INFO: [ app_end ] --END-- [ RunTime:0.000949s ]

[ 2017-01-22T09:22:36+08:00 ] 127.0.0.1 /Home/Market/comment/token/MQiiORLsYuev/fid/1.html
INFO: [ app_init ] --START--
INFO: Run Behavior\BuildLiteBehavior [ RunTime:0.000011s ]
INFO: [ app_init ] --END-- [ RunTime:0.000511s ]
INFO: [ app_begin ] --START--
INFO: Run Behavior\ReadHtmlCacheBehavior [ RunTime:0.000685s ]
INFO: [ app_begin ] --END-- [ RunTime:0.000722s ]

[ 2017-01-22T09:22:47+08:00 ] 127.0.0.1 /Home/Market/comment/token/MQiiORLsYuev/fid/1.html
INFO: [ app_init ] --START--
INFO: Run Behavior\BuildLiteBehavior [ RunTime:0.000025s ]
INFO: [ app_init ] --END-- [ RunTime:0.000471s ]
INFO: [ app_begin ] --START--
INFO: Run Behavior\ReadHtmlCacheBehavior [ RunTime:0.000633s ]
INFO: [ app_begin ] --END-- [ RunTime:0.000692s ]
INFO: [ view_parse ] --START--
INFO: [ template_filter ] --START--
INFO: Run Behavior\ContentReplaceBehavior [ RunTime:0.000031s ]
INFO: [ template_filter ] --END-- [ RunTime:0.000073s ]
INFO: Run Behavior\ParseTemplateBehavior [ RunTime:0.007342s ]
INFO: [ view_parse ] --END-- [ RunTime:0.007384s ]
INFO: [ view_filter ] --START--
INFO: Run Behavior\WriteHtmlCacheBehavior [ RunTime:0.000658s ]
INFO: [ view_filter ] --END-- [ RunTime:0.000735s ]
INFO: [ app_end ] --START--
INFO: Run Behavior\ShowPageTraceBehavior [ RunTime:0.000922s ]
INFO: [ app_end ] --END-- [ RunTime:0.000955s ]

[ 2017-01-22T09:25:11+08:00 ] 127.0.0.1 /Home/Market/marketDetail/fid/1/token/MQiiORLsYuev.html
INFO: [ app_init ] --START--
INFO: Run Behavior\BuildLiteBehavior [ RunTime:0.000013s ]
INFO: [ app_init ] --END-- [ RunTime:0.000452s ]
INFO: [ app_begin ] --START--
INFO: Run Behavior\ReadHtmlCacheBehavior [ RunTime:0.000589s ]
INFO: [ app_begin ] --END-- [ RunTime:0.000630s ]
SQL: SHOW COLUMNS FROM `whh_free` [ RunTime:0.0106s ]
SQL: SELECT a.fid,a.free_title,a.free_uid,a.free_content,a.free_time,b.realname,b.user_logo FROM whh_free a left join whh_user as b on a.free_uid = b.id  WHERE ( fid = 1 ) LIMIT 1   [ RunTime:0.0014s ]
SQL: SHOW COLUMNS FROM `whh_free_com` [ RunTime:0.0106s ]
SQL: SELECT COUNT(*) AS tp_count FROM `whh_free_com` WHERE ( fid = 1 ) LIMIT 1   [ RunTime:0.0006s ]
SQL: SELECT a.com_content,a.com_time,b.realname,b.user_logo FROM whh_free_com a left join whh_user as b on a.free_uid = b.id  WHERE ( fid = 1 ) ORDER BY com_time desc LIMIT 0,10   [ RunTime:0.0010s ]
INFO: [ view_parse ] --START--
INFO: [ template_filter ] --START--
INFO: Run Behavior\ContentReplaceBehavior [ RunTime:0.000035s ]
INFO: [ template_filter ] --END-- [ RunTime:0.000069s ]
INFO: Run Behavior\ParseTemplateBehavior [ RunTime:0.009809s ]
INFO: [ view_parse ] --END-- [ RunTime:0.009869s ]
INFO: [ view_filter ] --START--
INFO: Run Behavior\WriteHtmlCacheBehavior [ RunTime:0.000434s ]
INFO: [ view_filter ] --END-- [ RunTime:0.000461s ]
INFO: [ app_end ] --START--
INFO: Run Behavior\ShowPageTraceBehavior [ RunTime:0.000650s ]
INFO: [ app_end ] --END-- [ RunTime:0.000678s ]

[ 2017-01-22T09:25:18+08:00 ] 127.0.0.1 /Home/Market/marketDetail/fid/1/token/MQiiORLsYuev.html
INFO: [ app_init ] --START--
INFO: Run Behavior\BuildLiteBehavior [ RunTime:0.000011s ]
INFO: [ app_init ] --END-- [ RunTime:0.000415s ]
INFO: [ app_begin ] --START--
INFO: Run Behavior\ReadHtmlCacheBehavior [ RunTime:0.000683s ]
INFO: [ app_begin ] --END-- [ RunTime:0.000721s ]
SQL: SHOW COLUMNS FROM `whh_free` [ RunTime:0.0046s ]
SQL: SELECT a.fid,a.free_title,a.free_uid,a.free_content,a.free_time,b.realname,b.user_logo FROM whh_free a left join whh_user as b on a.free_uid = b.id  WHERE ( fid = 1 ) LIMIT 1   [ RunTime:0.0004s ]
SQL: SHOW COLUMNS FROM `whh_free_com` [ RunTime:0.0039s ]
SQL: SELECT COUNT(*) AS tp_count FROM `whh_free_com` WHERE ( fid = 1 ) LIMIT 1   [ RunTime:0.0003s ]
SQL: SELECT a.com_content,a.com_time,b.realname,b.user_logo FROM whh_free_com a left join whh_user as b on a.free_uid = b.id  WHERE ( fid = 1 ) ORDER BY com_time desc LIMIT 0,10   [ RunTime:0.0005s ]
INFO: [ view_parse ] --START--
INFO: [ template_filter ] --START--
INFO: Run Behavior\ContentReplaceBehavior [ RunTime:0.000042s ]
INFO: [ template_filter ] --END-- [ RunTime:0.000081s ]
INFO: Run Behavior\ParseTemplateBehavior [ RunTime:0.007289s ]
INFO: [ view_parse ] --END-- [ RunTime:0.007332s ]
INFO: [ view_filter ] --START--
INFO: Run Behavior\WriteHtmlCacheBehavior [ RunTime:0.000427s ]
INFO: [ view_filter ] --END-- [ RunTime:0.000465s ]
INFO: [ app_end ] --START--
INFO: Run Behavior\ShowPageTraceBehavior [ RunTime:0.000676s ]
INFO: [ app_end ] --END-- [ RunTime:0.000718s ]

[ 2017-01-22T09:25:36+08:00 ] 127.0.0.1 /Home/Market/marketDetail/fid/2/token/MQiiORLsYuev.html
INFO: [ app_init ] --START--
INFO: Run Behavior\BuildLiteBehavior [ RunTime:0.000011s ]
INFO: [ app_init ] --END-- [ RunTime:0.000464s ]
INFO: [ app_begin ] --START--
INFO: Run Behavior\ReadHtmlCacheBehavior [ RunTime:0.000582s ]
INFO: [ app_begin ] --END-- [ RunTime:0.000618s ]
SQL: SHOW COLUMNS FROM `whh_free` [ RunTime:0.0107s ]
SQL: SELECT a.fid,a.free_title,a.free_uid,a.free_content,a.free_time,b.realname,b.user_logo FROM whh_free a left join whh_user as b on a.free_uid = b.id  WHERE ( fid = 2 ) LIMIT 1   [ RunTime:0.0012s ]
SQL: SHOW COLUMNS FROM `whh_free_com` [ RunTime:0.0097s ]
SQL: SELECT COUNT(*) AS tp_count FROM `whh_free_com` WHERE ( fid = 2 ) LIMIT 1   [ RunTime:0.0009s ]
SQL: SELECT a.com_content,a.com_time,b.realname,b.user_logo FROM whh_free_com a left join whh_user as b on a.free_uid = b.id  WHERE ( fid = 2 ) ORDER BY com_time desc LIMIT 0,10   [ RunTime:0.0010s ]
INFO: [ view_parse ] --START--
INFO: [ template_filter ] --START--
INFO: Run Behavior\ContentReplaceBehavior [ RunTime:0.000066s ]
INFO: [ template_filter ] --END-- [ RunTime:0.000129s ]
INFO: Run Behavior\ParseTemplateBehavior [ RunTime:0.015996s ]
INFO: [ view_parse ] --END-- [ RunTime:0.016091s ]
INFO: [ view_filter ] --START--
INFO: Run Behavior\WriteHtmlCacheBehavior [ RunTime:0.000603s ]
INFO: [ view_filter ] --END-- [ RunTime:0.000657s ]
INFO: [ app_end ] --START--
INFO: Run Behavior\ShowPageTraceBehavior [ RunTime:0.000918s ]
INFO: [ app_end ] --END-- [ RunTime:0.000974s ]

[ 2017-01-22T10:43:34+08:00 ] 127.0.0.1 /Home/Market/comment/token/MQiiORLsYuev/fid/2.html
INFO: [ app_init ] --START--
INFO: Run Behavior\BuildLiteBehavior [ RunTime:0.000011s ]
INFO: [ app_init ] --END-- [ RunTime:0.000468s ]
INFO: [ app_begin ] --START--
INFO: Run Behavior\ReadHtmlCacheBehavior [ RunTime:0.000680s ]
INFO: [ app_begin ] --END-- [ RunTime:0.000720s ]
INFO: [ view_parse ] --START--
INFO: [ template_filter ] --START--
INFO: Run Behavior\ContentReplaceBehavior [ RunTime:0.000032s ]
INFO: [ template_filter ] --END-- [ RunTime:0.000076s ]
INFO: Run Behavior\ParseTemplateBehavior [ RunTime:0.009315s ]
INFO: [ view_parse ] --END-- [ RunTime:0.009362s ]
INFO: [ view_filter ] --START--
INFO: Run Behavior\WriteHtmlCacheBehavior [ RunTime:0.000478s ]
INFO: [ view_filter ] --END-- [ RunTime:0.000529s ]
INFO: [ app_end ] --START--
INFO: Run Behavior\ShowPageTraceBehavior [ RunTime:0.000732s ]
INFO: [ app_end ] --END-- [ RunTime:0.000765s ]

[ 2017-01-22T10:43:57+08:00 ] 127.0.0.1 /index.php
INFO: [ app_init ] --START--
INFO: Run Behavior\BuildLiteBehavior [ RunTime:0.000009s ]
INFO: [ app_init ] --END-- [ RunTime:0.000450s ]
INFO: [ app_begin ] --START--
INFO: Run Behavior\ReadHtmlCacheBehavior [ RunTime:0.000595s ]
INFO: [ app_begin ] --END-- [ RunTime:0.000629s ]
INFO: [ view_parse ] --START--
INFO: Run Behavior\ParseTemplateBehavior [ RunTime:0.000402s ]
INFO: [ view_parse ] --END-- [ RunTime:0.000437s ]
INFO: [ view_filter ] --START--
INFO: Run Behavior\WriteHtmlCacheBehavior [ RunTime:0.000395s ]
INFO: [ view_filter ] --END-- [ RunTime:0.000423s ]
INFO: [ app_end ] --START--
INFO: Run Behavior\ShowPageTraceBehavior [ RunTime:0.000600s ]
INFO: [ app_end ] --END-- [ RunTime:0.000628s ]

[ 2017-01-22T10:43:58+08:00 ] 127.0.0.1 /Home/Market/check_comment/token/MQiiORLsYuev.html
INFO: [ app_init ] --START--
INFO: Run Behavior\BuildLiteBehavior [ RunTime:0.000013s ]
INFO: [ app_init ] --END-- [ RunTime:0.000538s ]
INFO: [ app_begin ] --START--
INFO: Run Behavior\ReadHtmlCacheBehavior [ RunTime:0.000659s ]
INFO: [ app_begin ] --END-- [ RunTime:0.000701s ]
SQL: SHOW COLUMNS FROM `whh_free_com` [ RunTime:0.0184s ]
SQL: INSERT INTO `whh_free_com` (`free_uid`,`fid`,`com_time`,`com_content`) VALUES ('4','2','1485053036','社会主义大法好
') [ RunTime:0.0982s ]

[ 2017-01-22T10:43:59+08:00 ] 127.0.0.1 /Home/Market/marketDetail/token/MQiiORLsYuev/fid/2.html
INFO: [ app_init ] --START--
INFO: Run Behavior\BuildLiteBehavior [ RunTime:0.000013s ]
INFO: [ app_init ] --END-- [ RunTime:0.000468s ]
INFO: [ app_begin ] --START--
INFO: Run Behavior\ReadHtmlCacheBehavior [ RunTime:0.000610s ]
INFO: [ app_begin ] --END-- [ RunTime:0.000648s ]
SQL: SHOW COLUMNS FROM `whh_free` [ RunTime:0.0381s ]
SQL: SELECT a.fid,a.free_title,a.free_uid,a.free_content,a.free_time,b.realname,b.user_logo FROM whh_free a left join whh_user as b on a.free_uid = b.id  WHERE ( fid = 2 ) LIMIT 1   [ RunTime:0.0029s ]
SQL: SHOW COLUMNS FROM `whh_free_com` [ RunTime:0.0207s ]
SQL: SELECT COUNT(*) AS tp_count FROM `whh_free_com` WHERE ( fid = 2 ) LIMIT 1   [ RunTime:0.0007s ]
SQL: SELECT a.com_content,a.com_time,b.realname,b.user_logo FROM whh_free_com a left join whh_user as b on a.free_uid = b.id  WHERE ( fid = 2 ) ORDER BY com_time desc LIMIT 0,10   [ RunTime:0.0007s ]
INFO: [ view_parse ] --START--
INFO: [ template_filter ] --START--
INFO: Run Behavior\ContentReplaceBehavior [ RunTime:0.000056s ]
INFO: [ template_filter ] --END-- [ RunTime:0.000103s ]
INFO: Run Behavior\ParseTemplateBehavior [ RunTime:0.012066s ]
INFO: [ view_parse ] --END-- [ RunTime:0.012126s ]
INFO: [ view_filter ] --START--
INFO: Run Behavior\WriteHtmlCacheBehavior [ RunTime:0.000456s ]
INFO: [ view_filter ] --END-- [ RunTime:0.000495s ]
INFO: [ app_end ] --START--
INFO: Run Behavior\ShowPageTraceBehavior [ RunTime:0.000752s ]
INFO: [ app_end ] --END-- [ RunTime:0.000791s ]

[ 2017-01-22T15:12:39+08:00 ] 127.0.0.1 /Home/Market/marketDetail/fid/1/token/MQiiORLsYuev.html
INFO: [ app_init ] --START--
INFO: Run Behavior\BuildLiteBehavior [ RunTime:0.000012s ]
INFO: [ app_init ] --END-- [ RunTime:0.000620s ]
INFO: [ app_begin ] --START--
INFO: Run Behavior\ReadHtmlCacheBehavior [ RunTime:0.001118s ]
INFO: [ app_begin ] --END-- [ RunTime:0.001237s ]
SQL: SHOW COLUMNS FROM `whh_free` [ RunTime:0.0107s ]
SQL: SELECT a.fid,a.free_title,a.free_uid,a.free_content,a.free_time,b.realname,b.user_logo FROM whh_free a left join whh_user as b on a.free_uid = b.id  WHERE ( fid = 1 ) LIMIT 1   [ RunTime:0.0019s ]
SQL: SHOW COLUMNS FROM `whh_free_com` [ RunTime:0.0094s ]
SQL: SELECT COUNT(*) AS tp_count FROM `whh_free_com` WHERE ( fid = 1 ) LIMIT 1   [ RunTime:0.0004s ]
SQL: SELECT a.com_content,a.com_time,b.realname,b.user_logo FROM whh_free_com a left join whh_user as b on a.free_uid = b.id  WHERE ( fid = 1 ) ORDER BY com_time desc LIMIT 0,10   [ RunTime:0.0006s ]
INFO: [ view_parse ] --START--
INFO: [ template_filter ] --START--
INFO: Run Behavior\ContentReplaceBehavior [ RunTime:0.000131s ]
INFO: [ template_filter ] --END-- [ RunTime:0.000272s ]
INFO: Run Behavior\ParseTemplateBehavior [ RunTime:0.011177s ]
INFO: [ view_parse ] --END-- [ RunTime:0.011222s ]
INFO: [ view_filter ] --START--
INFO: Run Behavior\WriteHtmlCacheBehavior [ RunTime:0.000574s ]
INFO: [ view_filter ] --END-- [ RunTime:0.000604s ]
INFO: [ app_end ] --START--
INFO: Run Behavior\ShowPageTraceBehavior [ RunTime:0.000873s ]
INFO: [ app_end ] --END-- [ RunTime:0.000930s ]

[ 2017-01-22T15:17:35+08:00 ] 127.0.0.1 /Home/Market/comment/token/MQiiORLsYuev/fid/1.html
INFO: [ app_init ] --START--
INFO: Run Behavior\BuildLiteBehavior [ RunTime:0.000013s ]
INFO: [ app_init ] --END-- [ RunTime:0.000402s ]
INFO: [ app_begin ] --START--
INFO: Run Behavior\ReadHtmlCacheBehavior [ RunTime:0.000665s ]
INFO: [ app_begin ] --END-- [ RunTime:0.000706s ]
INFO: [ view_parse ] --START--
INFO: [ template_filter ] --START--
INFO: Run Behavior\ContentReplaceBehavior [ RunTime:0.000048s ]
INFO: [ template_filter ] --END-- [ RunTime:0.000094s ]
INFO: Run Behavior\ParseTemplateBehavior [ RunTime:0.012931s ]
INFO: [ view_parse ] --END-- [ RunTime:0.012995s ]
INFO: [ view_filter ] --START--
INFO: Run Behavior\WriteHtmlCacheBehavior [ RunTime:0.000668s ]
INFO: [ view_filter ] --END-- [ RunTime:0.000699s ]
INFO: [ app_end ] --START--
INFO: Run Behavior\ShowPageTraceBehavior [ RunTime:0.000751s ]
INFO: [ app_end ] --END-- [ RunTime:0.000782s ]

[ 2017-01-22T15:17:39+08:00 ] 127.0.0.1 /Home/Market/check_comment/token/MQiiORLsYuev.html
INFO: [ app_init ] --START--
INFO: Run Behavior\BuildLiteBehavior [ RunTime:0.000012s ]
INFO: [ app_init ] --END-- [ RunTime:0.000386s ]
INFO: [ app_begin ] --START--
INFO: Run Behavior\ReadHtmlCacheBehavior [ RunTime:0.000642s ]
INFO: [ app_begin ] --END-- [ RunTime:0.000684s ]
SQL: SHOW COLUMNS FROM `whh_free_com` [ RunTime:0.0086s ]
SQL: INSERT INTO `whh_free_com` (`free_uid`,`fid`,`com_time`,`com_content`) VALUES ('4','1','1485069458','1212') [ RunTime:0.0932s ]
SQL: SHOW COLUMNS FROM `whh_free` [ RunTime:0.0094s ]
SQL: UPDATE `whh_free` SET `free_com_num`=free_com_num + 1 WHERE ( fid = 1 ) [ RunTime:0.1439s ]

[ 2017-01-22T15:17:40+08:00 ] 127.0.0.1 /Home/Market/marketDetail/token/MQiiORLsYuev/fid/1.html
INFO: [ app_init ] --START--
INFO: Run Behavior\BuildLiteBehavior [ RunTime:0.000011s ]
INFO: [ app_init ] --END-- [ RunTime:0.000409s ]
INFO: [ app_begin ] --START--
INFO: Run Behavior\ReadHtmlCacheBehavior [ RunTime:0.000767s ]
INFO: [ app_begin ] --END-- [ RunTime:0.000832s ]
SQL: SHOW COLUMNS FROM `whh_free` [ RunTime:0.0095s ]
SQL: SELECT a.fid,a.free_title,a.free_uid,a.free_content,a.free_time,b.realname,b.user_logo FROM whh_free a left join whh_user as b on a.free_uid = b.id  WHERE ( fid = 1 ) LIMIT 1   [ RunTime:0.0009s ]
SQL: SHOW COLUMNS FROM `whh_free_com` [ RunTime:0.0130s ]
SQL: SELECT COUNT(*) AS tp_count FROM `whh_free_com` WHERE ( fid = 1 ) LIMIT 1   [ RunTime:0.0003s ]
SQL: SELECT a.com_content,a.com_time,b.realname,b.user_logo FROM whh_free_com a left join whh_user as b on a.free_uid = b.id  WHERE ( fid = 1 ) ORDER BY com_time desc LIMIT 0,10   [ RunTime:0.0004s ]
INFO: [ view_parse ] --START--
INFO: [ template_filter ] --START--
INFO: Run Behavior\ContentReplaceBehavior [ RunTime:0.000040s ]
INFO: [ template_filter ] --END-- [ RunTime:0.000077s ]
INFO: Run Behavior\ParseTemplateBehavior [ RunTime:0.009235s ]
INFO: [ view_parse ] --END-- [ RunTime:0.009303s ]
INFO: [ view_filter ] --START--
INFO: Run Behavior\WriteHtmlCacheBehavior [ RunTime:0.000516s ]
INFO: [ view_filter ] --END-- [ RunTime:0.000545s ]
INFO: [ app_end ] --START--
INFO: Run Behavior\ShowPageTraceBehavior [ RunTime:0.000698s ]
INFO: [ app_end ] --END-- [ RunTime:0.000728s ]

[ 2017-01-22T15:21:31+08:00 ] 127.0.0.1 /Home/Market/marketDetail/token/MQiiORLsYuev/fid/1.html
INFO: [ app_init ] --START--
INFO: Run Behavior\BuildLiteBehavior [ RunTime:0.000014s ]
INFO: [ app_init ] --END-- [ RunTime:0.000539s ]
INFO: [ app_begin ] --START--
INFO: Run Behavior\ReadHtmlCacheBehavior [ RunTime:0.000674s ]
INFO: [ app_begin ] --END-- [ RunTime:0.000718s ]
SQL: SHOW COLUMNS FROM `whh_free` [ RunTime:0.0086s ]
SQL: SELECT a.fid,a.free_title,a.free_uid,a.free_content,a.free_com_num,a.free_time,b.realname,b.user_logo FROM whh_free a left join whh_user as b on a.free_uid = b.id  WHERE ( fid = 1 ) LIMIT 1   [ RunTime:0.0007s ]
SQL: SHOW COLUMNS FROM `whh_free_com` [ RunTime:0.0095s ]
SQL: SELECT COUNT(*) AS tp_count FROM `whh_free_com` WHERE ( fid = 1 ) LIMIT 1   [ RunTime:0.0005s ]
SQL: SELECT a.com_content,a.com_time,b.realname,b.user_logo FROM whh_free_com a left join whh_user as b on a.free_uid = b.id  WHERE ( fid = 1 ) ORDER BY com_time desc LIMIT 0,10   [ RunTime:0.0018s ]
INFO: [ view_parse ] --START--
INFO: [ template_filter ] --START--
INFO: Run Behavior\ContentReplaceBehavior [ RunTime:0.000039s ]
INFO: [ template_filter ] --END-- [ RunTime:0.000079s ]
INFO: Run Behavior\ParseTemplateBehavior [ RunTime:0.009970s ]
INFO: [ view_parse ] --END-- [ RunTime:0.010036s ]
INFO: [ view_filter ] --START--
INFO: Run Behavior\WriteHtmlCacheBehavior [ RunTime:0.000529s ]
INFO: [ view_filter ] --END-- [ RunTime:0.000579s ]
INFO: [ app_end ] --START--
INFO: Run Behavior\ShowPageTraceBehavior [ RunTime:0.000758s ]
INFO: [ app_end ] --END-- [ RunTime:0.000803s ]

[ 2017-01-22T15:21:39+08:00 ] 127.0.0.1 /Home/Market/marketList/token/MQiiORLsYuev.html
INFO: [ app_init ] --START--
INFO: Run Behavior\BuildLiteBehavior [ RunTime:0.000020s ]
INFO: [ app_init ] --END-- [ RunTime:0.000612s ]
INFO: [ app_begin ] --START--
INFO: Run Behavior\ReadHtmlCacheBehavior [ RunTime:0.000887s ]
INFO: [ app_begin ] --END-- [ RunTime:0.000941s ]
SQL: SHOW COLUMNS FROM `whh_free` [ RunTime:0.0101s ]
SQL: SELECT COUNT(*) AS tp_count FROM `whh_free` LIMIT 1   [ RunTime:0.0003s ]
SQL: SELECT a.fid,a.free_title,a.free_time,b.realname,b.user_logo FROM whh_free a left join whh_user as b on a.free_uid = b.id  LIMIT 0,10   [ RunTime:0.0006s ]
INFO: [ view_parse ] --START--
INFO: [ template_filter ] --START--
INFO: Run Behavior\ContentReplaceBehavior [ RunTime:0.000054s ]
INFO: [ template_filter ] --END-- [ RunTime:0.000110s ]
INFO: Run Behavior\ParseTemplateBehavior [ RunTime:0.012202s ]
INFO: [ view_parse ] --END-- [ RunTime:0.012263s ]
INFO: [ view_filter ] --START--
INFO: Run Behavior\WriteHtmlCacheBehavior [ RunTime:0.000601s ]
INFO: [ view_filter ] --END-- [ RunTime:0.000639s ]
INFO: [ app_end ] --START--
INFO: Run Behavior\ShowPageTraceBehavior [ RunTime:0.000748s ]
INFO: [ app_end ] --END-- [ RunTime:0.000794s ]

[ 2017-01-22T15:21:41+08:00 ] 127.0.0.1 /Home/Market/marketDetail/fid/1/token/MQiiORLsYuev.html
INFO: [ app_init ] --START--
INFO: Run Behavior\BuildLiteBehavior [ RunTime:0.000018s ]
INFO: [ app_init ] --END-- [ RunTime:0.000572s ]
INFO: [ app_begin ] --START--
INFO: Run Behavior\ReadHtmlCacheBehavior [ RunTime:0.000661s ]
INFO: [ app_begin ] --END-- [ RunTime:0.000704s ]
SQL: SHOW COLUMNS FROM `whh_free` [ RunTime:0.0084s ]
SQL: SELECT a.fid,a.free_title,a.free_uid,a.free_content,a.free_com_num,a.free_time,b.realname,b.user_logo FROM whh_free a left join whh_user as b on a.free_uid = b.id  WHERE ( fid = 1 ) LIMIT 1   [ RunTime:0.0004s ]
SQL: SHOW COLUMNS FROM `whh_free_com` [ RunTime:0.0109s ]
SQL: SELECT COUNT(*) AS tp_count FROM `whh_free_com` WHERE ( fid = 1 ) LIMIT 1   [ RunTime:0.0004s ]
SQL: SELECT a.com_content,a.com_time,b.realname,b.user_logo FROM whh_free_com a left join whh_user as b on a.free_uid = b.id  WHERE ( fid = 1 ) ORDER BY com_time desc LIMIT 0,10   [ RunTime:0.0009s ]
INFO: [ view_parse ] --START--
INFO: [ template_filter ] --START--
INFO: Run Behavior\ContentReplaceBehavior [ RunTime:0.000037s ]
INFO: [ template_filter ] --END-- [ RunTime:0.000078s ]
INFO: Run Behavior\ParseTemplateBehavior [ RunTime:0.009604s ]
INFO: [ view_parse ] --END-- [ RunTime:0.009655s ]
INFO: [ view_filter ] --START--
INFO: Run Behavior\WriteHtmlCacheBehavior [ RunTime:0.000576s ]
INFO: [ view_filter ] --END-- [ RunTime:0.000608s ]
INFO: [ app_end ] --START--
INFO: Run Behavior\ShowPageTraceBehavior [ RunTime:0.000665s ]
INFO: [ app_end ] --END-- [ RunTime:0.000696s ]

[ 2017-01-22T15:21:45+08:00 ] 127.0.0.1 /Home/Market/marketDetail/fid/2/token/MQiiORLsYuev.html
INFO: [ app_init ] --START--
INFO: Run Behavior\BuildLiteBehavior [ RunTime:0.000027s ]
INFO: [ app_init ] --END-- [ RunTime:0.000504s ]
INFO: [ app_begin ] --START--
INFO: Run Behavior\ReadHtmlCacheBehavior [ RunTime:0.000702s ]
INFO: [ app_begin ] --END-- [ RunTime:0.000739s ]
SQL: SHOW COLUMNS FROM `whh_free` [ RunTime:0.0096s ]
SQL: SELECT a.fid,a.free_title,a.free_uid,a.free_content,a.free_com_num,a.free_time,b.realname,b.user_logo FROM whh_free a left join whh_user as b on a.free_uid = b.id  WHERE ( fid = 2 ) LIMIT 1   [ RunTime:0.0005s ]
SQL: SHOW COLUMNS FROM `whh_free_com` [ RunTime:0.0135s ]
SQL: SELECT COUNT(*) AS tp_count FROM `whh_free_com` WHERE ( fid = 2 ) LIMIT 1   [ RunTime:0.0003s ]
SQL: SELECT a.com_content,a.com_time,b.realname,b.user_logo FROM whh_free_com a left join whh_user as b on a.free_uid = b.id  WHERE ( fid = 2 ) ORDER BY com_time desc LIMIT 0,10   [ RunTime:0.0004s ]
INFO: [ view_parse ] --START--
INFO: [ template_filter ] --START--
INFO: Run Behavior\ContentReplaceBehavior [ RunTime:0.000039s ]
INFO: [ template_filter ] --END-- [ RunTime:0.000079s ]
INFO: Run Behavior\ParseTemplateBehavior [ RunTime:0.008803s ]
INFO: [ view_parse ] --END-- [ RunTime:0.008849s ]
INFO: [ view_filter ] --START--
INFO: Run Behavior\WriteHtmlCacheBehavior [ RunTime:0.000423s ]
INFO: [ view_filter ] --END-- [ RunTime:0.000453s ]
INFO: [ app_end ] --START--
INFO: Run Behavior\ShowPageTraceBehavior [ RunTime:0.000603s ]
INFO: [ app_end ] --END-- [ RunTime:0.000633s ]

[ 2017-01-22T15:22:32+08:00 ] 127.0.0.1 /Home/Market/marketList/token/MQiiORLsYuev.html
INFO: [ app_init ] --START--
INFO: Run Behavior\BuildLiteBehavior [ RunTime:0.000018s ]
INFO: [ app_init ] --END-- [ RunTime:0.000582s ]
INFO: [ app_begin ] --START--
INFO: Run Behavior\ReadHtmlCacheBehavior [ RunTime:0.000994s ]
INFO: [ app_begin ] --END-- [ RunTime:0.001060s ]
SQL: SHOW COLUMNS FROM `whh_free` [ RunTime:0.0078s ]
SQL: SELECT COUNT(*) AS tp_count FROM `whh_free` LIMIT 1   [ RunTime:0.0002s ]
SQL: SELECT a.fid,a.free_title,a.free_time,b.realname,b.user_logo FROM whh_free a left join whh_user as b on a.free_uid = b.id  ORDER BY fid desc LIMIT 0,10   [ RunTime:0.0005s ]
INFO: [ view_parse ] --START--
INFO: [ template_filter ] --START--
INFO: Run Behavior\ContentReplaceBehavior [ RunTime:0.000052s ]
INFO: [ template_filter ] --END-- [ RunTime:0.000093s ]
INFO: Run Behavior\ParseTemplateBehavior [ RunTime:0.011631s ]
INFO: [ view_parse ] --END-- [ RunTime:0.011673s ]
INFO: [ view_filter ] --START--
INFO: Run Behavior\WriteHtmlCacheBehavior [ RunTime:0.000717s ]
INFO: [ view_filter ] --END-- [ RunTime:0.000761s ]
INFO: [ app_end ] --START--
INFO: Run Behavior\ShowPageTraceBehavior [ RunTime:0.000861s ]
INFO: [ app_end ] --END-- [ RunTime:0.000907s ]

[ 2017-01-22T15:44:48+08:00 ] 127.0.0.1 /Home/Market/marketList/token/MQiiORLsYuev.html
INFO: [ app_init ] --START--
INFO: Run Behavior\BuildLiteBehavior [ RunTime:0.000011s ]
INFO: [ app_init ] --END-- [ RunTime:0.000472s ]
INFO: [ app_begin ] --START--
INFO: Run Behavior\ReadHtmlCacheBehavior [ RunTime:0.000848s ]
INFO: [ app_begin ] --END-- [ RunTime:0.000890s ]
SQL: SHOW COLUMNS FROM `whh_free` [ RunTime:0.0148s ]
SQL: SELECT COUNT(*) AS tp_count FROM `whh_free` LIMIT 1   [ RunTime:0.0006s ]
SQL: SELECT a.fid,a.free_title,a.free_time,b.realname,b.user_logo FROM whh_free a left join whh_user as b on a.free_uid = b.id  ORDER BY fid desc LIMIT 0,10   [ RunTime:0.0019s ]
INFO: [ view_parse ] --START--
INFO: [ template_filter ] --START--
INFO: Run Behavior\ContentReplaceBehavior [ RunTime:0.000065s ]
INFO: [ template_filter ] --END-- [ RunTime:0.000132s ]
INFO: Run Behavior\ParseTemplateBehavior [ RunTime:0.017073s ]
INFO: [ view_parse ] --END-- [ RunTime:0.017143s ]
INFO: [ view_filter ] --START--
INFO: Run Behavior\WriteHtmlCacheBehavior [ RunTime:0.000760s ]
INFO: [ view_filter ] --END-- [ RunTime:0.000807s ]
INFO: [ app_end ] --START--
INFO: Run Behavior\ShowPageTraceBehavior [ RunTime:0.001114s ]
INFO: [ app_end ] --END-- [ RunTime:0.001162s ]

[ 2017-01-22T15:44:50+08:00 ] 127.0.0.1 /Home/Market/marketDetail/fid/2/token/MQiiORLsYuev.html
INFO: [ app_init ] --START--
INFO: Run Behavior\BuildLiteBehavior [ RunTime:0.000012s ]
INFO: [ app_init ] --END-- [ RunTime:0.000481s ]
INFO: [ app_begin ] --START--
INFO: Run Behavior\ReadHtmlCacheBehavior [ RunTime:0.000794s ]
INFO: [ app_begin ] --END-- [ RunTime:0.000834s ]
SQL: SHOW COLUMNS FROM `whh_free` [ RunTime:0.0209s ]
SQL: SELECT a.fid,a.free_title,a.free_uid,a.free_content,a.free_com_num,a.free_time,b.realname,b.user_logo FROM whh_free a left join whh_user as b on a.free_uid = b.id  WHERE ( fid = 2 ) LIMIT 1   [ RunTime:0.0012s ]
SQL: SHOW COLUMNS FROM `whh_free_com` [ RunTime:0.0219s ]
SQL: SELECT COUNT(*) AS tp_count FROM `whh_free_com` WHERE ( fid = 2 ) LIMIT 1   [ RunTime:0.0006s ]
SQL: SELECT a.com_content,a.com_time,b.realname,b.user_logo FROM whh_free_com a left join whh_user as b on a.free_uid = b.id  WHERE ( fid = 2 ) ORDER BY com_time desc LIMIT 0,10   [ RunTime:0.0008s ]
INFO: [ view_parse ] --START--
INFO: [ template_filter ] --START--
INFO: Run Behavior\ContentReplaceBehavior [ RunTime:0.000049s ]
INFO: [ template_filter ] --END-- [ RunTime:0.000092s ]
INFO: Run Behavior\ParseTemplateBehavior [ RunTime:0.011901s ]
INFO: [ view_parse ] --END-- [ RunTime:0.011967s ]
INFO: [ view_filter ] --START--
INFO: Run Behavior\WriteHtmlCacheBehavior [ RunTime:0.000565s ]
INFO: [ view_filter ] --END-- [ RunTime:0.000598s ]
INFO: [ app_end ] --START--
INFO: Run Behavior\ShowPageTraceBehavior [ RunTime:0.000792s ]
INFO: [ app_end ] --END-- [ RunTime:0.000827s ]

[ 2017-01-22T15:44:54+08:00 ] 127.0.0.1 /Home/Market/comment/fid/2/token/MQiiORLsYuev.html
INFO: [ app_init ] --START--
INFO: Run Behavior\BuildLiteBehavior [ RunTime:0.000012s ]
INFO: [ app_init ] --END-- [ RunTime:0.000516s ]
INFO: [ app_begin ] --START--
INFO: Run Behavior\ReadHtmlCacheBehavior [ RunTime:0.000709s ]
INFO: [ app_begin ] --END-- [ RunTime:0.000750s ]

