[ 2017-01-19T09:08:29+08:00 ] 127.0.0.1 /
INFO: [ app_init ] --START--
INFO: Run Behavior\BuildLiteBehavior [ RunTime:0.000012s ]
INFO: [ app_init ] --END-- [ RunTime:0.000461s ]
INFO: [ app_begin ] --START--
INFO: Run Behavior\ReadHtmlCacheBehavior [ RunTime:0.000604s ]
INFO: [ app_begin ] --END-- [ RunTime:0.000641s ]
INFO: [ view_parse ] --START--
INFO: Run Behavior\ParseTemplateBehavior [ RunTime:0.000600s ]
INFO: [ view_parse ] --END-- [ RunTime:0.000646s ]
INFO: [ view_filter ] --START--
INFO: Run Behavior\WriteHtmlCacheBehavior [ RunTime:0.000455s ]
INFO: [ view_filter ] --END-- [ RunTime:0.000490s ]
INFO: [ app_end ] --START--
INFO: Run Behavior\ShowPageTraceBehavior [ RunTime:0.000705s ]
INFO: [ app_end ] --END-- [ RunTime:0.000742s ]

[ 2017-01-19T09:08:40+08:00 ] 127.0.0.1 /Home/Login/login.html
INFO: [ app_init ] --START--
INFO: Run Behavior\BuildLiteBehavior [ RunTime:0.000020s ]
INFO: [ app_init ] --END-- [ RunTime:0.000813s ]
INFO: [ app_begin ] --START--
INFO: Run Behavior\ReadHtmlCacheBehavior [ RunTime:0.000559s ]
INFO: [ app_begin ] --END-- [ RunTime:0.000600s ]
NOTIC: [8] Undefined index: code D:\WWW\whh\Application\Home\Controller\LoginController.class.php 第 7 行.

[ 2017-01-19T09:10:43+08:00 ] 127.0.0.1 /Home/Login/login.html
INFO: [ app_init ] --START--
INFO: Run Behavior\BuildLiteBehavior [ RunTime:0.000016s ]
INFO: [ app_init ] --END-- [ RunTime:0.000498s ]
INFO: [ app_begin ] --START--
INFO: Run Behavior\ReadHtmlCacheBehavior [ RunTime:0.000641s ]
INFO: [ app_begin ] --END-- [ RunTime:0.000678s ]
INFO: [ view_parse ] --START--
INFO: [ template_filter ] --START--
INFO: Run Behavior\ContentReplaceBehavior [ RunTime:0.000031s ]
INFO: [ template_filter ] --END-- [ RunTime:0.000069s ]
NOTIC: [8] Undefined variable: openid D:\WWW\whh\Application\Runtime\Cache\Home\50c9f5d2ef37c2cf131d5cf1381d3a4b.php 第 25 行.
INFO: Run Behavior\ParseTemplateBehavior [ RunTime:0.045806s ]
INFO: [ view_parse ] --END-- [ RunTime:0.045837s ]
INFO: [ view_filter ] --START--
INFO: Run Behavior\WriteHtmlCacheBehavior [ RunTime:0.000438s ]
INFO: [ view_filter ] --END-- [ RunTime:0.000466s ]
INFO: [ app_end ] --START--
INFO: Run Behavior\ShowPageTraceBehavior [ RunTime:0.000638s ]
INFO: [ app_end ] --END-- [ RunTime:0.000669s ]

[ 2017-01-19T09:10:48+08:00 ] 127.0.0.1 /Home/Login/login_add.html
INFO: [ app_init ] --START--
INFO: Run Behavior\BuildLiteBehavior [ RunTime:0.000011s ]
INFO: [ app_init ] --END-- [ RunTime:0.000455s ]
INFO: [ app_begin ] --START--
INFO: Run Behavior\ReadHtmlCacheBehavior [ RunTime:0.000578s ]
INFO: [ app_begin ] --END-- [ RunTime:0.000614s ]
SQL: SHOW COLUMNS FROM `whh_user` [ RunTime:0.0813s ]
SQL: SELECT `id`,`user_pass` FROM `whh_user` WHERE ( mobile = 15711472247 ) LIMIT 1   [ RunTime:0.0009s ]
SQL: SELECT `id`,`token`,`user_pass` FROM `whh_user` WHERE ( mobile = 15711472247 and user_pass = 'MlX0aUOzZ+CqmOf6Te23X+I' ) LIMIT 1   [ RunTime:0.0008s ]
NOTIC: [2] Illegal offset type in isset or empty D:\WWW\whh\ThinkPHP\Library\Think\Model.class.php 第 445 行.
SQL: UPDATE `whh_user` SET `openid`='' WHERE ( mobile = '15711472247' ) [ RunTime:0.0008s ]

[ 2017-01-19T09:10:49+08:00 ] 127.0.0.1 /Home/Userindex/userCenter/token/MQiiORLsYuev.html
INFO: [ app_init ] --START--
INFO: Run Behavior\BuildLiteBehavior [ RunTime:0.000010s ]
INFO: [ app_init ] --END-- [ RunTime:0.000444s ]
INFO: [ app_begin ] --START--
INFO: Run Behavior\ReadHtmlCacheBehavior [ RunTime:0.000566s ]
INFO: [ app_begin ] --END-- [ RunTime:0.000601s ]
SQL: SHOW COLUMNS FROM `whh_user` [ RunTime:0.0108s ]
SQL: SELECT a.id,a.user_logo,a.realname,a.user_type,a.company,a.balance,b.my_follow_num,b.app_yue_num FROM whh_user a left join whh_user_extend as b ON a.id = b.uid  WHERE ( a.id = 4 ) LIMIT 1   [ RunTime:0.0686s ]
INFO: [ view_parse ] --START--
INFO: [ template_filter ] --START--
INFO: Run Behavior\ContentReplaceBehavior [ RunTime:0.000047s ]
INFO: [ template_filter ] --END-- [ RunTime:0.000085s ]
INFO: Run Behavior\ParseTemplateBehavior [ RunTime:0.019276s ]
INFO: [ view_parse ] --END-- [ RunTime:0.019354s ]
INFO: [ view_filter ] --START--
INFO: Run Behavior\WriteHtmlCacheBehavior [ RunTime:0.000308s ]
INFO: [ view_filter ] --END-- [ RunTime:0.000334s ]
INFO: [ app_end ] --START--
INFO: Run Behavior\ShowPageTraceBehavior [ RunTime:0.000552s ]
INFO: [ app_end ] --END-- [ RunTime:0.000580s ]

[ 2017-01-19T09:10:50+08:00 ] 127.0.0.1 /Home/Userindex/userCenter/token/MQiiORLsYuev.html
INFO: [ app_init ] --START--
INFO: Run Behavior\BuildLiteBehavior [ RunTime:0.000011s ]
INFO: [ app_init ] --END-- [ RunTime:0.000424s ]
INFO: [ app_begin ] --START--
INFO: Run Behavior\ReadHtmlCacheBehavior [ RunTime:0.000533s ]
INFO: [ app_begin ] --END-- [ RunTime:0.000570s ]
SQL: SHOW COLUMNS FROM `whh_user` [ RunTime:0.0110s ]
SQL: SELECT a.id,a.user_logo,a.realname,a.user_type,a.company,a.balance,b.my_follow_num,b.app_yue_num FROM whh_user a left join whh_user_extend as b ON a.id = b.uid  WHERE ( a.id = 4 ) LIMIT 1   [ RunTime:0.0011s ]
INFO: [ view_parse ] --START--
INFO: [ template_filter ] --START--
INFO: Run Behavior\ContentReplaceBehavior [ RunTime:0.000044s ]
INFO: [ template_filter ] --END-- [ RunTime:0.000081s ]
INFO: Run Behavior\ParseTemplateBehavior [ RunTime:0.008939s ]
INFO: [ view_parse ] --END-- [ RunTime:0.009014s ]
INFO: [ view_filter ] --START--
INFO: Run Behavior\WriteHtmlCacheBehavior [ RunTime:0.000327s ]
INFO: [ view_filter ] --END-- [ RunTime:0.000356s ]
INFO: [ app_end ] --START--
INFO: Run Behavior\ShowPageTraceBehavior [ RunTime:0.000535s ]
INFO: [ app_end ] --END-- [ RunTime:0.000565s ]

[ 2017-01-19T09:10:53+08:00 ] 127.0.0.1 /Home/Project/projectlist/token/MQiiORLsYuev.html
INFO: [ app_init ] --START--
INFO: Run Behavior\BuildLiteBehavior [ RunTime:0.000014s ]
INFO: [ app_init ] --END-- [ RunTime:0.000542s ]
INFO: [ app_begin ] --START--
INFO: Run Behavior\ReadHtmlCacheBehavior [ RunTime:0.000698s ]
INFO: [ app_begin ] --END-- [ RunTime:0.000743s ]
SQL: SHOW COLUMNS FROM `whh_project` [ RunTime:0.0777s ]
SQL: SHOW COLUMNS FROM `whh_user_extend` [ RunTime:0.0097s ]
SQL: SELECT `proj_my_needs` FROM `whh_user_extend` WHERE ( uid = '4' ) LIMIT 1   [ RunTime:0.0005s ]
SQL: SELECT `proj_id`,`proj_name`,`proj_logo`,`proj_ject`,`proj_area`,`proj_round`,`proj_money` FROM `whh_project` WHERE `proj_status` = '1' AND `proj_uid` <> '4' AND `proj_industry` IN ('')  [ RunTime:0.0218s ]
SQL: SELECT COUNT(*) AS tp_count FROM `whh_project` WHERE (  proj_status = 1 and proj_uid != 4 ) LIMIT 1   [ RunTime:0.0007s ]
SQL: SELECT `proj_id`,`proj_name`,`proj_logo`,`proj_ject`,`proj_area`,`proj_round`,`proj_money` FROM `whh_project` WHERE (  proj_status = 1 and proj_uid != 4 ) ORDER BY proj_id desc LIMIT 0,10   [ RunTime:0.0007s ]
SQL: SHOW COLUMNS FROM `whh_follow` [ RunTime:0.0181s ]
SQL: SELECT `he_id` FROM `whh_follow` WHERE ( my_id = 4 and follow_type = 1 )  [ RunTime:0.0006s ]
NOTIC: [2] Invalid argument supplied for foreach() D:\WWW\whh\Application\Home\Controller\ProjectController.class.php 第 61 行.
NOTIC: [8] Undefined variable: collect D:\WWW\whh\Application\Home\Controller\ProjectController.class.php 第 64 行.
NOTIC: [2] array_flip() expects parameter 1 to be array, null given D:\WWW\whh\Application\Home\Controller\ProjectController.class.php 第 64 行.
NOTIC: [2] array_key_exists() expects parameter 2 to be array, null given D:\WWW\whh\Application\Home\Controller\ProjectController.class.php 第 66 行.
NOTIC: [2] array_key_exists() expects parameter 2 to be array, null given D:\WWW\whh\Application\Home\Controller\ProjectController.class.php 第 66 行.
INFO: [ view_parse ] --START--
INFO: [ template_filter ] --START--
INFO: Run Behavior\ContentReplaceBehavior [ RunTime:0.000111s ]
INFO: [ template_filter ] --END-- [ RunTime:0.000204s ]
NOTIC: [8] Undefined index: status D:\WWW\whh\Application\Runtime\Cache\Home\4b63b389323d475c017e9024e1a4dcec.php 第 44 行.
NOTIC: [8] Undefined index: status D:\WWW\whh\Application\Runtime\Cache\Home\4b63b389323d475c017e9024e1a4dcec.php 第 44 行.
INFO: Run Behavior\ParseTemplateBehavior [ RunTime:0.029940s ]
INFO: [ view_parse ] --END-- [ RunTime:0.030015s ]
INFO: [ view_filter ] --START--
INFO: Run Behavior\WriteHtmlCacheBehavior [ RunTime:0.000635s ]
INFO: [ view_filter ] --END-- [ RunTime:0.000693s ]
INFO: [ app_end ] --START--
INFO: Run Behavior\ShowPageTraceBehavior [ RunTime:0.001063s ]
INFO: [ app_end ] --END-- [ RunTime:0.001125s ]

