[ 2017-01-17T09:10:57+08:00 ] 127.0.0.1 /
INFO: [ app_init ] --START--
INFO: Run Behavior\BuildLiteBehavior [ RunTime:0.000013s ]
INFO: [ app_init ] --END-- [ RunTime:0.000391s ]
INFO: [ app_begin ] --START--
INFO: Run Behavior\ReadHtmlCacheBehavior [ RunTime:0.000563s ]
INFO: [ app_begin ] --END-- [ RunTime:0.000599s ]
INFO: [ view_parse ] --START--
INFO: Run Behavior\ParseTemplateBehavior [ RunTime:0.000774s ]
INFO: [ view_parse ] --END-- [ RunTime:0.000857s ]
INFO: [ view_filter ] --START--
INFO: Run Behavior\WriteHtmlCacheBehavior [ RunTime:0.000465s ]
INFO: [ view_filter ] --END-- [ RunTime:0.000496s ]
INFO: [ app_end ] --START--
INFO: Run Behavior\ShowPageTraceBehavior [ RunTime:0.000914s ]
INFO: [ app_end ] --END-- [ RunTime:0.000956s ]

[ 2017-01-17T09:11:07+08:00 ] 127.0.0.1 /Home/Login/login.html
INFO: [ app_init ] --START--
INFO: Run Behavior\BuildLiteBehavior [ RunTime:0.000013s ]
INFO: [ app_init ] --END-- [ RunTime:0.000564s ]
INFO: [ app_begin ] --START--
INFO: Run Behavior\ReadHtmlCacheBehavior [ RunTime:0.000721s ]
INFO: [ app_begin ] --END-- [ RunTime:0.000767s ]
INFO: [ view_parse ] --START--
INFO: [ template_filter ] --START--
INFO: Run Behavior\ContentReplaceBehavior [ RunTime:0.000041s ]
INFO: [ template_filter ] --END-- [ RunTime:0.000091s ]
NOTIC: [8] Undefined variable: openid D:\WWW\whh\Application\Runtime\Cache\Home\50c9f5d2ef37c2cf131d5cf1381d3a4b.php 第 25 行.
INFO: Run Behavior\ParseTemplateBehavior [ RunTime:0.020259s ]
INFO: [ view_parse ] --END-- [ RunTime:0.020302s ]
INFO: [ view_filter ] --START--
INFO: Run Behavior\WriteHtmlCacheBehavior [ RunTime:0.000354s ]
INFO: [ view_filter ] --END-- [ RunTime:0.000383s ]
INFO: [ app_end ] --START--
INFO: Run Behavior\ShowPageTraceBehavior [ RunTime:0.000604s ]
INFO: [ app_end ] --END-- [ RunTime:0.000639s ]

[ 2017-01-17T09:11:17+08:00 ] 127.0.0.1 /Home/Login/login.html
INFO: [ app_init ] --START--
INFO: Run Behavior\BuildLiteBehavior [ RunTime:0.000011s ]
INFO: [ app_init ] --END-- [ RunTime:0.000491s ]
INFO: [ app_begin ] --START--
INFO: Run Behavior\ReadHtmlCacheBehavior [ RunTime:0.000691s ]
INFO: [ app_begin ] --END-- [ RunTime:0.000739s ]
INFO: [ view_parse ] --START--
INFO: [ template_filter ] --START--
INFO: Run Behavior\ContentReplaceBehavior [ RunTime:0.000032s ]
INFO: [ template_filter ] --END-- [ RunTime:0.000086s ]
NOTIC: [8] Undefined variable: openid D:\WWW\whh\Application\Runtime\Cache\Home\50c9f5d2ef37c2cf131d5cf1381d3a4b.php 第 25 行.
INFO: Run Behavior\ParseTemplateBehavior [ RunTime:0.005640s ]
INFO: [ view_parse ] --END-- [ RunTime:0.005675s ]
INFO: [ view_filter ] --START--
INFO: Run Behavior\WriteHtmlCacheBehavior [ RunTime:0.000397s ]
INFO: [ view_filter ] --END-- [ RunTime:0.000427s ]
INFO: [ app_end ] --START--
INFO: Run Behavior\ShowPageTraceBehavior [ RunTime:0.000939s ]
INFO: [ app_end ] --END-- [ RunTime:0.000982s ]

[ 2017-01-17T09:12:29+08:00 ] 127.0.0.1 /Home/Login/login_add.html
INFO: [ app_init ] --START--
INFO: Run Behavior\BuildLiteBehavior [ RunTime:0.000011s ]
INFO: [ app_init ] --END-- [ RunTime:0.000481s ]
INFO: [ app_begin ] --START--
INFO: Run Behavior\ReadHtmlCacheBehavior [ RunTime:0.000529s ]
INFO: [ app_begin ] --END-- [ RunTime:0.000568s ]
SQL: SHOW COLUMNS FROM `whh_user` [ RunTime:0.0616s ]
SQL: SELECT `id`,`token`,`user_pass` FROM `whh_user` WHERE ( mobile = 15711472247 and user_pass = 'MlX0aUOzZ+CqmOf6Te23X+I' ) LIMIT 1   [ RunTime:0.0005s ]

[ 2017-01-17T09:12:30+08:00 ] 127.0.0.1 /Home/Product/productlist/token/MQiiORLsYuev.html
INFO: [ app_init ] --START--
INFO: Run Behavior\BuildLiteBehavior [ RunTime:0.000011s ]
INFO: [ app_init ] --END-- [ RunTime:0.000446s ]
INFO: [ app_begin ] --START--
INFO: Run Behavior\ReadHtmlCacheBehavior [ RunTime:0.000580s ]
INFO: [ app_begin ] --END-- [ RunTime:0.000617s ]
SQL: SHOW COLUMNS FROM `whh_product` [ RunTime:0.0667s ]
SQL: SELECT COUNT(*) AS tp_count FROM `whh_product` WHERE (  prod_status = 1 and prod_uid != 4 ) LIMIT 1   [ RunTime:0.0010s ]
SQL: SELECT `prod_id`,`prod_name`,`prod_logo`,`prod_rate`,`prod_term`,`prod_money` FROM `whh_product` WHERE (  prod_status = 1 and prod_uid != 4 ) ORDER BY prod_id desc LIMIT 0,10   [ RunTime:0.0012s ]
SQL: SHOW COLUMNS FROM `whh_follow` [ RunTime:0.0369s ]
SQL: SELECT `he_id` FROM `whh_follow` WHERE ( my_id = '4' and follow_type = 2 )  [ RunTime:0.0009s ]
INFO: [ view_parse ] --START--
INFO: [ template_filter ] --START--
INFO: Run Behavior\ContentReplaceBehavior [ RunTime:0.000039s ]
INFO: [ template_filter ] --END-- [ RunTime:0.000074s ]
INFO: Run Behavior\ParseTemplateBehavior [ RunTime:0.011120s ]
INFO: [ view_parse ] --END-- [ RunTime:0.011198s ]
INFO: [ view_filter ] --START--
INFO: Run Behavior\WriteHtmlCacheBehavior [ RunTime:0.000327s ]
INFO: [ view_filter ] --END-- [ RunTime:0.000352s ]
INFO: [ app_end ] --START--
INFO: Run Behavior\ShowPageTraceBehavior [ RunTime:0.000575s ]
INFO: [ app_end ] --END-- [ RunTime:0.000604s ]

[ 2017-01-17T09:12:34+08:00 ] 127.0.0.1 /Home/Userindex/userCenter/token/MQiiORLsYuev.html
INFO: [ app_init ] --START--
INFO: Run Behavior\BuildLiteBehavior [ RunTime:0.000012s ]
INFO: [ app_init ] --END-- [ RunTime:0.000432s ]
INFO: [ app_begin ] --START--
INFO: Run Behavior\ReadHtmlCacheBehavior [ RunTime:0.000609s ]
INFO: [ app_begin ] --END-- [ RunTime:0.000645s ]
SQL: SHOW COLUMNS FROM `whh_user` [ RunTime:0.0072s ]
SQL: SELECT a.id,a.user_logo,a.realname,a.user_type,a.company,a.balance,b.my_follow_num,b.app_yue_num FROM whh_user a left join whh_user_extend as b ON a.id = b.uid  WHERE ( a.id = 4 ) LIMIT 1   [ RunTime:0.0630s ]
INFO: [ view_parse ] --START--
INFO: [ template_filter ] --START--
INFO: Run Behavior\ContentReplaceBehavior [ RunTime:0.000039s ]
INFO: [ template_filter ] --END-- [ RunTime:0.000073s ]
INFO: Run Behavior\ParseTemplateBehavior [ RunTime:0.010377s ]
INFO: [ view_parse ] --END-- [ RunTime:0.010457s ]
INFO: [ view_filter ] --START--
INFO: Run Behavior\WriteHtmlCacheBehavior [ RunTime:0.000370s ]
INFO: [ view_filter ] --END-- [ RunTime:0.000399s ]
INFO: [ app_end ] --START--
INFO: Run Behavior\ShowPageTraceBehavior [ RunTime:0.000583s ]
INFO: [ app_end ] --END-- [ RunTime:0.000612s ]

[ 2017-01-17T09:12:35+08:00 ] 127.0.0.1 /Home/Userindex/userCenter/token/MQiiORLsYuev.html
INFO: [ app_init ] --START--
INFO: Run Behavior\BuildLiteBehavior [ RunTime:0.000011s ]
INFO: [ app_init ] --END-- [ RunTime:0.000451s ]
INFO: [ app_begin ] --START--
INFO: Run Behavior\ReadHtmlCacheBehavior [ RunTime:0.000591s ]
INFO: [ app_begin ] --END-- [ RunTime:0.000628s ]
SQL: SHOW COLUMNS FROM `whh_user` [ RunTime:0.0062s ]
SQL: SELECT a.id,a.user_logo,a.realname,a.user_type,a.company,a.balance,b.my_follow_num,b.app_yue_num FROM whh_user a left join whh_user_extend as b ON a.id = b.uid  WHERE ( a.id = 4 ) LIMIT 1   [ RunTime:0.0005s ]
INFO: [ view_parse ] --START--
INFO: [ template_filter ] --START--
INFO: Run Behavior\ContentReplaceBehavior [ RunTime:0.000072s ]
INFO: [ template_filter ] --END-- [ RunTime:0.000139s ]
INFO: Run Behavior\ParseTemplateBehavior [ RunTime:0.010511s ]
INFO: [ view_parse ] --END-- [ RunTime:0.010582s ]
INFO: [ view_filter ] --START--
INFO: Run Behavior\WriteHtmlCacheBehavior [ RunTime:0.000504s ]
INFO: [ view_filter ] --END-- [ RunTime:0.000556s ]
INFO: [ app_end ] --START--
INFO: Run Behavior\ShowPageTraceBehavior [ RunTime:0.000897s ]
INFO: [ app_end ] --END-- [ RunTime:0.000951s ]

[ 2017-01-17T09:12:37+08:00 ] 127.0.0.1 /Home/Project/projectlist/token/MQiiORLsYuev.html
INFO: [ app_init ] --START--
INFO: Run Behavior\BuildLiteBehavior [ RunTime:0.000012s ]
INFO: [ app_init ] --END-- [ RunTime:0.000425s ]
INFO: [ app_begin ] --START--
INFO: Run Behavior\ReadHtmlCacheBehavior [ RunTime:0.000554s ]
INFO: [ app_begin ] --END-- [ RunTime:0.000591s ]
SQL: SHOW COLUMNS FROM `whh_project` [ RunTime:0.0725s ]
SQL: SHOW COLUMNS FROM `whh_user_extend` [ RunTime:0.0047s ]
SQL: SELECT `proj_my_needs` FROM `whh_user_extend` WHERE ( uid = '4' ) LIMIT 1   [ RunTime:0.0003s ]
SQL: SELECT `proj_id`,`proj_name`,`proj_logo`,`proj_ject`,`proj_area`,`proj_round`,`proj_money` FROM `whh_project` WHERE `proj_status` = '1' AND `proj_uid` <> '4' AND `proj_industry` IN ('')  [ RunTime:0.0003s ]
SQL: SELECT COUNT(*) AS tp_count FROM `whh_project` WHERE (  proj_status = 1 and proj_uid != 4 ) LIMIT 1   [ RunTime:0.0003s ]
SQL: SELECT `proj_id`,`proj_name`,`proj_logo`,`proj_ject`,`proj_area`,`proj_round`,`proj_money` FROM `whh_project` WHERE (  proj_status = 1 and proj_uid != 4 ) ORDER BY proj_id desc LIMIT 0,10   [ RunTime:0.0003s ]
NOTIC: [2] array_merge(): Argument #1 is not an array D:\WWW\whh\Application\Home\Controller\ProjectController.class.php 第 38 行.
NOTIC: [2] Invalid argument supplied for foreach() D:\WWW\whh\Application\Home\Controller\ProjectController.class.php 第 40 行.
NOTIC: [8] Undefined variable: temp D:\WWW\whh\Application\Home\Controller\ProjectController.class.php 第 44 行.
NOTIC: [2] array_unique() expects parameter 1 to be array, null given D:\WWW\whh\Application\Home\Controller\ProjectController.class.php 第 44 行.
NOTIC: [2] Invalid argument supplied for foreach() D:\WWW\whh\Application\Home\Controller\ProjectController.class.php 第 45 行.
SQL: SHOW COLUMNS FROM `whh_follow` [ RunTime:0.0038s ]
SQL: SELECT `he_id` FROM `whh_follow` WHERE ( my_id = 4 and follow_type = 1 )  [ RunTime:0.0003s ]
NOTIC: [2] Invalid argument supplied for foreach() D:\WWW\whh\Application\Home\Controller\ProjectController.class.php 第 57 行.
NOTIC: [8] Undefined variable: collect D:\WWW\whh\Application\Home\Controller\ProjectController.class.php 第 60 行.
NOTIC: [2] array_flip() expects parameter 1 to be array, null given D:\WWW\whh\Application\Home\Controller\ProjectController.class.php 第 60 行.
NOTIC: [8] Undefined variable: temp2 D:\WWW\whh\Application\Home\Controller\ProjectController.class.php 第 61 行.
NOTIC: [2] Invalid argument supplied for foreach() D:\WWW\whh\Application\Home\Controller\ProjectController.class.php 第 61 行.
NOTIC: [8] Undefined variable: temp2 D:\WWW\whh\Application\Home\Controller\ProjectController.class.php 第 72 行.
INFO: [ view_parse ] --START--
INFO: [ template_filter ] --START--
INFO: Run Behavior\ContentReplaceBehavior [ RunTime:0.000043s ]
INFO: [ template_filter ] --END-- [ RunTime:0.000080s ]
INFO: Run Behavior\ParseTemplateBehavior [ RunTime:0.006800s ]
INFO: [ view_parse ] --END-- [ RunTime:0.006838s ]
INFO: [ view_filter ] --START--
INFO: Run Behavior\WriteHtmlCacheBehavior [ RunTime:0.000398s ]
INFO: [ view_filter ] --END-- [ RunTime:0.000450s ]
INFO: [ app_end ] --START--
INFO: Run Behavior\ShowPageTraceBehavior [ RunTime:0.000580s ]
INFO: [ app_end ] --END-- [ RunTime:0.000609s ]

[ 2017-01-17T09:24:52+08:00 ] 127.0.0.1 /Home/Project/projectlist/token/MQiiORLsYuev.html
INFO: [ app_init ] --START--
INFO: Run Behavior\BuildLiteBehavior [ RunTime:0.000033s ]
INFO: [ app_init ] --END-- [ RunTime:0.000906s ]
INFO: [ app_begin ] --START--
INFO: Run Behavior\ReadHtmlCacheBehavior [ RunTime:0.000632s ]
INFO: [ app_begin ] --END-- [ RunTime:0.000686s ]
SQL: SHOW COLUMNS FROM `whh_project` [ RunTime:0.0058s ]
SQL: SHOW COLUMNS FROM `whh_user_extend` [ RunTime:0.0038s ]
SQL: SELECT `proj_my_needs` FROM `whh_user_extend` WHERE ( uid = '4' ) LIMIT 1   [ RunTime:0.0003s ]
SQL: SELECT `proj_id`,`proj_name`,`proj_logo`,`proj_ject`,`proj_area`,`proj_round`,`proj_money` FROM `whh_project` WHERE `proj_status` = '1' AND `proj_uid` <> '4' AND `proj_industry` IN ('')  [ RunTime:0.0003s ]
SQL: SELECT COUNT(*) AS tp_count FROM `whh_project` WHERE (  proj_status = 1 and proj_uid != 4 ) LIMIT 1   [ RunTime:0.0003s ]
SQL: SELECT `proj_id`,`proj_name`,`proj_logo`,`proj_ject`,`proj_area`,`proj_round`,`proj_money` FROM `whh_project` WHERE (  proj_status = 1 and proj_uid != 4 ) ORDER BY proj_id desc LIMIT 0,10   [ RunTime:0.0003s ]
NOTIC: [2] array_merge(): Argument #1 is not an array D:\WWW\whh\Application\Home\Controller\ProjectController.class.php 第 38 行.
NOTIC: [2] Invalid argument supplied for foreach() D:\WWW\whh\Application\Home\Controller\ProjectController.class.php 第 40 行.
NOTIC: [8] Undefined variable: temp D:\WWW\whh\Application\Home\Controller\ProjectController.class.php 第 44 行.
NOTIC: [2] array_unique() expects parameter 1 to be array, null given D:\WWW\whh\Application\Home\Controller\ProjectController.class.php 第 44 行.
NOTIC: [2] Invalid argument supplied for foreach() D:\WWW\whh\Application\Home\Controller\ProjectController.class.php 第 45 行.
SQL: SHOW COLUMNS FROM `whh_follow` [ RunTime:0.0035s ]
SQL: SELECT `he_id` FROM `whh_follow` WHERE ( my_id = 4 and follow_type = 1 )  [ RunTime:0.0003s ]
NOTIC: [2] Invalid argument supplied for foreach() D:\WWW\whh\Application\Home\Controller\ProjectController.class.php 第 57 行.
NOTIC: [8] Undefined variable: collect D:\WWW\whh\Application\Home\Controller\ProjectController.class.php 第 60 行.
NOTIC: [2] array_flip() expects parameter 1 to be array, null given D:\WWW\whh\Application\Home\Controller\ProjectController.class.php 第 60 行.
NOTIC: [8] Undefined variable: temp2 D:\WWW\whh\Application\Home\Controller\ProjectController.class.php 第 61 行.
NOTIC: [2] Invalid argument supplied for foreach() D:\WWW\whh\Application\Home\Controller\ProjectController.class.php 第 61 行.
NOTIC: [8] Undefined variable: temp2 D:\WWW\whh\Application\Home\Controller\ProjectController.class.php 第 72 行.
INFO: [ view_parse ] --START--
INFO: [ template_filter ] --START--
INFO: Run Behavior\ContentReplaceBehavior [ RunTime:0.000043s ]
INFO: [ template_filter ] --END-- [ RunTime:0.000076s ]
INFO: Run Behavior\ParseTemplateBehavior [ RunTime:0.007041s ]
INFO: [ view_parse ] --END-- [ RunTime:0.007076s ]
INFO: [ view_filter ] --START--
INFO: Run Behavior\WriteHtmlCacheBehavior [ RunTime:0.000429s ]
INFO: [ view_filter ] --END-- [ RunTime:0.000460s ]
INFO: [ app_end ] --START--
INFO: Run Behavior\ShowPageTraceBehavior [ RunTime:0.000674s ]
INFO: [ app_end ] --END-- [ RunTime:0.000705s ]

[ 2017-01-17T09:25:58+08:00 ] 127.0.0.1 /Home/Project/projectlist/token/MQiiORLsYuev.html
INFO: [ app_init ] --START--
INFO: Run Behavior\BuildLiteBehavior [ RunTime:0.000012s ]
INFO: [ app_init ] --END-- [ RunTime:0.000429s ]
INFO: [ app_begin ] --START--
INFO: Run Behavior\ReadHtmlCacheBehavior [ RunTime:0.000686s ]
INFO: [ app_begin ] --END-- [ RunTime:0.000726s ]
SQL: SHOW COLUMNS FROM `whh_project` [ RunTime:0.0101s ]
SQL: SHOW COLUMNS FROM `whh_user_extend` [ RunTime:0.0088s ]
SQL: SELECT `proj_my_needs` FROM `whh_user_extend` WHERE ( uid = '4' ) LIMIT 1   [ RunTime:0.0005s ]
SQL: SELECT `proj_id`,`proj_name`,`proj_logo`,`proj_ject`,`proj_area`,`proj_round`,`proj_money` FROM `whh_project` WHERE `proj_status` = '1' AND `proj_uid` <> '4' AND `proj_industry` IN ('')  [ RunTime:0.0006s ]
SQL: SELECT COUNT(*) AS tp_count FROM `whh_project` WHERE (  proj_status = 1 and proj_uid != 4 ) LIMIT 1   [ RunTime:0.0005s ]
SQL: SELECT `proj_id`,`proj_name`,`proj_logo`,`proj_ject`,`proj_area`,`proj_round`,`proj_money` FROM `whh_project` WHERE (  proj_status = 1 and proj_uid != 4 ) ORDER BY proj_id desc LIMIT 0,10   [ RunTime:0.0005s ]
SQL: SHOW COLUMNS FROM `whh_follow` [ RunTime:0.0056s ]
SQL: SELECT `he_id` FROM `whh_follow` WHERE ( my_id = 4 and follow_type = 1 )  [ RunTime:0.0003s ]
NOTIC: [2] Invalid argument supplied for foreach() D:\WWW\whh\Application\Home\Controller\ProjectController.class.php 第 61 行.
NOTIC: [8] Undefined variable: collect D:\WWW\whh\Application\Home\Controller\ProjectController.class.php 第 64 行.
NOTIC: [2] array_flip() expects parameter 1 to be array, null given D:\WWW\whh\Application\Home\Controller\ProjectController.class.php 第 64 行.
NOTIC: [2] array_key_exists() expects parameter 2 to be array, null given D:\WWW\whh\Application\Home\Controller\ProjectController.class.php 第 66 行.
NOTIC: [2] array_key_exists() expects parameter 2 to be array, null given D:\WWW\whh\Application\Home\Controller\ProjectController.class.php 第 66 行.
INFO: [ view_parse ] --START--
INFO: [ template_filter ] --START--
INFO: Run Behavior\ContentReplaceBehavior [ RunTime:0.000040s ]
INFO: [ template_filter ] --END-- [ RunTime:0.000071s ]
NOTIC: [8] Undefined index: status D:\WWW\whh\Application\Runtime\Cache\Home\4b63b389323d475c017e9024e1a4dcec.php 第 44 行.
NOTIC: [8] Undefined index: status D:\WWW\whh\Application\Runtime\Cache\Home\4b63b389323d475c017e9024e1a4dcec.php 第 44 行.
INFO: Run Behavior\ParseTemplateBehavior [ RunTime:0.008000s ]
INFO: [ view_parse ] --END-- [ RunTime:0.008037s ]
INFO: [ view_filter ] --START--
INFO: Run Behavior\WriteHtmlCacheBehavior [ RunTime:0.000376s ]
INFO: [ view_filter ] --END-- [ RunTime:0.000405s ]
INFO: [ app_end ] --START--
INFO: Run Behavior\ShowPageTraceBehavior [ RunTime:0.000587s ]
INFO: [ app_end ] --END-- [ RunTime:0.000618s ]

[ 2017-01-17T09:26:02+08:00 ] 127.0.0.1 /Home/Invest/investList/token/MQiiORLsYuev.html
INFO: [ app_init ] --START--
INFO: Run Behavior\BuildLiteBehavior [ RunTime:0.000012s ]
INFO: [ app_init ] --END-- [ RunTime:0.000436s ]
INFO: [ app_begin ] --START--
INFO: Run Behavior\ReadHtmlCacheBehavior [ RunTime:0.000630s ]
INFO: [ app_begin ] --END-- [ RunTime:0.000668s ]
SQL: SHOW COLUMNS FROM `whh_invest` [ RunTime:0.0110s ]
SQL: SELECT COUNT(*) AS tp_count FROM `whh_invest` WHERE ( inv_status = 1 and inv_uid != 4 ) LIMIT 1   [ RunTime:0.0008s ]
SQL: SELECT `inv_id`,`inv_name`,`inv_logo`,`inv_in_company`,`inv_type` FROM `whh_invest` WHERE ( inv_status = 1 and inv_uid != 4 ) ORDER BY inv_id desc LIMIT 0,10   [ RunTime:0.0011s ]
INFO: [ view_parse ] --START--
INFO: [ template_filter ] --START--
INFO: Run Behavior\ContentReplaceBehavior [ RunTime:0.000068s ]
INFO: [ template_filter ] --END-- [ RunTime:0.000136s ]
INFO: Run Behavior\ParseTemplateBehavior [ RunTime:0.015930s ]
INFO: [ view_parse ] --END-- [ RunTime:0.016029s ]
INFO: [ view_filter ] --START--
INFO: Run Behavior\WriteHtmlCacheBehavior [ RunTime:0.000618s ]
INFO: [ view_filter ] --END-- [ RunTime:0.000683s ]
INFO: [ app_end ] --START--
INFO: Run Behavior\ShowPageTraceBehavior [ RunTime:0.000873s ]
INFO: [ app_end ] --END-- [ RunTime:0.000924s ]

[ 2017-01-17T09:26:16+08:00 ] 127.0.0.1 /Home/Invest/investList/token/MQiiORLsYuev.html
INFO: [ app_init ] --START--
INFO: Run Behavior\BuildLiteBehavior [ RunTime:0.000012s ]
INFO: [ app_init ] --END-- [ RunTime:0.000453s ]
INFO: [ app_begin ] --START--
INFO: Run Behavior\ReadHtmlCacheBehavior [ RunTime:0.000665s ]
INFO: [ app_begin ] --END-- [ RunTime:0.000703s ]
SQL: SHOW COLUMNS FROM `whh_invest` [ RunTime:0.0111s ]
SQL: SELECT COUNT(*) AS tp_count FROM `whh_invest` WHERE ( inv_status = 1 and inv_uid != 4 ) LIMIT 1   [ RunTime:0.0008s ]
SQL: SELECT `inv_id`,`inv_name`,`inv_logo`,`inv_in_company`,`inv_type` FROM `whh_invest` WHERE ( inv_status = 1 and inv_uid != 4 ) ORDER BY inv_id desc LIMIT 0,10   [ RunTime:0.0011s ]
INFO: [ view_parse ] --START--
INFO: [ template_filter ] --START--
INFO: Run Behavior\ContentReplaceBehavior [ RunTime:0.000067s ]
INFO: [ template_filter ] --END-- [ RunTime:0.000137s ]
INFO: Run Behavior\ParseTemplateBehavior [ RunTime:0.016631s ]
INFO: [ view_parse ] --END-- [ RunTime:0.016725s ]
INFO: [ view_filter ] --START--
INFO: Run Behavior\WriteHtmlCacheBehavior [ RunTime:0.000631s ]
INFO: [ view_filter ] --END-- [ RunTime:0.000690s ]
INFO: [ app_end ] --START--
INFO: Run Behavior\ShowPageTraceBehavior [ RunTime:0.001001s ]
INFO: [ app_end ] --END-- [ RunTime:0.001054s ]

[ 2017-01-17T09:26:19+08:00 ] 127.0.0.1 /Home/Product/productList/token/MQiiORLsYuev.html
INFO: [ app_init ] --START--
INFO: Run Behavior\BuildLiteBehavior [ RunTime:0.000012s ]
INFO: [ app_init ] --END-- [ RunTime:0.000444s ]
INFO: [ app_begin ] --START--
INFO: Run Behavior\ReadHtmlCacheBehavior [ RunTime:0.000567s ]
INFO: [ app_begin ] --END-- [ RunTime:0.000605s ]
SQL: SHOW COLUMNS FROM `whh_product` [ RunTime:0.0109s ]
SQL: SELECT COUNT(*) AS tp_count FROM `whh_product` WHERE (  prod_status = 1 and prod_uid != 4 ) LIMIT 1   [ RunTime:0.0009s ]
SQL: SELECT `prod_id`,`prod_name`,`prod_logo`,`prod_rate`,`prod_term`,`prod_money` FROM `whh_product` WHERE (  prod_status = 1 and prod_uid != 4 ) ORDER BY prod_id desc LIMIT 0,10   [ RunTime:0.0012s ]
SQL: SHOW COLUMNS FROM `whh_follow` [ RunTime:0.0091s ]
SQL: SELECT `he_id` FROM `whh_follow` WHERE ( my_id = '4' and follow_type = 2 )  [ RunTime:0.0006s ]
INFO: [ view_parse ] --START--
INFO: [ template_filter ] --START--
INFO: Run Behavior\ContentReplaceBehavior [ RunTime:0.000063s ]
INFO: [ template_filter ] --END-- [ RunTime:0.000114s ]
INFO: Run Behavior\ParseTemplateBehavior [ RunTime:0.011844s ]
INFO: [ view_parse ] --END-- [ RunTime:0.011914s ]
INFO: [ view_filter ] --START--
INFO: Run Behavior\WriteHtmlCacheBehavior [ RunTime:0.000493s ]
INFO: [ view_filter ] --END-- [ RunTime:0.000533s ]
INFO: [ app_end ] --START--
INFO: Run Behavior\ShowPageTraceBehavior [ RunTime:0.000758s ]
INFO: [ app_end ] --END-- [ RunTime:0.000799s ]

[ 2017-01-17T09:35:48+08:00 ] 127.0.0.1 /Home/Product/productList/token/MQiiORLsYuev.html
INFO: [ app_init ] --START--
INFO: Run Behavior\BuildLiteBehavior [ RunTime:0.000012s ]
INFO: [ app_init ] --END-- [ RunTime:0.000507s ]
INFO: [ app_begin ] --START--
INFO: Run Behavior\ReadHtmlCacheBehavior [ RunTime:0.000659s ]
INFO: [ app_begin ] --END-- [ RunTime:0.000725s ]
SQL: SHOW COLUMNS FROM `whh_product` [ RunTime:0.0114s ]
SQL: SELECT COUNT(*) AS tp_count FROM `whh_product` WHERE (  prod_status = 1 and prod_uid != 4 ) LIMIT 1   [ RunTime:0.0009s ]
SQL: SELECT `prod_id`,`prod_name`,`prod_logo`,`prod_rate`,`prod_term`,`prod_money` FROM `whh_product` WHERE (  prod_status = 1 and prod_uid != 4 ) ORDER BY prod_id desc LIMIT 0,10   [ RunTime:0.0012s ]
SQL: SHOW COLUMNS FROM `whh_follow` [ RunTime:0.0092s ]
SQL: SELECT `he_id` FROM `whh_follow` WHERE ( my_id = '4' and follow_type = 2 )  [ RunTime:0.0006s ]
INFO: [ view_parse ] --START--
INFO: [ template_filter ] --START--
INFO: Run Behavior\ContentReplaceBehavior [ RunTime:0.000064s ]
INFO: [ template_filter ] --END-- [ RunTime:0.000120s ]
INFO: Run Behavior\ParseTemplateBehavior [ RunTime:0.012013s ]
INFO: [ view_parse ] --END-- [ RunTime:0.012082s ]
INFO: [ view_filter ] --START--
INFO: Run Behavior\WriteHtmlCacheBehavior [ RunTime:0.000534s ]
INFO: [ view_filter ] --END-- [ RunTime:0.000575s ]
INFO: [ app_end ] --START--
INFO: Run Behavior\ShowPageTraceBehavior [ RunTime:0.000828s ]
INFO: [ app_end ] --END-- [ RunTime:0.000869s ]

[ 2017-01-17T09:35:49+08:00 ] 127.0.0.1 /index.php
INFO: [ app_init ] --START--
INFO: Run Behavior\BuildLiteBehavior [ RunTime:0.000011s ]
INFO: [ app_init ] --END-- [ RunTime:0.000436s ]
INFO: [ app_begin ] --START--
INFO: Run Behavior\ReadHtmlCacheBehavior [ RunTime:0.000637s ]
INFO: [ app_begin ] --END-- [ RunTime:0.000674s ]
INFO: [ view_parse ] --START--
INFO: Run Behavior\ParseTemplateBehavior [ RunTime:0.000387s ]
INFO: [ view_parse ] --END-- [ RunTime:0.000439s ]
INFO: [ view_filter ] --START--
INFO: Run Behavior\WriteHtmlCacheBehavior [ RunTime:0.000365s ]
INFO: [ view_filter ] --END-- [ RunTime:0.000394s ]
INFO: [ app_end ] --START--
INFO: Run Behavior\ShowPageTraceBehavior [ RunTime:0.000675s ]
INFO: [ app_end ] --END-- [ RunTime:0.000706s ]

[ 2017-01-17T09:35:51+08:00 ] 127.0.0.1 /Home/Invest/investList/token/MQiiORLsYuev.html
INFO: [ app_init ] --START--
INFO: Run Behavior\BuildLiteBehavior [ RunTime:0.000012s ]
INFO: [ app_init ] --END-- [ RunTime:0.000469s ]
INFO: [ app_begin ] --START--
INFO: Run Behavior\ReadHtmlCacheBehavior [ RunTime:0.000565s ]
INFO: [ app_begin ] --END-- [ RunTime:0.000606s ]
SQL: SHOW COLUMNS FROM `whh_invest` [ RunTime:0.0113s ]
SQL: SELECT COUNT(*) AS tp_count FROM `whh_invest` WHERE ( inv_status = 1 and inv_uid != 4 ) LIMIT 1   [ RunTime:0.0010s ]
SQL: SELECT `inv_id`,`inv_name`,`inv_logo`,`inv_in_company`,`inv_type` FROM `whh_invest` WHERE ( inv_status = 1 and inv_uid != 4 ) ORDER BY inv_id desc LIMIT 0,10   [ RunTime:0.0011s ]
INFO: [ view_parse ] --START--
INFO: [ template_filter ] --START--
INFO: Run Behavior\ContentReplaceBehavior [ RunTime:0.000070s ]
INFO: [ template_filter ] --END-- [ RunTime:0.000138s ]
INFO: Run Behavior\ParseTemplateBehavior [ RunTime:0.015504s ]
INFO: [ view_parse ] --END-- [ RunTime:0.015593s ]
INFO: [ view_filter ] --START--
INFO: Run Behavior\WriteHtmlCacheBehavior [ RunTime:0.000520s ]
INFO: [ view_filter ] --END-- [ RunTime:0.000568s ]
INFO: [ app_end ] --START--
INFO: Run Behavior\ShowPageTraceBehavior [ RunTime:0.000913s ]
INFO: [ app_end ] --END-- [ RunTime:0.000965s ]

[ 2017-01-17T09:36:05+08:00 ] 127.0.0.1 /Home/Invest/investList/token/MQiiORLsYuev.html
INFO: [ app_init ] --START--
INFO: Run Behavior\BuildLiteBehavior [ RunTime:0.000011s ]
INFO: [ app_init ] --END-- [ RunTime:0.000590s ]
INFO: [ app_begin ] --START--
INFO: Run Behavior\ReadHtmlCacheBehavior [ RunTime:0.000894s ]
INFO: [ app_begin ] --END-- [ RunTime:0.000941s ]
SQL: SHOW COLUMNS FROM `whh_invest` [ RunTime:0.0045s ]
SQL: SELECT COUNT(*) AS tp_count FROM `whh_invest` WHERE ( inv_status = 1 and inv_uid != 4 ) LIMIT 1   [ RunTime:0.0003s ]
SQL: SELECT `inv_id`,`inv_name`,`inv_logo`,`inv_in_company`,`inv_type` FROM `whh_invest` WHERE ( inv_status = 1 and inv_uid != 4 ) ORDER BY inv_id desc LIMIT 0,10   [ RunTime:0.0004s ]
INFO: [ view_parse ] --START--
INFO: [ template_filter ] --START--
INFO: Run Behavior\ContentReplaceBehavior [ RunTime:0.000034s ]
INFO: [ template_filter ] --END-- [ RunTime:0.000066s ]
INFO: Run Behavior\ParseTemplateBehavior [ RunTime:0.006230s ]
INFO: [ view_parse ] --END-- [ RunTime:0.006267s ]
INFO: [ view_filter ] --START--
INFO: Run Behavior\WriteHtmlCacheBehavior [ RunTime:0.000357s ]
INFO: [ view_filter ] --END-- [ RunTime:0.000386s ]
INFO: [ app_end ] --START--
INFO: Run Behavior\ShowPageTraceBehavior [ RunTime:0.000572s ]
INFO: [ app_end ] --END-- [ RunTime:0.000601s ]

[ 2017-01-17T09:36:14+08:00 ] 127.0.0.1 /Home/Userindex/userCenter/token/MQiiORLsYuev.html
INFO: [ app_init ] --START--
INFO: Run Behavior\BuildLiteBehavior [ RunTime:0.000013s ]
INFO: [ app_init ] --END-- [ RunTime:0.000558s ]
INFO: [ app_begin ] --START--
INFO: Run Behavior\ReadHtmlCacheBehavior [ RunTime:0.000699s ]
INFO: [ app_begin ] --END-- [ RunTime:0.000740s ]
SQL: SHOW COLUMNS FROM `whh_user` [ RunTime:0.0052s ]
SQL: SELECT a.id,a.user_logo,a.realname,a.user_type,a.company,a.balance,b.my_follow_num,b.app_yue_num FROM whh_user a left join whh_user_extend as b ON a.id = b.uid  WHERE ( a.id = 4 ) LIMIT 1   [ RunTime:0.0005s ]
INFO: [ view_parse ] --START--
INFO: [ template_filter ] --START--
INFO: Run Behavior\ContentReplaceBehavior [ RunTime:0.000043s ]
INFO: [ template_filter ] --END-- [ RunTime:0.000078s ]
INFO: Run Behavior\ParseTemplateBehavior [ RunTime:0.006766s ]
INFO: [ view_parse ] --END-- [ RunTime:0.006801s ]
INFO: [ view_filter ] --START--
INFO: Run Behavior\WriteHtmlCacheBehavior [ RunTime:0.000420s ]
INFO: [ view_filter ] --END-- [ RunTime:0.000448s ]
INFO: [ app_end ] --START--
INFO: Run Behavior\ShowPageTraceBehavior [ RunTime:0.000665s ]
INFO: [ app_end ] --END-- [ RunTime:0.000694s ]

[ 2017-01-17T09:36:15+08:00 ] 127.0.0.1 /Home/Userindex/userCenter/token/MQiiORLsYuev.html
INFO: [ app_init ] --START--
INFO: Run Behavior\BuildLiteBehavior [ RunTime:0.000011s ]
INFO: [ app_init ] --END-- [ RunTime:0.000436s ]
INFO: [ app_begin ] --START--
INFO: Run Behavior\ReadHtmlCacheBehavior [ RunTime:0.000598s ]
INFO: [ app_begin ] --END-- [ RunTime:0.000634s ]
SQL: SHOW COLUMNS FROM `whh_user` [ RunTime:0.0107s ]
SQL: SELECT a.id,a.user_logo,a.realname,a.user_type,a.company,a.balance,b.my_follow_num,b.app_yue_num FROM whh_user a left join whh_user_extend as b ON a.id = b.uid  WHERE ( a.id = 4 ) LIMIT 1   [ RunTime:0.0011s ]
INFO: [ view_parse ] --START--
INFO: [ template_filter ] --START--
INFO: Run Behavior\ContentReplaceBehavior [ RunTime:0.000106s ]
INFO: [ template_filter ] --END-- [ RunTime:0.000198s ]
INFO: Run Behavior\ParseTemplateBehavior [ RunTime:0.018381s ]
INFO: [ view_parse ] --END-- [ RunTime:0.018482s ]
INFO: [ view_filter ] --START--
INFO: Run Behavior\WriteHtmlCacheBehavior [ RunTime:0.000676s ]
INFO: [ view_filter ] --END-- [ RunTime:0.000734s ]
INFO: [ app_end ] --START--
INFO: Run Behavior\ShowPageTraceBehavior [ RunTime:0.001023s ]
INFO: [ app_end ] --END-- [ RunTime:0.001085s ]

[ 2017-01-17T09:36:19+08:00 ] 127.0.0.1 /Home/Project/projectlist/token/MQiiORLsYuev.html
INFO: [ app_init ] --START--
INFO: Run Behavior\BuildLiteBehavior [ RunTime:0.000011s ]
INFO: [ app_init ] --END-- [ RunTime:0.000558s ]
INFO: [ app_begin ] --START--
INFO: Run Behavior\ReadHtmlCacheBehavior [ RunTime:0.000589s ]
INFO: [ app_begin ] --END-- [ RunTime:0.000646s ]
SQL: SHOW COLUMNS FROM `whh_project` [ RunTime:0.0109s ]
SQL: SHOW COLUMNS FROM `whh_user_extend` [ RunTime:0.0097s ]
SQL: SELECT `proj_my_needs` FROM `whh_user_extend` WHERE ( uid = '4' ) LIMIT 1   [ RunTime:0.0003s ]
SQL: SELECT `proj_id`,`proj_name`,`proj_logo`,`proj_ject`,`proj_area`,`proj_round`,`proj_money` FROM `whh_project` WHERE `proj_status` = '1' AND `proj_uid` <> '4' AND `proj_industry` IN ('')  [ RunTime:0.0004s ]
SQL: SELECT COUNT(*) AS tp_count FROM `whh_project` WHERE (  proj_status = 1 and proj_uid != 4 ) LIMIT 1   [ RunTime:0.0003s ]
SQL: SELECT `proj_id`,`proj_name`,`proj_logo`,`proj_ject`,`proj_area`,`proj_round`,`proj_money` FROM `whh_project` WHERE (  proj_status = 1 and proj_uid != 4 ) ORDER BY proj_id desc LIMIT 0,10   [ RunTime:0.0005s ]
SQL: SHOW COLUMNS FROM `whh_follow` [ RunTime:0.0048s ]
SQL: SELECT `he_id` FROM `whh_follow` WHERE ( my_id = 4 and follow_type = 1 )  [ RunTime:0.0003s ]
NOTIC: [2] Invalid argument supplied for foreach() D:\WWW\whh\Application\Home\Controller\ProjectController.class.php 第 61 行.
NOTIC: [8] Undefined variable: collect D:\WWW\whh\Application\Home\Controller\ProjectController.class.php 第 64 行.
NOTIC: [2] array_flip() expects parameter 1 to be array, null given D:\WWW\whh\Application\Home\Controller\ProjectController.class.php 第 64 行.
NOTIC: [2] array_key_exists() expects parameter 2 to be array, null given D:\WWW\whh\Application\Home\Controller\ProjectController.class.php 第 66 行.
NOTIC: [2] array_key_exists() expects parameter 2 to be array, null given D:\WWW\whh\Application\Home\Controller\ProjectController.class.php 第 66 行.
INFO: [ view_parse ] --START--
INFO: [ template_filter ] --START--
INFO: Run Behavior\ContentReplaceBehavior [ RunTime:0.000043s ]
INFO: [ template_filter ] --END-- [ RunTime:0.000081s ]
NOTIC: [8] Undefined index: status D:\WWW\whh\Application\Runtime\Cache\Home\4b63b389323d475c017e9024e1a4dcec.php 第 44 行.
NOTIC: [8] Undefined index: status D:\WWW\whh\Application\Runtime\Cache\Home\4b63b389323d475c017e9024e1a4dcec.php 第 44 行.
INFO: Run Behavior\ParseTemplateBehavior [ RunTime:0.007256s ]
INFO: [ view_parse ] --END-- [ RunTime:0.007289s ]
INFO: [ view_filter ] --START--
INFO: Run Behavior\WriteHtmlCacheBehavior [ RunTime:0.000361s ]
INFO: [ view_filter ] --END-- [ RunTime:0.000390s ]
INFO: [ app_end ] --START--
INFO: Run Behavior\ShowPageTraceBehavior [ RunTime:0.000582s ]
INFO: [ app_end ] --END-- [ RunTime:0.000613s ]

[ 2017-01-17T09:36:22+08:00 ] 127.0.0.1 /Home/Userindex/userCenter/token/MQiiORLsYuev.html
INFO: [ app_init ] --START--
INFO: Run Behavior\BuildLiteBehavior [ RunTime:0.000015s ]
INFO: [ app_init ] --END-- [ RunTime:0.000492s ]
INFO: [ app_begin ] --START--
INFO: Run Behavior\ReadHtmlCacheBehavior [ RunTime:0.000556s ]
INFO: [ app_begin ] --END-- [ RunTime:0.000598s ]
SQL: SHOW COLUMNS FROM `whh_user` [ RunTime:0.0064s ]
SQL: SELECT a.id,a.user_logo,a.realname,a.user_type,a.company,a.balance,b.my_follow_num,b.app_yue_num FROM whh_user a left join whh_user_extend as b ON a.id = b.uid  WHERE ( a.id = 4 ) LIMIT 1   [ RunTime:0.0005s ]
INFO: [ view_parse ] --START--
INFO: [ template_filter ] --START--
INFO: Run Behavior\ContentReplaceBehavior [ RunTime:0.000041s ]
INFO: [ template_filter ] --END-- [ RunTime:0.000073s ]
INFO: Run Behavior\ParseTemplateBehavior [ RunTime:0.007755s ]
INFO: [ view_parse ] --END-- [ RunTime:0.007803s ]
INFO: [ view_filter ] --START--
INFO: Run Behavior\WriteHtmlCacheBehavior [ RunTime:0.000357s ]
INFO: [ view_filter ] --END-- [ RunTime:0.000386s ]
INFO: [ app_end ] --START--
INFO: Run Behavior\ShowPageTraceBehavior [ RunTime:0.000567s ]
INFO: [ app_end ] --END-- [ RunTime:0.000598s ]

[ 2017-01-17T09:36:23+08:00 ] 127.0.0.1 /Home/Userindex/userCenter/token/MQiiORLsYuev.html
INFO: [ app_init ] --START--
INFO: Run Behavior\BuildLiteBehavior [ RunTime:0.000011s ]
INFO: [ app_init ] --END-- [ RunTime:0.000422s ]
INFO: [ app_begin ] --START--
INFO: Run Behavior\ReadHtmlCacheBehavior [ RunTime:0.000614s ]
INFO: [ app_begin ] --END-- [ RunTime:0.000654s ]
SQL: SHOW COLUMNS FROM `whh_user` [ RunTime:0.0050s ]
SQL: SELECT a.id,a.user_logo,a.realname,a.user_type,a.company,a.balance,b.my_follow_num,b.app_yue_num FROM whh_user a left join whh_user_extend as b ON a.id = b.uid  WHERE ( a.id = 4 ) LIMIT 1   [ RunTime:0.0004s ]
INFO: [ view_parse ] --START--
INFO: [ template_filter ] --START--
INFO: Run Behavior\ContentReplaceBehavior [ RunTime:0.000075s ]
INFO: [ template_filter ] --END-- [ RunTime:0.000110s ]
INFO: Run Behavior\ParseTemplateBehavior [ RunTime:0.007653s ]
INFO: [ view_parse ] --END-- [ RunTime:0.007692s ]
INFO: [ view_filter ] --START--
INFO: Run Behavior\WriteHtmlCacheBehavior [ RunTime:0.000335s ]
INFO: [ view_filter ] --END-- [ RunTime:0.000365s ]
INFO: [ app_end ] --START--
INFO: Run Behavior\ShowPageTraceBehavior [ RunTime:0.000637s ]
INFO: [ app_end ] --END-- [ RunTime:0.000667s ]

[ 2017-01-17T16:46:26+08:00 ] 127.0.0.1 /Home/Userindex/myneeds/token/MQiiORLsYuev.html
INFO: [ app_init ] --START--
INFO: Run Behavior\BuildLiteBehavior [ RunTime:0.000013s ]
INFO: [ app_init ] --END-- [ RunTime:0.000466s ]
INFO: [ app_begin ] --START--
INFO: Run Behavior\ReadHtmlCacheBehavior [ RunTime:0.000636s ]
INFO: [ app_begin ] --END-- [ RunTime:0.000676s ]
SQL: SHOW COLUMNS FROM `whh_user_extend` [ RunTime:0.1474s ]
SQL: SELECT `proj_my_needs` FROM `whh_user_extend` WHERE ( uid = '4' ) LIMIT 1   [ RunTime:0.0005s ]
SQL: SHOW COLUMNS FROM `whh_my_needs` [ RunTime:0.0938s ]
SQL: SELECT * FROM `whh_my_needs`  [ RunTime:0.0014s ]
INFO: [ view_parse ] --START--
INFO: [ template_filter ] --START--
INFO: Run Behavior\ContentReplaceBehavior [ RunTime:0.000062s ]
INFO: [ template_filter ] --END-- [ RunTime:0.000128s ]
NOTIC: [8] Undefined variable: shuzu D:\WWW\whh\Application\Runtime\Cache\Home\4c382b15e141a376217647fe52720d7a.php 第 77 行.
INFO: Run Behavior\ParseTemplateBehavior [ RunTime:0.011847s ]
INFO: [ view_parse ] --END-- [ RunTime:0.011924s ]
INFO: [ view_filter ] --START--
INFO: Run Behavior\WriteHtmlCacheBehavior [ RunTime:0.000820s ]
INFO: [ view_filter ] --END-- [ RunTime:0.000877s ]
INFO: [ app_end ] --START--
INFO: Run Behavior\ShowPageTraceBehavior [ RunTime:0.001118s ]
INFO: [ app_end ] --END-- [ RunTime:0.001181s ]

[ 2017-01-17T16:46:34+08:00 ] 127.0.0.1 /Home/Userindex/userCenter/token/MQiiORLsYuev.html
INFO: [ app_init ] --START--
INFO: Run Behavior\BuildLiteBehavior [ RunTime:0.000012s ]
INFO: [ app_init ] --END-- [ RunTime:0.000444s ]
INFO: [ app_begin ] --START--
INFO: Run Behavior\ReadHtmlCacheBehavior [ RunTime:0.000632s ]
INFO: [ app_begin ] --END-- [ RunTime:0.000672s ]
SQL: SHOW COLUMNS FROM `whh_user` [ RunTime:0.0053s ]
SQL: SELECT a.id,a.user_logo,a.realname,a.user_type,a.company,a.balance,b.my_follow_num,b.app_yue_num FROM whh_user a left join whh_user_extend as b ON a.id = b.uid  WHERE ( a.id = 4 ) LIMIT 1   [ RunTime:0.0004s ]
INFO: [ view_parse ] --START--
INFO: [ template_filter ] --START--
INFO: Run Behavior\ContentReplaceBehavior [ RunTime:0.000042s ]
INFO: [ template_filter ] --END-- [ RunTime:0.000074s ]
INFO: Run Behavior\ParseTemplateBehavior [ RunTime:0.006926s ]
INFO: [ view_parse ] --END-- [ RunTime:0.006962s ]
INFO: [ view_filter ] --START--
INFO: Run Behavior\WriteHtmlCacheBehavior [ RunTime:0.000410s ]
INFO: [ view_filter ] --END-- [ RunTime:0.000441s ]
INFO: [ app_end ] --START--
INFO: Run Behavior\ShowPageTraceBehavior [ RunTime:0.000733s ]
INFO: [ app_end ] --END-- [ RunTime:0.000766s ]

[ 2017-01-17T16:47:06+08:00 ] 127.0.0.1 /Home/Userindex/myneeds/token/MQiiORLsYuev.html
INFO: [ app_init ] --START--
INFO: Run Behavior\BuildLiteBehavior [ RunTime:0.000013s ]
INFO: [ app_init ] --END-- [ RunTime:0.000461s ]
INFO: [ app_begin ] --START--
INFO: Run Behavior\ReadHtmlCacheBehavior [ RunTime:0.000647s ]
INFO: [ app_begin ] --END-- [ RunTime:0.000686s ]
SQL: SHOW COLUMNS FROM `whh_user_extend` [ RunTime:0.0121s ]
SQL: SELECT `proj_my_needs` FROM `whh_user_extend` WHERE ( uid = '4' ) LIMIT 1   [ RunTime:0.0006s ]
SQL: SHOW COLUMNS FROM `whh_my_needs` [ RunTime:0.0058s ]
SQL: SELECT * FROM `whh_my_needs`  [ RunTime:0.0005s ]
INFO: [ view_parse ] --START--
INFO: [ template_filter ] --START--
INFO: Run Behavior\ContentReplaceBehavior [ RunTime:0.000066s ]
INFO: [ template_filter ] --END-- [ RunTime:0.000138s ]
NOTIC: [8] Undefined variable: shuzu D:\WWW\whh\Application\Runtime\Cache\Home\4c382b15e141a376217647fe52720d7a.php 第 77 行.
INFO: Run Behavior\ParseTemplateBehavior [ RunTime:0.009356s ]
INFO: [ view_parse ] --END-- [ RunTime:0.009414s ]
INFO: [ view_filter ] --START--
INFO: Run Behavior\WriteHtmlCacheBehavior [ RunTime:0.000479s ]
INFO: [ view_filter ] --END-- [ RunTime:0.000525s ]
INFO: [ app_end ] --START--
INFO: Run Behavior\ShowPageTraceBehavior [ RunTime:0.000753s ]
INFO: [ app_end ] --END-- [ RunTime:0.000794s ]

