[ 2017-01-23T09:21:29+08:00 ] 127.0.0.1 /Home/Market/marketList.html
INFO: [ app_init ] --START--
INFO: Run Behavior\BuildLiteBehavior [ RunTime:0.000013s ]
INFO: [ app_init ] --END-- [ RunTime:0.000579s ]
INFO: [ app_begin ] --START--
INFO: Run Behavior\ReadHtmlCacheBehavior [ RunTime:0.000643s ]
INFO: [ app_begin ] --END-- [ RunTime:0.000680s ]
SQL: SHOW COLUMNS FROM `whh_free` [ RunTime:0.0388s ]
SQL: SELECT COUNT(*) AS tp_count FROM `whh_free` LIMIT 1   [ RunTime:0.0004s ]
SQL: SELECT a.fid,a.free_title,a.free_time,b.realname,b.user_logo FROM whh_free a left join whh_user as b on a.free_uid = b.id  ORDER BY fid desc LIMIT 0,10   [ RunTime:0.0146s ]
INFO: [ view_parse ] --START--
INFO: [ template_filter ] --START--
INFO: Run Behavior\ContentReplaceBehavior [ RunTime:0.000036s ]
INFO: [ template_filter ] --END-- [ RunTime:0.000073s ]
NOTIC: [8] Undefined index: token D:\WWW\whh\Application\Runtime\Cache\Home\127ee7781ae6971c0ae375f8495e7136.php 第 55 行.
NOTIC: [8] Undefined index: token D:\WWW\whh\Application\Runtime\Cache\Home\127ee7781ae6971c0ae375f8495e7136.php 第 55 行.
INFO: Run Behavior\ParseTemplateBehavior [ RunTime:0.006852s ]
INFO: [ view_parse ] --END-- [ RunTime:0.006886s ]
INFO: [ view_filter ] --START--
INFO: Run Behavior\WriteHtmlCacheBehavior [ RunTime:0.000445s ]
INFO: [ view_filter ] --END-- [ RunTime:0.000472s ]
INFO: [ app_end ] --START--
INFO: Run Behavior\ShowPageTraceBehavior [ RunTime:0.000639s ]
INFO: [ app_end ] --END-- [ RunTime:0.000668s ]

[ 2017-01-23T09:21:46+08:00 ] 127.0.0.1 /Home/Market/marketDetail/fid/2.html
INFO: [ app_init ] --START--
INFO: Run Behavior\BuildLiteBehavior [ RunTime:0.000009s ]
INFO: [ app_init ] --END-- [ RunTime:0.000483s ]
INFO: [ app_begin ] --START--
INFO: Run Behavior\ReadHtmlCacheBehavior [ RunTime:0.000918s ]
INFO: [ app_begin ] --END-- [ RunTime:0.001014s ]
SQL: SHOW COLUMNS FROM `whh_free` [ RunTime:0.0106s ]
SQL: SELECT a.fid,a.free_title,a.free_uid,a.free_content,a.free_com_num,a.free_time,b.realname,b.user_logo FROM whh_free a left join whh_user as b on a.free_uid = b.id  WHERE ( fid = 2 ) LIMIT 1   [ RunTime:0.0013s ]
SQL: SHOW COLUMNS FROM `whh_free_com` [ RunTime:0.0539s ]
SQL: SELECT COUNT(*) AS tp_count FROM `whh_free_com` WHERE ( fid = 2 ) LIMIT 1   [ RunTime:0.0005s ]
SQL: SELECT a.com_content,a.com_time,b.realname,b.user_logo FROM whh_free_com a left join whh_user as b on a.free_uid = b.id  WHERE ( fid = 2 ) ORDER BY com_time desc LIMIT 0,10   [ RunTime:0.0005s ]
INFO: [ view_parse ] --START--
INFO: [ template_filter ] --START--
INFO: Run Behavior\ContentReplaceBehavior [ RunTime:0.000033s ]
INFO: [ template_filter ] --END-- [ RunTime:0.000064s ]
NOTIC: [8] Undefined index: token D:\WWW\whh\Application\Runtime\Cache\Home\dbbf519cfe8d81ca7f383f3e99e5571c.php 第 83 行.
INFO: Run Behavior\ParseTemplateBehavior [ RunTime:0.006248s ]
INFO: [ view_parse ] --END-- [ RunTime:0.006285s ]
INFO: [ view_filter ] --START--
INFO: Run Behavior\WriteHtmlCacheBehavior [ RunTime:0.000378s ]
INFO: [ view_filter ] --END-- [ RunTime:0.000404s ]
INFO: [ app_end ] --START--
INFO: Run Behavior\ShowPageTraceBehavior [ RunTime:0.000572s ]
INFO: [ app_end ] --END-- [ RunTime:0.000601s ]

[ 2017-01-23T09:21:50+08:00 ] 127.0.0.1 /Home/Market/comment/fid/2.html
INFO: [ app_init ] --START--
INFO: Run Behavior\BuildLiteBehavior [ RunTime:0.000011s ]
INFO: [ app_init ] --END-- [ RunTime:0.000474s ]
INFO: [ app_begin ] --START--
INFO: Run Behavior\ReadHtmlCacheBehavior [ RunTime:0.000571s ]
INFO: [ app_begin ] --END-- [ RunTime:0.000613s ]

[ 2017-01-23T09:21:50+08:00 ] 127.0.0.1 /Home/Login/login/type/2/fid/2.html
INFO: [ app_init ] --START--
INFO: Run Behavior\BuildLiteBehavior [ RunTime:0.000011s ]
INFO: [ app_init ] --END-- [ RunTime:0.000467s ]
INFO: [ app_begin ] --START--
INFO: Run Behavior\ReadHtmlCacheBehavior [ RunTime:0.000602s ]
INFO: [ app_begin ] --END-- [ RunTime:0.000640s ]
NOTIC: [8] Undefined index: code D:\WWW\whh\Application\Home\Controller\LoginController.class.php 第 7 行.

