[ 2016-12-26T23:40:17+08:00 ] 42.236.10.71 /Home/Rongzi/financeproducts/cplx/%E8%B5%84%E7%AE%A1%E4%BF%A1%E6%89%98.html?a=financeproducts&c=Rongzi&cplx=%E5%9F%BA%E9%87%91%E7%B1%BB&m=Home
INFO: [ app_init ] --START--
INFO: Run Behavior\BuildLiteBehavior [ RunTime:0.000013s ]
INFO: [ app_init ] --END-- [ RunTime:0.000316s ]
INFO: [ app_begin ] --START--
INFO: Run Behavior\ReadHtmlCacheBehavior [ RunTime:0.000458s ]
INFO: [ app_begin ] --END-- [ RunTime:0.000499s ]
SQL: SHOW COLUMNS FROM `product` [ RunTime:0.0007s ]
NOTIC: [8] Undefined variable: join /home/wwwroot/www.wearebanker.net/Application/Home/Controller/RongziController.class.php 第 63 行.
SQL: SELECT COUNT(*) AS tp_count FROM `product` WHERE ( 1=1 and `class` like '%基金类%' and `yqsy` >=-1 and yqsy <= 1000 ) LIMIT 1   [ RunTime:0.0001s ]
NOTIC: [8] Undefined variable: join /home/wwwroot/www.wearebanker.net/Application/Home/Controller/RongziController.class.php 第 67 行.
SQL: select * from product  where 1=1 and `class` like '%基金类%' and `yqsy` >=-1 and yqsy <= 1000 limit 0,10 [ RunTime:0.0002s ]
SQL: SHOW COLUMNS FROM `cplx` [ RunTime:0.0003s ]
SQL: SELECT * FROM `cplx`  [ RunTime:0.0001s ]
SQL: SHOW COLUMNS FROM `yqsy` [ RunTime:0.0003s ]
SQL: SELECT * FROM `yqsy`  [ RunTime:0.0001s ]
SQL: SHOW COLUMNS FROM `zje` [ RunTime:0.0003s ]
SQL: SELECT * FROM `zje`  [ RunTime:0.0001s ]
INFO: [ view_parse ] --START--
INFO: [ template_filter ] --START--
INFO: Run Behavior\ContentReplaceBehavior [ RunTime:0.000064s ]
INFO: [ template_filter ] --END-- [ RunTime:0.000107s ]
NOTIC: [8] Undefined variable: tj_rows /home/wwwroot/www.wearebanker.net/Application/Runtime/Cache/Home/d18d44c3d0b42b37c8220a6d0cc1bc8f.php 第 158 行.
NOTIC: [8] Undefined variable: tj_rows /home/wwwroot/www.wearebanker.net/Application/Runtime/Cache/Home/d18d44c3d0b42b37c8220a6d0cc1bc8f.php 第 160 行.
NOTIC: [8] Undefined variable: tj_rows /home/wwwroot/www.wearebanker.net/Application/Runtime/Cache/Home/d18d44c3d0b42b37c8220a6d0cc1bc8f.php 第 161 行.
NOTIC: [8] Undefined variable: tj_rows /home/wwwroot/www.wearebanker.net/Application/Runtime/Cache/Home/d18d44c3d0b42b37c8220a6d0cc1bc8f.php 第 162 行.
INFO: Run Behavior\ParseTemplateBehavior [ RunTime:0.013025s ]
INFO: [ view_parse ] --END-- [ RunTime:0.013071s ]
INFO: [ view_filter ] --START--
INFO: Run Behavior\WriteHtmlCacheBehavior [ RunTime:0.000234s ]
INFO: [ view_filter ] --END-- [ RunTime:0.000282s ]
INFO: [ app_end ] --START--
INFO: Run Behavior\ShowPageTraceBehavior [ RunTime:0.000458s ]
INFO: [ app_end ] --END-- [ RunTime:0.000514s ]

[ 2016-12-26T23:45:43+08:00 ] 203.208.60.212 /index.php?m=Home&c=Daikuan&a=personalloan&p=7
INFO: [ app_init ] --START--
INFO: Run Behavior\BuildLiteBehavior [ RunTime:0.000013s ]
INFO: [ app_init ] --END-- [ RunTime:0.000321s ]
INFO: [ app_begin ] --START--
INFO: Run Behavior\ReadHtmlCacheBehavior [ RunTime:0.000421s ]
INFO: [ app_begin ] --END-- [ RunTime:0.000463s ]
SQL: SHOW COLUMNS FROM `sheet1` [ RunTime:0.0007s ]
SQL: SELECT COUNT(*) AS tp_count FROM `sheet1` WHERE ( 1=1 ) LIMIT 1   [ RunTime:0.0001s ]
SQL: select logo,name,diya,shenqing,fangkuan,yaoqiu1,yaoqiu2,yaoqiu3,renshu,id from sheet1 where 1=1 limit 60,10 [ RunTime:0.0001s ]
INFO: [ view_parse ] --START--
INFO: [ template_filter ] --START--
INFO: Run Behavior\ContentReplaceBehavior [ RunTime:0.000065s ]
INFO: [ template_filter ] --END-- [ RunTime:0.000108s ]
NOTIC: [8] Undefined index: daikuan /home/wwwroot/www.wearebanker.net/Application/Runtime/Cache/Home/8e4f55d48d72e5b804121b61f8bd6639.php 第 105 行.
NOTIC: [8] Undefined index: qixians /home/wwwroot/www.wearebanker.net/Application/Runtime/Cache/Home/8e4f55d48d72e5b804121b61f8bd6639.php 第 124 行.
INFO: Run Behavior\ParseTemplateBehavior [ RunTime:0.014642s ]
INFO: [ view_parse ] --END-- [ RunTime:0.014683s ]
INFO: [ view_filter ] --START--
INFO: Run Behavior\WriteHtmlCacheBehavior [ RunTime:0.000205s ]
INFO: [ view_filter ] --END-- [ RunTime:0.000250s ]
INFO: [ app_end ] --START--
INFO: Run Behavior\ShowPageTraceBehavior [ RunTime:0.000415s ]
INFO: [ app_end ] --END-- [ RunTime:0.000455s ]

[ 2016-12-26T23:53:44+08:00 ] 203.208.60.223 /Home/Dating/datingintroduce/id/49.html
INFO: [ app_init ] --START--
INFO: Run Behavior\BuildLiteBehavior [ RunTime:0.000017s ]
INFO: [ app_init ] --END-- [ RunTime:0.000321s ]
INFO: [ app_begin ] --START--
INFO: Run Behavior\ReadHtmlCacheBehavior [ RunTime:0.000486s ]
INFO: [ app_begin ] --END-- [ RunTime:0.000528s ]
SQL: SHOW COLUMNS FROM `marry_basic` [ RunTime:0.0007s ]
SQL: SHOW COLUMNS FROM `marry_expand` [ RunTime:0.0010s ]
SQL: SHOW COLUMNS FROM `marry_photos` [ RunTime:0.0004s ]
SQL: SELECT * FROM `marry_basic` WHERE ( id = 49 ) LIMIT 1   [ RunTime:0.0001s ]
SQL: SELECT * FROM `marry_expand` WHERE ( mid = 49 ) LIMIT 1   [ RunTime:0.0001s ]
SQL: SELECT `url` FROM `marry_photos` WHERE ( mid = 49 ) LIMIT 5   [ RunTime:0.0001s ]
INFO: [ view_parse ] --START--
INFO: [ template_filter ] --START--
INFO: Run Behavior\ContentReplaceBehavior [ RunTime:0.000080s ]
INFO: [ template_filter ] --END-- [ RunTime:0.000124s ]
NOTIC: [8] Undefined variable: id /home/wwwroot/www.wearebanker.net/Application/Runtime/Cache/Home/a5b23069dacb3cfe886ad73b7ea69fff.php 第 107 行.
INFO: Run Behavior\ParseTemplateBehavior [ RunTime:0.015501s ]
INFO: [ view_parse ] --END-- [ RunTime:0.015581s ]
INFO: [ view_filter ] --START--
INFO: Run Behavior\WriteHtmlCacheBehavior [ RunTime:0.000197s ]
INFO: [ view_filter ] --END-- [ RunTime:0.000231s ]
INFO: [ app_end ] --START--
INFO: Run Behavior\ShowPageTraceBehavior [ RunTime:0.000425s ]
INFO: [ app_end ] --END-- [ RunTime:0.000464s ]

[ 2016-12-26T23:53:55+08:00 ] 220.181.125.98 /Home/Rongzi/financeproducts.html?m=Home&c=Rongzi&a=financeproducts&cplx=%E9%93%B6%E8%A1%8C&yqsy=1%-4%
INFO: [ app_init ] --START--
INFO: Run Behavior\BuildLiteBehavior [ RunTime:0.000015s ]
INFO: [ app_init ] --END-- [ RunTime:0.000356s ]
INFO: [ app_begin ] --START--
INFO: Run Behavior\ReadHtmlCacheBehavior [ RunTime:0.000434s ]
INFO: [ app_begin ] --END-- [ RunTime:0.000475s ]
SQL: SHOW COLUMNS FROM `product` [ RunTime:0.0007s ]
NOTIC: [8] Undefined variable: join /home/wwwroot/www.wearebanker.net/Application/Home/Controller/RongziController.class.php 第 63 行.
SQL: SELECT COUNT(*) AS tp_count FROM `product` WHERE ( 1=1 and `class` like '%银行%' ) LIMIT 1   [ RunTime:0.0001s ]
NOTIC: [8] Undefined variable: join /home/wwwroot/www.wearebanker.net/Application/Home/Controller/RongziController.class.php 第 67 行.
SQL: select * from product  where 1=1 and `class` like '%银行%' limit 0,10 [ RunTime:0.0002s ]
SQL: SHOW COLUMNS FROM `cplx` [ RunTime:0.0004s ]
SQL: SELECT * FROM `cplx`  [ RunTime:0.0001s ]
SQL: SHOW COLUMNS FROM `yqsy` [ RunTime:0.0003s ]
SQL: SELECT * FROM `yqsy`  [ RunTime:0.0001s ]
SQL: SHOW COLUMNS FROM `zje` [ RunTime:0.0003s ]
SQL: SELECT * FROM `zje`  [ RunTime:0.0001s ]
INFO: [ view_parse ] --START--
INFO: [ template_filter ] --START--
INFO: Run Behavior\ContentReplaceBehavior [ RunTime:0.000118s ]
INFO: [ template_filter ] --END-- [ RunTime:0.000183s ]
NOTIC: [8] Undefined variable: tj_rows /home/wwwroot/www.wearebanker.net/Application/Runtime/Cache/Home/d18d44c3d0b42b37c8220a6d0cc1bc8f.php 第 158 行.
NOTIC: [8] Undefined variable: tj_rows /home/wwwroot/www.wearebanker.net/Application/Runtime/Cache/Home/d18d44c3d0b42b37c8220a6d0cc1bc8f.php 第 160 行.
NOTIC: [8] Undefined variable: tj_rows /home/wwwroot/www.wearebanker.net/Application/Runtime/Cache/Home/d18d44c3d0b42b37c8220a6d0cc1bc8f.php 第 161 行.
NOTIC: [8] Undefined variable: tj_rows /home/wwwroot/www.wearebanker.net/Application/Runtime/Cache/Home/d18d44c3d0b42b37c8220a6d0cc1bc8f.php 第 162 行.
INFO: Run Behavior\ParseTemplateBehavior [ RunTime:0.018519s ]
INFO: [ view_parse ] --END-- [ RunTime:0.018566s ]
INFO: [ view_filter ] --START--
INFO: Run Behavior\WriteHtmlCacheBehavior [ RunTime:0.000265s ]
INFO: [ view_filter ] --END-- [ RunTime:0.000314s ]
INFO: [ app_end ] --START--
INFO: Run Behavior\ShowPageTraceBehavior [ RunTime:0.000585s ]
INFO: [ app_end ] --END-- [ RunTime:0.000639s ]

[ 2016-12-26T23:54:07+08:00 ] 220.181.125.98 /Home/Rongzi/financeproducts/cplx/%E5%8F%A6%E7%B1%BB%E6%8A%95%E8%B5%84/yqsy/4%25-8%25/p/12/zje/500%E4%B8%87-1000%E4%B8%87.html?m=Home&c=Rongzi&a=financeproducts&zje=5000%E4%B8%87-1%E4%BA%BF&cplx=%E5%8F%A6%E7%B1%BB%E6%8A%95%E8%B5%84&yqsy=4%-8%
INFO: [ app_init ] --START--
INFO: Run Behavior\BuildLiteBehavior [ RunTime:0.000014s ]
INFO: [ app_init ] --END-- [ RunTime:0.000313s ]
INFO: [ app_begin ] --START--
INFO: Run Behavior\ReadHtmlCacheBehavior [ RunTime:0.000402s ]
INFO: [ app_begin ] --END-- [ RunTime:0.000441s ]
SQL: SHOW COLUMNS FROM `product` [ RunTime:0.0007s ]
SQL: SELECT COUNT(*) AS tp_count FROM `product`  inner join alternative_investments as b on product.id = b.gid   WHERE ( 1=1 ) LIMIT 1   [ RunTime:0.0001s ]
SQL: select * from product  inner join alternative_investments as b on product.id = b.gid  where 1=1 limit 110,10 [ RunTime:0.0002s ]
SQL: SHOW COLUMNS FROM `cplx` [ RunTime:0.0004s ]
SQL: SELECT * FROM `cplx`  [ RunTime:0.0001s ]
SQL: SHOW COLUMNS FROM `yqsy` [ RunTime:0.0004s ]
SQL: SELECT * FROM `yqsy`  [ RunTime:0.0004s ]
SQL: SHOW COLUMNS FROM `zje` [ RunTime:0.0004s ]
SQL: SELECT * FROM `zje`  [ RunTime:0.0001s ]
INFO: [ view_parse ] --START--
INFO: [ template_filter ] --START--
INFO: Run Behavior\ContentReplaceBehavior [ RunTime:0.000066s ]
INFO: [ template_filter ] --END-- [ RunTime:0.000110s ]
NOTIC: [8] Undefined variable: tj_rows /home/wwwroot/www.wearebanker.net/Application/Runtime/Cache/Home/d18d44c3d0b42b37c8220a6d0cc1bc8f.php 第 158 行.
NOTIC: [8] Undefined variable: tj_rows /home/wwwroot/www.wearebanker.net/Application/Runtime/Cache/Home/d18d44c3d0b42b37c8220a6d0cc1bc8f.php 第 160 行.
NOTIC: [8] Undefined variable: tj_rows /home/wwwroot/www.wearebanker.net/Application/Runtime/Cache/Home/d18d44c3d0b42b37c8220a6d0cc1bc8f.php 第 161 行.
NOTIC: [8] Undefined variable: tj_rows /home/wwwroot/www.wearebanker.net/Application/Runtime/Cache/Home/d18d44c3d0b42b37c8220a6d0cc1bc8f.php 第 162 行.
INFO: Run Behavior\ParseTemplateBehavior [ RunTime:0.013631s ]
INFO: [ view_parse ] --END-- [ RunTime:0.013671s ]
INFO: [ view_filter ] --START--
INFO: Run Behavior\WriteHtmlCacheBehavior [ RunTime:0.000183s ]
INFO: [ view_filter ] --END-- [ RunTime:0.000218s ]
INFO: [ app_end ] --START--
INFO: Run Behavior\ShowPageTraceBehavior [ RunTime:0.000497s ]
INFO: [ app_end ] --END-- [ RunTime:0.000536s ]

[ 2016-12-26T23:54:19+08:00 ] 220.181.125.98 /Home/Rongzi/financeproducts/cplx/%E5%9F%BA%E9%87%91%E7%B1%BB/yqsy/12%25-14%25/zje/1%E4%B8%87-10%E4%B8%87/p/1.html?m=Home&c=Rongzi&a=financeproducts&cplx=&yqsy=12%-14%&zje=1%E4%B8%87-10%E4%B8%87
INFO: [ app_init ] --START--
INFO: Run Behavior\BuildLiteBehavior [ RunTime:0.000013s ]
INFO: [ app_init ] --END-- [ RunTime:0.000341s ]
INFO: [ app_begin ] --START--
INFO: Run Behavior\ReadHtmlCacheBehavior [ RunTime:0.000444s ]
INFO: [ app_begin ] --END-- [ RunTime:0.000486s ]
SQL: SHOW COLUMNS FROM `product` [ RunTime:0.0010s ]
NOTIC: [8] Undefined variable: join /home/wwwroot/www.wearebanker.net/Application/Home/Controller/RongziController.class.php 第 63 行.
SQL: SELECT COUNT(*) AS tp_count FROM `product` WHERE ( 1=1 and `class` like '%%' ) LIMIT 1   [ RunTime:0.0001s ]
NOTIC: [8] Undefined variable: join /home/wwwroot/www.wearebanker.net/Application/Home/Controller/RongziController.class.php 第 67 行.
SQL: select * from product  where 1=1 and `class` like '%%' limit 0,10 [ RunTime:0.0002s ]
SQL: SHOW COLUMNS FROM `cplx` [ RunTime:0.0003s ]
SQL: SELECT * FROM `cplx`  [ RunTime:0.0001s ]
SQL: SHOW COLUMNS FROM `yqsy` [ RunTime:0.0005s ]
SQL: SELECT * FROM `yqsy`  [ RunTime:0.0001s ]
SQL: SHOW COLUMNS FROM `zje` [ RunTime:0.0004s ]
SQL: SELECT * FROM `zje`  [ RunTime:0.0001s ]
INFO: [ view_parse ] --START--
INFO: [ template_filter ] --START--
INFO: Run Behavior\ContentReplaceBehavior [ RunTime:0.000084s ]
INFO: [ template_filter ] --END-- [ RunTime:0.000139s ]
NOTIC: [8] Undefined variable: tj_rows /home/wwwroot/www.wearebanker.net/Application/Runtime/Cache/Home/d18d44c3d0b42b37c8220a6d0cc1bc8f.php 第 158 行.
NOTIC: [8] Undefined variable: tj_rows /home/wwwroot/www.wearebanker.net/Application/Runtime/Cache/Home/d18d44c3d0b42b37c8220a6d0cc1bc8f.php 第 160 行.
NOTIC: [8] Undefined variable: tj_rows /home/wwwroot/www.wearebanker.net/Application/Runtime/Cache/Home/d18d44c3d0b42b37c8220a6d0cc1bc8f.php 第 161 行.
NOTIC: [8] Undefined variable: tj_rows /home/wwwroot/www.wearebanker.net/Application/Runtime/Cache/Home/d18d44c3d0b42b37c8220a6d0cc1bc8f.php 第 162 行.
INFO: Run Behavior\ParseTemplateBehavior [ RunTime:0.013718s ]
INFO: [ view_parse ] --END-- [ RunTime:0.013757s ]
INFO: [ view_filter ] --START--
INFO: Run Behavior\WriteHtmlCacheBehavior [ RunTime:0.000198s ]
INFO: [ view_filter ] --END-- [ RunTime:0.000232s ]
INFO: [ app_end ] --START--
INFO: Run Behavior\ShowPageTraceBehavior [ RunTime:0.000424s ]
INFO: [ app_end ] --END-- [ RunTime:0.000462s ]

[ 2016-12-26T23:54:32+08:00 ] 220.181.125.98 /Home/Rongzi/financeproducts/cplx/%E5%9F%BA%E9%87%91%E7%B1%BB/zje/5000%E4%B8%87-1%E4%BA%BF/p/5/yqsy/%E5%85%B6%E5%AE%83.html?m=Home&c=Rongzi&a=financeproducts&cplx=%E9%93%B6%E8%A1%8C&zje=10%E4%B8%87-50%E4%B8%87
INFO: [ app_init ] --START--
INFO: Run Behavior\BuildLiteBehavior [ RunTime:0.000013s ]
INFO: [ app_init ] --END-- [ RunTime:0.000327s ]
INFO: [ app_begin ] --START--
INFO: Run Behavior\ReadHtmlCacheBehavior [ RunTime:0.000421s ]
INFO: [ app_begin ] --END-- [ RunTime:0.000468s ]
SQL: SHOW COLUMNS FROM `product` [ RunTime:0.0007s ]
NOTIC: [8] Undefined variable: join /home/wwwroot/www.wearebanker.net/Application/Home/Controller/RongziController.class.php 第 63 行.
SQL: SELECT COUNT(*) AS tp_count FROM `product` WHERE ( 1=1 and `class` like '%银行%' and `yqsy` >=-1 and yqsy <= 1000 ) LIMIT 1   [ RunTime:0.0001s ]
NOTIC: [8] Undefined variable: join /home/wwwroot/www.wearebanker.net/Application/Home/Controller/RongziController.class.php 第 67 行.
SQL: select * from product  where 1=1 and `class` like '%银行%' and `yqsy` >=-1 and yqsy <= 1000 limit 40,10 [ RunTime:0.0001s ]
SQL: SHOW COLUMNS FROM `cplx` [ RunTime:0.0003s ]
SQL: SELECT * FROM `cplx`  [ RunTime:0.0001s ]
SQL: SHOW COLUMNS FROM `yqsy` [ RunTime:0.0003s ]
SQL: SELECT * FROM `yqsy`  [ RunTime:0.0001s ]
SQL: SHOW COLUMNS FROM `zje` [ RunTime:0.0003s ]
SQL: SELECT * FROM `zje`  [ RunTime:0.0001s ]
INFO: [ view_parse ] --START--
INFO: [ template_filter ] --START--
INFO: Run Behavior\ContentReplaceBehavior [ RunTime:0.000084s ]
INFO: [ template_filter ] --END-- [ RunTime:0.000137s ]
NOTIC: [8] Undefined variable: tj_rows /home/wwwroot/www.wearebanker.net/Application/Runtime/Cache/Home/d18d44c3d0b42b37c8220a6d0cc1bc8f.php 第 158 行.
NOTIC: [8] Undefined variable: tj_rows /home/wwwroot/www.wearebanker.net/Application/Runtime/Cache/Home/d18d44c3d0b42b37c8220a6d0cc1bc8f.php 第 160 行.
NOTIC: [8] Undefined variable: tj_rows /home/wwwroot/www.wearebanker.net/Application/Runtime/Cache/Home/d18d44c3d0b42b37c8220a6d0cc1bc8f.php 第 161 行.
NOTIC: [8] Undefined variable: tj_rows /home/wwwroot/www.wearebanker.net/Application/Runtime/Cache/Home/d18d44c3d0b42b37c8220a6d0cc1bc8f.php 第 162 行.
INFO: Run Behavior\ParseTemplateBehavior [ RunTime:0.014229s ]
INFO: [ view_parse ] --END-- [ RunTime:0.014276s ]
INFO: [ view_filter ] --START--
INFO: Run Behavior\WriteHtmlCacheBehavior [ RunTime:0.000212s ]
INFO: [ view_filter ] --END-- [ RunTime:0.000260s ]
INFO: [ app_end ] --START--
INFO: Run Behavior\ShowPageTraceBehavior [ RunTime:0.000432s ]
INFO: [ app_end ] --END-- [ RunTime:0.000487s ]

[ 2016-12-26T23:54:44+08:00 ] 220.181.125.98 /Home/Rongzi/financeproducts/cplx/%E5%8F%A6%E7%B1%BB%E6%8A%95%E8%B5%84/zje/50%E4%B8%87-100%E4%B8%87/yqsy/10%25-12%25/p/7.html?m=Home&c=Rongzi&a=financeproducts&yqsy=10%-12%&cplx=%E4%BA%A7%E5%93%81%E6%B1%82%E8%B4%AD&zje=500%E4%B8%87-1000%E4%B8%87
INFO: [ app_init ] --START--
INFO: Run Behavior\BuildLiteBehavior [ RunTime:0.000013s ]
INFO: [ app_init ] --END-- [ RunTime:0.000307s ]
INFO: [ app_begin ] --START--
INFO: Run Behavior\ReadHtmlCacheBehavior [ RunTime:0.000406s ]
INFO: [ app_begin ] --END-- [ RunTime:0.000447s ]
SQL: SHOW COLUMNS FROM `product` [ RunTime:0.0008s ]
SQL: SELECT COUNT(*) AS tp_count FROM `product`  inner join wantbuy as c on product.id = c.gid   WHERE ( 1=1 ) LIMIT 1   [ RunTime:0.0001s ]
SQL: select * from product  inner join wantbuy as c on product.id = c.gid  where 1=1 limit 60,10 [ RunTime:0.0001s ]
SQL: SHOW COLUMNS FROM `cplx` [ RunTime:0.0003s ]
SQL: SELECT * FROM `cplx`  [ RunTime:0.0001s ]
SQL: SHOW COLUMNS FROM `yqsy` [ RunTime:0.0003s ]
SQL: SELECT * FROM `yqsy`  [ RunTime:0.0001s ]
SQL: SHOW COLUMNS FROM `zje` [ RunTime:0.0003s ]
SQL: SELECT * FROM `zje`  [ RunTime:0.0001s ]
INFO: [ view_parse ] --START--
INFO: [ template_filter ] --START--
INFO: Run Behavior\ContentReplaceBehavior [ RunTime:0.000081s ]
INFO: [ template_filter ] --END-- [ RunTime:0.000135s ]
NOTIC: [8] Undefined variable: tj_rows /home/wwwroot/www.wearebanker.net/Application/Runtime/Cache/Home/d18d44c3d0b42b37c8220a6d0cc1bc8f.php 第 158 行.
NOTIC: [8] Undefined variable: tj_rows /home/wwwroot/www.wearebanker.net/Application/Runtime/Cache/Home/d18d44c3d0b42b37c8220a6d0cc1bc8f.php 第 160 行.
NOTIC: [8] Undefined variable: tj_rows /home/wwwroot/www.wearebanker.net/Application/Runtime/Cache/Home/d18d44c3d0b42b37c8220a6d0cc1bc8f.php 第 161 行.
NOTIC: [8] Undefined variable: tj_rows /home/wwwroot/www.wearebanker.net/Application/Runtime/Cache/Home/d18d44c3d0b42b37c8220a6d0cc1bc8f.php 第 162 行.
INFO: Run Behavior\ParseTemplateBehavior [ RunTime:0.013125s ]
INFO: [ view_parse ] --END-- [ RunTime:0.013164s ]
INFO: [ view_filter ] --START--
INFO: Run Behavior\WriteHtmlCacheBehavior [ RunTime:0.000178s ]
INFO: [ view_filter ] --END-- [ RunTime:0.000213s ]
INFO: [ app_end ] --START--
INFO: Run Behavior\ShowPageTraceBehavior [ RunTime:0.000489s ]
INFO: [ app_end ] --END-- [ RunTime:0.000541s ]

[ 2016-12-26T23:54:57+08:00 ] 220.181.125.98 /Home/Rongzi/financeproducts/cplx/%E5%8F%A6%E7%B1%BB%E6%8A%95%E8%B5%84/p/12.html?m=Home&c=Rongzi&a=financeproducts&zje=1%E4%B8%87-10%E4%B8%87
INFO: [ app_init ] --START--
INFO: Run Behavior\BuildLiteBehavior [ RunTime:0.000013s ]
INFO: [ app_init ] --END-- [ RunTime:0.000340s ]
INFO: [ app_begin ] --START--
INFO: Run Behavior\ReadHtmlCacheBehavior [ RunTime:0.000447s ]
INFO: [ app_begin ] --END-- [ RunTime:0.000493s ]
SQL: SHOW COLUMNS FROM `product` [ RunTime:0.0008s ]
SQL: SELECT COUNT(*) AS tp_count FROM `product`  inner join alternative_investments as b on product.id = b.gid   WHERE ( 1=1 and `yqsy` >=-1 and yqsy <= 1000 ) LIMIT 1   [ RunTime:0.0001s ]
SQL: select * from product  inner join alternative_investments as b on product.id = b.gid  where 1=1 and `yqsy` >=-1 and yqsy <= 1000 limit 110,10 [ RunTime:0.0002s ]
SQL: SHOW COLUMNS FROM `cplx` [ RunTime:0.0004s ]
SQL: SELECT * FROM `cplx`  [ RunTime:0.0001s ]
SQL: SHOW COLUMNS FROM `yqsy` [ RunTime:0.0004s ]
SQL: SELECT * FROM `yqsy`  [ RunTime:0.0001s ]
SQL: SHOW COLUMNS FROM `zje` [ RunTime:0.0004s ]
SQL: SELECT * FROM `zje`  [ RunTime:0.0001s ]
INFO: [ view_parse ] --START--
INFO: [ template_filter ] --START--
INFO: Run Behavior\ContentReplaceBehavior [ RunTime:0.000064s ]
INFO: [ template_filter ] --END-- [ RunTime:0.000120s ]
NOTIC: [8] Undefined variable: tj_rows /home/wwwroot/www.wearebanker.net/Application/Runtime/Cache/Home/d18d44c3d0b42b37c8220a6d0cc1bc8f.php 第 158 行.
NOTIC: [8] Undefined variable: tj_rows /home/wwwroot/www.wearebanker.net/Application/Runtime/Cache/Home/d18d44c3d0b42b37c8220a6d0cc1bc8f.php 第 160 行.
NOTIC: [8] Undefined variable: tj_rows /home/wwwroot/www.wearebanker.net/Application/Runtime/Cache/Home/d18d44c3d0b42b37c8220a6d0cc1bc8f.php 第 161 行.
NOTIC: [8] Undefined variable: tj_rows /home/wwwroot/www.wearebanker.net/Application/Runtime/Cache/Home/d18d44c3d0b42b37c8220a6d0cc1bc8f.php 第 162 行.
INFO: Run Behavior\ParseTemplateBehavior [ RunTime:0.013342s ]
INFO: [ view_parse ] --END-- [ RunTime:0.013386s ]
INFO: [ view_filter ] --START--
INFO: Run Behavior\WriteHtmlCacheBehavior [ RunTime:0.000180s ]
INFO: [ view_filter ] --END-- [ RunTime:0.000221s ]
INFO: [ app_end ] --START--
INFO: Run Behavior\ShowPageTraceBehavior [ RunTime:0.000445s ]
INFO: [ app_end ] --END-- [ RunTime:0.000491s ]

[ 2016-12-26T23:55:10+08:00 ] 220.181.125.98 /Home/Rongzi/financeproducts.html?m=Home&c=Rongzi&a=financeproducts&zje=10%E4%B8%87-50%E4%B8%87&cplx=%E5%9F%BA%E9%87%91%E7%B1%BB&yqsy=12%-14%
INFO: [ app_init ] --START--
INFO: Run Behavior\BuildLiteBehavior [ RunTime:0.000013s ]
INFO: [ app_init ] --END-- [ RunTime:0.000350s ]
INFO: [ app_begin ] --START--
INFO: Run Behavior\ReadHtmlCacheBehavior [ RunTime:0.000451s ]
INFO: [ app_begin ] --END-- [ RunTime:0.000494s ]
SQL: SHOW COLUMNS FROM `product` [ RunTime:0.0009s ]
NOTIC: [8] Undefined variable: join /home/wwwroot/www.wearebanker.net/Application/Home/Controller/RongziController.class.php 第 63 行.
SQL: SELECT COUNT(*) AS tp_count FROM `product` WHERE ( 1=1 and `class` like '%基金类%' ) LIMIT 1   [ RunTime:0.0001s ]
NOTIC: [8] Undefined variable: join /home/wwwroot/www.wearebanker.net/Application/Home/Controller/RongziController.class.php 第 67 行.
SQL: select * from product  where 1=1 and `class` like '%基金类%' limit 0,10 [ RunTime:0.0002s ]
SQL: SHOW COLUMNS FROM `cplx` [ RunTime:0.0004s ]
SQL: SELECT * FROM `cplx`  [ RunTime:0.0001s ]
SQL: SHOW COLUMNS FROM `yqsy` [ RunTime:0.0003s ]
SQL: SELECT * FROM `yqsy`  [ RunTime:0.0001s ]
SQL: SHOW COLUMNS FROM `zje` [ RunTime:0.0004s ]
SQL: SELECT * FROM `zje`  [ RunTime:0.0001s ]
INFO: [ view_parse ] --START--
INFO: [ template_filter ] --START--
INFO: Run Behavior\ContentReplaceBehavior [ RunTime:0.000059s ]
INFO: [ template_filter ] --END-- [ RunTime:0.000100s ]
NOTIC: [8] Undefined variable: tj_rows /home/wwwroot/www.wearebanker.net/Application/Runtime/Cache/Home/d18d44c3d0b42b37c8220a6d0cc1bc8f.php 第 158 行.
NOTIC: [8] Undefined variable: tj_rows /home/wwwroot/www.wearebanker.net/Application/Runtime/Cache/Home/d18d44c3d0b42b37c8220a6d0cc1bc8f.php 第 160 行.
NOTIC: [8] Undefined variable: tj_rows /home/wwwroot/www.wearebanker.net/Application/Runtime/Cache/Home/d18d44c3d0b42b37c8220a6d0cc1bc8f.php 第 161 行.
NOTIC: [8] Undefined variable: tj_rows /home/wwwroot/www.wearebanker.net/Application/Runtime/Cache/Home/d18d44c3d0b42b37c8220a6d0cc1bc8f.php 第 162 行.
INFO: Run Behavior\ParseTemplateBehavior [ RunTime:0.012060s ]
INFO: [ view_parse ] --END-- [ RunTime:0.012110s ]
INFO: [ view_filter ] --START--
INFO: Run Behavior\WriteHtmlCacheBehavior [ RunTime:0.000176s ]
INFO: [ view_filter ] --END-- [ RunTime:0.000211s ]
INFO: [ app_end ] --START--
INFO: Run Behavior\ShowPageTraceBehavior [ RunTime:0.000417s ]
INFO: [ app_end ] --END-- [ RunTime:0.000456s ]

[ 2016-12-26T23:55:23+08:00 ] 220.181.125.98 /Home/Rongzi/financeproducts/cplx/%E5%8F%A6%E7%B1%BB%E6%8A%95%E8%B5%84/p/13/zje/5000%E4%B8%87-1%E4%BA%BF/yqsy/8%25-10%25.html?m=Home&c=Rongzi&a=financeproducts&zje=1%E4%B8%87-10%E4%B8%87&cplx=%E5%8F%A6%E7%B1%BB%E6%8A%95%E8%B5%84&yqsy=8%-10%
INFO: [ app_init ] --START--
INFO: Run Behavior\BuildLiteBehavior [ RunTime:0.000019s ]
INFO: [ app_init ] --END-- [ RunTime:0.000347s ]
INFO: [ app_begin ] --START--
INFO: Run Behavior\ReadHtmlCacheBehavior [ RunTime:0.000433s ]
INFO: [ app_begin ] --END-- [ RunTime:0.000487s ]
SQL: SHOW COLUMNS FROM `product` [ RunTime:0.0008s ]
SQL: SELECT COUNT(*) AS tp_count FROM `product`  inner join alternative_investments as b on product.id = b.gid   WHERE ( 1=1 ) LIMIT 1   [ RunTime:0.0001s ]
SQL: select * from product  inner join alternative_investments as b on product.id = b.gid  where 1=1 limit 120,10 [ RunTime:0.0003s ]
SQL: SHOW COLUMNS FROM `cplx` [ RunTime:0.0004s ]
SQL: SELECT * FROM `cplx`  [ RunTime:0.0001s ]
SQL: SHOW COLUMNS FROM `yqsy` [ RunTime:0.0004s ]
SQL: SELECT * FROM `yqsy`  [ RunTime:0.0001s ]
SQL: SHOW COLUMNS FROM `zje` [ RunTime:0.0004s ]
SQL: SELECT * FROM `zje`  [ RunTime:0.0001s ]
INFO: [ view_parse ] --START--
INFO: [ template_filter ] --START--
INFO: Run Behavior\ContentReplaceBehavior [ RunTime:0.000074s ]
INFO: [ template_filter ] --END-- [ RunTime:0.000121s ]
NOTIC: [8] Undefined variable: tj_rows /home/wwwroot/www.wearebanker.net/Application/Runtime/Cache/Home/d18d44c3d0b42b37c8220a6d0cc1bc8f.php 第 158 行.
NOTIC: [8] Undefined variable: tj_rows /home/wwwroot/www.wearebanker.net/Application/Runtime/Cache/Home/d18d44c3d0b42b37c8220a6d0cc1bc8f.php 第 160 行.
NOTIC: [8] Undefined variable: tj_rows /home/wwwroot/www.wearebanker.net/Application/Runtime/Cache/Home/d18d44c3d0b42b37c8220a6d0cc1bc8f.php 第 161 行.
NOTIC: [8] Undefined variable: tj_rows /home/wwwroot/www.wearebanker.net/Application/Runtime/Cache/Home/d18d44c3d0b42b37c8220a6d0cc1bc8f.php 第 162 行.
INFO: Run Behavior\ParseTemplateBehavior [ RunTime:0.015573s ]
INFO: [ view_parse ] --END-- [ RunTime:0.015610s ]
INFO: [ view_filter ] --START--
INFO: Run Behavior\WriteHtmlCacheBehavior [ RunTime:0.000190s ]
INFO: [ view_filter ] --END-- [ RunTime:0.000225s ]
INFO: [ app_end ] --START--
INFO: Run Behavior\ShowPageTraceBehavior [ RunTime:0.000409s ]
INFO: [ app_end ] --END-- [ RunTime:0.000457s ]

[ 2016-12-26T23:55:36+08:00 ] 220.181.125.98 /Home/Rongzi/financeproducts/zje/1%E4%B8%87-10%E4%B8%87/yqsy/1%25-4%25/p/7.html?m=Home&c=Rongzi&a=financeproducts&cplx=%E5%8F%A6%E7%B1%BB%E6%8A%95%E8%B5%84&yqsy=1%-4%&zje=1%E4%B8%87-10%E4%B8%87
INFO: [ app_init ] --START--
INFO: Run Behavior\BuildLiteBehavior [ RunTime:0.000013s ]
INFO: [ app_init ] --END-- [ RunTime:0.000312s ]
INFO: [ app_begin ] --START--
INFO: Run Behavior\ReadHtmlCacheBehavior [ RunTime:0.000423s ]
INFO: [ app_begin ] --END-- [ RunTime:0.000464s ]
SQL: SHOW COLUMNS FROM `product` [ RunTime:0.0007s ]
SQL: SELECT COUNT(*) AS tp_count FROM `product`  inner join alternative_investments as b on product.id = b.gid   WHERE ( 1=1 ) LIMIT 1   [ RunTime:0.0001s ]
SQL: select * from product  inner join alternative_investments as b on product.id = b.gid  where 1=1 limit 60,10 [ RunTime:0.0002s ]
SQL: SHOW COLUMNS FROM `cplx` [ RunTime:0.0003s ]
SQL: SELECT * FROM `cplx`  [ RunTime:0.0001s ]
SQL: SHOW COLUMNS FROM `yqsy` [ RunTime:0.0003s ]
SQL: SELECT * FROM `yqsy`  [ RunTime:0.0001s ]
SQL: SHOW COLUMNS FROM `zje` [ RunTime:0.0003s ]
SQL: SELECT * FROM `zje`  [ RunTime:0.0001s ]
INFO: [ view_parse ] --START--
INFO: [ template_filter ] --START--
INFO: Run Behavior\ContentReplaceBehavior [ RunTime:0.000059s ]
INFO: [ template_filter ] --END-- [ RunTime:0.000106s ]
NOTIC: [8] Undefined variable: tj_rows /home/wwwroot/www.wearebanker.net/Application/Runtime/Cache/Home/d18d44c3d0b42b37c8220a6d0cc1bc8f.php 第 158 行.
NOTIC: [8] Undefined variable: tj_rows /home/wwwroot/www.wearebanker.net/Application/Runtime/Cache/Home/d18d44c3d0b42b37c8220a6d0cc1bc8f.php 第 160 行.
NOTIC: [8] Undefined variable: tj_rows /home/wwwroot/www.wearebanker.net/Application/Runtime/Cache/Home/d18d44c3d0b42b37c8220a6d0cc1bc8f.php 第 161 行.
NOTIC: [8] Undefined variable: tj_rows /home/wwwroot/www.wearebanker.net/Application/Runtime/Cache/Home/d18d44c3d0b42b37c8220a6d0cc1bc8f.php 第 162 行.
INFO: Run Behavior\ParseTemplateBehavior [ RunTime:0.013982s ]
INFO: [ view_parse ] --END-- [ RunTime:0.014027s ]
INFO: [ view_filter ] --START--
INFO: Run Behavior\WriteHtmlCacheBehavior [ RunTime:0.000207s ]
INFO: [ view_filter ] --END-- [ RunTime:0.000242s ]
INFO: [ app_end ] --START--
INFO: Run Behavior\ShowPageTraceBehavior [ RunTime:0.000483s ]
INFO: [ app_end ] --END-- [ RunTime:0.000522s ]

[ 2016-12-26T23:55:50+08:00 ] 220.181.125.98 /Home/Rongzi/financeproducts/cplx/%E5%8F%A6%E7%B1%BB%E6%8A%95%E8%B5%84/zje/10%E4%B8%87-50%E4%B8%87/p/8/yqsy/4%25-8%25.html?m=Home&c=Rongzi&a=financeproducts&cplx=%E5%8F%A6%E7%B1%BB%E6%8A%95%E8%B5%84&yqsy=4%-8%&zje=10%E4%B8%87-50%E4%B8%87
INFO: [ app_init ] --START--
INFO: Run Behavior\BuildLiteBehavior [ RunTime:0.000013s ]
INFO: [ app_init ] --END-- [ RunTime:0.000339s ]
INFO: [ app_begin ] --START--
INFO: Run Behavior\ReadHtmlCacheBehavior [ RunTime:0.000432s ]
INFO: [ app_begin ] --END-- [ RunTime:0.000473s ]
SQL: SHOW COLUMNS FROM `product` [ RunTime:0.0008s ]
SQL: SELECT COUNT(*) AS tp_count FROM `product`  inner join alternative_investments as b on product.id = b.gid   WHERE ( 1=1 ) LIMIT 1   [ RunTime:0.0001s ]
SQL: select * from product  inner join alternative_investments as b on product.id = b.gid  where 1=1 limit 70,10 [ RunTime:0.0003s ]
SQL: SHOW COLUMNS FROM `cplx` [ RunTime:0.0004s ]
SQL: SELECT * FROM `cplx`  [ RunTime:0.0001s ]
SQL: SHOW COLUMNS FROM `yqsy` [ RunTime:0.0004s ]
SQL: SELECT * FROM `yqsy`  [ RunTime:0.0002s ]
SQL: SHOW COLUMNS FROM `zje` [ RunTime:0.0004s ]
SQL: SELECT * FROM `zje`  [ RunTime:0.0001s ]
INFO: [ view_parse ] --START--
INFO: [ template_filter ] --START--
INFO: Run Behavior\ContentReplaceBehavior [ RunTime:0.000073s ]
INFO: [ template_filter ] --END-- [ RunTime:0.000123s ]
NOTIC: [8] Undefined variable: tj_rows /home/wwwroot/www.wearebanker.net/Application/Runtime/Cache/Home/d18d44c3d0b42b37c8220a6d0cc1bc8f.php 第 158 行.
NOTIC: [8] Undefined variable: tj_rows /home/wwwroot/www.wearebanker.net/Application/Runtime/Cache/Home/d18d44c3d0b42b37c8220a6d0cc1bc8f.php 第 160 行.
NOTIC: [8] Undefined variable: tj_rows /home/wwwroot/www.wearebanker.net/Application/Runtime/Cache/Home/d18d44c3d0b42b37c8220a6d0cc1bc8f.php 第 161 行.
NOTIC: [8] Undefined variable: tj_rows /home/wwwroot/www.wearebanker.net/Application/Runtime/Cache/Home/d18d44c3d0b42b37c8220a6d0cc1bc8f.php 第 162 行.
INFO: Run Behavior\ParseTemplateBehavior [ RunTime:0.013553s ]
INFO: [ view_parse ] --END-- [ RunTime:0.013607s ]
INFO: [ view_filter ] --START--
INFO: Run Behavior\WriteHtmlCacheBehavior [ RunTime:0.000252s ]
INFO: [ view_filter ] --END-- [ RunTime:0.000296s ]
INFO: [ app_end ] --START--
INFO: Run Behavior\ShowPageTraceBehavior [ RunTime:0.000476s ]
INFO: [ app_end ] --END-- [ RunTime:0.000515s ]

[ 2016-12-26T23:56:04+08:00 ] 220.181.125.98 /Home/Rongzi/financeproducts/zje/10%E4%B8%87-50%E4%B8%87/p/6.html?m=Home&c=Rongzi&a=financeproducts&yqsy=&zje=10%E4%B8%87-50%E4%B8%87
INFO: [ app_init ] --START--
INFO: Run Behavior\BuildLiteBehavior [ RunTime:0.000013s ]
INFO: [ app_init ] --END-- [ RunTime:0.000327s ]
INFO: [ app_begin ] --START--
INFO: Run Behavior\ReadHtmlCacheBehavior [ RunTime:0.000457s ]
INFO: [ app_begin ] --END-- [ RunTime:0.000498s ]
SQL: SHOW COLUMNS FROM `product` [ RunTime:0.0007s ]
NOTIC: [8] Undefined variable: join /home/wwwroot/www.wearebanker.net/Application/Home/Controller/RongziController.class.php 第 63 行.
SQL: SELECT COUNT(*) AS tp_count FROM `product` WHERE ( 1=1 and `class` like '%%' and `yqsy` >=-1 and yqsy <= 1000 ) LIMIT 1   [ RunTime:0.0001s ]
NOTIC: [8] Undefined variable: join /home/wwwroot/www.wearebanker.net/Application/Home/Controller/RongziController.class.php 第 67 行.
SQL: select * from product  where 1=1 and `class` like '%%' and `yqsy` >=-1 and yqsy <= 1000 limit 50,10 [ RunTime:0.0001s ]
SQL: SHOW COLUMNS FROM `cplx` [ RunTime:0.0003s ]
SQL: SELECT * FROM `cplx`  [ RunTime:0.0001s ]
SQL: SHOW COLUMNS FROM `yqsy` [ RunTime:0.0003s ]
SQL: SELECT * FROM `yqsy`  [ RunTime:0.0001s ]
SQL: SHOW COLUMNS FROM `zje` [ RunTime:0.0003s ]
SQL: SELECT * FROM `zje`  [ RunTime:0.0001s ]
INFO: [ view_parse ] --START--
INFO: [ template_filter ] --START--
INFO: Run Behavior\ContentReplaceBehavior [ RunTime:0.000058s ]
INFO: [ template_filter ] --END-- [ RunTime:0.000098s ]
NOTIC: [8] Undefined variable: tj_rows /home/wwwroot/www.wearebanker.net/Application/Runtime/Cache/Home/d18d44c3d0b42b37c8220a6d0cc1bc8f.php 第 158 行.
NOTIC: [8] Undefined variable: tj_rows /home/wwwroot/www.wearebanker.net/Application/Runtime/Cache/Home/d18d44c3d0b42b37c8220a6d0cc1bc8f.php 第 160 行.
NOTIC: [8] Undefined variable: tj_rows /home/wwwroot/www.wearebanker.net/Application/Runtime/Cache/Home/d18d44c3d0b42b37c8220a6d0cc1bc8f.php 第 161 行.
NOTIC: [8] Undefined variable: tj_rows /home/wwwroot/www.wearebanker.net/Application/Runtime/Cache/Home/d18d44c3d0b42b37c8220a6d0cc1bc8f.php 第 162 行.
INFO: Run Behavior\ParseTemplateBehavior [ RunTime:0.012478s ]
INFO: [ view_parse ] --END-- [ RunTime:0.012515s ]
INFO: [ view_filter ] --START--
INFO: Run Behavior\WriteHtmlCacheBehavior [ RunTime:0.000176s ]
INFO: [ view_filter ] --END-- [ RunTime:0.000211s ]
INFO: [ app_end ] --START--
INFO: Run Behavior\ShowPageTraceBehavior [ RunTime:0.000397s ]
INFO: [ app_end ] --END-- [ RunTime:0.000434s ]

[ 2016-12-26T23:56:18+08:00 ] 220.181.125.98 /Home/Rongzi/financeproducts/cplx/%E5%8F%A6%E7%B1%BB%E6%8A%95%E8%B5%84/p/1/yqsy/10%25-12%25.html?m=Home&c=Rongzi&a=financeproducts&cplx=P2P&yqsy=10%-12%
INFO: [ app_init ] --START--
INFO: Run Behavior\BuildLiteBehavior [ RunTime:0.000013s ]
INFO: [ app_init ] --END-- [ RunTime:0.000317s ]
INFO: [ app_begin ] --START--
INFO: Run Behavior\ReadHtmlCacheBehavior [ RunTime:0.000404s ]
INFO: [ app_begin ] --END-- [ RunTime:0.000464s ]
SQL: SHOW COLUMNS FROM `product` [ RunTime:0.0007s ]
NOTIC: [8] Undefined variable: join /home/wwwroot/www.wearebanker.net/Application/Home/Controller/RongziController.class.php 第 63 行.
SQL: SELECT COUNT(*) AS tp_count FROM `product` WHERE ( 1=1 and `class` like '%P2P%' ) LIMIT 1   [ RunTime:0.0001s ]
NOTIC: [8] Undefined variable: join /home/wwwroot/www.wearebanker.net/Application/Home/Controller/RongziController.class.php 第 67 行.
SQL: select * from product  where 1=1 and `class` like '%P2P%' limit 0,10 [ RunTime:0.0001s ]
SQL: SHOW COLUMNS FROM `cplx` [ RunTime:0.0004s ]
SQL: SELECT * FROM `cplx`  [ RunTime:0.0001s ]
SQL: SHOW COLUMNS FROM `yqsy` [ RunTime:0.0003s ]
SQL: SELECT * FROM `yqsy`  [ RunTime:0.0001s ]
SQL: SHOW COLUMNS FROM `zje` [ RunTime:0.0004s ]
SQL: SELECT * FROM `zje`  [ RunTime:0.0001s ]
INFO: [ view_parse ] --START--
INFO: [ template_filter ] --START--
INFO: Run Behavior\ContentReplaceBehavior [ RunTime:0.000079s ]
INFO: [ template_filter ] --END-- [ RunTime:0.000122s ]
NOTIC: [8] Undefined variable: tj_rows /home/wwwroot/www.wearebanker.net/Application/Runtime/Cache/Home/d18d44c3d0b42b37c8220a6d0cc1bc8f.php 第 158 行.
NOTIC: [8] Undefined variable: tj_rows /home/wwwroot/www.wearebanker.net/Application/Runtime/Cache/Home/d18d44c3d0b42b37c8220a6d0cc1bc8f.php 第 160 行.
NOTIC: [8] Undefined variable: tj_rows /home/wwwroot/www.wearebanker.net/Application/Runtime/Cache/Home/d18d44c3d0b42b37c8220a6d0cc1bc8f.php 第 161 行.
NOTIC: [8] Undefined variable: tj_rows /home/wwwroot/www.wearebanker.net/Application/Runtime/Cache/Home/d18d44c3d0b42b37c8220a6d0cc1bc8f.php 第 162 行.
INFO: Run Behavior\ParseTemplateBehavior [ RunTime:0.012665s ]
INFO: [ view_parse ] --END-- [ RunTime:0.012702s ]
INFO: [ view_filter ] --START--
INFO: Run Behavior\WriteHtmlCacheBehavior [ RunTime:0.000213s ]
INFO: [ view_filter ] --END-- [ RunTime:0.000248s ]
INFO: [ app_end ] --START--
INFO: Run Behavior\ShowPageTraceBehavior [ RunTime:0.000489s ]
INFO: [ app_end ] --END-- [ RunTime:0.000539s ]

[ 2016-12-26T23:56:33+08:00 ] 220.181.125.98 /Home/Rongzi/financeproducts/cplx/%E5%9F%BA%E9%87%91%E7%B1%BB/p/4.html?m=Home&c=Rongzi&a=financeproducts&zje=1%E4%B8%87-10%E4%B8%87&cplx=%E5%8F%A6%E7%B1%BB%E6%8A%95%E8%B5%84
INFO: [ app_init ] --START--
INFO: Run Behavior\BuildLiteBehavior [ RunTime:0.000013s ]
INFO: [ app_init ] --END-- [ RunTime:0.000303s ]
INFO: [ app_begin ] --START--
INFO: Run Behavior\ReadHtmlCacheBehavior [ RunTime:0.000420s ]
INFO: [ app_begin ] --END-- [ RunTime:0.000462s ]
SQL: SHOW COLUMNS FROM `product` [ RunTime:0.0008s ]
SQL: SELECT COUNT(*) AS tp_count FROM `product`  inner join alternative_investments as b on product.id = b.gid   WHERE ( 1=1 and `yqsy` >=-1 and yqsy <= 1000 ) LIMIT 1   [ RunTime:0.0001s ]
SQL: select * from product  inner join alternative_investments as b on product.id = b.gid  where 1=1 and `yqsy` >=-1 and yqsy <= 1000 limit 30,10 [ RunTime:0.0002s ]
SQL: SHOW COLUMNS FROM `cplx` [ RunTime:0.0003s ]
SQL: SELECT * FROM `cplx`  [ RunTime:0.0001s ]
SQL: SHOW COLUMNS FROM `yqsy` [ RunTime:0.0003s ]
SQL: SELECT * FROM `yqsy`  [ RunTime:0.0001s ]
SQL: SHOW COLUMNS FROM `zje` [ RunTime:0.0003s ]
SQL: SELECT * FROM `zje`  [ RunTime:0.0001s ]
INFO: [ view_parse ] --START--
INFO: [ template_filter ] --START--
INFO: Run Behavior\ContentReplaceBehavior [ RunTime:0.000063s ]
INFO: [ template_filter ] --END-- [ RunTime:0.000116s ]
NOTIC: [8] Undefined variable: tj_rows /home/wwwroot/www.wearebanker.net/Application/Runtime/Cache/Home/d18d44c3d0b42b37c8220a6d0cc1bc8f.php 第 158 行.
NOTIC: [8] Undefined variable: tj_rows /home/wwwroot/www.wearebanker.net/Application/Runtime/Cache/Home/d18d44c3d0b42b37c8220a6d0cc1bc8f.php 第 160 行.
NOTIC: [8] Undefined variable: tj_rows /home/wwwroot/www.wearebanker.net/Application/Runtime/Cache/Home/d18d44c3d0b42b37c8220a6d0cc1bc8f.php 第 161 行.
NOTIC: [8] Undefined variable: tj_rows /home/wwwroot/www.wearebanker.net/Application/Runtime/Cache/Home/d18d44c3d0b42b37c8220a6d0cc1bc8f.php 第 162 行.
INFO: Run Behavior\ParseTemplateBehavior [ RunTime:0.012907s ]
INFO: [ view_parse ] --END-- [ RunTime:0.012952s ]
INFO: [ view_filter ] --START--
INFO: Run Behavior\WriteHtmlCacheBehavior [ RunTime:0.000194s ]
INFO: [ view_filter ] --END-- [ RunTime:0.000237s ]
INFO: [ app_end ] --START--
INFO: Run Behavior\ShowPageTraceBehavior [ RunTime:0.000431s ]
INFO: [ app_end ] --END-- [ RunTime:0.000511s ]

[ 2016-12-26T23:56:46+08:00 ] 220.181.125.98 /Home/Rongzi/financeproducts/yqsy/1%25-4%25/p/2.html?m=Home&c=Rongzi&a=financeproducts&zje=500%E4%B8%87-1000%E4%B8%87&yqsy=1%-4%
INFO: [ app_init ] --START--
INFO: Run Behavior\BuildLiteBehavior [ RunTime:0.000014s ]
INFO: [ app_init ] --END-- [ RunTime:0.000393s ]
INFO: [ app_begin ] --START--
INFO: Run Behavior\ReadHtmlCacheBehavior [ RunTime:0.000474s ]
INFO: [ app_begin ] --END-- [ RunTime:0.000519s ]
SQL: SHOW COLUMNS FROM `product` [ RunTime:0.0011s ]
NOTIC: [8] Undefined variable: join /home/wwwroot/www.wearebanker.net/Application/Home/Controller/RongziController.class.php 第 63 行.
SQL: SELECT COUNT(*) AS tp_count FROM `product` WHERE ( 1=1 and `class` like '%%' ) LIMIT 1   [ RunTime:0.0001s ]
NOTIC: [8] Undefined variable: join /home/wwwroot/www.wearebanker.net/Application/Home/Controller/RongziController.class.php 第 67 行.
SQL: select * from product  where 1=1 and `class` like '%%' limit 10,10 [ RunTime:0.0002s ]
SQL: SHOW COLUMNS FROM `cplx` [ RunTime:0.0004s ]
SQL: SELECT * FROM `cplx`  [ RunTime:0.0001s ]
SQL: SHOW COLUMNS FROM `yqsy` [ RunTime:0.0004s ]
SQL: SELECT * FROM `yqsy`  [ RunTime:0.0001s ]
SQL: SHOW COLUMNS FROM `zje` [ RunTime:0.0004s ]
SQL: SELECT * FROM `zje`  [ RunTime:0.0001s ]
INFO: [ view_parse ] --START--
INFO: [ template_filter ] --START--
INFO: Run Behavior\ContentReplaceBehavior [ RunTime:0.000063s ]
INFO: [ template_filter ] --END-- [ RunTime:0.000105s ]
NOTIC: [8] Undefined variable: tj_rows /home/wwwroot/www.wearebanker.net/Application/Runtime/Cache/Home/d18d44c3d0b42b37c8220a6d0cc1bc8f.php 第 158 行.
NOTIC: [8] Undefined variable: tj_rows /home/wwwroot/www.wearebanker.net/Application/Runtime/Cache/Home/d18d44c3d0b42b37c8220a6d0cc1bc8f.php 第 160 行.
NOTIC: [8] Undefined variable: tj_rows /home/wwwroot/www.wearebanker.net/Application/Runtime/Cache/Home/d18d44c3d0b42b37c8220a6d0cc1bc8f.php 第 161 行.
NOTIC: [8] Undefined variable: tj_rows /home/wwwroot/www.wearebanker.net/Application/Runtime/Cache/Home/d18d44c3d0b42b37c8220a6d0cc1bc8f.php 第 162 行.
INFO: Run Behavior\ParseTemplateBehavior [ RunTime:0.012853s ]
INFO: [ view_parse ] --END-- [ RunTime:0.012889s ]
INFO: [ view_filter ] --START--
INFO: Run Behavior\WriteHtmlCacheBehavior [ RunTime:0.000181s ]
INFO: [ view_filter ] --END-- [ RunTime:0.000215s ]
INFO: [ app_end ] --START--
INFO: Run Behavior\ShowPageTraceBehavior [ RunTime:0.000440s ]
INFO: [ app_end ] --END-- [ RunTime:0.000480s ]

[ 2016-12-26T23:57:00+08:00 ] 220.181.125.98 /Home/Rongzi/financeproducts/zje/1%E4%B8%87-10%E4%B8%87/p/10.html?m=Home&c=Rongzi&a=financeproducts&zje=&yqsy=10%-12%
INFO: [ app_init ] --START--
INFO: Run Behavior\BuildLiteBehavior [ RunTime:0.000013s ]
INFO: [ app_init ] --END-- [ RunTime:0.000336s ]
INFO: [ app_begin ] --START--
INFO: Run Behavior\ReadHtmlCacheBehavior [ RunTime:0.000440s ]
INFO: [ app_begin ] --END-- [ RunTime:0.000483s ]
SQL: SHOW COLUMNS FROM `product` [ RunTime:0.0008s ]
NOTIC: [8] Undefined variable: join /home/wwwroot/www.wearebanker.net/Application/Home/Controller/RongziController.class.php 第 63 行.
SQL: SELECT COUNT(*) AS tp_count FROM `product` WHERE ( 1=1 and `class` like '%%' ) LIMIT 1   [ RunTime:0.0001s ]
NOTIC: [8] Undefined variable: join /home/wwwroot/www.wearebanker.net/Application/Home/Controller/RongziController.class.php 第 67 行.
SQL: select * from product  where 1=1 and `class` like '%%' limit 90,10 [ RunTime:0.0002s ]
SQL: SHOW COLUMNS FROM `cplx` [ RunTime:0.0004s ]
SQL: SELECT * FROM `cplx`  [ RunTime:0.0002s ]
SQL: SHOW COLUMNS FROM `yqsy` [ RunTime:0.0003s ]
SQL: SELECT * FROM `yqsy`  [ RunTime:0.0001s ]
SQL: SHOW COLUMNS FROM `zje` [ RunTime:0.0004s ]
SQL: SELECT * FROM `zje`  [ RunTime:0.0001s ]
INFO: [ view_parse ] --START--
INFO: [ template_filter ] --START--
INFO: Run Behavior\ContentReplaceBehavior [ RunTime:0.000084s ]
INFO: [ template_filter ] --END-- [ RunTime:0.000135s ]
NOTIC: [8] Undefined variable: tj_rows /home/wwwroot/www.wearebanker.net/Application/Runtime/Cache/Home/d18d44c3d0b42b37c8220a6d0cc1bc8f.php 第 158 行.
NOTIC: [8] Undefined variable: tj_rows /home/wwwroot/www.wearebanker.net/Application/Runtime/Cache/Home/d18d44c3d0b42b37c8220a6d0cc1bc8f.php 第 160 行.
NOTIC: [8] Undefined variable: tj_rows /home/wwwroot/www.wearebanker.net/Application/Runtime/Cache/Home/d18d44c3d0b42b37c8220a6d0cc1bc8f.php 第 161 行.
NOTIC: [8] Undefined variable: tj_rows /home/wwwroot/www.wearebanker.net/Application/Runtime/Cache/Home/d18d44c3d0b42b37c8220a6d0cc1bc8f.php 第 162 行.
INFO: Run Behavior\ParseTemplateBehavior [ RunTime:0.013228s ]
INFO: [ view_parse ] --END-- [ RunTime:0.013265s ]
INFO: [ view_filter ] --START--
INFO: Run Behavior\WriteHtmlCacheBehavior [ RunTime:0.000217s ]
INFO: [ view_filter ] --END-- [ RunTime:0.000254s ]
INFO: [ app_end ] --START--
INFO: Run Behavior\ShowPageTraceBehavior [ RunTime:0.000440s ]
INFO: [ app_end ] --END-- [ RunTime:0.000486s ]

[ 2016-12-26T23:57:15+08:00 ] 220.181.125.98 /Home/Rongzi/financeproducts/cplx/%E5%8F%A6%E7%B1%BB%E6%8A%95%E8%B5%84/zje/50%E4%B8%87-100%E4%B8%87/yqsy/10%25-12%25/p/2.html?m=Home&c=Rongzi&a=financeproducts&cplx=%E5%9F%BA%E9%87%91%E7%B1%BB&yqsy=10%-12%&zje=50%E4%B8%87-100%E4%B8%87
INFO: [ app_init ] --START--
INFO: Run Behavior\BuildLiteBehavior [ RunTime:0.000013s ]
INFO: [ app_init ] --END-- [ RunTime:0.000299s ]
INFO: [ app_begin ] --START--
INFO: Run Behavior\ReadHtmlCacheBehavior [ RunTime:0.000398s ]
INFO: [ app_begin ] --END-- [ RunTime:0.000455s ]
SQL: SHOW COLUMNS FROM `product` [ RunTime:0.0010s ]
NOTIC: [8] Undefined variable: join /home/wwwroot/www.wearebanker.net/Application/Home/Controller/RongziController.class.php 第 63 行.
SQL: SELECT COUNT(*) AS tp_count FROM `product` WHERE ( 1=1 and `class` like '%基金类%' ) LIMIT 1   [ RunTime:0.0001s ]
NOTIC: [8] Undefined variable: join /home/wwwroot/www.wearebanker.net/Application/Home/Controller/RongziController.class.php 第 67 行.
SQL: select * from product  where 1=1 and `class` like '%基金类%' limit 10,10 [ RunTime:0.0002s ]
SQL: SHOW COLUMNS FROM `cplx` [ RunTime:0.0003s ]
SQL: SELECT * FROM `cplx`  [ RunTime:0.0001s ]
SQL: SHOW COLUMNS FROM `yqsy` [ RunTime:0.0004s ]
SQL: SELECT * FROM `yqsy`  [ RunTime:0.0002s ]
SQL: SHOW COLUMNS FROM `zje` [ RunTime:0.0004s ]
SQL: SELECT * FROM `zje`  [ RunTime:0.0001s ]
INFO: [ view_parse ] --START--
INFO: [ template_filter ] --START--
INFO: Run Behavior\ContentReplaceBehavior [ RunTime:0.000062s ]
INFO: [ template_filter ] --END-- [ RunTime:0.000105s ]
NOTIC: [8] Undefined variable: tj_rows /home/wwwroot/www.wearebanker.net/Application/Runtime/Cache/Home/d18d44c3d0b42b37c8220a6d0cc1bc8f.php 第 158 行.
NOTIC: [8] Undefined variable: tj_rows /home/wwwroot/www.wearebanker.net/Application/Runtime/Cache/Home/d18d44c3d0b42b37c8220a6d0cc1bc8f.php 第 160 行.
NOTIC: [8] Undefined variable: tj_rows /home/wwwroot/www.wearebanker.net/Application/Runtime/Cache/Home/d18d44c3d0b42b37c8220a6d0cc1bc8f.php 第 161 行.
NOTIC: [8] Undefined variable: tj_rows /home/wwwroot/www.wearebanker.net/Application/Runtime/Cache/Home/d18d44c3d0b42b37c8220a6d0cc1bc8f.php 第 162 行.
INFO: Run Behavior\ParseTemplateBehavior [ RunTime:0.013062s ]
INFO: [ view_parse ] --END-- [ RunTime:0.013105s ]
INFO: [ view_filter ] --START--
INFO: Run Behavior\WriteHtmlCacheBehavior [ RunTime:0.000183s ]
INFO: [ view_filter ] --END-- [ RunTime:0.000226s ]
INFO: [ app_end ] --START--
INFO: Run Behavior\ShowPageTraceBehavior [ RunTime:0.000405s ]
INFO: [ app_end ] --END-- [ RunTime:0.000444s ]

[ 2016-12-26T23:57:28+08:00 ] 220.181.125.98 /Home/Rongzi/financeproducts/cplx/%E5%9F%BA%E9%87%91%E7%B1%BB/yqsy/8%25-10%25/p/6/zje/5000%E4%B8%87-1%E4%BA%BF.html?m=Home&c=Rongzi&a=financeproducts&cplx=%E8%B5%84%E7%AE%A1%E4%BF%A1%E6%89%98&yqsy=8%-10%&zje=5000%E4%B8%87-1%E4%BA%BF
INFO: [ app_init ] --START--
INFO: Run Behavior\BuildLiteBehavior [ RunTime:0.000013s ]
INFO: [ app_init ] --END-- [ RunTime:0.000314s ]
INFO: [ app_begin ] --START--
INFO: Run Behavior\ReadHtmlCacheBehavior [ RunTime:0.000406s ]
INFO: [ app_begin ] --END-- [ RunTime:0.000447s ]
SQL: SHOW COLUMNS FROM `product` [ RunTime:0.0010s ]
NOTIC: [8] Undefined variable: join /home/wwwroot/www.wearebanker.net/Application/Home/Controller/RongziController.class.php 第 63 行.
SQL: SELECT COUNT(*) AS tp_count FROM `product` WHERE ( 1=1 and `class` like '%资管信托%' ) LIMIT 1   [ RunTime:0.0001s ]
NOTIC: [8] Undefined variable: join /home/wwwroot/www.wearebanker.net/Application/Home/Controller/RongziController.class.php 第 67 行.
SQL: select * from product  where 1=1 and `class` like '%资管信托%' limit 50,10 [ RunTime:0.0002s ]
SQL: SHOW COLUMNS FROM `cplx` [ RunTime:0.0003s ]
SQL: SELECT * FROM `cplx`  [ RunTime:0.0001s ]
SQL: SHOW COLUMNS FROM `yqsy` [ RunTime:0.0003s ]
SQL: SELECT * FROM `yqsy`  [ RunTime:0.0001s ]
SQL: SHOW COLUMNS FROM `zje` [ RunTime:0.0003s ]
SQL: SELECT * FROM `zje`  [ RunTime:0.0001s ]
INFO: [ view_parse ] --START--
INFO: [ template_filter ] --START--
INFO: Run Behavior\ContentReplaceBehavior [ RunTime:0.000071s ]
INFO: [ template_filter ] --END-- [ RunTime:0.000115s ]
NOTIC: [8] Undefined variable: tj_rows /home/wwwroot/www.wearebanker.net/Application/Runtime/Cache/Home/d18d44c3d0b42b37c8220a6d0cc1bc8f.php 第 158 行.
NOTIC: [8] Undefined variable: tj_rows /home/wwwroot/www.wearebanker.net/Application/Runtime/Cache/Home/d18d44c3d0b42b37c8220a6d0cc1bc8f.php 第 160 行.
NOTIC: [8] Undefined variable: tj_rows /home/wwwroot/www.wearebanker.net/Application/Runtime/Cache/Home/d18d44c3d0b42b37c8220a6d0cc1bc8f.php 第 161 行.
NOTIC: [8] Undefined variable: tj_rows /home/wwwroot/www.wearebanker.net/Application/Runtime/Cache/Home/d18d44c3d0b42b37c8220a6d0cc1bc8f.php 第 162 行.
INFO: Run Behavior\ParseTemplateBehavior [ RunTime:0.012688s ]
INFO: [ view_parse ] --END-- [ RunTime:0.012727s ]
INFO: [ view_filter ] --START--
INFO: Run Behavior\WriteHtmlCacheBehavior [ RunTime:0.000191s ]
INFO: [ view_filter ] --END-- [ RunTime:0.000225s ]
INFO: [ app_end ] --START--
INFO: Run Behavior\ShowPageTraceBehavior [ RunTime:0.000452s ]
INFO: [ app_end ] --END-- [ RunTime:0.000491s ]

[ 2016-12-26T23:57:41+08:00 ] 220.181.125.98 /Home/Rongzi/financeproducts/cplx/%E5%8F%A6%E7%B1%BB%E6%8A%95%E8%B5%84/zje/10%E4%B8%87-50%E4%B8%87/p/16/yqsy/4%25-8%25.html?m=Home&c=Rongzi&a=financeproducts&cplx=%E9%93%B6%E8%A1%8C&yqsy=4%-8%&zje=10%E4%B8%87-50%E4%B8%87
INFO: [ app_init ] --START--
INFO: Run Behavior\BuildLiteBehavior [ RunTime:0.000017s ]
INFO: [ app_init ] --END-- [ RunTime:0.000383s ]
INFO: [ app_begin ] --START--
INFO: Run Behavior\ReadHtmlCacheBehavior [ RunTime:0.000484s ]
INFO: [ app_begin ] --END-- [ RunTime:0.000526s ]
SQL: SHOW COLUMNS FROM `product` [ RunTime:0.0008s ]
NOTIC: [8] Undefined variable: join /home/wwwroot/www.wearebanker.net/Application/Home/Controller/RongziController.class.php 第 63 行.
SQL: SELECT COUNT(*) AS tp_count FROM `product` WHERE ( 1=1 and `class` like '%银行%' ) LIMIT 1   [ RunTime:0.0001s ]
NOTIC: [8] Undefined variable: join /home/wwwroot/www.wearebanker.net/Application/Home/Controller/RongziController.class.php 第 67 行.
SQL: select * from product  where 1=1 and `class` like '%银行%' limit 150,10 [ RunTime:0.0001s ]
SQL: SHOW COLUMNS FROM `cplx` [ RunTime:0.0003s ]
SQL: SELECT * FROM `cplx`  [ RunTime:0.0001s ]
SQL: SHOW COLUMNS FROM `yqsy` [ RunTime:0.0003s ]
SQL: SELECT * FROM `yqsy`  [ RunTime:0.0001s ]
SQL: SHOW COLUMNS FROM `zje` [ RunTime:0.0004s ]
SQL: SELECT * FROM `zje`  [ RunTime:0.0001s ]
INFO: [ view_parse ] --START--
INFO: [ template_filter ] --START--
INFO: Run Behavior\ContentReplaceBehavior [ RunTime:0.000079s ]
INFO: [ template_filter ] --END-- [ RunTime:0.000122s ]
NOTIC: [8] Undefined variable: tj_rows /home/wwwroot/www.wearebanker.net/Application/Runtime/Cache/Home/d18d44c3d0b42b37c8220a6d0cc1bc8f.php 第 158 行.
NOTIC: [8] Undefined variable: tj_rows /home/wwwroot/www.wearebanker.net/Application/Runtime/Cache/Home/d18d44c3d0b42b37c8220a6d0cc1bc8f.php 第 160 行.
NOTIC: [8] Undefined variable: tj_rows /home/wwwroot/www.wearebanker.net/Application/Runtime/Cache/Home/d18d44c3d0b42b37c8220a6d0cc1bc8f.php 第 161 行.
NOTIC: [8] Undefined variable: tj_rows /home/wwwroot/www.wearebanker.net/Application/Runtime/Cache/Home/d18d44c3d0b42b37c8220a6d0cc1bc8f.php 第 162 行.
INFO: Run Behavior\ParseTemplateBehavior [ RunTime:0.012263s ]
INFO: [ view_parse ] --END-- [ RunTime:0.012308s ]
INFO: [ view_filter ] --START--
INFO: Run Behavior\WriteHtmlCacheBehavior [ RunTime:0.000178s ]
INFO: [ view_filter ] --END-- [ RunTime:0.000213s ]
INFO: [ app_end ] --START--
INFO: Run Behavior\ShowPageTraceBehavior [ RunTime:0.000422s ]
INFO: [ app_end ] --END-- [ RunTime:0.000474s ]

[ 2016-12-26T23:57:54+08:00 ] 220.181.125.98 /Home/Rongzi/financeproducts/yqsy/1%25-4%25/p/1.html?m=Home&c=Rongzi&a=financeproducts&zje=100%E4%B8%87-500%E4%B8%87&yqsy=1%-4%
INFO: [ app_init ] --START--
INFO: Run Behavior\BuildLiteBehavior [ RunTime:0.000017s ]
INFO: [ app_init ] --END-- [ RunTime:0.000321s ]
INFO: [ app_begin ] --START--
INFO: Run Behavior\ReadHtmlCacheBehavior [ RunTime:0.000440s ]
INFO: [ app_begin ] --END-- [ RunTime:0.000482s ]
SQL: SHOW COLUMNS FROM `product` [ RunTime:0.0008s ]
NOTIC: [8] Undefined variable: join /home/wwwroot/www.wearebanker.net/Application/Home/Controller/RongziController.class.php 第 63 行.
SQL: SELECT COUNT(*) AS tp_count FROM `product` WHERE ( 1=1 and `class` like '%%' ) LIMIT 1   [ RunTime:0.0001s ]
NOTIC: [8] Undefined variable: join /home/wwwroot/www.wearebanker.net/Application/Home/Controller/RongziController.class.php 第 67 行.
SQL: select * from product  where 1=1 and `class` like '%%' limit 0,10 [ RunTime:0.0002s ]
SQL: SHOW COLUMNS FROM `cplx` [ RunTime:0.0003s ]
SQL: SELECT * FROM `cplx`  [ RunTime:0.0001s ]
SQL: SHOW COLUMNS FROM `yqsy` [ RunTime:0.0004s ]
SQL: SELECT * FROM `yqsy`  [ RunTime:0.0001s ]
SQL: SHOW COLUMNS FROM `zje` [ RunTime:0.0005s ]
SQL: SELECT * FROM `zje`  [ RunTime:0.0001s ]
INFO: [ view_parse ] --START--
INFO: [ template_filter ] --START--
INFO: Run Behavior\ContentReplaceBehavior [ RunTime:0.000060s ]
INFO: [ template_filter ] --END-- [ RunTime:0.000101s ]
NOTIC: [8] Undefined variable: tj_rows /home/wwwroot/www.wearebanker.net/Application/Runtime/Cache/Home/d18d44c3d0b42b37c8220a6d0cc1bc8f.php 第 158 行.
NOTIC: [8] Undefined variable: tj_rows /home/wwwroot/www.wearebanker.net/Application/Runtime/Cache/Home/d18d44c3d0b42b37c8220a6d0cc1bc8f.php 第 160 行.
NOTIC: [8] Undefined variable: tj_rows /home/wwwroot/www.wearebanker.net/Application/Runtime/Cache/Home/d18d44c3d0b42b37c8220a6d0cc1bc8f.php 第 161 行.
NOTIC: [8] Undefined variable: tj_rows /home/wwwroot/www.wearebanker.net/Application/Runtime/Cache/Home/d18d44c3d0b42b37c8220a6d0cc1bc8f.php 第 162 行.
INFO: Run Behavior\ParseTemplateBehavior [ RunTime:0.013448s ]
INFO: [ view_parse ] --END-- [ RunTime:0.013485s ]
INFO: [ view_filter ] --START--
INFO: Run Behavior\WriteHtmlCacheBehavior [ RunTime:0.000178s ]
INFO: [ view_filter ] --END-- [ RunTime:0.000211s ]
INFO: [ app_end ] --START--
INFO: Run Behavior\ShowPageTraceBehavior [ RunTime:0.000445s ]
INFO: [ app_end ] --END-- [ RunTime:0.000492s ]

[ 2016-12-26T23:58:07+08:00 ] 220.181.125.98 /Home/Daikuan/personalloan/p/13.html?m=Home&c=Daikuan&a=personalloan&diya=%E6%97%A0%E9%9C%80%E6%8A%B5%E6%8A%BC&shenfen=%E4%B8%8A%E7%8F%AD%E6%97%8F
INFO: [ app_init ] --START--
INFO: Run Behavior\BuildLiteBehavior [ RunTime:0.000018s ]
INFO: [ app_init ] --END-- [ RunTime:0.000391s ]
INFO: [ app_begin ] --START--
INFO: Run Behavior\ReadHtmlCacheBehavior [ RunTime:0.000586s ]
INFO: [ app_begin ] --END-- [ RunTime:0.000637s ]
SQL: SHOW COLUMNS FROM `sheet1` [ RunTime:0.0007s ]
SQL: SELECT COUNT(*) AS tp_count FROM `sheet1` WHERE ( 1=1 and shenqing like '%上班族%' and diya like '%无需抵押%' ) LIMIT 1   [ RunTime:0.0001s ]
SQL: select logo,name,diya,shenqing,fangkuan,yaoqiu1,yaoqiu2,yaoqiu3,renshu,id from sheet1 where 1=1 and shenqing like '%上班族%' and diya like '%无需抵押%' limit 120,10 [ RunTime:0.0001s ]
INFO: [ view_parse ] --START--
INFO: [ template_filter ] --START--
INFO: Run Behavior\ContentReplaceBehavior [ RunTime:0.000074s ]
INFO: [ template_filter ] --END-- [ RunTime:0.000117s ]
NOTIC: [8] Undefined index: daikuan /home/wwwroot/www.wearebanker.net/Application/Runtime/Cache/Home/8e4f55d48d72e5b804121b61f8bd6639.php 第 105 行.
NOTIC: [8] Undefined index: qixians /home/wwwroot/www.wearebanker.net/Application/Runtime/Cache/Home/8e4f55d48d72e5b804121b61f8bd6639.php 第 124 行.
INFO: Run Behavior\ParseTemplateBehavior [ RunTime:0.014088s ]
INFO: [ view_parse ] --END-- [ RunTime:0.014129s ]
INFO: [ view_filter ] --START--
INFO: Run Behavior\WriteHtmlCacheBehavior [ RunTime:0.000208s ]
INFO: [ view_filter ] --END-- [ RunTime:0.000242s ]
INFO: [ app_end ] --START--
INFO: Run Behavior\ShowPageTraceBehavior [ RunTime:0.000451s ]
INFO: [ app_end ] --END-- [ RunTime:0.000491s ]

[ 2016-12-26T23:58:20+08:00 ] 220.181.125.98 /Home/Rongzi/financeproducts/cplx/%E5%9F%BA%E9%87%91%E7%B1%BB/p/19/zje/10%E4%B8%87-50%E4%B8%87/yqsy/12%25-14%25.html?m=Home&c=Rongzi&a=financeproducts&cplx=%E5%9F%BA%E9%87%91%E7%B1%BB&yqsy=12%-14%&zje=10%E4%B8%87-50%E4%B8%87
INFO: [ app_init ] --START--
INFO: Run Behavior\BuildLiteBehavior [ RunTime:0.000013s ]
INFO: [ app_init ] --END-- [ RunTime:0.000329s ]
INFO: [ app_begin ] --START--
INFO: Run Behavior\ReadHtmlCacheBehavior [ RunTime:0.000435s ]
INFO: [ app_begin ] --END-- [ RunTime:0.000478s ]
SQL: SHOW COLUMNS FROM `product` [ RunTime:0.0008s ]
NOTIC: [8] Undefined variable: join /home/wwwroot/www.wearebanker.net/Application/Home/Controller/RongziController.class.php 第 63 行.
SQL: SELECT COUNT(*) AS tp_count FROM `product` WHERE ( 1=1 and `class` like '%基金类%' ) LIMIT 1   [ RunTime:0.0002s ]
NOTIC: [8] Undefined variable: join /home/wwwroot/www.wearebanker.net/Application/Home/Controller/RongziController.class.php 第 67 行.
SQL: select * from product  where 1=1 and `class` like '%基金类%' limit 180,10 [ RunTime:0.0002s ]
SQL: SHOW COLUMNS FROM `cplx` [ RunTime:0.0005s ]
SQL: SELECT * FROM `cplx`  [ RunTime:0.0001s ]
SQL: SHOW COLUMNS FROM `yqsy` [ RunTime:0.0004s ]
SQL: SELECT * FROM `yqsy`  [ RunTime:0.0001s ]
SQL: SHOW COLUMNS FROM `zje` [ RunTime:0.0004s ]
SQL: SELECT * FROM `zje`  [ RunTime:0.0001s ]
INFO: [ view_parse ] --START--
INFO: [ template_filter ] --START--
INFO: Run Behavior\ContentReplaceBehavior [ RunTime:0.000061s ]
INFO: [ template_filter ] --END-- [ RunTime:0.000103s ]
NOTIC: [8] Undefined variable: tj_rows /home/wwwroot/www.wearebanker.net/Application/Runtime/Cache/Home/d18d44c3d0b42b37c8220a6d0cc1bc8f.php 第 158 行.
NOTIC: [8] Undefined variable: tj_rows /home/wwwroot/www.wearebanker.net/Application/Runtime/Cache/Home/d18d44c3d0b42b37c8220a6d0cc1bc8f.php 第 160 行.
NOTIC: [8] Undefined variable: tj_rows /home/wwwroot/www.wearebanker.net/Application/Runtime/Cache/Home/d18d44c3d0b42b37c8220a6d0cc1bc8f.php 第 161 行.
NOTIC: [8] Undefined variable: tj_rows /home/wwwroot/www.wearebanker.net/Application/Runtime/Cache/Home/d18d44c3d0b42b37c8220a6d0cc1bc8f.php 第 162 行.
INFO: Run Behavior\ParseTemplateBehavior [ RunTime:0.013189s ]
INFO: [ view_parse ] --END-- [ RunTime:0.013237s ]
INFO: [ view_filter ] --START--
INFO: Run Behavior\WriteHtmlCacheBehavior [ RunTime:0.000200s ]
INFO: [ view_filter ] --END-- [ RunTime:0.000274s ]
INFO: [ app_end ] --START--
INFO: Run Behavior\ShowPageTraceBehavior [ RunTime:0.000448s ]
INFO: [ app_end ] --END-- [ RunTime:0.000518s ]

[ 2016-12-26T23:58:33+08:00 ] 220.181.125.98 /Home/Rongzi/financeproducts/zje/50%E4%B8%87-100%E4%B8%87/p/1.html
INFO: [ app_init ] --START--
INFO: Run Behavior\BuildLiteBehavior [ RunTime:0.000014s ]
INFO: [ app_init ] --END-- [ RunTime:0.000325s ]
INFO: [ app_begin ] --START--
INFO: Run Behavior\ReadHtmlCacheBehavior [ RunTime:0.000412s ]
INFO: [ app_begin ] --END-- [ RunTime:0.000453s ]
SQL: SHOW COLUMNS FROM `product` [ RunTime:0.0008s ]
NOTIC: [8] Undefined variable: join /home/wwwroot/www.wearebanker.net/Application/Home/Controller/RongziController.class.php 第 63 行.
SQL: SELECT COUNT(*) AS tp_count FROM `product` WHERE ( 1=1 and `class` like '%%' and `yqsy` >=-1 and yqsy <= 1000 ) LIMIT 1   [ RunTime:0.0001s ]
NOTIC: [8] Undefined variable: join /home/wwwroot/www.wearebanker.net/Application/Home/Controller/RongziController.class.php 第 67 行.
SQL: select * from product  where 1=1 and `class` like '%%' and `yqsy` >=-1 and yqsy <= 1000 limit 0,10 [ RunTime:0.0002s ]
SQL: SHOW COLUMNS FROM `cplx` [ RunTime:0.0004s ]
SQL: SELECT * FROM `cplx`  [ RunTime:0.0001s ]
SQL: SHOW COLUMNS FROM `yqsy` [ RunTime:0.0004s ]
SQL: SELECT * FROM `yqsy`  [ RunTime:0.0001s ]
SQL: SHOW COLUMNS FROM `zje` [ RunTime:0.0004s ]
SQL: SELECT * FROM `zje`  [ RunTime:0.0001s ]
INFO: [ view_parse ] --START--
INFO: [ template_filter ] --START--
INFO: Run Behavior\ContentReplaceBehavior [ RunTime:0.000106s ]
INFO: [ template_filter ] --END-- [ RunTime:0.000172s ]
NOTIC: [8] Undefined variable: tj_rows /home/wwwroot/www.wearebanker.net/Application/Runtime/Cache/Home/d18d44c3d0b42b37c8220a6d0cc1bc8f.php 第 158 行.
NOTIC: [8] Undefined variable: tj_rows /home/wwwroot/www.wearebanker.net/Application/Runtime/Cache/Home/d18d44c3d0b42b37c8220a6d0cc1bc8f.php 第 160 行.
NOTIC: [8] Undefined variable: tj_rows /home/wwwroot/www.wearebanker.net/Application/Runtime/Cache/Home/d18d44c3d0b42b37c8220a6d0cc1bc8f.php 第 161 行.
NOTIC: [8] Undefined variable: tj_rows /home/wwwroot/www.wearebanker.net/Application/Runtime/Cache/Home/d18d44c3d0b42b37c8220a6d0cc1bc8f.php 第 162 行.
INFO: Run Behavior\ParseTemplateBehavior [ RunTime:0.016067s ]
INFO: [ view_parse ] --END-- [ RunTime:0.016113s ]
INFO: [ view_filter ] --START--
INFO: Run Behavior\WriteHtmlCacheBehavior [ RunTime:0.000269s ]
INFO: [ view_filter ] --END-- [ RunTime:0.000318s ]
INFO: [ app_end ] --START--
INFO: Run Behavior\ShowPageTraceBehavior [ RunTime:0.000604s ]
INFO: [ app_end ] --END-- [ RunTime:0.000661s ]

[ 2016-12-26T23:58:45+08:00 ] 220.181.125.98 /Home/Rongzi/financeproducts/zje/10%E4%B8%87-50%E4%B8%87/p/12.html
INFO: [ app_init ] --START--
INFO: Run Behavior\BuildLiteBehavior [ RunTime:0.000013s ]
INFO: [ app_init ] --END-- [ RunTime:0.000326s ]
INFO: [ app_begin ] --START--
INFO: Run Behavior\ReadHtmlCacheBehavior [ RunTime:0.000399s ]
INFO: [ app_begin ] --END-- [ RunTime:0.000451s ]
SQL: SHOW COLUMNS FROM `product` [ RunTime:0.0008s ]
NOTIC: [8] Undefined variable: join /home/wwwroot/www.wearebanker.net/Application/Home/Controller/RongziController.class.php 第 63 行.
SQL: SELECT COUNT(*) AS tp_count FROM `product` WHERE ( 1=1 and `class` like '%%' and `yqsy` >=-1 and yqsy <= 1000 ) LIMIT 1   [ RunTime:0.0001s ]
NOTIC: [8] Undefined variable: join /home/wwwroot/www.wearebanker.net/Application/Home/Controller/RongziController.class.php 第 67 行.
SQL: select * from product  where 1=1 and `class` like '%%' and `yqsy` >=-1 and yqsy <= 1000 limit 110,10 [ RunTime:0.0002s ]
SQL: SHOW COLUMNS FROM `cplx` [ RunTime:0.0004s ]
SQL: SELECT * FROM `cplx`  [ RunTime:0.0001s ]
SQL: SHOW COLUMNS FROM `yqsy` [ RunTime:0.0004s ]
SQL: SELECT * FROM `yqsy`  [ RunTime:0.0001s ]
SQL: SHOW COLUMNS FROM `zje` [ RunTime:0.0004s ]
SQL: SELECT * FROM `zje`  [ RunTime:0.0002s ]
INFO: [ view_parse ] --START--
INFO: [ template_filter ] --START--
INFO: Run Behavior\ContentReplaceBehavior [ RunTime:0.000059s ]
INFO: [ template_filter ] --END-- [ RunTime:0.000101s ]
NOTIC: [8] Undefined variable: tj_rows /home/wwwroot/www.wearebanker.net/Application/Runtime/Cache/Home/d18d44c3d0b42b37c8220a6d0cc1bc8f.php 第 158 行.
NOTIC: [8] Undefined variable: tj_rows /home/wwwroot/www.wearebanker.net/Application/Runtime/Cache/Home/d18d44c3d0b42b37c8220a6d0cc1bc8f.php 第 160 行.
NOTIC: [8] Undefined variable: tj_rows /home/wwwroot/www.wearebanker.net/Application/Runtime/Cache/Home/d18d44c3d0b42b37c8220a6d0cc1bc8f.php 第 161 行.
NOTIC: [8] Undefined variable: tj_rows /home/wwwroot/www.wearebanker.net/Application/Runtime/Cache/Home/d18d44c3d0b42b37c8220a6d0cc1bc8f.php 第 162 行.
INFO: Run Behavior\ParseTemplateBehavior [ RunTime:0.013081s ]
INFO: [ view_parse ] --END-- [ RunTime:0.013120s ]
INFO: [ view_filter ] --START--
INFO: Run Behavior\WriteHtmlCacheBehavior [ RunTime:0.000200s ]
INFO: [ view_filter ] --END-- [ RunTime:0.000234s ]
INFO: [ app_end ] --START--
INFO: Run Behavior\ShowPageTraceBehavior [ RunTime:0.000409s ]
INFO: [ app_end ] --END-- [ RunTime:0.000459s ]

[ 2016-12-26T23:58:46+08:00 ] 182.118.25.214 /Home/Daikuan/loanproarticle/id/7.html
INFO: [ app_init ] --START--
INFO: Run Behavior\BuildLiteBehavior [ RunTime:0.000013s ]
INFO: [ app_init ] --END-- [ RunTime:0.000365s ]
INFO: [ app_begin ] --START--
INFO: Run Behavior\ReadHtmlCacheBehavior [ RunTime:0.000466s ]
INFO: [ app_begin ] --END-- [ RunTime:0.000508s ]
SQL: SHOW COLUMNS FROM `sheet1` [ RunTime:0.0007s ]
SQL: SELECT `name`,`logo2`,`diya`,`shenqing`,`fangkuan`,`min_qian`,`max_qian`,`min_yue`,`max_yue`,`lixi`,`yuegong`,`yuelilv`,`tiaojian`,`cailiao`,`lilvshuoming` FROM `sheet1` WHERE ( id = 7 ) LIMIT 1   [ RunTime:0.0001s ]
INFO: [ view_parse ] --START--
INFO: [ template_filter ] --START--
INFO: Run Behavior\ContentReplaceBehavior [ RunTime:0.000078s ]
INFO: [ template_filter ] --END-- [ RunTime:0.000138s ]
INFO: Run Behavior\ParseTemplateBehavior [ RunTime:0.011128s ]
INFO: [ view_parse ] --END-- [ RunTime:0.011188s ]
INFO: [ view_filter ] --START--
INFO: Run Behavior\WriteHtmlCacheBehavior [ RunTime:0.000260s ]
INFO: [ view_filter ] --END-- [ RunTime:0.000379s ]
INFO: [ app_end ] --START--
INFO: Run Behavior\ShowPageTraceBehavior [ RunTime:0.000455s ]
INFO: [ app_end ] --END-- [ RunTime:0.000498s ]

[ 2016-12-26T23:58:57+08:00 ] 220.181.125.98 /Home/Rongzi/financeproducts/zje/10%E4%B8%87-50%E4%B8%87/p/6.html?m=Home&c=Rongzi&a=financeproducts&cplx=%E9%93%B6%E8%A1%8C&zje=10%E4%B8%87-50%E4%B8%87
INFO: [ app_init ] --START--
INFO: Run Behavior\BuildLiteBehavior [ RunTime:0.000013s ]
INFO: [ app_init ] --END-- [ RunTime:0.000359s ]
INFO: [ app_begin ] --START--
INFO: Run Behavior\ReadHtmlCacheBehavior [ RunTime:0.000463s ]
INFO: [ app_begin ] --END-- [ RunTime:0.000503s ]
SQL: SHOW COLUMNS FROM `product` [ RunTime:0.0007s ]
NOTIC: [8] Undefined variable: join /home/wwwroot/www.wearebanker.net/Application/Home/Controller/RongziController.class.php 第 63 行.
SQL: SELECT COUNT(*) AS tp_count FROM `product` WHERE ( 1=1 and `class` like '%银行%' and `yqsy` >=-1 and yqsy <= 1000 ) LIMIT 1   [ RunTime:0.0001s ]
NOTIC: [8] Undefined variable: join /home/wwwroot/www.wearebanker.net/Application/Home/Controller/RongziController.class.php 第 67 行.
SQL: select * from product  where 1=1 and `class` like '%银行%' and `yqsy` >=-1 and yqsy <= 1000 limit 50,10 [ RunTime:0.0001s ]
SQL: SHOW COLUMNS FROM `cplx` [ RunTime:0.0003s ]
SQL: SELECT * FROM `cplx`  [ RunTime:0.0001s ]
SQL: SHOW COLUMNS FROM `yqsy` [ RunTime:0.0004s ]
SQL: SELECT * FROM `yqsy`  [ RunTime:0.0001s ]
SQL: SHOW COLUMNS FROM `zje` [ RunTime:0.0003s ]
SQL: SELECT * FROM `zje`  [ RunTime:0.0001s ]
INFO: [ view_parse ] --START--
INFO: [ template_filter ] --START--
INFO: Run Behavior\ContentReplaceBehavior [ RunTime:0.000099s ]
INFO: [ template_filter ] --END-- [ RunTime:0.000154s ]
NOTIC: [8] Undefined variable: tj_rows /home/wwwroot/www.wearebanker.net/Application/Runtime/Cache/Home/d18d44c3d0b42b37c8220a6d0cc1bc8f.php 第 158 行.
NOTIC: [8] Undefined variable: tj_rows /home/wwwroot/www.wearebanker.net/Application/Runtime/Cache/Home/d18d44c3d0b42b37c8220a6d0cc1bc8f.php 第 160 行.
NOTIC: [8] Undefined variable: tj_rows /home/wwwroot/www.wearebanker.net/Application/Runtime/Cache/Home/d18d44c3d0b42b37c8220a6d0cc1bc8f.php 第 161 行.
NOTIC: [8] Undefined variable: tj_rows /home/wwwroot/www.wearebanker.net/Application/Runtime/Cache/Home/d18d44c3d0b42b37c8220a6d0cc1bc8f.php 第 162 行.
INFO: Run Behavior\ParseTemplateBehavior [ RunTime:0.012807s ]
INFO: [ view_parse ] --END-- [ RunTime:0.012845s ]
INFO: [ view_filter ] --START--
INFO: Run Behavior\WriteHtmlCacheBehavior [ RunTime:0.000181s ]
INFO: [ view_filter ] --END-- [ RunTime:0.000216s ]
INFO: [ app_end ] --START--
INFO: Run Behavior\ShowPageTraceBehavior [ RunTime:0.000463s ]
INFO: [ app_end ] --END-- [ RunTime:0.000516s ]

[ 2016-12-26T23:59:10+08:00 ] 220.181.125.98 /Home/Rongzi/financeproducts/yqsy/8%25-10%25/p/31.html?m=Home&c=Rongzi&a=financeproducts&yqsy=%E5%85%B6%E5%AE%83
INFO: [ app_init ] --START--
INFO: Run Behavior\BuildLiteBehavior [ RunTime:0.000014s ]
INFO: [ app_init ] --END-- [ RunTime:0.000324s ]
INFO: [ app_begin ] --START--
INFO: Run Behavior\ReadHtmlCacheBehavior [ RunTime:0.000456s ]
INFO: [ app_begin ] --END-- [ RunTime:0.000501s ]
SQL: SHOW COLUMNS FROM `product` [ RunTime:0.0007s ]
NOTIC: [8] Undefined variable: join /home/wwwroot/www.wearebanker.net/Application/Home/Controller/RongziController.class.php 第 63 行.
SQL: SELECT COUNT(*) AS tp_count FROM `product` WHERE ( 1=1 and `class` like '%%' and `yqsy` >=-1 and yqsy <= 1000 ) LIMIT 1   [ RunTime:0.0001s ]
NOTIC: [8] Undefined variable: join /home/wwwroot/www.wearebanker.net/Application/Home/Controller/RongziController.class.php 第 67 行.
SQL: select * from product  where 1=1 and `class` like '%%' and `yqsy` >=-1 and yqsy <= 1000 limit 300,10 [ RunTime:0.0002s ]
SQL: SHOW COLUMNS FROM `cplx` [ RunTime:0.0003s ]
SQL: SELECT * FROM `cplx`  [ RunTime:0.0001s ]
SQL: SHOW COLUMNS FROM `yqsy` [ RunTime:0.0003s ]
SQL: SELECT * FROM `yqsy`  [ RunTime:0.0001s ]
SQL: SHOW COLUMNS FROM `zje` [ RunTime:0.0003s ]
SQL: SELECT * FROM `zje`  [ RunTime:0.0001s ]
INFO: [ view_parse ] --START--
INFO: [ template_filter ] --START--
INFO: Run Behavior\ContentReplaceBehavior [ RunTime:0.000085s ]
INFO: [ template_filter ] --END-- [ RunTime:0.000127s ]
NOTIC: [8] Undefined variable: tj_rows /home/wwwroot/www.wearebanker.net/Application/Runtime/Cache/Home/d18d44c3d0b42b37c8220a6d0cc1bc8f.php 第 158 行.
NOTIC: [8] Undefined variable: tj_rows /home/wwwroot/www.wearebanker.net/Application/Runtime/Cache/Home/d18d44c3d0b42b37c8220a6d0cc1bc8f.php 第 160 行.
NOTIC: [8] Undefined variable: tj_rows /home/wwwroot/www.wearebanker.net/Application/Runtime/Cache/Home/d18d44c3d0b42b37c8220a6d0cc1bc8f.php 第 161 行.
NOTIC: [8] Undefined variable: tj_rows /home/wwwroot/www.wearebanker.net/Application/Runtime/Cache/Home/d18d44c3d0b42b37c8220a6d0cc1bc8f.php 第 162 行.
INFO: Run Behavior\ParseTemplateBehavior [ RunTime:0.013541s ]
INFO: [ view_parse ] --END-- [ RunTime:0.013603s ]
INFO: [ view_filter ] --START--
INFO: Run Behavior\WriteHtmlCacheBehavior [ RunTime:0.000195s ]
INFO: [ view_filter ] --END-- [ RunTime:0.000239s ]
INFO: [ app_end ] --START--
INFO: Run Behavior\ShowPageTraceBehavior [ RunTime:0.000429s ]
INFO: [ app_end ] --END-- [ RunTime:0.000478s ]

[ 2016-12-26T23:59:22+08:00 ] 220.181.125.98 /Home/Rongzi/financeproducts/cplx/%E5%9F%BA%E9%87%91%E7%B1%BB/yqsy/12%25-14%25/p/20/zje/1%E4%B8%87-10%E4%B8%87.html?m=Home&c=Rongzi&a=financeproducts&yqsy=%E5%85%B6%E5%AE%83&cplx=%E5%9F%BA%E9%87%91%E7%B1%BB&zje=1%E4%B8%87-10%E4%B8%87
INFO: [ app_init ] --START--
INFO: Run Behavior\BuildLiteBehavior [ RunTime:0.000014s ]
INFO: [ app_init ] --END-- [ RunTime:0.000304s ]
INFO: [ app_begin ] --START--
INFO: Run Behavior\ReadHtmlCacheBehavior [ RunTime:0.000413s ]
INFO: [ app_begin ] --END-- [ RunTime:0.000460s ]
SQL: SHOW COLUMNS FROM `product` [ RunTime:0.0008s ]
NOTIC: [8] Undefined variable: join /home/wwwroot/www.wearebanker.net/Application/Home/Controller/RongziController.class.php 第 63 行.
SQL: SELECT COUNT(*) AS tp_count FROM `product` WHERE ( 1=1 and `class` like '%基金类%' and `yqsy` >=-1 and yqsy <= 1000 ) LIMIT 1   [ RunTime:0.0001s ]
NOTIC: [8] Undefined variable: join /home/wwwroot/www.wearebanker.net/Application/Home/Controller/RongziController.class.php 第 67 行.
SQL: select * from product  where 1=1 and `class` like '%基金类%' and `yqsy` >=-1 and yqsy <= 1000 limit 190,10 [ RunTime:0.0002s ]
SQL: SHOW COLUMNS FROM `cplx` [ RunTime:0.0004s ]
SQL: SELECT * FROM `cplx`  [ RunTime:0.0001s ]
SQL: SHOW COLUMNS FROM `yqsy` [ RunTime:0.0003s ]
SQL: SELECT * FROM `yqsy`  [ RunTime:0.0001s ]
SQL: SHOW COLUMNS FROM `zje` [ RunTime:0.0004s ]
SQL: SELECT * FROM `zje`  [ RunTime:0.0003s ]
INFO: [ view_parse ] --START--
INFO: [ template_filter ] --START--
INFO: Run Behavior\ContentReplaceBehavior [ RunTime:0.000068s ]
INFO: [ template_filter ] --END-- [ RunTime:0.000122s ]
NOTIC: [8] Undefined variable: tj_rows /home/wwwroot/www.wearebanker.net/Application/Runtime/Cache/Home/d18d44c3d0b42b37c8220a6d0cc1bc8f.php 第 158 行.
NOTIC: [8] Undefined variable: tj_rows /home/wwwroot/www.wearebanker.net/Application/Runtime/Cache/Home/d18d44c3d0b42b37c8220a6d0cc1bc8f.php 第 160 行.
NOTIC: [8] Undefined variable: tj_rows /home/wwwroot/www.wearebanker.net/Application/Runtime/Cache/Home/d18d44c3d0b42b37c8220a6d0cc1bc8f.php 第 161 行.
NOTIC: [8] Undefined variable: tj_rows /home/wwwroot/www.wearebanker.net/Application/Runtime/Cache/Home/d18d44c3d0b42b37c8220a6d0cc1bc8f.php 第 162 行.
INFO: Run Behavior\ParseTemplateBehavior [ RunTime:0.013950s ]
INFO: [ view_parse ] --END-- [ RunTime:0.014005s ]
INFO: [ view_filter ] --START--
INFO: Run Behavior\WriteHtmlCacheBehavior [ RunTime:0.000205s ]
INFO: [ view_filter ] --END-- [ RunTime:0.000259s ]
INFO: [ app_end ] --START--
INFO: Run Behavior\ShowPageTraceBehavior [ RunTime:0.000420s ]
INFO: [ app_end ] --END-- [ RunTime:0.000476s ]

[ 2016-12-26T23:59:34+08:00 ] 220.181.125.98 /Home/Rongzi/financeproducts/cplx/%E5%9F%BA%E9%87%91%E7%B1%BB/yqsy/12%25-14%25/p/8/zje/1%E4%B8%87-10%E4%B8%87.html
INFO: [ app_init ] --START--
INFO: Run Behavior\BuildLiteBehavior [ RunTime:0.000012s ]
INFO: [ app_init ] --END-- [ RunTime:0.000327s ]
INFO: [ app_begin ] --START--
INFO: Run Behavior\ReadHtmlCacheBehavior [ RunTime:0.000413s ]
INFO: [ app_begin ] --END-- [ RunTime:0.000460s ]
SQL: SHOW COLUMNS FROM `product` [ RunTime:0.0008s ]
NOTIC: [8] Undefined variable: join /home/wwwroot/www.wearebanker.net/Application/Home/Controller/RongziController.class.php 第 63 行.
SQL: SELECT COUNT(*) AS tp_count FROM `product` WHERE ( 1=1 and `class` like '%基金类%' ) LIMIT 1   [ RunTime:0.0001s ]
NOTIC: [8] Undefined variable: join /home/wwwroot/www.wearebanker.net/Application/Home/Controller/RongziController.class.php 第 67 行.
SQL: select * from product  where 1=1 and `class` like '%基金类%' limit 70,10 [ RunTime:0.0002s ]
SQL: SHOW COLUMNS FROM `cplx` [ RunTime:0.0004s ]
SQL: SELECT * FROM `cplx`  [ RunTime:0.0001s ]
SQL: SHOW COLUMNS FROM `yqsy` [ RunTime:0.0004s ]
SQL: SELECT * FROM `yqsy`  [ RunTime:0.0001s ]
SQL: SHOW COLUMNS FROM `zje` [ RunTime:0.0003s ]
SQL: SELECT * FROM `zje`  [ RunTime:0.0001s ]
INFO: [ view_parse ] --START--
INFO: [ template_filter ] --START--
INFO: Run Behavior\ContentReplaceBehavior [ RunTime:0.000060s ]
INFO: [ template_filter ] --END-- [ RunTime:0.000115s ]
NOTIC: [8] Undefined variable: tj_rows /home/wwwroot/www.wearebanker.net/Application/Runtime/Cache/Home/d18d44c3d0b42b37c8220a6d0cc1bc8f.php 第 158 行.
NOTIC: [8] Undefined variable: tj_rows /home/wwwroot/www.wearebanker.net/Application/Runtime/Cache/Home/d18d44c3d0b42b37c8220a6d0cc1bc8f.php 第 160 行.
NOTIC: [8] Undefined variable: tj_rows /home/wwwroot/www.wearebanker.net/Application/Runtime/Cache/Home/d18d44c3d0b42b37c8220a6d0cc1bc8f.php 第 161 行.
NOTIC: [8] Undefined variable: tj_rows /home/wwwroot/www.wearebanker.net/Application/Runtime/Cache/Home/d18d44c3d0b42b37c8220a6d0cc1bc8f.php 第 162 行.
INFO: Run Behavior\ParseTemplateBehavior [ RunTime:0.012662s ]
INFO: [ view_parse ] --END-- [ RunTime:0.012699s ]
INFO: [ view_filter ] --START--
INFO: Run Behavior\WriteHtmlCacheBehavior [ RunTime:0.000190s ]
INFO: [ view_filter ] --END-- [ RunTime:0.000225s ]
INFO: [ app_end ] --START--
INFO: Run Behavior\ShowPageTraceBehavior [ RunTime:0.000401s ]
INFO: [ app_end ] --END-- [ RunTime:0.000440s ]

[ 2016-12-26T23:59:38+08:00 ] 220.181.108.159 /Home/Static/contactUs.html
INFO: [ app_init ] --START--
INFO: Run Behavior\BuildLiteBehavior [ RunTime:0.000016s ]
INFO: [ app_init ] --END-- [ RunTime:0.000401s ]
INFO: [ app_begin ] --START--
INFO: Run Behavior\ReadHtmlCacheBehavior [ RunTime:0.000405s ]
INFO: [ app_begin ] --END-- [ RunTime:0.000445s ]
INFO: [ view_parse ] --START--
INFO: [ template_filter ] --START--
INFO: Run Behavior\ContentReplaceBehavior [ RunTime:0.000054s ]
INFO: [ template_filter ] --END-- [ RunTime:0.000104s ]
INFO: Run Behavior\ParseTemplateBehavior [ RunTime:0.007886s ]
INFO: [ view_parse ] --END-- [ RunTime:0.007926s ]
INFO: [ view_filter ] --START--
INFO: Run Behavior\WriteHtmlCacheBehavior [ RunTime:0.000176s ]
INFO: [ view_filter ] --END-- [ RunTime:0.000209s ]
INFO: [ app_end ] --START--
INFO: Run Behavior\ShowPageTraceBehavior [ RunTime:0.000404s ]
INFO: [ app_end ] --END-- [ RunTime:0.000443s ]

[ 2016-12-26T23:59:46+08:00 ] 220.181.125.98 /Home/Rongzi/financeproducts/cplx/%E5%8F%A6%E7%B1%BB%E6%8A%95%E8%B5%84/zje/1000%E4%B8%87-5000%E4%B8%87/p/6.html?m=Home&c=Rongzi&a=financeproducts&yqsy=8%-10%&cplx=%E4%BA%A7%E5%93%81%E6%B1%82%E8%B4%AD&zje=1000%E4%B8%87-5000%E4%B8%87
INFO: [ app_init ] --START--
INFO: Run Behavior\BuildLiteBehavior [ RunTime:0.000014s ]
INFO: [ app_init ] --END-- [ RunTime:0.000317s ]
INFO: [ app_begin ] --START--
INFO: Run Behavior\ReadHtmlCacheBehavior [ RunTime:0.000409s ]
INFO: [ app_begin ] --END-- [ RunTime:0.000464s ]
SQL: SHOW COLUMNS FROM `product` [ RunTime:0.0008s ]
SQL: SELECT COUNT(*) AS tp_count FROM `product`  inner join wantbuy as c on product.id = c.gid   WHERE ( 1=1 ) LIMIT 1   [ RunTime:0.0001s ]
SQL: select * from product  inner join wantbuy as c on product.id = c.gid  where 1=1 limit 50,10 [ RunTime:0.0001s ]
SQL: SHOW COLUMNS FROM `cplx` [ RunTime:0.0004s ]
SQL: SELECT * FROM `cplx`  [ RunTime:0.0001s ]
SQL: SHOW COLUMNS FROM `yqsy` [ RunTime:0.0003s ]
SQL: SELECT * FROM `yqsy`  [ RunTime:0.0001s ]
SQL: SHOW COLUMNS FROM `zje` [ RunTime:0.0004s ]
SQL: SELECT * FROM `zje`  [ RunTime:0.0001s ]
INFO: [ view_parse ] --START--
INFO: [ template_filter ] --START--
INFO: Run Behavior\ContentReplaceBehavior [ RunTime:0.000066s ]
INFO: [ template_filter ] --END-- [ RunTime:0.000111s ]
NOTIC: [8] Undefined variable: tj_rows /home/wwwroot/www.wearebanker.net/Application/Runtime/Cache/Home/d18d44c3d0b42b37c8220a6d0cc1bc8f.php 第 158 行.
NOTIC: [8] Undefined variable: tj_rows /home/wwwroot/www.wearebanker.net/Application/Runtime/Cache/Home/d18d44c3d0b42b37c8220a6d0cc1bc8f.php 第 160 行.
NOTIC: [8] Undefined variable: tj_rows /home/wwwroot/www.wearebanker.net/Application/Runtime/Cache/Home/d18d44c3d0b42b37c8220a6d0cc1bc8f.php 第 161 行.
NOTIC: [8] Undefined variable: tj_rows /home/wwwroot/www.wearebanker.net/Application/Runtime/Cache/Home/d18d44c3d0b42b37c8220a6d0cc1bc8f.php 第 162 行.
INFO: Run Behavior\ParseTemplateBehavior [ RunTime:0.014019s ]
INFO: [ view_parse ] --END-- [ RunTime:0.014058s ]
INFO: [ view_filter ] --START--
INFO: Run Behavior\WriteHtmlCacheBehavior [ RunTime:0.000227s ]
INFO: [ view_filter ] --END-- [ RunTime:0.000262s ]
INFO: [ app_end ] --START--
INFO: Run Behavior\ShowPageTraceBehavior [ RunTime:0.000487s ]
INFO: [ app_end ] --END-- [ RunTime:0.000529s ]

[ 2016-12-26T23:59:58+08:00 ] 220.181.125.98 /Home/Rongzi/financeproducts/cplx/%E5%9F%BA%E9%87%91%E7%B1%BB/yqsy/8%25-10%25/p/5/zje/100%E4%B8%87-500%E4%B8%87.html?m=Home&c=Rongzi&a=financeproducts&yqsy=12%-14%&cplx=%E5%8F%A6%E7%B1%BB%E6%8A%95%E8%B5%84&zje=1%E4%B8%87-10%E4%B8%87
INFO: [ app_init ] --START--
INFO: Run Behavior\BuildLiteBehavior [ RunTime:0.000019s ]
INFO: [ app_init ] --END-- [ RunTime:0.000522s ]
INFO: [ app_begin ] --START--
INFO: Run Behavior\ReadHtmlCacheBehavior [ RunTime:0.000725s ]
INFO: [ app_begin ] --END-- [ RunTime:0.000791s ]
SQL: SHOW COLUMNS FROM `product` [ RunTime:0.0007s ]
SQL: SELECT COUNT(*) AS tp_count FROM `product`  inner join alternative_investments as b on product.id = b.gid   WHERE ( 1=1 ) LIMIT 1   [ RunTime:0.0001s ]
SQL: select * from product  inner join alternative_investments as b on product.id = b.gid  where 1=1 limit 40,10 [ RunTime:0.0002s ]
SQL: SHOW COLUMNS FROM `cplx` [ RunTime:0.0004s ]
SQL: SELECT * FROM `cplx`  [ RunTime:0.0001s ]
SQL: SHOW COLUMNS FROM `yqsy` [ RunTime:0.0004s ]
SQL: SELECT * FROM `yqsy`  [ RunTime:0.0001s ]
SQL: SHOW COLUMNS FROM `zje` [ RunTime:0.0004s ]
SQL: SELECT * FROM `zje`  [ RunTime:0.0001s ]
INFO: [ view_parse ] --START--
INFO: [ template_filter ] --START--
INFO: Run Behavior\ContentReplaceBehavior [ RunTime:0.000076s ]
INFO: [ template_filter ] --END-- [ RunTime:0.000122s ]
NOTIC: [8] Undefined variable: tj_rows /home/wwwroot/www.wearebanker.net/Application/Runtime/Cache/Home/d18d44c3d0b42b37c8220a6d0cc1bc8f.php 第 158 行.
NOTIC: [8] Undefined variable: tj_rows /home/wwwroot/www.wearebanker.net/Application/Runtime/Cache/Home/d18d44c3d0b42b37c8220a6d0cc1bc8f.php 第 160 行.
NOTIC: [8] Undefined variable: tj_rows /home/wwwroot/www.wearebanker.net/Application/Runtime/Cache/Home/d18d44c3d0b42b37c8220a6d0cc1bc8f.php 第 161 行.
NOTIC: [8] Undefined variable: tj_rows /home/wwwroot/www.wearebanker.net/Application/Runtime/Cache/Home/d18d44c3d0b42b37c8220a6d0cc1bc8f.php 第 162 行.
INFO: Run Behavior\ParseTemplateBehavior [ RunTime:0.012756s ]
INFO: [ view_parse ] --END-- [ RunTime:0.012795s ]
INFO: [ view_filter ] --START--
INFO: Run Behavior\WriteHtmlCacheBehavior [ RunTime:0.000177s ]
INFO: [ view_filter ] --END-- [ RunTime:0.000220s ]
INFO: [ app_end ] --START--
INFO: Run Behavior\ShowPageTraceBehavior [ RunTime:0.000446s ]
INFO: [ app_end ] --END-- [ RunTime:0.000492s ]

